Warning: Neither event file or switching activity data present for power estimation. The command will propagate switching activity values for power calculation.  (PWR-246)
Information: Running switching activity propagation with 4 threads!
Information: Running averaged power analysis... (PWR-601)
Information: Running power calculation with 4 threads. (PWR-602)
****************************************
Report : Averaged Power
	-verbose
Design : top
Version: S-2021.06
Date   : Fri Apr 29 16:20:31 2022
****************************************

Library(s) Used:

    tcbn45gsbwptc (File: /cae/apps/data/tsmclibs-2013/digital/Front_End/timing_power_noise/NLDM/tcbn45gsbwp_120a/tcbn45gsbwptc.db)


Operating Conditions: NCCOM   Library: tcbn45gsbwptc
Wire Load Model Mode: segmented

Cell               Design       Wire_model  Library       Selection_type
--------------------------------------------------------------------------------
                   top          ZeroWireload
                                            tcbn45gsbwptc automatic-by-area

Power-specific unit information :
    Voltage Units = 1 V
    Capacitance Units = 1 pf
    Time Units = 1 ns
    Dynamic Power Units = 1 W
    Leakage Power Units = 1 W



  Attributes
  ----------
      i  -  Including register clock pin internal power
      u  -  User defined power group

                        Internal  Switching  Leakage    Total
Power Group             Power     Power      Power      Power   (     %)  Attrs
--------------------------------------------------------------------------------
clock_network           8.591e-04 2.354e-04 1.644e-06 1.096e-03 (20.72%)  i
register                2.118e-04 3.691e-05 3.728e-05 2.860e-04 ( 5.41%)  
combinational           2.219e-03 1.429e-03 2.489e-04 3.897e-03 (73.64%)  
sequential              6.626e-06 2.442e-06 3.479e-06 1.255e-05 ( 0.24%)  
memory                     0.0000    0.0000    0.0000    0.0000 ( 0.00%)  
io_pad                     0.0000    0.0000    0.0000    0.0000 ( 0.00%)  
black_box                  0.0000    0.0000    0.0000    0.0000 ( 0.00%)  

  Net Switching Power  = 1.703e-03   (32.19%)
  Cell Internal Power  = 3.297e-03   (62.30%)
  Cell Leakage Power   = 2.913e-04   ( 5.50%)
                         ---------
Total Power            = 5.291e-03  (100.00%)

1
