****************************************
Report : timing
	-path_type full
	-delay_type max
	-max_paths 1
	-sort_by slack
Design : top
Version: S-2021.06
Date   : Fri Apr 29 16:20:30 2022
****************************************


  Startpoint: dnn_state_reg[2]
               (rising edge-triggered flip-flop clocked by clk)
  Endpoint: node2/mul1_out_reg[18]
               (rising edge-triggered flip-flop clocked by clk)
  Last common pin: clk
  Path Group: clk
  Path Type: max

  Point                                                   Incr       Path
  ------------------------------------------------------------------------------
  clock clk (rise edge)                                   0.00       0.00
  clock network delay (propagated)                        0.08       0.08
  dnn_state_reg[2]/CP (DFSND1BWP)                         0.00       0.08 r
  dnn_state_reg[2]/QN (DFSND1BWP)                         0.10 +     0.18 r
  U4635/ZN (CKND2D8BWP)                                   0.05 +     0.23 f
  U10272/ZN (NR2XD1BWP)                                   0.02 +     0.25 r
  U37/Z (BUFFD3BWP)                                       0.06 +     0.31 r
  U39/Z (BUFFD6BWP)                                       0.05 +     0.36 r
  U5345/Z (AO222D2BWP)                                    0.07 +     0.43 r
  U341/Z (CKBD1BWP)                                       0.07 +     0.50 r
  U342/ZN (INVD2BWP)                                      0.07 +     0.56 f
  U8293/ZN (NR3D0BWP)                                     0.05 +     0.61 r
  node2/mult_78/S1_2_0/CO (FA1D0BWP)                      0.07 +     0.68 r
  node2/mult_78/S1_3_0/CO (FA1D0BWP)                      0.07 +     0.75 r
  node2/mult_78/S1_4_0/CO (FA1D0BWP)                      0.07 +     0.82 r
  node2/mult_78/S1_5_0/CO (FA1D0BWP)                      0.07 +     0.89 r
  node2/mult_78/S1_6_0/CO (FA1D0BWP)                      0.07 +     0.96 r
  node2/mult_78/S1_7_0/CO (FA1D0BWP)                      0.07 +     1.03 r
  node2/mult_78/S1_8_0/CO (FA1D0BWP)                      0.07 +     1.10 r
  node2/mult_78/S1_9_0/CO (FA1D0BWP)                      0.07 +     1.17 r
  node2/mult_78/S1_10_0/CO (FA1D0BWP)                     0.07 +     1.23 r
  node2/mult_78/S1_11_0/CO (FA1D0BWP)                     0.07 +     1.30 r
  node2/mult_78/S1_12_0/CO (FA1D0BWP)                     0.07 +     1.37 r
  node2/mult_78/S1_13_0/CO (FA1D0BWP)                     0.07 +     1.44 r
  node2/mult_78/S4_0/CO (FA1D0BWP)                        0.07 +     1.51 r
  U2180/Z (XOR2D0BWP)                                     0.05 +     1.55 f
  U6418/ZN (NR2D0BWP)                                     0.03 +     1.58 r
  U6013/ZN (CKND0BWP)                                     0.02 +     1.60 f
  U6012/ZN (AOI21D0BWP)                                   0.03 +     1.63 r
  U6028/ZN (OAI21D0BWP)                                   0.03 +     1.66 f
  U8074/Z (AO221D0BWP)                                    0.06 +     1.72 f
  U8073/Z (XOR3D0BWP)                                     0.06 +     1.78 r
  node2/mul1_out_reg[18]/D (EDFQD1BWP)                    0.00 +     1.78 r
  data arrival time                                                  1.78

  clock clk (rise edge)                                   1.90       1.90
  clock network delay (propagated)                        0.08       1.98
  clock reconvergence pessimism                           0.00       1.98
  clock uncertainty                                      -0.15       1.83
  node2/mul1_out_reg[18]/CP (EDFQD1BWP)                              1.83 r
  library setup time                                     -0.04       1.79
  data required time                                                 1.79
  ------------------------------------------------------------------------------
  data required time                                                 1.79
  data arrival time                                                 -1.78
  ------------------------------------------------------------------------------
  slack (MET)                                                        0.01


1
