Warning: Neither event file or switching activity data present for power estimation. The command will propagate switching activity values for power calculation.  (PWR-246)
Information: Running switching activity propagation with 4 threads!
Information: Running averaged power analysis... (PWR-601)
Information: Running power calculation with 4 threads. (PWR-602)
****************************************
Report : Averaged Power
	-verbose
Design : top
Version: S-2021.06
Date   : Sun May  1 18:18:44 2022
****************************************

Library(s) Used:

    tcbn45gsbwptc (File: /cae/apps/data/tsmclibs-2013/digital/Front_End/timing_power_noise/NLDM/tcbn45gsbwp_120a/tcbn45gsbwptc.db)


Operating Conditions: NCCOM   Library: tcbn45gsbwptc
Wire Load Model Mode: segmented

Cell               Design       Wire_model  Library       Selection_type
--------------------------------------------------------------------------------
                   top          ZeroWireload
                                            tcbn45gsbwptc automatic-by-area

Power-specific unit information :
    Voltage Units = 1 V
    Capacitance Units = 1 pf
    Time Units = 1 ns
    Dynamic Power Units = 1 W
    Leakage Power Units = 1 W



  Attributes
  ----------
      i  -  Including register clock pin internal power
      u  -  User defined power group

                        Internal  Switching  Leakage    Total
Power Group             Power     Power      Power      Power   (     %)  Attrs
--------------------------------------------------------------------------------
clock_network           6.278e-04 1.829e-04 4.122e-07 8.111e-04 (14.48%)  i
register                1.634e-04 6.626e-05 1.311e-05 2.427e-04 ( 4.33%)  
combinational           2.600e-03 1.604e-03 3.299e-04 4.533e-03 (80.94%)  
sequential              7.889e-06 2.570e-06 3.477e-06 1.394e-05 ( 0.25%)  
memory                     0.0000    0.0000    0.0000    0.0000 ( 0.00%)  
io_pad                     0.0000    0.0000    0.0000    0.0000 ( 0.00%)  
black_box                  0.0000    0.0000    0.0000    0.0000 ( 0.00%)  

  Net Switching Power  = 1.855e-03   (33.12%)
  Cell Internal Power  = 3.399e-03   (60.68%)
  Cell Leakage Power   = 3.469e-04   ( 6.19%)
                         ---------
Total Power            = 5.601e-03  (100.00%)

1
