 
****************************************
Report : area
Design : top
Version: S-2021.06
Date   : Fri Apr 29 16:10:12 2022
****************************************

Library(s) Used:

    tcbn45gsbwptc (File: /cae/apps/data/tsmclibs-2013/digital/Front_End/timing_power_noise/NLDM/tcbn45gsbwp_120a/tcbn45gsbwptc.db)

Number of ports:                          381
Number of nets:                         11971
Number of cells:                         9223
Number of combinational cells:           8142
Number of sequential cells:              1081
Number of macros/black boxes:               0
Number of buf/inv:                        916
Number of references:                      98

Combinational area:              17270.265371
Buf/Inv area:                     1013.770825
Noncombinational area:            4519.897319
Macro/Black Box area:                0.000000
Net Interconnect area:      undefined  (Wire load has zero net area)

Total cell area:                 21790.162690
Total area:                 undefined
1
