 
****************************************
  Report : Chip Summary
  Design : top
  Version: S-2021.06
  Date   : Sun May  1 18:03:02 2022
****************************************
Std cell utilization: 60.52%  (152019/(251168-0))
(Non-fixed + Fixed)
Std cell utilization: 60.51%  (151929/(251168-90))
(Non-fixed only)
Chip area:            251168   sites, bbox (10.00 10.00 220.56 220.42) um
Std cell area:        152019   sites, (non-fixed:151929 fixed:90)
                      14315    cells, (non-fixed:14311  fixed:4)
Macro cell area:      0        sites
                      0        cells
Placement blockages:  0        sites, (excluding fixed std cells)
                      90       sites, (include fixed std cells & chimney area)
                      0        sites, (complete p/g net blockages)
Routing blockages:    0        sites, (partial p/g net blockages)
                      0        sites, (routing blockages and signal pre-route)
Lib cell count:       113 
Avg. std cell width:  1.56 um 
Site array:           unit     (width: 0.14 um, height: 1.26 um, rows: 167)
Physical DB scale:    1000 db_unit = 1 um 

 
****************************************
  Report : pnet options
  Design : top
  Version: S-2021.06
  Date   : Sun May  1 18:03:02 2022
****************************************


--------------------------------------------------------------------
Layer      Blockage   Min_width   Min_height   Via_additive     Density
--------------------------------------------------------------------
M1         none          ---         ---       via additive      ---
M2         none          ---         ---       via additive      ---
M3         none          ---         ---       via additive      ---
M4         none          ---         ---       via additive      ---
M5         none          ---         ---       via additive      ---
M6         none          ---         ---       via additive      ---
M7         none          ---         ---       via additive      ---
M8         none          ---         ---       via additive      ---
M9         none          ---         ---       via additive      ---
M10        none          ---         ---       via additive      ---
AP         none          ---         ---       via additive      ---

**********************************
      Sub-Region Utilization      
**********************************
Number of regions with placement utilization 0 - 0.125 is 194 (16.78%)
Number of regions with placement utilization 0.125 - 0.25 is 53 (4.58%)
Number of regions with placement utilization 0.25 - 0.375 is 43 (3.72%)
Number of regions with placement utilization 0.375 - 0.5 is 35 (3.03%)
Number of regions with placement utilization 0.5 - 0.625 is 55 (4.76%)
Number of regions with placement utilization 0.625 - 0.75 is 252 (21.80%)
Number of regions with placement utilization 0.75 - 0.875 is 461 (39.88%)
Number of regions with placement utilization 0.875 - 1 is 63 (5.45%)
1
