Information: Updating graph... (UID-83)
 
****************************************
Report : qor
Design : top
Version: S-2021.06
Date   : Sun May  1 18:02:28 2022
****************************************


  Timing Path Group 'clk'
  -----------------------------------
  Levels of Logic:              40.00
  Critical Path Length:          1.69
  Critical Path Slack:           0.00
  Critical Path Clk Period:      1.88
  Total Negative Slack:          0.00
  No. of Violating Paths:        0.00
  Worst Hold Violation:          0.00
  Total Hold Violation:          0.00
  No. of Hold Violations:        0.00
  -----------------------------------


  Cell Count
  -----------------------------------
  Hierarchical Cell Count:          0
  Hierarchical Port Count:          0
  Leaf Cell Count:              14305
  Buf/Inv Cell Count:            1175
  Buf Cell Count:                 411
  Inv Cell Count:                 764
  CT Buf/Inv Cell Count:            0
  Combinational Cell Count:     13809
  Sequential Cell Count:          496
  Macro Count:                      0
  -----------------------------------


  Area
  -----------------------------------
  Combinational Area:    24933.434257
  Noncombinational Area:  1837.382432
  Buf/Inv Area:           1031.234431
  Total Buffer Area:           577.89
  Total Inverter Area:         453.35
  Macro/Black Box Area:      0.000000
  Net Area:                  0.000000
  Net XLength        :      114335.38
  Net YLength        :      114503.98
  -----------------------------------
  Cell Area:             26770.816689
  Design Area:           26770.816689
  Net Length        :       228839.36


  Design Rules
  -----------------------------------
  Total Number of Nets:         17575
  Nets With Violations:             0
  Max Trans Violations:             0
  Max Cap Violations:               0
  -----------------------------------


  Hostname: tux-101

  Compile CPU Statistics
  -----------------------------------------
  Resource Sharing:                    0.00
  Logic Optimization:                  0.00
  Mapping Optimization:               26.88
  -----------------------------------------
  Overall Compile Time:               27.63
  Overall Compile Wall Clock Time:    27.72

  --------------------------------------------------------------------

  Design  WNS: 0.00  TNS: 0.00  Number of Violating Paths: 0


  Design (Hold)  WNS: 0.00  TNS: 0.00  Number of Violating Paths: 0

  --------------------------------------------------------------------


1
