 
****************************************
Report : area
Design : top
Version: S-2021.06
Date   : Sun May  1 18:02:28 2022
****************************************

Library(s) Used:

    tcbn45gsbwptc (File: /cae/apps/data/tsmclibs-2013/digital/Front_End/timing_power_noise/NLDM/tcbn45gsbwp_120a/tcbn45gsbwptc.db)

Number of ports:                          381
Number of nets:                         17575
Number of cells:                        14305
Number of combinational cells:          13809
Number of sequential cells:               496
Number of macros/black boxes:               0
Number of buf/inv:                       1175
Number of references:                     114

Combinational area:              24933.434257
Buf/Inv area:                     1031.234431
Noncombinational area:            1837.382432
Macro/Black Box area:                0.000000
Net Interconnect area:      undefined  (Wire load has zero net area)

Total cell area:                 26770.816689
Total area:                 undefined
1
