 
****************************************
Report : area
Design : top
Version: S-2021.06
Date   : Sun May  1 18:05:09 2022
****************************************

Library(s) Used:

    tcbn45gsbwptc (File: /cae/apps/data/tsmclibs-2013/digital/Front_End/timing_power_noise/NLDM/tcbn45gsbwp_120a/tcbn45gsbwptc.db)

Number of ports:                          381
Number of nets:                         17596
Number of cells:                        14326
Number of combinational cells:          13830
Number of sequential cells:               496
Number of macros/black boxes:               0
Number of buf/inv:                       1199
Number of references:                     125

Combinational area:              24974.535455
Buf/Inv area:                     1070.042432
Noncombinational area:            1838.440832
Macro/Black Box area:                0.000000
Net Interconnect area:      undefined  (Wire load has zero net area)

Total cell area:                 26812.976287
Total area:                 undefined
1
