Information: Propagating switching activity (low effort zero delay simulation). (PWR-6)
Warning: Design has unannotated primary inputs. (PWR-414)
Warning: Design has unannotated sequential cell outputs. (PWR-415)
 
****************************************
Report : power
        -analysis_effort low
Design : top
Version: S-2021.06
Date   : Sun May  1 15:21:43 2022
****************************************


Library(s) Used:

    tcbn45gsbwptc (File: /cae/apps/data/tsmclibs-2013/digital/Front_End/timing_power_noise/NLDM/tcbn45gsbwp_120a/tcbn45gsbwptc.db)


Operating Conditions: NCCOM   Library: tcbn45gsbwptc
Wire Load Model Mode: segmented

Design        Wire Load Model            Library
------------------------------------------------
top                    ZeroWireload      tcbn45gsbwptc


Global Operating Voltage = 0.9  
Power-specific unit information :
    Voltage Units = 1V
    Capacitance Units = 1.000000pf
    Time Units = 1ns
    Dynamic Power Units = 1mW    (derived from V,C,T units)
    Leakage Power Units = 1nW


  Cell Internal Power  =   5.2322 mW   (64%)
  Net Switching Power  =   3.0021 mW   (36%)
                         ---------
Total Dynamic Power    =   8.2343 mW  (100%)

Cell Leakage Power     = 477.9213 uW


                 Internal         Switching           Leakage            Total
Power Group      Power            Power               Power              Power   (   %    )  Attrs
--------------------------------------------------------------------------------------------------
io_pad             0.0000            0.0000            0.0000            0.0000  (   0.00%)
memory             0.0000            0.0000            0.0000            0.0000  (   0.00%)
black_box          0.0000            0.0000            0.0000            0.0000  (   0.00%)
clock_network  2.6967e-02        9.5777e-02        1.0703e+03            0.1238  (   1.42%)
register           0.3338        3.4616e-02        1.4752e+04            0.3832  (   4.40%)
sequential     1.9144e-02        5.3470e-03        3.4759e+03        2.7967e-02  (   0.32%)
combinational      4.8522            2.8664        4.5862e+05            8.1772  (  93.86%)
--------------------------------------------------------------------------------------------------
Total              5.2321 mW         3.0021 mW     4.7792e+05 nW         8.7122 mW
1
