 
****************************************
Report : area
Design : top
Version: S-2021.06
Date   : Sun May  1 15:21:42 2022
****************************************

Library(s) Used:

    tcbn45gsbwptc (File: /cae/apps/data/tsmclibs-2013/digital/Front_End/timing_power_noise/NLDM/tcbn45gsbwp_120a/tcbn45gsbwptc.db)

Number of ports:                          381
Number of nets:                         23756
Number of cells:                        19335
Number of combinational cells:          18859
Number of sequential cells:               476
Number of macros/black boxes:               0
Number of buf/inv:                       1620
Number of references:                     116

Combinational area:              34258.643816
Buf/Inv area:                     1402.203643
Noncombinational area:            1959.098427
Macro/Black Box area:                0.000000
Net Interconnect area:      undefined  (Wire load has zero net area)

Total cell area:                 36217.742244
Total area:                 undefined
1
