Information: Propagating switching activity (low effort zero delay simulation). (PWR-6)
Warning: Design has unannotated primary inputs. (PWR-414)
Warning: Design has unannotated sequential cell outputs. (PWR-415)
 
****************************************
Report : power
        -analysis_effort low
Design : top
Version: S-2021.06
Date   : Sun May  1 15:24:41 2022
****************************************


Library(s) Used:

    tcbn45gsbwptc (File: /cae/apps/data/tsmclibs-2013/digital/Front_End/timing_power_noise/NLDM/tcbn45gsbwp_120a/tcbn45gsbwptc.db)


Operating Conditions: NCCOM   Library: tcbn45gsbwptc
Wire Load Model Mode: segmented

Design        Wire Load Model            Library
------------------------------------------------
top                    ZeroWireload      tcbn45gsbwptc


Global Operating Voltage = 0.9  
Power-specific unit information :
    Voltage Units = 1V
    Capacitance Units = 1.000000pf
    Time Units = 1ns
    Dynamic Power Units = 1mW    (derived from V,C,T units)
    Leakage Power Units = 1nW


  Cell Internal Power  =   5.2292 mW   (63%)
  Net Switching Power  =   3.0282 mW   (37%)
                         ---------
Total Dynamic Power    =   8.2574 mW  (100%)

Cell Leakage Power     = 475.8567 uW


                 Internal         Switching           Leakage            Total
Power Group      Power            Power               Power              Power   (   %    )  Attrs
--------------------------------------------------------------------------------------------------
io_pad             0.0000            0.0000            0.0000            0.0000  (   0.00%)
memory             0.0000            0.0000            0.0000            0.0000  (   0.00%)
black_box          0.0000            0.0000            0.0000            0.0000  (   0.00%)
clock_network  2.7022e-02        9.2552e-02        1.0702e+03            0.1206  (   1.38%)
register           0.3349        3.3022e-02        1.4753e+04            0.3827  (   4.38%)
sequential     1.9150e-02        5.5959e-03        3.4759e+03        2.8222e-02  (   0.32%)
combinational      4.8481            2.8970        4.5656e+05            8.2016  (  93.91%)
--------------------------------------------------------------------------------------------------
Total              5.2292 mW         3.0282 mW     4.7586e+05 nW         8.7332 mW
1
