 
****************************************
Report : area
Design : top
Version: S-2021.06
Date   : Sun May  1 15:24:09 2022
****************************************

Library(s) Used:

    tcbn45gsbwptc (File: /cae/apps/data/tsmclibs-2013/digital/Front_End/timing_power_noise/NLDM/tcbn45gsbwp_120a/tcbn45gsbwptc.db)

Number of ports:                          381
Number of nets:                         23769
Number of cells:                        19348
Number of combinational cells:          18872
Number of sequential cells:               476
Number of macros/black boxes:               0
Number of buf/inv:                       1633
Number of references:                     116

Combinational area:              34245.943007
Buf/Inv area:                     1426.899644
Noncombinational area:            1959.098427
Macro/Black Box area:                0.000000
Net Interconnect area:      undefined  (Wire load has zero net area)

Total cell area:                 36205.041434
Total area:                 undefined
1
