 
****************************************
Report : timing
        -path full
        -delay min
        -max_paths 20
Design : top
Version: S-2021.06
Date   : Sun May  1 18:16:23 2022
****************************************

 * Some/all delay information is back-annotated.

Operating Conditions: NCCOM   Library: tcbn45gsbwptc
	Parasitic source    : LPE
	Parasitic mode      : RealRVirtualC
	Extraction mode     : MAX
	Extraction derating : 25/25/25

Information: Percent of Arnoldi-based delays =  0.66%

  Startpoint: node1/mul4_reg[11]
              (rising edge-triggered flip-flop clocked by clk)
  Endpoint: y7_node1_p4_reg[11]
            (rising edge-triggered flip-flop clocked by clk)
  Path Group: clk
  Path Type: min

  Point                                    Incr       Path
  -----------------------------------------------------------
  clock clk (rise edge)                    0.00       0.00
  clock network delay (propagated)         0.06       0.06
  node1/mul4_reg[11]/CP (EDFQD2BWP)        0.00       0.06 r
  node1/mul4_reg[11]/Q (EDFQD2BWP)         0.10       0.16 f
  U19113/Z (CKAN2D2BWP)                    0.07 *     0.23 f
  y7_node1_p4_reg[11]/D (DFQD1BWP)         0.01 *     0.24 f
  data arrival time                                   0.24

  clock clk (rise edge)                    0.00       0.00
  clock network delay (propagated)         0.07       0.07
  clock uncertainty                        0.15       0.22
  y7_node1_p4_reg[11]/CP (DFQD1BWP)        0.00       0.22 r
  library hold time                        0.02       0.24
  data required time                                  0.24
  -----------------------------------------------------------
  data required time                                  0.24
  data arrival time                                  -0.24
  -----------------------------------------------------------
  slack (VIOLATED: increase significant digits)       0.00


  Startpoint: node0/mul3_reg[2]
              (rising edge-triggered flip-flop clocked by clk)
  Endpoint: y6_node0_p4_reg[2]
            (rising edge-triggered flip-flop clocked by clk)
  Path Group: clk
  Path Type: min

  Point                                    Incr       Path
  -----------------------------------------------------------
  clock clk (rise edge)                    0.00       0.00
  clock network delay (propagated)         0.07       0.07
  node0/mul3_reg[2]/CP (EDFQD1BWP)         0.00       0.07 r
  node0/mul3_reg[2]/Q (EDFQD1BWP)          0.09       0.16 f
  U10429/Z (AN2D2BWP)                      0.05 *     0.20 f
  U1048/Z (CKBD0BWP)                       0.04 *     0.24 f
  y6_node0_p4_reg[2]/D (DFQD1BWP)          0.00 *     0.24 f
  data arrival time                                   0.24

  clock clk (rise edge)                    0.00       0.00
  clock network delay (propagated)         0.07       0.07
  clock uncertainty                        0.15       0.22
  y6_node0_p4_reg[2]/CP (DFQD1BWP)         0.00       0.22 r
  library hold time                        0.03       0.24
  data required time                                  0.24
  -----------------------------------------------------------
  data required time                                  0.24
  data arrival time                                  -0.24
  -----------------------------------------------------------
  slack (MET)                                         0.00


  Startpoint: node1/mul3_reg[5]
              (rising edge-triggered flip-flop clocked by clk)
  Endpoint: y6_node1_p4_reg[5]
            (rising edge-triggered flip-flop clocked by clk)
  Path Group: clk
  Path Type: min

  Point                                    Incr       Path
  -----------------------------------------------------------
  clock clk (rise edge)                    0.00       0.00
  clock network delay (propagated)         0.06       0.06
  node1/mul3_reg[5]/CP (EDFQD1BWP)         0.00       0.06 r
  node1/mul3_reg[5]/Q (EDFQD1BWP)          0.09       0.15 f
  U18956/Z (CKAN2D1BWP)                    0.05 *     0.20 f
  U680/ZN (CKND0BWP)                       0.02 *     0.23 r
  U690/ZN (CKND0BWP)                       0.02 *     0.24 f
  y6_node1_p4_reg[5]/D (DFQD1BWP)          0.00 *     0.24 f
  data arrival time                                   0.24

  clock clk (rise edge)                    0.00       0.00
  clock network delay (propagated)         0.07       0.07
  clock uncertainty                        0.15       0.22
  y6_node1_p4_reg[5]/CP (DFQD1BWP)         0.00       0.22 r
  library hold time                        0.03       0.24
  data required time                                  0.24
  -----------------------------------------------------------
  data required time                                  0.24
  data arrival time                                  -0.24
  -----------------------------------------------------------
  slack (MET)                                         0.00


  Startpoint: node1/mul4_reg[7]
              (rising edge-triggered flip-flop clocked by clk)
  Endpoint: y7_node1_p4_reg[7]
            (rising edge-triggered flip-flop clocked by clk)
  Path Group: clk
  Path Type: min

  Point                                    Incr       Path
  -----------------------------------------------------------
  clock clk (rise edge)                    0.00       0.00
  clock network delay (propagated)         0.06       0.06
  node1/mul4_reg[7]/CP (EDFQD2BWP)         0.00       0.06 r
  node1/mul4_reg[7]/Q (EDFQD2BWP)          0.10       0.16 f
  U10317/Z (CKAN2D2BWP)                    0.07 *     0.23 f
  y7_node1_p4_reg[7]/D (DFQD1BWP)          0.01 *     0.24 f
  data arrival time                                   0.24

  clock clk (rise edge)                    0.00       0.00
  clock network delay (propagated)         0.06       0.06
  clock uncertainty                        0.15       0.21
  y7_node1_p4_reg[7]/CP (DFQD1BWP)         0.00       0.21 r
  library hold time                        0.02       0.23
  data required time                                  0.23
  -----------------------------------------------------------
  data required time                                  0.23
  data arrival time                                  -0.24
  -----------------------------------------------------------
  slack (MET)                                         0.00


  Startpoint: node0/mul3_reg[12]
              (rising edge-triggered flip-flop clocked by clk)
  Endpoint: y6_node0_p4_reg[7]
            (rising edge-triggered flip-flop clocked by clk)
  Path Group: clk
  Path Type: min

  Point                                    Incr       Path
  -----------------------------------------------------------
  clock clk (rise edge)                    0.00       0.00
  clock network delay (propagated)         0.07       0.07
  node0/mul3_reg[12]/CP (EDFQD2BWP)        0.00       0.07 r
  node0/mul3_reg[12]/Q (EDFQD2BWP)         0.08       0.15 r
  U17953/ZN (INR2XD4BWP)                   0.02 *     0.17 f
  U10379/Z (CKAN2D2BWP)                    0.06 *     0.23 f
  y6_node0_p4_reg[7]/D (DFQD1BWP)          0.01 *     0.24 f
  data arrival time                                   0.24

  clock clk (rise edge)                    0.00       0.00
  clock network delay (propagated)         0.07       0.07
  clock uncertainty                        0.15       0.22
  y6_node0_p4_reg[7]/CP (DFQD1BWP)         0.00       0.22 r
  library hold time                        0.02       0.24
  data required time                                  0.24
  -----------------------------------------------------------
  data required time                                  0.24
  data arrival time                                  -0.24
  -----------------------------------------------------------
  slack (MET)                                         0.00


  Startpoint: node1/mul1_reg[0]
              (rising edge-triggered flip-flop clocked by clk)
  Endpoint: y4_node1_p4_reg[0]
            (rising edge-triggered flip-flop clocked by clk)
  Path Group: clk
  Path Type: min

  Point                                    Incr       Path
  -----------------------------------------------------------
  clock clk (rise edge)                    0.00       0.00
  clock network delay (propagated)         0.06       0.06
  node1/mul1_reg[0]/CP (EDFQD1BWP)         0.00       0.06 r
  node1/mul1_reg[0]/Q (EDFQD1BWP)          0.10       0.16 f
  U10437/ZN (CKND2D2BWP)                   0.04 *     0.20 r
  U204/ZN (CKND0BWP)                       0.03 *     0.23 f
  y4_node1_p4_reg[0]/D (DFQD1BWP)          0.00 *     0.23 f
  data arrival time                                   0.23

  clock clk (rise edge)                    0.00       0.00
  clock network delay (propagated)         0.05       0.05
  clock uncertainty                        0.15       0.20
  y4_node1_p4_reg[0]/CP (DFQD1BWP)         0.00       0.20 r
  library hold time                        0.02       0.22
  data required time                                  0.22
  -----------------------------------------------------------
  data required time                                  0.22
  data arrival time                                  -0.23
  -----------------------------------------------------------
  slack (MET)                                         0.00


  Startpoint: node1/mul2_reg[6]
              (rising edge-triggered flip-flop clocked by clk)
  Endpoint: y5_node1_p4_reg[6]
            (rising edge-triggered flip-flop clocked by clk)
  Path Group: clk
  Path Type: min

  Point                                    Incr       Path
  -----------------------------------------------------------
  clock clk (rise edge)                    0.00       0.00
  clock network delay (propagated)         0.07       0.07
  node1/mul2_reg[6]/CP (EDFQD2BWP)         0.00       0.07 r
  node1/mul2_reg[6]/Q (EDFQD2BWP)          0.10       0.17 f
  U10323/Z (CKAN2D0BWP)                    0.06 *     0.23 f
  y5_node1_p4_reg[6]/D (DFQD1BWP)          0.00 *     0.23 f
  data arrival time                                   0.23

  clock clk (rise edge)                    0.00       0.00
  clock network delay (propagated)         0.05       0.05
  clock uncertainty                        0.15       0.20
  y5_node1_p4_reg[6]/CP (DFQD1BWP)         0.00       0.20 r
  library hold time                        0.02       0.22
  data required time                                  0.22
  -----------------------------------------------------------
  data required time                                  0.22
  data arrival time                                  -0.23
  -----------------------------------------------------------
  slack (MET)                                         0.00


  Startpoint: node0/mul2_reg[7]
              (rising edge-triggered flip-flop clocked by clk)
  Endpoint: y5_node0_p4_reg[7]
            (rising edge-triggered flip-flop clocked by clk)
  Path Group: clk
  Path Type: min

  Point                                    Incr       Path
  -----------------------------------------------------------
  clock clk (rise edge)                    0.00       0.00
  clock network delay (propagated)         0.06       0.06
  node0/mul2_reg[7]/CP (EDFQD2BWP)         0.00       0.06 r
  node0/mul2_reg[7]/Q (EDFQD2BWP)          0.10       0.16 f
  U10513/Z (CKAN2D0BWP)                    0.07 *     0.23 f
  y5_node0_p4_reg[7]/D (DFQD1BWP)          0.00 *     0.23 f
  data arrival time                                   0.23

  clock clk (rise edge)                    0.00       0.00
  clock network delay (propagated)         0.05       0.05
  clock uncertainty                        0.15       0.20
  y5_node0_p4_reg[7]/CP (DFQD1BWP)         0.00       0.20 r
  library hold time                        0.02       0.22
  data required time                                  0.22
  -----------------------------------------------------------
  data required time                                  0.22
  data arrival time                                  -0.23
  -----------------------------------------------------------
  slack (MET)                                         0.00


  Startpoint: node1/mul1_reg[12]
              (rising edge-triggered flip-flop clocked by clk)
  Endpoint: y4_node1_p4_reg[1]
            (rising edge-triggered flip-flop clocked by clk)
  Path Group: clk
  Path Type: min

  Point                                    Incr       Path
  -----------------------------------------------------------
  clock clk (rise edge)                    0.00       0.00
  clock network delay (propagated)         0.07       0.07
  node1/mul1_reg[12]/CP (EDFQD1BWP)        0.00       0.07 r
  node1/mul1_reg[12]/Q (EDFQD1BWP)         0.08       0.15 r
  U18170/ZN (INR2D4BWP)                    0.02 *     0.17 f
  U18171/Z (AN2D2BWP)                      0.03 *     0.20 f
  U10438/Z (CKBD0BWP)                      0.03 *     0.23 f
  y4_node1_p4_reg[1]/D (DFQD1BWP)          0.00 *     0.23 f
  data arrival time                                   0.23

  clock clk (rise edge)                    0.00       0.00
  clock network delay (propagated)         0.05       0.05
  clock uncertainty                        0.15       0.20
  y4_node1_p4_reg[1]/CP (DFQD1BWP)         0.00       0.20 r
  library hold time                        0.03       0.23
  data required time                                  0.23
  -----------------------------------------------------------
  data required time                                  0.23
  data arrival time                                  -0.23
  -----------------------------------------------------------
  slack (MET)                                         0.00


  Startpoint: node0/mul2_reg[9]
              (rising edge-triggered flip-flop clocked by clk)
  Endpoint: y5_node0_p4_reg[9]
            (rising edge-triggered flip-flop clocked by clk)
  Path Group: clk
  Path Type: min

  Point                                    Incr       Path
  -----------------------------------------------------------
  clock clk (rise edge)                    0.00       0.00
  clock network delay (propagated)         0.06       0.06
  node0/mul2_reg[9]/CP (EDFQD1BWP)         0.00       0.06 r
  node0/mul2_reg[9]/Q (EDFQD1BWP)          0.09       0.16 f
  U10359/Z (CKAN2D0BWP)                    0.07 *     0.23 f
  y5_node0_p4_reg[9]/D (DFQD1BWP)          0.00 *     0.23 f
  data arrival time                                   0.23

  clock clk (rise edge)                    0.00       0.00
  clock network delay (propagated)         0.05       0.05
  clock uncertainty                        0.15       0.20
  y5_node0_p4_reg[9]/CP (DFQD1BWP)         0.00       0.20 r
  library hold time                        0.02       0.22
  data required time                                  0.22
  -----------------------------------------------------------
  data required time                                  0.22
  data arrival time                                  -0.23
  -----------------------------------------------------------
  slack (MET)                                         0.00


  Startpoint: node0/mul4_reg[1]
              (rising edge-triggered flip-flop clocked by clk)
  Endpoint: y7_node0_p4_reg[1]
            (rising edge-triggered flip-flop clocked by clk)
  Path Group: clk
  Path Type: min

  Point                                    Incr       Path
  -----------------------------------------------------------
  clock clk (rise edge)                    0.00       0.00
  clock network delay (propagated)         0.05       0.05
  node0/mul4_reg[1]/CP (EDFQD1BWP)         0.00       0.05 r
  node0/mul4_reg[1]/Q (EDFQD1BWP)          0.11       0.16 f
  U10465/Z (AN2D4BWP)                      0.03 *     0.19 f
  U231/Z (DEL075D1BWP)                     0.05 *     0.24 f
  y7_node0_p4_reg[1]/D (DFQD1BWP)          0.00 *     0.24 f
  data arrival time                                   0.24

  clock clk (rise edge)                    0.00       0.00
  clock network delay (propagated)         0.06       0.06
  clock uncertainty                        0.15       0.21
  y7_node0_p4_reg[1]/CP (DFQD1BWP)         0.00       0.21 r
  library hold time                        0.03       0.24
  data required time                                  0.24
  -----------------------------------------------------------
  data required time                                  0.24
  data arrival time                                  -0.24
  -----------------------------------------------------------
  slack (MET)                                         0.00


  Startpoint: node1/mul3_reg[4]
              (rising edge-triggered flip-flop clocked by clk)
  Endpoint: y6_node1_p4_reg[4]
            (rising edge-triggered flip-flop clocked by clk)
  Path Group: clk
  Path Type: min

  Point                                    Incr       Path
  -----------------------------------------------------------
  clock clk (rise edge)                    0.00       0.00
  clock network delay (propagated)         0.06       0.06
  node1/mul3_reg[4]/CP (EDFQD1BWP)         0.00       0.06 r
  node1/mul3_reg[4]/Q (EDFQD1BWP)          0.10       0.16 f
  U18926/Z (CKAN2D0BWP)                    0.05 *     0.21 f
  U10500/Z (CKBD0BWP)                      0.03 *     0.25 f
  y6_node1_p4_reg[4]/D (DFQD1BWP)          0.00 *     0.25 f
  data arrival time                                   0.25

  clock clk (rise edge)                    0.00       0.00
  clock network delay (propagated)         0.07       0.07
  clock uncertainty                        0.15       0.22
  y6_node1_p4_reg[4]/CP (DFQD1BWP)         0.00       0.22 r
  library hold time                        0.03       0.24
  data required time                                  0.24
  -----------------------------------------------------------
  data required time                                  0.24
  data arrival time                                  -0.25
  -----------------------------------------------------------
  slack (MET)                                         0.00


  Startpoint: node0/mul2_reg[8]
              (rising edge-triggered flip-flop clocked by clk)
  Endpoint: y5_node0_p4_reg[8]
            (rising edge-triggered flip-flop clocked by clk)
  Path Group: clk
  Path Type: min

  Point                                    Incr       Path
  -----------------------------------------------------------
  clock clk (rise edge)                    0.00       0.00
  clock network delay (propagated)         0.06       0.06
  node0/mul2_reg[8]/CP (EDFQD2BWP)         0.00       0.06 r
  node0/mul2_reg[8]/Q (EDFQD2BWP)          0.10       0.16 f
  U10522/Z (CKAN2D0BWP)                    0.07 *     0.23 f
  y5_node0_p4_reg[8]/D (DFQD1BWP)          0.00 *     0.23 f
  data arrival time                                   0.23

  clock clk (rise edge)                    0.00       0.00
  clock network delay (propagated)         0.05       0.05
  clock uncertainty                        0.15       0.20
  y5_node0_p4_reg[8]/CP (DFQD1BWP)         0.00       0.20 r
  library hold time                        0.02       0.22
  data required time                                  0.22
  -----------------------------------------------------------
  data required time                                  0.22
  data arrival time                                  -0.23
  -----------------------------------------------------------
  slack (MET)                                         0.00


  Startpoint: node0/mul4_reg[0]
              (rising edge-triggered flip-flop clocked by clk)
  Endpoint: y7_node0_p4_reg[0]
            (rising edge-triggered flip-flop clocked by clk)
  Path Group: clk
  Path Type: min

  Point                                    Incr       Path
  -----------------------------------------------------------
  clock clk (rise edge)                    0.00       0.00
  clock network delay (propagated)         0.06       0.06
  node0/mul4_reg[0]/CP (EDFQD1BWP)         0.00       0.06 r
  node0/mul4_reg[0]/Q (EDFQD1BWP)          0.10       0.16 f
  U10432/ZN (CKND2D3BWP)                   0.02 *     0.19 r
  U1057/ZN (CKND0BWP)                      0.02 *     0.20 f
  U1056/ZN (CKND0BWP)                      0.02 *     0.22 r
  U17944/ZN (CKND0BWP)                     0.02 *     0.24 f
  y7_node0_p4_reg[0]/D (DFQD1BWP)          0.00 *     0.24 f
  data arrival time                                   0.24

  clock clk (rise edge)                    0.00       0.00
  clock network delay (propagated)         0.06       0.06
  clock uncertainty                        0.15       0.21
  y7_node0_p4_reg[0]/CP (DFQD1BWP)         0.00       0.21 r
  library hold time                        0.03       0.24
  data required time                                  0.24
  -----------------------------------------------------------
  data required time                                  0.24
  data arrival time                                  -0.24
  -----------------------------------------------------------
  slack (MET)                                         0.00


  Startpoint: node1/mul1_reg[11]
              (rising edge-triggered flip-flop clocked by clk)
  Endpoint: y4_node1_p4_reg[11]
            (rising edge-triggered flip-flop clocked by clk)
  Path Group: clk
  Path Type: min

  Point                                    Incr       Path
  -----------------------------------------------------------
  clock clk (rise edge)                    0.00       0.00
  clock network delay (propagated)         0.07       0.07
  node1/mul1_reg[11]/CP (EDFQD1BWP)        0.00       0.07 r
  node1/mul1_reg[11]/Q (EDFQD1BWP)         0.09       0.16 f
  U19110/Z (CKAN2D2BWP)                    0.06 *     0.22 f
  y4_node1_p4_reg[11]/D (DFQD1BWP)         0.00 *     0.23 f
  data arrival time                                   0.23

  clock clk (rise edge)                    0.00       0.00
  clock network delay (propagated)         0.05       0.05
  clock uncertainty                        0.15       0.20
  y4_node1_p4_reg[11]/CP (DFQD1BWP)        0.00       0.20 r
  library hold time                        0.02       0.22
  data required time                                  0.22
  -----------------------------------------------------------
  data required time                                  0.22
  data arrival time                                  -0.23
  -----------------------------------------------------------
  slack (MET)                                         0.00


  Startpoint: node1/mul4_reg[1]
              (rising edge-triggered flip-flop clocked by clk)
  Endpoint: y7_node1_p4_reg[1]
            (rising edge-triggered flip-flop clocked by clk)
  Path Group: clk
  Path Type: min

  Point                                    Incr       Path
  -----------------------------------------------------------
  clock clk (rise edge)                    0.00       0.00
  clock network delay (propagated)         0.06       0.06
  node1/mul4_reg[1]/CP (EDFQD2BWP)         0.00       0.06 r
  node1/mul4_reg[1]/Q (EDFQD2BWP)          0.10       0.17 f
  U10455/Z (AN2D2BWP)                      0.05 *     0.21 f
  U10454/Z (CKBD0BWP)                      0.03 *     0.24 f
  y7_node1_p4_reg[1]/D (DFQD1BWP)          0.00 *     0.24 f
  data arrival time                                   0.24

  clock clk (rise edge)                    0.00       0.00
  clock network delay (propagated)         0.06       0.06
  clock uncertainty                        0.15       0.21
  y7_node1_p4_reg[1]/CP (DFQD1BWP)         0.00       0.21 r
  library hold time                        0.03       0.24
  data required time                                  0.24
  -----------------------------------------------------------
  data required time                                  0.24
  data arrival time                                  -0.24
  -----------------------------------------------------------
  slack (MET)                                         0.01


  Startpoint: node1/mul3_reg[0]
              (rising edge-triggered flip-flop clocked by clk)
  Endpoint: y6_node1_p4_reg[0]
            (rising edge-triggered flip-flop clocked by clk)
  Path Group: clk
  Path Type: min

  Point                                    Incr       Path
  -----------------------------------------------------------
  clock clk (rise edge)                    0.00       0.00
  clock network delay (propagated)         0.07       0.07
  node1/mul3_reg[0]/CP (EDFQD2BWP)         0.00       0.07 r
  node1/mul3_reg[0]/Q (EDFQD2BWP)          0.10       0.17 f
  U893/ZN (CKND2D0BWP)                     0.04 *     0.21 r
  U200/ZN (CKND0BWP)                       0.03 *     0.24 f
  y6_node1_p4_reg[0]/D (DFQD1BWP)          0.00 *     0.24 f
  data arrival time                                   0.24

  clock clk (rise edge)                    0.00       0.00
  clock network delay (propagated)         0.06       0.06
  clock uncertainty                        0.15       0.21
  y6_node1_p4_reg[0]/CP (DFQD1BWP)         0.00       0.21 r
  library hold time                        0.02       0.23
  data required time                                  0.23
  -----------------------------------------------------------
  data required time                                  0.23
  data arrival time                                  -0.24
  -----------------------------------------------------------
  slack (MET)                                         0.01


  Startpoint: node0/mul2_reg[0]
              (rising edge-triggered flip-flop clocked by clk)
  Endpoint: y5_node0_p4_reg[0]
            (rising edge-triggered flip-flop clocked by clk)
  Path Group: clk
  Path Type: min

  Point                                    Incr       Path
  -----------------------------------------------------------
  clock clk (rise edge)                    0.00       0.00
  clock network delay (propagated)         0.06       0.06
  node0/mul2_reg[0]/CP (EDFQD1BWP)         0.00       0.06 r
  node0/mul2_reg[0]/Q (EDFQD1BWP)          0.09       0.15 f
  U10435/ZN (CKND2D8BWP)                   0.01 *     0.16 r
  U17943/ZN (CKND0BWP)                     0.01 *     0.17 f
  U10433/Z (CKBD0BWP)                      0.02 *     0.19 f
  U1357/Z (CKBD0BWP)                       0.02 *     0.22 f
  U222/ZN (CKND0BWP)                       0.01 *     0.23 r
  U724/ZN (CKND0BWP)                       0.01 *     0.24 f
  y5_node0_p4_reg[0]/D (DFQD1BWP)          0.00 *     0.24 f
  data arrival time                                   0.24

  clock clk (rise edge)                    0.00       0.00
  clock network delay (propagated)         0.05       0.05
  clock uncertainty                        0.15       0.20
  y5_node0_p4_reg[0]/CP (DFQD1BWP)         0.00       0.20 r
  library hold time                        0.03       0.23
  data required time                                  0.23
  -----------------------------------------------------------
  data required time                                  0.23
  data arrival time                                  -0.24
  -----------------------------------------------------------
  slack (MET)                                         0.01


  Startpoint: dnn_state_reg[0]
              (rising edge-triggered flip-flop clocked by clk)
  Endpoint: x3_node2_aggr_p2_reg[0]
            (rising edge-triggered flip-flop clocked by clk)
  Path Group: clk
  Path Type: min

  Point                                                   Incr       Path
  --------------------------------------------------------------------------
  clock clk (rise edge)                                   0.00       0.00
  clock network delay (propagated)                        0.06       0.06
  dnn_state_reg[0]/CP (DFCNQD1BWP)                        0.00       0.06 r
  dnn_state_reg[0]/Q (DFCNQD1BWP)                         0.08       0.13 r
  U10974/ZN (NR2XD0BWP)                                   0.03 *     0.17 f
  U212/Z (CKBD4BWP)                                       0.06 *     0.22 f
  x3_node2_aggr_p2_reg[0]/CN (DFKCNQD1BWP)                0.00 *     0.23 f
  data arrival time                                                  0.23

  clock clk (rise edge)                                   0.00       0.00
  clock network delay (propagated)                        0.06       0.06
  clock uncertainty                                       0.15       0.21
  x3_node2_aggr_p2_reg[0]/CP (DFKCNQD1BWP)                0.00       0.21 r
  library hold time                                       0.01       0.22
  data required time                                                 0.22
  --------------------------------------------------------------------------
  data required time                                                 0.22
  data arrival time                                                 -0.23
  --------------------------------------------------------------------------
  slack (MET)                                                        0.01


  Startpoint: dnn_state_reg[0]
              (rising edge-triggered flip-flop clocked by clk)
  Endpoint: x3_node3_aggr_p2_reg[3]
            (rising edge-triggered flip-flop clocked by clk)
  Path Group: clk
  Path Type: min

  Point                                                   Incr       Path
  --------------------------------------------------------------------------
  clock clk (rise edge)                                   0.00       0.00
  clock network delay (propagated)                        0.06       0.06
  dnn_state_reg[0]/CP (DFCNQD1BWP)                        0.00       0.06 r
  dnn_state_reg[0]/Q (DFCNQD1BWP)                         0.08       0.13 r
  U10974/ZN (NR2XD0BWP)                                   0.03 *     0.17 f
  U212/Z (CKBD4BWP)                                       0.06 *     0.22 f
  x3_node3_aggr_p2_reg[3]/CN (DFKCNQD1BWP)                0.00 *     0.23 f
  data arrival time                                                  0.23

  clock clk (rise edge)                                   0.00       0.00
  clock network delay (propagated)                        0.06       0.06
  clock uncertainty                                       0.15       0.21
  x3_node3_aggr_p2_reg[3]/CP (DFKCNQD1BWP)                0.00       0.21 r
  library hold time                                       0.01       0.22
  data required time                                                 0.22
  --------------------------------------------------------------------------
  data required time                                                 0.22
  data arrival time                                                 -0.23
  --------------------------------------------------------------------------
  slack (MET)                                                        0.01


1
