 
****************************************
Report : area
Design : top
Version: S-2021.06
Date   : Sun May  1 18:15:41 2022
****************************************

Library(s) Used:

    tcbn45gsbwptc (File: /cae/apps/data/tsmclibs-2013/digital/Front_End/timing_power_noise/NLDM/tcbn45gsbwp_120a/tcbn45gsbwptc.db)

Number of ports:                          381
Number of nets:                         17714
Number of cells:                        14473
Number of combinational cells:          13977
Number of sequential cells:               496
Number of macros/black boxes:               0
Number of buf/inv:                       1220
Number of references:                     107

Combinational area:              25026.926269
Buf/Inv area:                     1061.575233
Noncombinational area:            1840.028431
Macro/Black Box area:                0.000000
Net Interconnect area:      undefined  (Wire load has zero net area)

Total cell area:                 26866.954701
Total area:                 undefined
1
