Turn off antenna since no rule is specified
Cell Min-Routing-Layer = M1
Cell Max-Routing-Layer = AP
Information: Multiple default contact VIA12_HV found for layer VIA1. (ZRT-021)
Via on layer (VIA1) needs more than one tracks
Warning: Layer M1 pitch 0.140 may be too small: wire/via-down 0.140, wire/via-up 0.170. (ZRT-026)
Via on layer (VIA8) needs more than one tracks
Warning: Layer M8 pitch 0.140 may be too small: wire/via-down 0.140, wire/via-up 0.305. (ZRT-026)
Via on layer (RV) needs more than one tracks
Warning: Layer M10 pitch 0.800 may be too small: wire/via-down 0.800, wire/via-up 2.600. (ZRT-026)


Start checking for open nets ... 

Total number of nets = 17731, of which 0 are not extracted
Total number of open nets = 0, of which 0 are frozen

Check 17731 nets, 0 have Errors

[CHECK OPEN NETS] Elapsed real time: 0:00:00 
[CHECK OPEN NETS] Elapsed cpu  time: sys=0:00:00 usr=0:00:00 total=0:00:00
[CHECK OPEN NETS] Stage (MB): Used    0  Alloctr    0  Proc    0 
[CHECK OPEN NETS] Total (MB): Used  139  Alloctr  140  Proc 2409 
Printing options for 'set_route_zrt_common_options'
-dbin_list_of_nets                                      :	 {}                  
-extraction_mode                                        :	 parallel            
-verbose_level                                          :	 0                   

Printing options for 'set_route_zrt_detail_options'


Begin full DRC check ...

Information: Using 1 threads for routing. (ZRT-444)
Checked	1/25 Partitions, Violations =	0
Checked	2/25 Partitions, Violations =	0
Checked	3/25 Partitions, Violations =	0
Checked	4/25 Partitions, Violations =	0
Checked	5/25 Partitions, Violations =	0
Checked	6/25 Partitions, Violations =	0
Checked	7/25 Partitions, Violations =	0
Checked	8/25 Partitions, Violations =	0
Checked	9/25 Partitions, Violations =	0
Checked	10/25 Partitions, Violations =	0
Checked	11/25 Partitions, Violations =	0
Checked	12/25 Partitions, Violations =	0
Checked	13/25 Partitions, Violations =	0
Checked	14/25 Partitions, Violations =	0
Checked	15/25 Partitions, Violations =	0
Checked	16/25 Partitions, Violations =	0
Checked	17/25 Partitions, Violations =	0
Checked	18/25 Partitions, Violations =	0
Checked	19/25 Partitions, Violations =	0
Checked	20/25 Partitions, Violations =	0
Checked	21/25 Partitions, Violations =	0
Checked	22/25 Partitions, Violations =	0
Checked	23/25 Partitions, Violations =	0
Checked	24/25 Partitions, Violations =	0
Checked	25/25 Partitions, Violations =	0
[DRC CHECK] Elapsed real time: 0:00:04 
[DRC CHECK] Elapsed cpu  time: sys=0:00:00 usr=0:00:04 total=0:00:04
[DRC CHECK] Stage (MB): Used    0  Alloctr    0  Proc    0 
[DRC CHECK] Total (MB): Used  157  Alloctr  159  Proc 2409 
Warning: No antenna rules defined, Skip antenna analysis. (ZRT-309)

DRC-SUMMARY:
	@@@@@@@ TOTAL VIOLATIONS =	0


Total Wire Length =                    205816 micron
Total Number of Contacts =             105771
Total Number of Wires =                86140
Total Number of PtConns =              21284
Total Number of Routed Wires =       86140
Total Routed Wire Length =           200297 micron
Total Number of Routed Contacts =       105771
	Layer             M1 :       1811 micron
	Layer             M2 :      58796 micron
	Layer             M3 :      77558 micron
	Layer             M4 :      43956 micron
	Layer             M5 :      16164 micron
	Layer             M6 :       4268 micron
	Layer             M7 :       1566 micron
	Layer             M8 :        925 micron
	Layer             M9 :        312 micron
	Layer            M10 :        461 micron
	Layer             AP :          0 micron
	Via           VIA910 :         11
	Via            VIA89 :         12
	Via            VIA78 :         32
	Via        VIA78_2x1 :          6
	Via   VIA78(rot)_1x2 :          6
	Via            VIA67 :        114
	Via            VIA56 :        234
	Via            VIA45 :        966
	Via            VIA34 :       6173
	Via            VIA23 :      48269
	Via            VIA12 :      44138
	Via       VIA12(rot) :         10
	Via         VIA12_HV :       5670
	Via    VIA12_HV(rot) :        110
	Via        VIA12_2x1 :         11
	Via   VIA12(rot)_1x2 :          9

 
Redundant via conversion report:
--------------------------------

  Total optimized via conversion rate =  0.03% (32 / 105771 vias)
 
    Layer VIA1       =  0.04% (20     / 49948   vias)
        Weight 1     =  0.04% (20      vias)
        Un-optimized = 99.96% (49928   vias)
    Layer VIA2       =  0.00% (0      / 48269   vias)
        Un-optimized = 100.00% (48269   vias)
    Layer VIA3       =  0.00% (0      / 6173    vias)
        Un-optimized = 100.00% (6173    vias)
    Layer VIA4       =  0.00% (0      / 966     vias)
        Un-optimized = 100.00% (966     vias)
    Layer VIA5       =  0.00% (0      / 234     vias)
        Un-optimized = 100.00% (234     vias)
    Layer VIA6       =  0.00% (0      / 114     vias)
        Un-optimized = 100.00% (114     vias)
    Layer VIA7       = 27.27% (12     / 44      vias)
        Weight 1     = 27.27% (12      vias)
        Un-optimized = 72.73% (32      vias)
    Layer VIA8       =  0.00% (0      / 12      vias)
        Un-optimized = 100.00% (12      vias)
    Layer VIA9       =  0.00% (0      / 11      vias)
        Un-optimized = 100.00% (11      vias)
 
  Total double via conversion rate    =  0.03% (32 / 105771 vias)
 
    Layer VIA1       =  0.04% (20     / 49948   vias)
    Layer VIA2       =  0.00% (0      / 48269   vias)
    Layer VIA3       =  0.00% (0      / 6173    vias)
    Layer VIA4       =  0.00% (0      / 966     vias)
    Layer VIA5       =  0.00% (0      / 234     vias)
    Layer VIA6       =  0.00% (0      / 114     vias)
    Layer VIA7       = 27.27% (12     / 44      vias)
    Layer VIA8       =  0.00% (0      / 12      vias)
    Layer VIA9       =  0.00% (0      / 11      vias)
 
  The optimized via conversion rate based on total routed via count =  0.03% (32 / 105771 vias)
 
    Layer VIA1       =  0.04% (20     / 49948   vias)
        Weight 1     =  0.04% (20      vias)
        Un-optimized = 99.96% (49928   vias)
    Layer VIA2       =  0.00% (0      / 48269   vias)
        Un-optimized = 100.00% (48269   vias)
    Layer VIA3       =  0.00% (0      / 6173    vias)
        Un-optimized = 100.00% (6173    vias)
    Layer VIA4       =  0.00% (0      / 966     vias)
        Un-optimized = 100.00% (966     vias)
    Layer VIA5       =  0.00% (0      / 234     vias)
        Un-optimized = 100.00% (234     vias)
    Layer VIA6       =  0.00% (0      / 114     vias)
        Un-optimized = 100.00% (114     vias)
    Layer VIA7       = 27.27% (12     / 44      vias)
        Weight 1     = 27.27% (12      vias)
        Un-optimized = 72.73% (32      vias)
    Layer VIA8       =  0.00% (0      / 12      vias)
        Un-optimized = 100.00% (12      vias)
    Layer VIA9       =  0.00% (0      / 11      vias)
        Un-optimized = 100.00% (11      vias)
 


Verify Summary:

Total number of nets = 17731, of which 0 are not extracted
Total number of open nets = 0, of which 0 are frozen
Total number of excluded ports = 0 ports of 0 unplaced cells connected to 0 nets
                                 0 ports without pins of 0 cells connected to 0 nets
                                 0 ports of 0 cover cells connected to 0 non-pg nets
Total number of DRCs = 0
Total number of antenna violations = no antenna rules defined
Total number of voltage-area violations = no voltage-areas defined
Total number of tie to rail violations = not checked
Total number of tie to rail directly violations = not checked

1
