 
****************************************
Report : area
Design : top
Version: S-2021.06
Date   : Sun May  1 18:18:03 2022
****************************************

Library(s) Used:

    tcbn45gsbwptc (File: /cae/apps/data/tsmclibs-2013/digital/Front_End/timing_power_noise/NLDM/tcbn45gsbwp_120a/tcbn45gsbwptc.db)

Number of ports:                          381
Number of nets:                         17729
Number of cells:                        14488
Number of combinational cells:          13992
Number of sequential cells:               496
Number of macros/black boxes:               0
Number of buf/inv:                       1233
Number of references:                     114

Combinational area:              25048.976265
Buf/Inv area:                     1096.678833
Noncombinational area:            1842.145231
Macro/Black Box area:                0.000000
Net Interconnect area:      undefined  (Wire load has zero net area)

Total cell area:                 26891.121496
Total area:                 undefined
1
