 
****************************************
Report : timing
        -path full
        -delay min
        -max_paths 20
Design : top
Version: S-2021.06
Date   : Fri Apr 29 16:18:09 2022
****************************************

 * Some/all delay information is back-annotated.

Operating Conditions: NCCOM   Library: tcbn45gsbwptc

  Startpoint: node3/y5_p3_reg[11]
              (rising edge-triggered flip-flop clocked by clk)
  Endpoint: node3/y5_relu_p4_reg[11]
            (rising edge-triggered flip-flop clocked by clk)
  Path Group: clk
  Path Type: min

  Point                                                   Incr       Path
  --------------------------------------------------------------------------
  clock clk (rise edge)                                   0.00       0.00
  clock network delay (ideal)                             0.00       0.00
  node3/y5_p3_reg[11]/CP (DFKCNQD1BWP)                    0.00       0.00 r
  node3/y5_p3_reg[11]/Q (DFKCNQD1BWP)                     0.06       0.06 f
  U5145/Z (DEL150D1BWP)                                   0.10 *     0.16 f
  node3/y5_relu_p4_reg[11]/D (DFKCNQD1BWP)                0.00 *     0.16 f
  data arrival time                                                  0.16

  clock clk (rise edge)                                   0.00       0.00
  clock network delay (ideal)                             0.00       0.00
  clock uncertainty                                       0.15       0.15
  node3/y5_relu_p4_reg[11]/CP (DFKCNQD1BWP)               0.00       0.15 r
  library hold time                                       0.00       0.15
  data required time                                                 0.15
  --------------------------------------------------------------------------
  data required time                                                 0.15
  data arrival time                                                 -0.16
  --------------------------------------------------------------------------
  slack (MET)                                                        0.00


  Startpoint: node2/y5_p3_reg[11]
              (rising edge-triggered flip-flop clocked by clk)
  Endpoint: node2/y5_relu_p4_reg[11]
            (rising edge-triggered flip-flop clocked by clk)
  Path Group: clk
  Path Type: min

  Point                                                   Incr       Path
  --------------------------------------------------------------------------
  clock clk (rise edge)                                   0.00       0.00
  clock network delay (ideal)                             0.00       0.00
  node2/y5_p3_reg[11]/CP (DFKCNQD1BWP)                    0.00       0.00 r
  node2/y5_p3_reg[11]/Q (DFKCNQD1BWP)                     0.06       0.06 f
  U5172/Z (DEL150D1BWP)                                   0.10 *     0.16 f
  node2/y5_relu_p4_reg[11]/D (DFKCNQD1BWP)                0.00 *     0.16 f
  data arrival time                                                  0.16

  clock clk (rise edge)                                   0.00       0.00
  clock network delay (ideal)                             0.00       0.00
  clock uncertainty                                       0.15       0.15
  node2/y5_relu_p4_reg[11]/CP (DFKCNQD1BWP)               0.00       0.15 r
  library hold time                                       0.00       0.15
  data required time                                                 0.15
  --------------------------------------------------------------------------
  data required time                                                 0.15
  data arrival time                                                 -0.16
  --------------------------------------------------------------------------
  slack (MET)                                                        0.00


  Startpoint: node3/y5_p3_reg[7]
              (rising edge-triggered flip-flop clocked by clk)
  Endpoint: node3/y5_relu_p4_reg[7]
            (rising edge-triggered flip-flop clocked by clk)
  Path Group: clk
  Path Type: min

  Point                                                   Incr       Path
  --------------------------------------------------------------------------
  clock clk (rise edge)                                   0.00       0.00
  clock network delay (ideal)                             0.00       0.00
  node3/y5_p3_reg[7]/CP (DFKCNQD1BWP)                     0.00       0.00 r
  node3/y5_p3_reg[7]/Q (DFKCNQD1BWP)                      0.06       0.06 f
  U5153/Z (DEL150D1BWP)                                   0.10 *     0.16 f
  node3/y5_relu_p4_reg[7]/D (DFKCNQD1BWP)                 0.00 *     0.16 f
  data arrival time                                                  0.16

  clock clk (rise edge)                                   0.00       0.00
  clock network delay (ideal)                             0.00       0.00
  clock uncertainty                                       0.15       0.15
  node3/y5_relu_p4_reg[7]/CP (DFKCNQD1BWP)                0.00       0.15 r
  library hold time                                       0.00       0.15
  data required time                                                 0.15
  --------------------------------------------------------------------------
  data required time                                                 0.15
  data arrival time                                                 -0.16
  --------------------------------------------------------------------------
  slack (MET)                                                        0.00


  Startpoint: node0/y5_p3_reg[9]
              (rising edge-triggered flip-flop clocked by clk)
  Endpoint: node0/y5_relu_p4_reg[9]
            (rising edge-triggered flip-flop clocked by clk)
  Path Group: clk
  Path Type: min

  Point                                                   Incr       Path
  --------------------------------------------------------------------------
  clock clk (rise edge)                                   0.00       0.00
  clock network delay (ideal)                             0.00       0.00
  node0/y5_p3_reg[9]/CP (DFKCNQD1BWP)                     0.00       0.00 r
  node0/y5_p3_reg[9]/Q (DFKCNQD1BWP)                      0.06       0.06 f
  U5250/Z (DEL150D1BWP)                                   0.10 *     0.16 f
  node0/y5_relu_p4_reg[9]/D (DFKCNQD1BWP)                 0.00 *     0.16 f
  data arrival time                                                  0.16

  clock clk (rise edge)                                   0.00       0.00
  clock network delay (ideal)                             0.00       0.00
  clock uncertainty                                       0.15       0.15
  node0/y5_relu_p4_reg[9]/CP (DFKCNQD1BWP)                0.00       0.15 r
  library hold time                                       0.00       0.15
  data required time                                                 0.15
  --------------------------------------------------------------------------
  data required time                                                 0.15
  data arrival time                                                 -0.16
  --------------------------------------------------------------------------
  slack (MET)                                                        0.00


  Startpoint: node2/y4_p3_reg[8]
              (rising edge-triggered flip-flop clocked by clk)
  Endpoint: node2/y4_relu_p4_reg[8]
            (rising edge-triggered flip-flop clocked by clk)
  Path Group: clk
  Path Type: min

  Point                                                   Incr       Path
  --------------------------------------------------------------------------
  clock clk (rise edge)                                   0.00       0.00
  clock network delay (ideal)                             0.00       0.00
  node2/y4_p3_reg[8]/CP (DFKCNQD1BWP)                     0.00       0.00 r
  node2/y4_p3_reg[8]/Q (DFKCNQD1BWP)                      0.06       0.06 f
  U5177/Z (DEL150D1BWP)                                   0.10 *     0.16 f
  node2/y4_relu_p4_reg[8]/D (DFKCNQD1BWP)                 0.00 *     0.16 f
  data arrival time                                                  0.16

  clock clk (rise edge)                                   0.00       0.00
  clock network delay (ideal)                             0.00       0.00
  clock uncertainty                                       0.15       0.15
  node2/y4_relu_p4_reg[8]/CP (DFKCNQD1BWP)                0.00       0.15 r
  library hold time                                       0.00       0.15
  data required time                                                 0.15
  --------------------------------------------------------------------------
  data required time                                                 0.15
  data arrival time                                                 -0.16
  --------------------------------------------------------------------------
  slack (MET)                                                        0.00


  Startpoint: node2/y5_p3_reg[10]
              (rising edge-triggered flip-flop clocked by clk)
  Endpoint: node2/y5_relu_p4_reg[10]
            (rising edge-triggered flip-flop clocked by clk)
  Path Group: clk
  Path Type: min

  Point                                                   Incr       Path
  --------------------------------------------------------------------------
  clock clk (rise edge)                                   0.00       0.00
  clock network delay (ideal)                             0.00       0.00
  node2/y5_p3_reg[10]/CP (DFKCNQD1BWP)                    0.00       0.00 r
  node2/y5_p3_reg[10]/Q (DFKCNQD1BWP)                     0.06       0.06 f
  U5174/Z (DEL150D1BWP)                                   0.10 *     0.16 f
  node2/y5_relu_p4_reg[10]/D (DFKCNQD1BWP)                0.00 *     0.16 f
  data arrival time                                                  0.16

  clock clk (rise edge)                                   0.00       0.00
  clock network delay (ideal)                             0.00       0.00
  clock uncertainty                                       0.15       0.15
  node2/y5_relu_p4_reg[10]/CP (DFKCNQD1BWP)               0.00       0.15 r
  library hold time                                       0.00       0.15
  data required time                                                 0.15
  --------------------------------------------------------------------------
  data required time                                                 0.15
  data arrival time                                                 -0.16
  --------------------------------------------------------------------------
  slack (MET)                                                        0.00


  Startpoint: node2/y5_p3_reg[0]
              (rising edge-triggered flip-flop clocked by clk)
  Endpoint: node2/y5_relu_p4_reg[0]
            (rising edge-triggered flip-flop clocked by clk)
  Path Group: clk
  Path Type: min

  Point                                                   Incr       Path
  --------------------------------------------------------------------------
  clock clk (rise edge)                                   0.00       0.00
  clock network delay (ideal)                             0.00       0.00
  node2/y5_p3_reg[0]/CP (DFKCNQD1BWP)                     0.00       0.00 r
  node2/y5_p3_reg[0]/Q (DFKCNQD1BWP)                      0.06       0.06 f
  U5234/Z (DEL150D1BWP)                                   0.10 *     0.16 f
  node2/y5_relu_p4_reg[0]/D (DFKCNQD1BWP)                 0.00 *     0.16 f
  data arrival time                                                  0.16

  clock clk (rise edge)                                   0.00       0.00
  clock network delay (ideal)                             0.00       0.00
  clock uncertainty                                       0.15       0.15
  node2/y5_relu_p4_reg[0]/CP (DFKCNQD1BWP)                0.00       0.15 r
  library hold time                                       0.00       0.15
  data required time                                                 0.15
  --------------------------------------------------------------------------
  data required time                                                 0.15
  data arrival time                                                 -0.16
  --------------------------------------------------------------------------
  slack (MET)                                                        0.00


  Startpoint: node2/y5_p3_reg[8]
              (rising edge-triggered flip-flop clocked by clk)
  Endpoint: node2/y5_relu_p4_reg[8]
            (rising edge-triggered flip-flop clocked by clk)
  Path Group: clk
  Path Type: min

  Point                                                   Incr       Path
  --------------------------------------------------------------------------
  clock clk (rise edge)                                   0.00       0.00
  clock network delay (ideal)                             0.00       0.00
  node2/y5_p3_reg[8]/CP (DFKCNQD1BWP)                     0.00       0.00 r
  node2/y5_p3_reg[8]/Q (DFKCNQD1BWP)                      0.06       0.06 f
  U5178/Z (DEL150D1BWP)                                   0.10 *     0.16 f
  node2/y5_relu_p4_reg[8]/D (DFKCNQD1BWP)                 0.00 *     0.16 f
  data arrival time                                                  0.16

  clock clk (rise edge)                                   0.00       0.00
  clock network delay (ideal)                             0.00       0.00
  clock uncertainty                                       0.15       0.15
  node2/y5_relu_p4_reg[8]/CP (DFKCNQD1BWP)                0.00       0.15 r
  library hold time                                       0.00       0.15
  data required time                                                 0.15
  --------------------------------------------------------------------------
  data required time                                                 0.15
  data arrival time                                                 -0.16
  --------------------------------------------------------------------------
  slack (MET)                                                        0.00


  Startpoint: node3/y5_p3_reg[6]
              (rising edge-triggered flip-flop clocked by clk)
  Endpoint: node3/y5_relu_p4_reg[6]
            (rising edge-triggered flip-flop clocked by clk)
  Path Group: clk
  Path Type: min

  Point                                                   Incr       Path
  --------------------------------------------------------------------------
  clock clk (rise edge)                                   0.00       0.00
  clock network delay (ideal)                             0.00       0.00
  node3/y5_p3_reg[6]/CP (DFKCNQD1BWP)                     0.00       0.00 r
  node3/y5_p3_reg[6]/Q (DFKCNQD1BWP)                      0.06       0.06 f
  U5155/Z (DEL150D1BWP)                                   0.10 *     0.16 f
  node3/y5_relu_p4_reg[6]/D (DFKCNQD1BWP)                 0.00 *     0.16 f
  data arrival time                                                  0.16

  clock clk (rise edge)                                   0.00       0.00
  clock network delay (ideal)                             0.00       0.00
  clock uncertainty                                       0.15       0.15
  node3/y5_relu_p4_reg[6]/CP (DFKCNQD1BWP)                0.00       0.15 r
  library hold time                                       0.00       0.15
  data required time                                                 0.15
  --------------------------------------------------------------------------
  data required time                                                 0.15
  data arrival time                                                 -0.16
  --------------------------------------------------------------------------
  slack (MET)                                                        0.00


  Startpoint: node2/y4_p3_reg[9]
              (rising edge-triggered flip-flop clocked by clk)
  Endpoint: node2/y4_relu_p4_reg[9]
            (rising edge-triggered flip-flop clocked by clk)
  Path Group: clk
  Path Type: min

  Point                                                   Incr       Path
  --------------------------------------------------------------------------
  clock clk (rise edge)                                   0.00       0.00
  clock network delay (ideal)                             0.00       0.00
  node2/y4_p3_reg[9]/CP (DFKCNQD1BWP)                     0.00       0.00 r
  node2/y4_p3_reg[9]/Q (DFKCNQD1BWP)                      0.06       0.06 f
  U5175/Z (DEL150D1BWP)                                   0.10 *     0.16 f
  node2/y4_relu_p4_reg[9]/D (DFKCNQD1BWP)                 0.00 *     0.16 f
  data arrival time                                                  0.16

  clock clk (rise edge)                                   0.00       0.00
  clock network delay (ideal)                             0.00       0.00
  clock uncertainty                                       0.15       0.15
  node2/y4_relu_p4_reg[9]/CP (DFKCNQD1BWP)                0.00       0.15 r
  library hold time                                       0.00       0.15
  data required time                                                 0.15
  --------------------------------------------------------------------------
  data required time                                                 0.15
  data arrival time                                                 -0.16
  --------------------------------------------------------------------------
  slack (MET)                                                        0.00


  Startpoint: node2/y4_p3_reg[5]
              (rising edge-triggered flip-flop clocked by clk)
  Endpoint: node2/y4_relu_p4_reg[5]
            (rising edge-triggered flip-flop clocked by clk)
  Path Group: clk
  Path Type: min

  Point                                                   Incr       Path
  --------------------------------------------------------------------------
  clock clk (rise edge)                                   0.00       0.00
  clock network delay (ideal)                             0.00       0.00
  node2/y4_p3_reg[5]/CP (DFKCNQD1BWP)                     0.00       0.00 r
  node2/y4_p3_reg[5]/Q (DFKCNQD1BWP)                      0.06       0.06 f
  U5183/Z (DEL150D1BWP)                                   0.10 *     0.16 f
  node2/y4_relu_p4_reg[5]/D (DFKCNQD1BWP)                 0.00 *     0.16 f
  data arrival time                                                  0.16

  clock clk (rise edge)                                   0.00       0.00
  clock network delay (ideal)                             0.00       0.00
  clock uncertainty                                       0.15       0.15
  node2/y4_relu_p4_reg[5]/CP (DFKCNQD1BWP)                0.00       0.15 r
  library hold time                                       0.00       0.15
  data required time                                                 0.15
  --------------------------------------------------------------------------
  data required time                                                 0.15
  data arrival time                                                 -0.16
  --------------------------------------------------------------------------
  slack (MET)                                                        0.00


  Startpoint: node0/y4_p3_reg[2]
              (rising edge-triggered flip-flop clocked by clk)
  Endpoint: node0/y4_relu_p4_reg[2]
            (rising edge-triggered flip-flop clocked by clk)
  Path Group: clk
  Path Type: min

  Point                                                   Incr       Path
  --------------------------------------------------------------------------
  clock clk (rise edge)                                   0.00       0.00
  clock network delay (ideal)                             0.00       0.00
  node0/y4_p3_reg[2]/CP (DFKCNQD1BWP)                     0.00       0.00 r
  node0/y4_p3_reg[2]/Q (DFKCNQD1BWP)                      0.06       0.06 f
  U5269/Z (DEL150D1BWP)                                   0.10 *     0.16 f
  node0/y4_relu_p4_reg[2]/D (DFKCNQD1BWP)                 0.00 *     0.16 f
  data arrival time                                                  0.16

  clock clk (rise edge)                                   0.00       0.00
  clock network delay (ideal)                             0.00       0.00
  clock uncertainty                                       0.15       0.15
  node0/y4_relu_p4_reg[2]/CP (DFKCNQD1BWP)                0.00       0.15 r
  library hold time                                       0.00       0.15
  data required time                                                 0.15
  --------------------------------------------------------------------------
  data required time                                                 0.15
  data arrival time                                                 -0.16
  --------------------------------------------------------------------------
  slack (MET)                                                        0.00


  Startpoint: node2/mul6_out_reg[0]
              (rising edge-triggered flip-flop clocked by clk)
  Endpoint: node2/y5_p3_reg[0]
            (rising edge-triggered flip-flop clocked by clk)
  Path Group: clk
  Path Type: min

  Point                                                   Incr       Path
  --------------------------------------------------------------------------
  clock clk (rise edge)                                   0.00       0.00
  clock network delay (ideal)                             0.00       0.00
  node2/mul6_out_reg[0]/CP (EDFQD1BWP)                    0.00       0.00 r
  node2/mul6_out_reg[0]/Q (EDFQD1BWP)                     0.05       0.05 r
  U5239/Z (XOR2D0BWP)                                     0.04 *     0.10 f
  U5240/Z (XOR2D2BWP)                                     0.05 *     0.15 f
  node2/y5_p3_reg[0]/CN (DFKCNQD1BWP)                     0.00 *     0.15 f
  data arrival time                                                  0.15

  clock clk (rise edge)                                   0.00       0.00
  clock network delay (ideal)                             0.00       0.00
  clock uncertainty                                       0.15       0.15
  node2/y5_p3_reg[0]/CP (DFKCNQD1BWP)                     0.00       0.15 r
  library hold time                                       0.00       0.15
  data required time                                                 0.15
  --------------------------------------------------------------------------
  data required time                                                 0.15
  data arrival time                                                 -0.15
  --------------------------------------------------------------------------
  slack (MET)                                                        0.00


  Startpoint: node3/y5_p3_reg[0]
              (rising edge-triggered flip-flop clocked by clk)
  Endpoint: node3/y5_relu_p4_reg[0]
            (rising edge-triggered flip-flop clocked by clk)
  Path Group: clk
  Path Type: min

  Point                                                   Incr       Path
  --------------------------------------------------------------------------
  clock clk (rise edge)                                   0.00       0.00
  clock network delay (ideal)                             0.00       0.00
  node3/y5_p3_reg[0]/CP (DFKCNQD1BWP)                     0.00       0.00 r
  node3/y5_p3_reg[0]/Q (DFKCNQD1BWP)                      0.06       0.06 f
  U5165/Z (DEL150D1BWP)                                   0.10 *     0.16 f
  node3/y5_relu_p4_reg[0]/D (DFKCNQD1BWP)                 0.00 *     0.16 f
  data arrival time                                                  0.16

  clock clk (rise edge)                                   0.00       0.00
  clock network delay (ideal)                             0.00       0.00
  clock uncertainty                                       0.15       0.15
  node3/y5_relu_p4_reg[0]/CP (DFKCNQD1BWP)                0.00       0.15 r
  library hold time                                       0.00       0.15
  data required time                                                 0.15
  --------------------------------------------------------------------------
  data required time                                                 0.15
  data arrival time                                                 -0.16
  --------------------------------------------------------------------------
  slack (MET)                                                        0.00


  Startpoint: node0/y5_p3_reg[7]
              (rising edge-triggered flip-flop clocked by clk)
  Endpoint: node0/y5_relu_p4_reg[7]
            (rising edge-triggered flip-flop clocked by clk)
  Path Group: clk
  Path Type: min

  Point                                                   Incr       Path
  --------------------------------------------------------------------------
  clock clk (rise edge)                                   0.00       0.00
  clock network delay (ideal)                             0.00       0.00
  node0/y5_p3_reg[7]/CP (DFKCNQD1BWP)                     0.00       0.00 r
  node0/y5_p3_reg[7]/Q (DFKCNQD1BWP)                      0.06       0.06 f
  U5254/Z (DEL150D1BWP)                                   0.10 *     0.16 f
  node0/y5_relu_p4_reg[7]/D (DFKCNQD1BWP)                 0.00 *     0.16 f
  data arrival time                                                  0.16

  clock clk (rise edge)                                   0.00       0.00
  clock network delay (ideal)                             0.00       0.00
  clock uncertainty                                       0.15       0.15
  node0/y5_relu_p4_reg[7]/CP (DFKCNQD1BWP)                0.00       0.15 r
  library hold time                                       0.00       0.15
  data required time                                                 0.15
  --------------------------------------------------------------------------
  data required time                                                 0.15
  data arrival time                                                 -0.16
  --------------------------------------------------------------------------
  slack (MET)                                                        0.00


  Startpoint: node3/y5_p3_reg[8]
              (rising edge-triggered flip-flop clocked by clk)
  Endpoint: node3/y5_relu_p4_reg[8]
            (rising edge-triggered flip-flop clocked by clk)
  Path Group: clk
  Path Type: min

  Point                                                   Incr       Path
  --------------------------------------------------------------------------
  clock clk (rise edge)                                   0.00       0.00
  clock network delay (ideal)                             0.00       0.00
  node3/y5_p3_reg[8]/CP (DFKCNQD1BWP)                     0.00       0.00 r
  node3/y5_p3_reg[8]/Q (DFKCNQD1BWP)                      0.06       0.06 f
  U5151/Z (DEL150D1BWP)                                   0.10 *     0.16 f
  node3/y5_relu_p4_reg[8]/D (DFKCNQD1BWP)                 0.00 *     0.16 f
  data arrival time                                                  0.16

  clock clk (rise edge)                                   0.00       0.00
  clock network delay (ideal)                             0.00       0.00
  clock uncertainty                                       0.15       0.15
  node3/y5_relu_p4_reg[8]/CP (DFKCNQD1BWP)                0.00       0.15 r
  library hold time                                       0.00       0.15
  data required time                                                 0.15
  --------------------------------------------------------------------------
  data required time                                                 0.15
  data arrival time                                                 -0.16
  --------------------------------------------------------------------------
  slack (MET)                                                        0.00


  Startpoint: node3/y5_p3_reg[9]
              (rising edge-triggered flip-flop clocked by clk)
  Endpoint: node3/y5_relu_p4_reg[9]
            (rising edge-triggered flip-flop clocked by clk)
  Path Group: clk
  Path Type: min

  Point                                                   Incr       Path
  --------------------------------------------------------------------------
  clock clk (rise edge)                                   0.00       0.00
  clock network delay (ideal)                             0.00       0.00
  node3/y5_p3_reg[9]/CP (DFKCNQD1BWP)                     0.00       0.00 r
  node3/y5_p3_reg[9]/Q (DFKCNQD1BWP)                      0.06       0.06 f
  U5149/Z (DEL150D1BWP)                                   0.10 *     0.16 f
  node3/y5_relu_p4_reg[9]/D (DFKCNQD1BWP)                 0.00 *     0.16 f
  data arrival time                                                  0.16

  clock clk (rise edge)                                   0.00       0.00
  clock network delay (ideal)                             0.00       0.00
  clock uncertainty                                       0.15       0.15
  node3/y5_relu_p4_reg[9]/CP (DFKCNQD1BWP)                0.00       0.15 r
  library hold time                                       0.00       0.15
  data required time                                                 0.15
  --------------------------------------------------------------------------
  data required time                                                 0.15
  data arrival time                                                 -0.16
  --------------------------------------------------------------------------
  slack (MET)                                                        0.00


  Startpoint: node3/y4_p3_reg[11]
              (rising edge-triggered flip-flop clocked by clk)
  Endpoint: node3/y4_relu_p4_reg[11]
            (rising edge-triggered flip-flop clocked by clk)
  Path Group: clk
  Path Type: min

  Point                                                   Incr       Path
  --------------------------------------------------------------------------
  clock clk (rise edge)                                   0.00       0.00
  clock network delay (ideal)                             0.00       0.00
  node3/y4_p3_reg[11]/CP (DFKCNQD1BWP)                    0.00       0.00 r
  node3/y4_p3_reg[11]/Q (DFKCNQD1BWP)                     0.06       0.06 f
  U5144/Z (DEL150D1BWP)                                   0.10 *     0.16 f
  node3/y4_relu_p4_reg[11]/D (DFKCNQD1BWP)                0.00 *     0.16 f
  data arrival time                                                  0.16

  clock clk (rise edge)                                   0.00       0.00
  clock network delay (ideal)                             0.00       0.00
  clock uncertainty                                       0.15       0.15
  node3/y4_relu_p4_reg[11]/CP (DFKCNQD1BWP)               0.00       0.15 r
  library hold time                                       0.00       0.15
  data required time                                                 0.15
  --------------------------------------------------------------------------
  data required time                                                 0.15
  data arrival time                                                 -0.16
  --------------------------------------------------------------------------
  slack (MET)                                                        0.00


  Startpoint: node2/mul6_out_reg[0]
              (rising edge-triggered flip-flop clocked by clk)
  Endpoint: node2/y7_relu_p4_reg[0]
            (rising edge-triggered flip-flop clocked by clk)
  Path Group: clk
  Path Type: min

  Point                                                   Incr       Path
  --------------------------------------------------------------------------
  clock clk (rise edge)                                   0.00       0.00
  clock network delay (ideal)                             0.00       0.00
  node2/mul6_out_reg[0]/CP (EDFQD1BWP)                    0.00       0.00 r
  node2/mul6_out_reg[0]/Q (EDFQD1BWP)                     0.05       0.05 r
  U5239/Z (XOR2D0BWP)                                     0.04 *     0.10 f
  U5240/Z (XOR2D2BWP)                                     0.05 *     0.15 f
  node2/y7_relu_p4_reg[0]/D (DFKCNQD1BWP)                 0.00 *     0.15 f
  data arrival time                                                  0.15

  clock clk (rise edge)                                   0.00       0.00
  clock network delay (ideal)                             0.00       0.00
  clock uncertainty                                       0.15       0.15
  node2/y7_relu_p4_reg[0]/CP (DFKCNQD1BWP)                0.00       0.15 r
  library hold time                                       0.00       0.15
  data required time                                                 0.15
  --------------------------------------------------------------------------
  data required time                                                 0.15
  data arrival time                                                 -0.15
  --------------------------------------------------------------------------
  slack (MET)                                                        0.00


  Startpoint: node2/y4_p3_reg[3]
              (rising edge-triggered flip-flop clocked by clk)
  Endpoint: node2/y4_relu_p4_reg[3]
            (rising edge-triggered flip-flop clocked by clk)
  Path Group: clk
  Path Type: min

  Point                                                   Incr       Path
  --------------------------------------------------------------------------
  clock clk (rise edge)                                   0.00       0.00
  clock network delay (ideal)                             0.00       0.00
  node2/y4_p3_reg[3]/CP (DFKCNQD1BWP)                     0.00       0.00 r
  node2/y4_p3_reg[3]/Q (DFKCNQD1BWP)                      0.06       0.06 f
  U5188/Z (DEL150D1BWP)                                   0.10 *     0.16 f
  node2/y4_relu_p4_reg[3]/D (DFKCNQD1BWP)                 0.00 *     0.16 f
  data arrival time                                                  0.16

  clock clk (rise edge)                                   0.00       0.00
  clock network delay (ideal)                             0.00       0.00
  clock uncertainty                                       0.15       0.15
  node2/y4_relu_p4_reg[3]/CP (DFKCNQD1BWP)                0.00       0.15 r
  library hold time                                       0.00       0.15
  data required time                                                 0.15
  --------------------------------------------------------------------------
  data required time                                                 0.15
  data arrival time                                                 -0.16
  --------------------------------------------------------------------------
  slack (MET)                                                        0.00


1
