Information: Propagating switching activity (low effort zero delay simulation). (PWR-6)
Warning: Design has unannotated primary inputs. (PWR-414)
Warning: Design has unannotated sequential cell outputs. (PWR-415)
 
****************************************
Report : power
        -analysis_effort low
Design : top
Version: S-2021.06
Date   : Fri Apr 29 16:20:15 2022
****************************************


Library(s) Used:

    tcbn45gsbwptc (File: /cae/apps/data/tsmclibs-2013/digital/Front_End/timing_power_noise/NLDM/tcbn45gsbwp_120a/tcbn45gsbwptc.db)


Operating Conditions: NCCOM   Library: tcbn45gsbwptc
Wire Load Model Mode: segmented

Design        Wire Load Model            Library
------------------------------------------------
top                    ZeroWireload      tcbn45gsbwptc


Global Operating Voltage = 0.9  
Power-specific unit information :
    Voltage Units = 1V
    Capacitance Units = 1.000000pf
    Time Units = 1ns
    Dynamic Power Units = 1mW    (derived from V,C,T units)
    Leakage Power Units = 1nW


  Cell Internal Power  =   3.8462 mW   (67%)
  Net Switching Power  =   1.9262 mW   (33%)
                         ---------
Total Dynamic Power    =   5.7725 mW  (100%)

Cell Leakage Power     = 291.3919 uW


                 Internal         Switching           Leakage            Total
Power Group      Power            Power               Power              Power   (   %    )  Attrs
--------------------------------------------------------------------------------------------------
io_pad             0.0000            0.0000            0.0000            0.0000  (   0.00%)
memory             0.0000            0.0000            0.0000            0.0000  (   0.00%)
black_box          0.0000            0.0000            0.0000            0.0000  (   0.00%)
clock_network  4.0628e-02            0.2387        1.6432e+03            0.2809  (   4.63%)
register           1.0258        2.0030e-02        3.7288e+04            1.0831  (  17.86%)
sequential     7.7283e-03        3.8640e-03        3.4856e+03        1.5078e-02  (   0.25%)
combinational      2.7721            1.6637        2.4897e+05            4.6848  (  77.26%)
--------------------------------------------------------------------------------------------------
Total              3.8462 mW         1.9262 mW     2.9139e+05 nW         6.0639 mW
1
