
Information: The GXOR2D2BWP library cell is not used during optimization because it does not have a valid physical site master. (DPI-025)
Information: The GXOR2D1BWP library cell is not used during optimization because it does not have a valid physical site master. (DPI-025)
Information: The GXNR2D2BWP library cell is not used during optimization because it does not have a valid physical site master. (DPI-025)
Information: The GXNR2D1BWP library cell is not used during optimization because it does not have a valid physical site master. (DPI-025)
Information: The GTIELBWP library cell is not used during optimization because it does not have a valid physical site master. (DPI-025)
Information: The GTIEHBWP library cell is not used during optimization because it does not have a valid physical site master. (DPI-025)
Information: The GSDFCNQD1BWP library cell is not used during optimization because it does not have a valid physical site master. (DPI-025)
Information: The GOR2D2BWP library cell is not used during optimization because it does not have a valid physical site master. (DPI-025)
Information: The GOR2D1BWP library cell is not used during optimization because it does not have a valid physical site master. (DPI-025)
Information: The GOAI21D2BWP library cell is not used during optimization because it does not have a valid physical site master. (DPI-025)
Information: The GOAI21D1BWP library cell is not used during optimization because it does not have a valid physical site master. (DPI-025)
Information: The GNR3D2BWP library cell is not used during optimization because it does not have a valid physical site master. (DPI-025)
Information: The GNR3D1BWP library cell is not used during optimization because it does not have a valid physical site master. (DPI-025)
Information: The GNR2D2BWP library cell is not used during optimization because it does not have a valid physical site master. (DPI-025)
Information: The GNR2D1BWP library cell is not used during optimization because it does not have a valid physical site master. (DPI-025)
Information: The GND3D2BWP library cell is not used during optimization because it does not have a valid physical site master. (DPI-025)
Information: The GND3D1BWP library cell is not used during optimization because it does not have a valid physical site master. (DPI-025)
Information: The GND2D4BWP library cell is not used during optimization because it does not have a valid physical site master. (DPI-025)
Information: The GND2D3BWP library cell is not used during optimization because it does not have a valid physical site master. (DPI-025)
Information: The GND2D2BWP library cell is not used during optimization because it does not have a valid physical site master. (DPI-025)
Information: The GND2D1BWP library cell is not used during optimization because it does not have a valid physical site master. (DPI-025)
Information: The GMUX2ND2BWP library cell is not used during optimization because it does not have a valid physical site master. (DPI-025)
Information: The GMUX2ND1BWP library cell is not used during optimization because it does not have a valid physical site master. (DPI-025)
Information: The GMUX2D2BWP library cell is not used during optimization because it does not have a valid physical site master. (DPI-025)
Information: The GMUX2D1BWP library cell is not used during optimization because it does not have a valid physical site master. (DPI-025)
Information: The GINVD8BWP library cell is not used during optimization because it does not have a valid physical site master. (DPI-025)
Information: The GINVD4BWP library cell is not used during optimization because it does not have a valid physical site master. (DPI-025)
Information: The GINVD3BWP library cell is not used during optimization because it does not have a valid physical site master. (DPI-025)
Information: The GINVD2BWP library cell is not used during optimization because it does not have a valid physical site master. (DPI-025)
Information: The GINVD1BWP library cell is not used during optimization because it does not have a valid physical site master. (DPI-025)
Information: The GFILLBWP library cell is not used during optimization because it does not have a valid physical site master. (DPI-025)
Information: The GFILL4BWP library cell is not used during optimization because it does not have a valid physical site master. (DPI-025)
Information: The GFILL3BWP library cell is not used during optimization because it does not have a valid physical site master. (DPI-025)
Information: The GFILL2BWP library cell is not used during optimization because it does not have a valid physical site master. (DPI-025)
Information: The GFILL10BWP library cell is not used during optimization because it does not have a valid physical site master. (DPI-025)
Information: The GDFQD1BWP library cell is not used during optimization because it does not have a valid physical site master. (DPI-025)
Information: The GDFCNQD1BWP library cell is not used during optimization because it does not have a valid physical site master. (DPI-025)
Information: The GDCAPBWP library cell is not used during optimization because it does not have a valid physical site master. (DPI-025)
Information: The GDCAP4BWP library cell is not used during optimization because it does not have a valid physical site master. (DPI-025)
Information: The GDCAP3BWP library cell is not used during optimization because it does not have a valid physical site master. (DPI-025)
Information: The GDCAP2BWP library cell is not used during optimization because it does not have a valid physical site master. (DPI-025)
Information: The GDCAP10BWP library cell is not used during optimization because it does not have a valid physical site master. (DPI-025)
Information: The GBUFFD8BWP library cell is not used during optimization because it does not have a valid physical site master. (DPI-025)
Information: The GBUFFD4BWP library cell is not used during optimization because it does not have a valid physical site master. (DPI-025)
Information: The GBUFFD3BWP library cell is not used during optimization because it does not have a valid physical site master. (DPI-025)
Information: The GBUFFD2BWP library cell is not used during optimization because it does not have a valid physical site master. (DPI-025)
Information: The GBUFFD1BWP library cell is not used during optimization because it does not have a valid physical site master. (DPI-025)
Information: The GAOI22D1BWP library cell is not used during optimization because it does not have a valid physical site master. (DPI-025)
Information: The GAOI21D2BWP library cell is not used during optimization because it does not have a valid physical site master. (DPI-025)
Information: The GAOI21D1BWP library cell is not used during optimization because it does not have a valid physical site master. (DPI-025)
Information: The GAN2D2BWP library cell is not used during optimization because it does not have a valid physical site master. (DPI-025)
Information: The GAN2D1BWP library cell is not used during optimization because it does not have a valid physical site master. (DPI-025)
  Loading design 'top'




Information: Library Manufacturing Grid(GridResolution) : 5
Information: Time Unit from Milkyway design library: 'ns' 
Information: Design Library and main library timing units are matched - 1.000 ns. 
Information: Resistance Unit from Milkyway design library: 'ohm' 
Warning: Mismatch in the main library and the Milkyway library resistance units. In the main library it is 1.000 kohm and in the Milkyway design library it is 0.001 kohm. Check and correct the resistance units in the .tf and .db files. (PSYN-476)
Information: Capacitance Unit from Milkyway design library: 'pf' 
Information: Design Library and main library capacitance units are matched - 1.000 pf. 
Warning: Inconsistent library data found for layer PO. (RCEX-018)
Information: Found HALF_NODE_SCALE_FACTOR 0.900000 in TLUPlus files. (TLUP-016)
Information: Using the HALF_NODE_SCALE_FACTOR in TLUPlus for process scale. (RCEX-086)
Information: The process parameters are scaled by 0.9 0.9. (RCEX-050)
Information: The distance unit in Capacitance and Resistance is 1 micron. (RCEX-007)
Information: The RC model used is detail route TLU+. (RCEX-015)
Information: Start mixed mode parasitic extraction. (RCEX-023)
Information: Start rc extraction...
Information: Parasitic source is LPE. (RCEX-040)
Information: Parasitic mode is RealRC. (RCEX-041)
Information: Using virtual shield extraction. (RCEX-081)
Information: Extraction mode is MAX. (RCEX-042)
Information: Extraction derate is 25/25/25. (RCEX-043)
Information: Coupling capacitances are lumped to ground. (RCEX-044)
Information: Start back annotation for parasitic extraction. (RCEX-023)
Information: End back annotation for parasitic extraction. (RCEX-023)
Information: Start timing update for parasitic extraction. (RCEX-023)
Information: End timing update for parasitic extraction. (RCEX-023)
Information: End parasitic extraction. (RCEX-023)
Information: Updating graph... (UID-83)
Information: Updating design information... (UID-85)
Information: Input delay ('rise') on clock port 'clk' will be added to the clock's propagated skew. (TIM-112)
Information: Input delay ('fall') on clock port 'clk' will be added to the clock's propagated skew. (TIM-112)
 
****************************************
Report : qor
Design : top
Version: S-2021.06
Date   : Fri Apr 29 16:20:15 2022
****************************************


  Timing Path Group 'clk'
  -----------------------------------
  Levels of Logic:              28.00
  Critical Path Length:          1.71
  Critical Path Slack:           0.01
  Critical Path Clk Period:      1.90
  Total Negative Slack:          0.00
  No. of Violating Paths:        0.00
  Worst Hold Violation:          0.00
  Total Hold Violation:          0.00
  No. of Hold Violations:        0.00
  -----------------------------------


  Cell Count
  -----------------------------------
  Hierarchical Cell Count:          0
  Hierarchical Port Count:          0
  Leaf Cell Count:               9218
  Buf/Inv Cell Count:             970
  Buf Cell Count:                 485
  Inv Cell Count:                 485
  CT Buf/Inv Cell Count:           17
  Combinational Cell Count:      8137
  Sequential Cell Count:         1081
  Macro Count:                      0
  -----------------------------------


  Area
  -----------------------------------
  Combinational Area:    17396.391372
  Noncombinational Area:  4520.779319
  Buf/Inv Area:           1125.432028
  Total Buffer Area:           796.62
  Total Inverter Area:         328.81
  Macro/Black Box Area:      0.000000
  Net Area:                  0.000000
  Net XLength        :       91008.86
  Net YLength        :       87232.36
  -----------------------------------
  Cell Area:             21917.170690
  Design Area:           21917.170690
  Net Length        :       178241.22


  Design Rules
  -----------------------------------
  Total Number of Nets:         11969
  Nets With Violations:             1
  Max Trans Violations:             1
  Max Cap Violations:               0
  -----------------------------------


  Hostname: tux-160

  Compile CPU Statistics
  -----------------------------------------
  Resource Sharing:                    0.00
  Logic Optimization:                  0.00
  Mapping Optimization:               20.95
  -----------------------------------------
  Overall Compile Time:               21.99
  Overall Compile Wall Clock Time:    22.28

  --------------------------------------------------------------------

  Design  WNS: 0.00  TNS: 0.00  Number of Violating Paths: 0


  Design (Hold)  WNS: 0.00  TNS: 0.00  Number of Violating Paths: 0

  --------------------------------------------------------------------


1
