 
****************************************
Report : area
Design : top
Version: S-2021.06
Date   : Sun May  1 18:25:07 2022
****************************************

Information: Updating design information... (UID-85)
Library(s) Used:

    tcbn45gsbwptc (File: /cae/apps/data/tsmclibs-2013/digital/Front_End/timing_power_noise/NLDM/tcbn45gsbwp_120a/tcbn45gsbwptc.db)

Number of ports:                          379
Number of nets:                         17673
Number of cells:                        14370
Number of combinational cells:          13874
Number of sequential cells:               496
Number of macros/black boxes:               0
Number of buf/inv:                       1486
Number of references:                      46

Combinational area:              24792.667054
Buf/Inv area:                     1288.249242
Noncombinational area:            1833.148832
Macro/Black Box area:                0.000000
Net Interconnect area:      undefined  (Wire load has zero net area)

Total cell area:                 26625.815886
Total area:                 undefined

Hierarchical area distribution
------------------------------

                                  Global cell area            Local cell area
                                  -------------------  ----------------------------- 
Hierarchical cell                 Absolute    Percent  Combi-      Noncombi-  Black-
                                  Total       Total    national    national   boxes   Design
--------------------------------  ----------  -------  ----------  ---------  ------  ---------
top                               26625.8159    100.0  24792.6671  1833.1488  0.0000  top
--------------------------------  ----------  -------  ----------  ---------  ------  ---------
Total                                                  24792.6671  1833.1488  0.0000

1
