 
****************************************
  Report : Chip Summary
  Design : top
  Version: S-2021.06
  Date   : Mon May  2 16:32:13 2022
****************************************
Std cell utilization: 59.42%  (112520/(189370-0))
(Non-fixed + Fixed)
Std cell utilization: 59.40%  (112430/(189370-90))
(Non-fixed only)
Chip area:            189370   sites, bbox (10.00 10.00 192.84 192.70) um
Std cell area:        112520   sites, (non-fixed:112430 fixed:90)
                      9418     cells, (non-fixed:9413   fixed:5)
Macro cell area:      0        sites
                      0        cells
Placement blockages:  0        sites, (excluding fixed std cells)
                      90       sites, (include fixed std cells & chimney area)
                      0        sites, (complete p/g net blockages)
Routing blockages:    0        sites, (partial p/g net blockages)
                      0        sites, (routing blockages and signal pre-route)
Lib cell count:       85 
Avg. std cell width:  1.37 um 
Site array:           unit     (width: 0.14 um, height: 1.26 um, rows: 145)
Physical DB scale:    1000 db_unit = 1 um 

 
****************************************
  Report : pnet options
  Design : top
  Version: S-2021.06
  Date   : Mon May  2 16:32:13 2022
****************************************


--------------------------------------------------------------------
Layer      Blockage   Min_width   Min_height   Via_additive     Density
--------------------------------------------------------------------
M1         none          ---         ---       via additive      ---
M2         none          ---         ---       via additive      ---
M3         none          ---         ---       via additive      ---
M4         none          ---         ---       via additive      ---
M5         none          ---         ---       via additive      ---
M6         none          ---         ---       via additive      ---
M7         none          ---         ---       via additive      ---
M8         none          ---         ---       via additive      ---
M9         none          ---         ---       via additive      ---
M10        none          ---         ---       via additive      ---
AP         none          ---         ---       via additive      ---

**********************************
      Sub-Region Utilization      
**********************************
Number of regions with placement utilization 0 - 0.125 is 148 (17.01%)
Number of regions with placement utilization 0.125 - 0.25 is 35 (4.02%)
Number of regions with placement utilization 0.25 - 0.375 is 33 (3.79%)
Number of regions with placement utilization 0.375 - 0.5 is 36 (4.14%)
Number of regions with placement utilization 0.5 - 0.625 is 53 (6.09%)
Number of regions with placement utilization 0.625 - 0.75 is 192 (22.07%)
Number of regions with placement utilization 0.75 - 0.875 is 330 (37.93%)
Number of regions with placement utilization 0.875 - 1 is 43 (4.94%)
1
