Information: Propagating switching activity (low effort zero delay simulation). (PWR-6)
Warning: Design has unannotated primary inputs. (PWR-414)
Warning: Design has unannotated sequential cell outputs. (PWR-415)
 
****************************************
Report : power
        -analysis_effort low
Design : top
Version: S-2021.06
Date   : Mon May  2 16:32:18 2022
****************************************


Library(s) Used:

    tcbn45gsbwptc (File: /cae/apps/data/tsmclibs-2013/digital/Front_End/timing_power_noise/NLDM/tcbn45gsbwp_120a/tcbn45gsbwptc.db)


Operating Conditions: NCCOM   Library: tcbn45gsbwptc
Wire Load Model Mode: segmented

Design        Wire Load Model            Library
------------------------------------------------
top                    ZeroWireload      tcbn45gsbwptc


Global Operating Voltage = 0.9  
Power-specific unit information :
    Voltage Units = 1V
    Capacitance Units = 1.000000pf
    Time Units = 1ns
    Dynamic Power Units = 1mW    (derived from V,C,T units)
    Leakage Power Units = 1nW


  Cell Internal Power  =   3.7713 mW   (68%)
  Net Switching Power  =   1.7350 mW   (32%)
                         ---------
Total Dynamic Power    =   5.5063 mW  (100%)

Cell Leakage Power     = 270.3982 uW


                 Internal         Switching           Leakage            Total
Power Group      Power            Power               Power              Power   (   %    )  Attrs
--------------------------------------------------------------------------------------------------
io_pad             0.0000            0.0000            0.0000            0.0000  (   0.00%)
memory             0.0000            0.0000            0.0000            0.0000  (   0.00%)
black_box          0.0000            0.0000            0.0000            0.0000  (   0.00%)
clock_network  1.5575e-02            0.1763          445.2237            0.1923  (   3.33%)
register           0.7348        4.5228e-02        1.9074e+04            0.7991  (  13.83%)
sequential         0.0000            0.0000            0.0000            0.0000  (   0.00%)
combinational      3.0209            1.5135        2.5088e+05            4.7852  (  82.84%)
--------------------------------------------------------------------------------------------------
Total              3.7713 mW         1.7350 mW     2.7040e+05 nW         5.7766 mW
1
