 
****************************************
Report : timing
        -path full
        -delay max
        -max_paths 20
Design : top
Version: S-2021.06
Date   : Mon May  2 16:34:12 2022
****************************************

 * Some/all delay information is back-annotated.

Operating Conditions: NCCOM   Library: tcbn45gsbwptc
	Parasitic source    : LPE
	Parasitic mode      : RealRC
	Extraction mode     : MAX
	Extraction derating : 25/25/25

Information: Percent of Arnoldi-based delays = 19.46%

  Startpoint: node0/mul4_reg[12]
              (rising edge-triggered flip-flop clocked by clk)
  Endpoint: node1/mul4_reg[20]
            (rising edge-triggered flip-flop clocked by clk)
  Path Group: clk
  Path Type: max

  Point                                                   Incr       Path
  --------------------------------------------------------------------------
  clock clk (rise edge)                                   0.00       0.00
  clock network delay (propagated)                        0.06       0.06
  node0/mul4_reg[12]/CP (DFQD1BWP)                        0.00       0.06 r
  node0/mul4_reg[12]/Q (DFQD1BWP)                         0.08       0.14 f
  U12185/ZN (CKND0BWP)                                    0.04 &     0.18 r
  U7580/ZN (ND2D1BWP)                                     0.07 &     0.25 f
  U11884/ZN (NR2D0BWP)                                    0.06 &     0.31 r
  U11250/ZN (CKND0BWP)                                    0.05 &     0.36 f
  U12181/ZN (NR2D0BWP)                                    0.04 &     0.41 r
  add_1_root_add_216_2/U1_1/CO (FA1D0BWP)                 0.05 &     0.45 r
  add_1_root_add_216_2/U1_2/S (FA1D0BWP)                  0.05 &     0.51 f
  add_0_root_add_216_2/U1_2/S (FA1D0BWP)                  0.07 &     0.58 r
  U11808/ZN (IOA21D0BWP)                                  0.05 &     0.62 r
  U194/ZN (CKND0BWP)                                      0.05 &     0.68 f
  U8593/ZN (NR2D0BWP)                                     0.04 &     0.72 r
  node1/mult_134_4/S1_2_0/CO (FA1D0BWP)                   0.08 &     0.80 r
  node1/mult_134_4/S1_3_0/CO (FA1D0BWP)                   0.07 &     0.88 r
  node1/mult_134_4/S1_4_0/CO (FA1D0BWP)                   0.07 &     0.95 r
  node1/mult_134_4/S1_5_0/CO (FA1D0BWP)                   0.07 &     1.02 r
  node1/mult_134_4/S1_6_0/CO (FA1D0BWP)                   0.07 &     1.09 r
  node1/mult_134_4/S1_7_0/CO (FA1D0BWP)                   0.07 &     1.16 r
  node1/mult_134_4/S1_8_0/CO (FA1D0BWP)                   0.07 &     1.23 r
  node1/mult_134_4/S1_9_0/CO (FA1D0BWP)                   0.07 &     1.29 r
  node1/mult_134_4/S1_10_0/CO (FA1D0BWP)                  0.07 &     1.36 r
  node1/mult_134_4/S1_11_0/CO (FA1D0BWP)                  0.07 &     1.43 r
  node1/mult_134_4/S1_12_0/CO (FA1D0BWP)                  0.07 &     1.50 r
  node1/mult_134_4/S1_13_0/CO (FA1D0BWP)                  0.07 &     1.56 r
  node1/mult_134_4/S4_0/CO (FA1D0BWP)                     0.07 &     1.63 r
  U2366/Z (XOR2D0BWP)                                     0.05 &     1.68 f
  U7806/ZN (NR2D0BWP)                                     0.04 &     1.72 r
  U7610/ZN (NR2D0BWP)                                     0.02 &     1.74 f
  U2362/Z (XOR2D0BWP)                                     0.08 &     1.82 r
  node1/add_1_root_add_0_root_add_134_3/U1_15/CO (FA1D0BWP)
                                                          0.08 &     1.90 r
  node1/add_1_root_add_0_root_add_134_3/U1_16/CO (FA1D0BWP)
                                                          0.04 &     1.93 r
  node1/add_1_root_add_0_root_add_134_3/U1_17/CO (FA1D0BWP)
                                                          0.04 &     1.97 r
  node1/add_1_root_add_0_root_add_134_3/U1_18/CO (FA1D0BWP)
                                                          0.04 &     2.01 r
  node1/add_1_root_add_0_root_add_134_3/U1_19/CO (FA1D0BWP)
                                                          0.04 &     2.04 r
  node1/add_1_root_add_0_root_add_134_3/U1_20/Z (XOR3D0BWP)
                                                          0.05 &     2.10 f
  node1/add_0_root_add_0_root_add_134_3/U1_20/Z (XOR3D0BWP)
                                                          0.09 &     2.18 r
  node1/mul4_reg[20]/D (DFQD1BWP)                         0.00 &     2.18 r
  data arrival time                                                  2.18

  clock clk (rise edge)                                   2.50       2.50
  clock network delay (propagated)                        0.06       2.56
  clock uncertainty                                      -0.15       2.41
  node1/mul4_reg[20]/CP (DFQD1BWP)                        0.00       2.41 r
  library setup time                                     -0.01       2.40
  data required time                                                 2.40
  --------------------------------------------------------------------------
  data required time                                                 2.40
  data arrival time                                                 -2.18
  --------------------------------------------------------------------------
  slack (MET)                                                        0.22


  Startpoint: node0/mul4_reg[12]
              (rising edge-triggered flip-flop clocked by clk)
  Endpoint: node1/mul3_reg[20]
            (rising edge-triggered flip-flop clocked by clk)
  Path Group: clk
  Path Type: max

  Point                                                   Incr       Path
  --------------------------------------------------------------------------
  clock clk (rise edge)                                   0.00       0.00
  clock network delay (propagated)                        0.06       0.06
  node0/mul4_reg[12]/CP (DFQD1BWP)                        0.00       0.06 r
  node0/mul4_reg[12]/Q (DFQD1BWP)                         0.08       0.14 f
  U12185/ZN (CKND0BWP)                                    0.04 &     0.18 r
  U7580/ZN (ND2D1BWP)                                     0.07 &     0.25 f
  U11884/ZN (NR2D0BWP)                                    0.06 &     0.31 r
  U11250/ZN (CKND0BWP)                                    0.05 &     0.36 f
  U12181/ZN (NR2D0BWP)                                    0.04 &     0.41 r
  add_1_root_add_216_2/U1_1/CO (FA1D0BWP)                 0.05 &     0.45 r
  add_1_root_add_216_2/U1_2/S (FA1D0BWP)                  0.05 &     0.51 f
  add_0_root_add_216_2/U1_2/S (FA1D0BWP)                  0.07 &     0.58 r
  U11808/ZN (IOA21D0BWP)                                  0.05 &     0.62 r
  U194/ZN (CKND0BWP)                                      0.05 &     0.68 f
  U8977/ZN (NR2D0BWP)                                     0.04 &     0.72 r
  node1/mult_133_4/S2_2_1/CO (FA1D0BWP)                   0.09 &     0.81 r
  node1/mult_133_4/S2_3_1/CO (FA1D0BWP)                   0.07 &     0.88 r
  node1/mult_133_4/S2_4_1/CO (FA1D0BWP)                   0.07 &     0.95 r
  node1/mult_133_4/S2_5_1/CO (FA1D0BWP)                   0.07 &     1.01 r
  node1/mult_133_4/S2_6_1/CO (FA1D0BWP)                   0.07 &     1.08 r
  node1/mult_133_4/S2_7_1/CO (FA1D0BWP)                   0.07 &     1.15 r
  node1/mult_133_4/S2_8_1/CO (FA1D0BWP)                   0.07 &     1.22 r
  node1/mult_133_4/S2_9_1/CO (FA1D0BWP)                   0.07 &     1.28 r
  node1/mult_133_4/S2_10_1/CO (FA1D0BWP)                  0.07 &     1.35 r
  node1/mult_133_4/S2_11_1/CO (FA1D0BWP)                  0.07 &     1.43 r
  node1/mult_133_4/S2_12_1/CO (FA1D0BWP)                  0.07 &     1.50 r
  node1/mult_133_4/S2_13_1/CO (FA1D0BWP)                  0.07 &     1.57 r
  node1/mult_133_4/S4_1/S (FA1D0BWP)                      0.08 &     1.65 r
  U2614/Z (XOR2D0BWP)                                     0.05 &     1.70 f
  U7820/ZN (NR2D0BWP)                                     0.03 &     1.74 r
  U7682/ZN (CKND0BWP)                                     0.02 &     1.75 f
  U7681/ZN (AOI21D0BWP)                                   0.03 &     1.79 r
  U7995/ZN (OAI21D0BWP)                                   0.03 &     1.82 f
  U8055/ZN (AOI21D0BWP)                                   0.04 &     1.86 r
  U9876/ZN (OAI21D0BWP)                                   0.02 &     1.88 f
  U9874/Z (XOR3D0BWP)                                     0.08 &     1.96 r
  node1/add_1_root_add_0_root_add_133_3/U1_19/CO (FA1D0BWP)
                                                          0.08 &     2.04 r
  node1/add_1_root_add_0_root_add_133_3/U1_20/Z (XOR3D0BWP)
                                                          0.05 &     2.09 f
  node1/add_0_root_add_0_root_add_133_3/U1_20/Z (XOR3D0BWP)
                                                          0.07 &     2.16 r
  node1/mul3_reg[20]/D (DFQD1BWP)                         0.00 &     2.16 r
  data arrival time                                                  2.16

  clock clk (rise edge)                                   2.50       2.50
  clock network delay (propagated)                        0.06       2.56
  clock uncertainty                                      -0.15       2.41
  node1/mul3_reg[20]/CP (DFQD1BWP)                        0.00       2.41 r
  library setup time                                      0.00       2.41
  data required time                                                 2.41
  --------------------------------------------------------------------------
  data required time                                                 2.41
  data arrival time                                                 -2.16
  --------------------------------------------------------------------------
  slack (MET)                                                        0.24


  Startpoint: x1_node0[0]
              (input port clocked by clk)
  Endpoint: node0/mul2_reg[20]
            (rising edge-triggered flip-flop clocked by clk)
  Path Group: clk
  Path Type: max

  Point                                                   Incr       Path
  --------------------------------------------------------------------------
  clock clk (rise edge)                                   0.00       0.00
  clock network delay (ideal)                             0.00       0.00
  input external delay                                    0.25       0.25 r
  x1_node0[0] (in)                                        0.00 @     0.25 r
  U12114/ZN (CKND0BWP)                                    0.01 @     0.26 f
  U12112/ZN (NR2D0BWP)                                    0.03 &     0.29 r
  U639/S (FA1D0BWP)                                       0.06 &     0.35 f
  U641/CO (FA1D0BWP)                                      0.08 &     0.42 f
  U656/S (FA1D0BWP)                                       0.05 &     0.47 r
  U12111/ZN (AOI22D1BWP)                                  0.04 &     0.51 f
  U11770/ZN (IOA21D0BWP)                                  0.03 &     0.54 r
  U174/Z (BUFFD2BWP)                                      0.04 @     0.58 r
  U175/ZN (CKND0BWP)                                      0.05 @     0.64 f
  U8725/ZN (NR2D0BWP)                                     0.04 &     0.68 r
  node0/mult_131_2/S2_2_1/CO (FA1D0BWP)                   0.08 &     0.76 r
  node0/mult_131_2/S2_3_1/CO (FA1D0BWP)                   0.07 &     0.83 r
  node0/mult_131_2/S2_4_1/CO (FA1D0BWP)                   0.07 &     0.90 r
  node0/mult_131_2/S2_5_1/CO (FA1D0BWP)                   0.07 &     0.97 r
  node0/mult_131_2/S2_6_1/CO (FA1D0BWP)                   0.07 &     1.04 r
  node0/mult_131_2/S2_7_1/CO (FA1D0BWP)                   0.07 &     1.10 r
  node0/mult_131_2/S2_8_1/CO (FA1D0BWP)                   0.07 &     1.17 r
  node0/mult_131_2/S2_9_1/CO (FA1D0BWP)                   0.07 &     1.24 r
  node0/mult_131_2/S2_10_1/CO (FA1D0BWP)                  0.07 &     1.31 r
  node0/mult_131_2/S2_11_1/CO (FA1D0BWP)                  0.07 &     1.37 r
  node0/mult_131_2/S2_12_1/CO (FA1D0BWP)                  0.07 &     1.44 r
  node0/mult_131_2/S2_13_1/CO (FA1D0BWP)                  0.07 &     1.51 r
  node0/mult_131_2/S4_1/S (FA1D0BWP)                      0.07 &     1.58 r
  U5541/Z (XOR2D0BWP)                                     0.04 &     1.62 f
  U7722/Z (CKAN2D0BWP)                                    0.03 &     1.65 f
  U7604/ZN (NR2D0BWP)                                     0.03 &     1.67 r
  U5537/Z (XOR2D0BWP)                                     0.05 &     1.73 f
  node0/add_1_root_add_0_root_add_131_3/U1_15/S (FA1D0BWP)
                                                          0.07 &     1.80 f
  U382/Z (BUFFD1BWP)                                      0.04 &     1.84 f
  node0/add_0_root_add_0_root_add_131_3/U1_15/CO (FA1D0BWP)
                                                          0.07 &     1.90 f
  node0/add_0_root_add_0_root_add_131_3/U1_16/CO (FA1D0BWP)
                                                          0.04 &     1.95 f
  node0/add_0_root_add_0_root_add_131_3/U1_17/CO (FA1D0BWP)
                                                          0.04 &     1.98 f
  U387/Z (BUFFD1BWP)                                      0.03 &     2.01 f
  node0/add_0_root_add_0_root_add_131_3/U1_18/CO (FA1D0BWP)
                                                          0.04 &     2.05 f
  node0/add_0_root_add_0_root_add_131_3/U1_19/CO (FA1D0BWP)
                                                          0.04 &     2.09 f
  node0/add_0_root_add_0_root_add_131_3/U1_20/Z (XOR3D0BWP)
                                                          0.05 &     2.15 r
  node0/mul2_reg[20]/D (DFQD1BWP)                         0.00 &     2.15 r
  data arrival time                                                  2.15

  clock clk (rise edge)                                   2.50       2.50
  clock network delay (propagated)                        0.06       2.56
  clock uncertainty                                      -0.15       2.41
  node0/mul2_reg[20]/CP (DFQD1BWP)                        0.00       2.41 r
  library setup time                                     -0.01       2.41
  data required time                                                 2.41
  --------------------------------------------------------------------------
  data required time                                                 2.41
  data arrival time                                                 -2.15
  --------------------------------------------------------------------------
  slack (MET)                                                        0.26


  Startpoint: node0/mul4_reg[12]
              (rising edge-triggered flip-flop clocked by clk)
  Endpoint: node1/mul4_reg[19]
            (rising edge-triggered flip-flop clocked by clk)
  Path Group: clk
  Path Type: max

  Point                                                   Incr       Path
  --------------------------------------------------------------------------
  clock clk (rise edge)                                   0.00       0.00
  clock network delay (propagated)                        0.06       0.06
  node0/mul4_reg[12]/CP (DFQD1BWP)                        0.00       0.06 r
  node0/mul4_reg[12]/Q (DFQD1BWP)                         0.08       0.14 f
  U12185/ZN (CKND0BWP)                                    0.04 &     0.18 r
  U7580/ZN (ND2D1BWP)                                     0.07 &     0.25 f
  U11884/ZN (NR2D0BWP)                                    0.06 &     0.31 r
  U11250/ZN (CKND0BWP)                                    0.05 &     0.36 f
  U12181/ZN (NR2D0BWP)                                    0.04 &     0.41 r
  add_1_root_add_216_2/U1_1/CO (FA1D0BWP)                 0.05 &     0.45 r
  add_1_root_add_216_2/U1_2/S (FA1D0BWP)                  0.05 &     0.51 f
  add_0_root_add_216_2/U1_2/S (FA1D0BWP)                  0.07 &     0.58 r
  U11808/ZN (IOA21D0BWP)                                  0.05 &     0.62 r
  U194/ZN (CKND0BWP)                                      0.05 &     0.68 f
  U8593/ZN (NR2D0BWP)                                     0.04 &     0.72 r
  node1/mult_134_4/S1_2_0/CO (FA1D0BWP)                   0.08 &     0.80 r
  node1/mult_134_4/S1_3_0/CO (FA1D0BWP)                   0.07 &     0.88 r
  node1/mult_134_4/S1_4_0/CO (FA1D0BWP)                   0.07 &     0.95 r
  node1/mult_134_4/S1_5_0/CO (FA1D0BWP)                   0.07 &     1.02 r
  node1/mult_134_4/S1_6_0/CO (FA1D0BWP)                   0.07 &     1.09 r
  node1/mult_134_4/S1_7_0/CO (FA1D0BWP)                   0.07 &     1.16 r
  node1/mult_134_4/S1_8_0/CO (FA1D0BWP)                   0.07 &     1.23 r
  node1/mult_134_4/S1_9_0/CO (FA1D0BWP)                   0.07 &     1.29 r
  node1/mult_134_4/S1_10_0/CO (FA1D0BWP)                  0.07 &     1.36 r
  node1/mult_134_4/S1_11_0/CO (FA1D0BWP)                  0.07 &     1.43 r
  node1/mult_134_4/S1_12_0/CO (FA1D0BWP)                  0.07 &     1.50 r
  node1/mult_134_4/S1_13_0/CO (FA1D0BWP)                  0.07 &     1.56 r
  node1/mult_134_4/S4_0/CO (FA1D0BWP)                     0.07 &     1.63 r
  U2366/Z (XOR2D0BWP)                                     0.05 &     1.68 f
  U7806/ZN (NR2D0BWP)                                     0.04 &     1.72 r
  U7610/ZN (NR2D0BWP)                                     0.02 &     1.74 f
  U2362/Z (XOR2D0BWP)                                     0.08 &     1.82 r
  node1/add_1_root_add_0_root_add_134_3/U1_15/CO (FA1D0BWP)
                                                          0.08 &     1.90 r
  node1/add_1_root_add_0_root_add_134_3/U1_16/S (FA1D0BWP)
                                                          0.05 &     1.94 f
  node1/add_0_root_add_0_root_add_134_3/U1_16/CO (FA1D0BWP)
                                                          0.06 &     2.00 f
  node1/add_0_root_add_0_root_add_134_3/U1_17/CO (FA1D0BWP)
                                                          0.04 &     2.04 f
  node1/add_0_root_add_0_root_add_134_3/U1_18/CO (FA1D0BWP)
                                                          0.04 &     2.08 f
  node1/add_0_root_add_0_root_add_134_3/U1_19/S (FA1D0BWP)
                                                          0.06 &     2.14 r
  node1/mul4_reg[19]/D (DFQD1BWP)                         0.00 &     2.14 r
  data arrival time                                                  2.14

  clock clk (rise edge)                                   2.50       2.50
  clock network delay (propagated)                        0.06       2.56
  clock uncertainty                                      -0.15       2.41
  node1/mul4_reg[19]/CP (DFQD1BWP)                        0.00       2.41 r
  library setup time                                     -0.01       2.40
  data required time                                                 2.40
  --------------------------------------------------------------------------
  data required time                                                 2.40
  data arrival time                                                 -2.14
  --------------------------------------------------------------------------
  slack (MET)                                                        0.26


  Startpoint: node0/mul4_reg[12]
              (rising edge-triggered flip-flop clocked by clk)
  Endpoint: node1/mul1_reg[20]
            (rising edge-triggered flip-flop clocked by clk)
  Path Group: clk
  Path Type: max

  Point                                                   Incr       Path
  --------------------------------------------------------------------------
  clock clk (rise edge)                                   0.00       0.00
  clock network delay (propagated)                        0.06       0.06
  node0/mul4_reg[12]/CP (DFQD1BWP)                        0.00       0.06 r
  node0/mul4_reg[12]/Q (DFQD1BWP)                         0.08       0.14 f
  U12185/ZN (CKND0BWP)                                    0.04 &     0.18 r
  U7580/ZN (ND2D1BWP)                                     0.07 &     0.25 f
  U11884/ZN (NR2D0BWP)                                    0.06 &     0.31 r
  U11250/ZN (CKND0BWP)                                    0.05 &     0.36 f
  U12180/ZN (NR2D0BWP)                                    0.04 &     0.40 r
  add_1_root_add_211_2/U1_1/S (FA1D0BWP)                  0.05 &     0.46 f
  add_0_root_add_211_2/U1_1/CO (FA1D0BWP)                 0.06 &     0.52 f
  add_0_root_add_211_2/U1_2/CO (FA1D0BWP)                 0.05 &     0.56 f
  add_0_root_add_211_2/U1_3/S (FA1D0BWP)                  0.05 &     0.62 r
  U11822/ZN (IOA21D1BWP)                                  0.06 &     0.67 r
  U213/ZN (CKND1BWP)                                      0.05 &     0.72 f
  U8798/ZN (NR2D0BWP)                                     0.04 &     0.76 r
  node1/mult_130_4/S1_3_0/CO (FA1D0BWP)                   0.09 &     0.85 r
  node1/mult_130_4/S1_4_0/CO (FA1D0BWP)                   0.07 &     0.92 r
  node1/mult_130_4/S1_5_0/CO (FA1D0BWP)                   0.07 &     0.99 r
  node1/mult_130_4/S1_6_0/CO (FA1D0BWP)                   0.07 &     1.06 r
  node1/mult_130_4/S1_7_0/CO (FA1D0BWP)                   0.07 &     1.12 r
  node1/mult_130_4/S1_8_0/CO (FA1D0BWP)                   0.07 &     1.19 r
  node1/mult_130_4/S1_9_0/CO (FA1D0BWP)                   0.07 &     1.26 r
  node1/mult_130_4/S1_10_0/CO (FA1D0BWP)                  0.07 &     1.32 r
  node1/mult_130_4/S1_11_0/CO (FA1D0BWP)                  0.07 &     1.39 r
  node1/mult_130_4/S1_12_0/CO (FA1D0BWP)                  0.07 &     1.46 r
  node1/mult_130_4/S1_13_0/CO (FA1D0BWP)                  0.07 &     1.53 r
  node1/mult_130_4/S4_0/CO (FA1D0BWP)                     0.07 &     1.60 r
  U3226/Z (XOR2D0BWP)                                     0.05 &     1.65 f
  U7819/ZN (NR2D0BWP)                                     0.03 &     1.69 r
  U7617/ZN (NR2D0BWP)                                     0.02 &     1.70 f
  U3222/Z (XOR2D0BWP)                                     0.05 &     1.75 r
  node1/add_1_root_add_0_root_add_130_3/U1_15/CO (FA1D0BWP)
                                                          0.06 &     1.82 r
  node1/add_1_root_add_0_root_add_130_3/U1_16/CO (FA1D0BWP)
                                                          0.04 &     1.86 r
  node1/add_1_root_add_0_root_add_130_3/U1_17/CO (FA1D0BWP)
                                                          0.04 &     1.90 r
  node1/add_1_root_add_0_root_add_130_3/U1_18/CO (FA1D0BWP)
                                                          0.04 &     1.94 r
  node1/add_1_root_add_0_root_add_130_3/U1_19/CO (FA1D0BWP)
                                                          0.04 &     1.98 r
  node1/add_1_root_add_0_root_add_130_3/U1_20/Z (XOR3D0BWP)
                                                          0.05 &     2.03 f
  node1/add_0_root_add_0_root_add_130_3/U1_20/Z (XOR3D0BWP)
                                                          0.10 &     2.13 r
  node1/mul1_reg[20]/D (DFQD1BWP)                         0.00 &     2.13 r
  data arrival time                                                  2.13

  clock clk (rise edge)                                   2.50       2.50
  clock network delay (propagated)                        0.06       2.56
  clock uncertainty                                      -0.15       2.41
  node1/mul1_reg[20]/CP (DFQD1BWP)                        0.00       2.41 r
  library setup time                                     -0.01       2.40
  data required time                                                 2.40
  --------------------------------------------------------------------------
  data required time                                                 2.40
  data arrival time                                                 -2.13
  --------------------------------------------------------------------------
  slack (MET)                                                        0.27


  Startpoint: node0/mul4_reg[12]
              (rising edge-triggered flip-flop clocked by clk)
  Endpoint: node1/mul2_reg[20]
            (rising edge-triggered flip-flop clocked by clk)
  Path Group: clk
  Path Type: max

  Point                                                   Incr       Path
  --------------------------------------------------------------------------
  clock clk (rise edge)                                   0.00       0.00
  clock network delay (propagated)                        0.06       0.06
  node0/mul4_reg[12]/CP (DFQD1BWP)                        0.00       0.06 r
  node0/mul4_reg[12]/Q (DFQD1BWP)                         0.08       0.14 f
  U12185/ZN (CKND0BWP)                                    0.04 &     0.18 r
  U7580/ZN (ND2D1BWP)                                     0.07 &     0.25 f
  U11884/ZN (NR2D0BWP)                                    0.06 &     0.31 r
  U11250/ZN (CKND0BWP)                                    0.05 &     0.36 f
  U12180/ZN (NR2D0BWP)                                    0.04 &     0.40 r
  add_1_root_add_211_2/U1_1/S (FA1D0BWP)                  0.05 &     0.46 f
  add_0_root_add_211_2/U1_1/CO (FA1D0BWP)                 0.06 &     0.52 f
  add_0_root_add_211_2/U1_2/S (FA1D0BWP)                  0.05 &     0.57 r
  U11807/ZN (IOA21D1BWP)                                  0.05 &     0.62 r
  U189/ZN (INVD1BWP)                                      0.04 &     0.66 f
  U8591/ZN (NR2D0BWP)                                     0.04 &     0.69 r
  node1/mult_131_4/S1_2_0/CO (FA1D0BWP)                   0.08 &     0.77 r
  node1/mult_131_4/S1_3_0/CO (FA1D0BWP)                   0.07 &     0.84 r
  node1/mult_131_4/S1_4_0/CO (FA1D0BWP)                   0.07 &     0.91 r
  node1/mult_131_4/S1_5_0/CO (FA1D0BWP)                   0.07 &     0.98 r
  node1/mult_131_4/S1_6_0/CO (FA1D0BWP)                   0.07 &     1.05 r
  node1/mult_131_4/S1_7_0/CO (FA1D0BWP)                   0.07 &     1.12 r
  node1/mult_131_4/S1_8_0/CO (FA1D0BWP)                   0.07 &     1.20 r
  node1/mult_131_4/S1_9_0/CO (FA1D0BWP)                   0.07 &     1.27 r
  node1/mult_131_4/S1_10_0/CO (FA1D0BWP)                  0.07 &     1.34 r
  node1/mult_131_4/S1_11_0/CO (FA1D0BWP)                  0.07 &     1.41 r
  node1/mult_131_4/S1_12_0/CO (FA1D0BWP)                  0.07 &     1.48 r
  node1/mult_131_4/S1_13_0/CO (FA1D0BWP)                  0.07 &     1.55 r
  node1/mult_131_4/S4_0/S (FA1D0BWP)                      0.08 &     1.63 r
  U9332/ZN (INR2D0BWP)                                    0.04 &     1.67 r
  U7805/ZN (NR2D0BWP)                                     0.02 &     1.70 f
  U7609/ZN (NR2D0BWP)                                     0.03 &     1.73 r
  U2867/Z (XOR2D0BWP)                                     0.05 &     1.78 r
  node1/add_1_root_add_0_root_add_131_3/U1_15/S (FA1D0BWP)
                                                          0.08 &     1.86 f
  node1/add_0_root_add_0_root_add_131_3/U1_15/CO (FA1D0BWP)
                                                          0.06 &     1.92 f
  node1/add_0_root_add_0_root_add_131_3/U1_16/CO (FA1D0BWP)
                                                          0.04 &     1.96 f
  node1/add_0_root_add_0_root_add_131_3/U1_17/CO (FA1D0BWP)
                                                          0.04 &     2.00 f
  node1/add_0_root_add_0_root_add_131_3/U1_18/CO (FA1D0BWP)
                                                          0.04 &     2.04 f
  node1/add_0_root_add_0_root_add_131_3/U1_19/CO (FA1D0BWP)
                                                          0.04 &     2.07 f
  node1/add_0_root_add_0_root_add_131_3/U1_20/Z (XOR3D0BWP)
                                                          0.05 &     2.13 r
  node1/mul2_reg[20]/D (DFQD1BWP)                         0.00 &     2.13 r
  data arrival time                                                  2.13

  clock clk (rise edge)                                   2.50       2.50
  clock network delay (propagated)                        0.06       2.56
  clock uncertainty                                      -0.15       2.41
  node1/mul2_reg[20]/CP (DFQD1BWP)                        0.00       2.41 r
  library setup time                                     -0.01       2.40
  data required time                                                 2.40
  --------------------------------------------------------------------------
  data required time                                                 2.40
  data arrival time                                                 -2.13
  --------------------------------------------------------------------------
  slack (MET)                                                        0.28


  Startpoint: node0/mul4_reg[12]
              (rising edge-triggered flip-flop clocked by clk)
  Endpoint: node1/mul3_reg[19]
            (rising edge-triggered flip-flop clocked by clk)
  Path Group: clk
  Path Type: max

  Point                                                   Incr       Path
  --------------------------------------------------------------------------
  clock clk (rise edge)                                   0.00       0.00
  clock network delay (propagated)                        0.06       0.06
  node0/mul4_reg[12]/CP (DFQD1BWP)                        0.00       0.06 r
  node0/mul4_reg[12]/Q (DFQD1BWP)                         0.08       0.14 f
  U12185/ZN (CKND0BWP)                                    0.04 &     0.18 r
  U7580/ZN (ND2D1BWP)                                     0.07 &     0.25 f
  U11884/ZN (NR2D0BWP)                                    0.06 &     0.31 r
  U11250/ZN (CKND0BWP)                                    0.05 &     0.36 f
  U12181/ZN (NR2D0BWP)                                    0.04 &     0.41 r
  add_1_root_add_216_2/U1_1/CO (FA1D0BWP)                 0.05 &     0.45 r
  add_1_root_add_216_2/U1_2/S (FA1D0BWP)                  0.05 &     0.51 f
  add_0_root_add_216_2/U1_2/S (FA1D0BWP)                  0.07 &     0.58 r
  U11808/ZN (IOA21D0BWP)                                  0.05 &     0.62 r
  U194/ZN (CKND0BWP)                                      0.05 &     0.68 f
  U8977/ZN (NR2D0BWP)                                     0.04 &     0.72 r
  node1/mult_133_4/S2_2_1/CO (FA1D0BWP)                   0.09 &     0.81 r
  node1/mult_133_4/S2_3_1/CO (FA1D0BWP)                   0.07 &     0.88 r
  node1/mult_133_4/S2_4_1/CO (FA1D0BWP)                   0.07 &     0.95 r
  node1/mult_133_4/S2_5_1/CO (FA1D0BWP)                   0.07 &     1.01 r
  node1/mult_133_4/S2_6_1/CO (FA1D0BWP)                   0.07 &     1.08 r
  node1/mult_133_4/S2_7_1/CO (FA1D0BWP)                   0.07 &     1.15 r
  node1/mult_133_4/S2_8_1/CO (FA1D0BWP)                   0.07 &     1.22 r
  node1/mult_133_4/S2_9_1/CO (FA1D0BWP)                   0.07 &     1.28 r
  node1/mult_133_4/S2_10_1/CO (FA1D0BWP)                  0.07 &     1.35 r
  node1/mult_133_4/S2_11_1/CO (FA1D0BWP)                  0.07 &     1.43 r
  node1/mult_133_4/S2_12_1/CO (FA1D0BWP)                  0.07 &     1.50 r
  node1/mult_133_4/S2_13_1/CO (FA1D0BWP)                  0.07 &     1.57 r
  node1/mult_133_4/S4_1/S (FA1D0BWP)                      0.08 &     1.65 r
  U2614/Z (XOR2D0BWP)                                     0.05 &     1.70 f
  U7802/Z (CKAN2D0BWP)                                    0.03 &     1.74 f
  U7618/ZN (NR2D0BWP)                                     0.03 &     1.76 r
  U2610/Z (XOR2D0BWP)                                     0.05 &     1.81 r
  node1/add_1_root_add_0_root_add_133_3/U1_15/S (FA1D0BWP)
                                                          0.08 &     1.89 f
  node1/add_0_root_add_0_root_add_133_3/U1_15/CO (FA1D0BWP)
                                                          0.06 &     1.96 f
  node1/add_0_root_add_0_root_add_133_3/U1_16/CO (FA1D0BWP)
                                                          0.04 &     2.00 f
  node1/add_0_root_add_0_root_add_133_3/U1_17/CO (FA1D0BWP)
                                                          0.04 &     2.04 f
  node1/add_0_root_add_0_root_add_133_3/U1_18/CO (FA1D0BWP)
                                                          0.04 &     2.08 f
  node1/add_0_root_add_0_root_add_133_3/U1_19/S (FA1D0BWP)
                                                          0.05 &     2.12 r
  node1/mul3_reg[19]/D (DFQD1BWP)                         0.00 &     2.12 r
  data arrival time                                                  2.12

  clock clk (rise edge)                                   2.50       2.50
  clock network delay (propagated)                        0.06       2.56
  clock uncertainty                                      -0.15       2.41
  node1/mul3_reg[19]/CP (DFQD1BWP)                        0.00       2.41 r
  library setup time                                      0.00       2.41
  data required time                                                 2.41
  --------------------------------------------------------------------------
  data required time                                                 2.41
  data arrival time                                                 -2.12
  --------------------------------------------------------------------------
  slack (MET)                                                        0.28


  Startpoint: node0/y_comp_ready_reg
              (rising edge-triggered flip-flop clocked by clk)
  Endpoint: node1/mul1_reg[19]
            (rising edge-triggered flip-flop clocked by clk)
  Path Group: clk
  Path Type: max

  Point                                                   Incr       Path
  --------------------------------------------------------------------------
  clock clk (rise edge)                                   0.00       0.00
  clock network delay (propagated)                        0.05       0.05
  node0/y_comp_ready_reg/CP (DFCNQD1BWP)                  0.00       0.05 r
  node0/y_comp_ready_reg/Q (DFCNQD1BWP)                   0.08       0.13 r
  U25/Z (BUFFD2BWP)                                       0.04 @     0.18 r
  U7579/ZN (CKND2D2BWP)                                   0.06 @     0.24 f
  U6580/ZN (NR2XD0BWP)                                    0.05 @     0.29 r
  U158/ZN (CKND0BWP)                                      0.05 &     0.34 f
  U12178/ZN (NR2D0BWP)                                    0.04 &     0.38 r
  add_1_root_add_210_2/U1_1/S (FA1D0BWP)                  0.05 &     0.43 f
  add_0_root_add_210_2/U1_1/CO (FA1D0BWP)                 0.06 &     0.49 f
  add_0_root_add_210_2/U1_2/S (FA1D0BWP)                  0.05 &     0.54 r
  U11779/ZN (IOA21D0BWP)                                  0.05 &     0.58 r
  U225/ZN (CKND0BWP)                                      0.05 &     0.63 f
  U8699/ZN (NR2D0BWP)                                     0.04 &     0.67 r
  node1/mult_130_3/S1_2_0/CO (FA1D0BWP)                   0.08 &     0.76 r
  node1/mult_130_3/S1_3_0/CO (FA1D0BWP)                   0.07 &     0.82 r
  node1/mult_130_3/S1_4_0/CO (FA1D0BWP)                   0.07 &     0.89 r
  node1/mult_130_3/S1_5_0/CO (FA1D0BWP)                   0.07 &     0.96 r
  node1/mult_130_3/S1_6_0/CO (FA1D0BWP)                   0.07 &     1.02 r
  node1/mult_130_3/S1_7_0/CO (FA1D0BWP)                   0.07 &     1.09 r
  node1/mult_130_3/S1_8_0/CO (FA1D0BWP)                   0.07 &     1.16 r
  node1/mult_130_3/S1_9_0/CO (FA1D0BWP)                   0.07 &     1.23 r
  node1/mult_130_3/S1_10_0/CO (FA1D0BWP)                  0.07 &     1.30 r
  node1/mult_130_3/S1_11_0/CO (FA1D0BWP)                  0.07 &     1.36 r
  node1/mult_130_3/S1_12_0/CO (FA1D0BWP)                  0.07 &     1.43 r
  node1/mult_130_3/S1_13_0/CO (FA1D0BWP)                  0.07 &     1.50 r
  node1/mult_130_3/S4_0/CO (FA1D0BWP)                     0.07 &     1.56 r
  U2307/Z (XOR2D0BWP)                                     0.05 &     1.61 f
  U7807/ZN (NR2D0BWP)                                     0.04 &     1.65 r
  U7621/ZN (NR2D0BWP)                                     0.02 &     1.67 f
  U2303/Z (XOR2D0BWP)                                     0.05 &     1.72 r
  node1/add_2_root_add_0_root_add_130_3/U1_15/CO (FA1D0BWP)
                                                          0.06 &     1.79 r
  node1/add_2_root_add_0_root_add_130_3/U1_16/S (FA1D0BWP)
                                                          0.06 &     1.85 f
  node1/add_0_root_add_0_root_add_130_3/U1_16/CO (FA1D0BWP)
                                                          0.08 &     1.93 f
  node1/add_0_root_add_0_root_add_130_3/U1_17/CO (FA1D0BWP)
                                                          0.04 &     1.97 f
  node1/add_0_root_add_0_root_add_130_3/U1_18/CO (FA1D0BWP)
                                                          0.04 &     2.01 f
  node1/add_0_root_add_0_root_add_130_3/U1_19/S (FA1D0BWP)
                                                          0.09 &     2.11 r
  node1/mul1_reg[19]/D (DFQD1BWP)                         0.00 &     2.11 r
  data arrival time                                                  2.11

  clock clk (rise edge)                                   2.50       2.50
  clock network delay (propagated)                        0.06       2.56
  clock uncertainty                                      -0.15       2.41
  node1/mul1_reg[19]/CP (DFQD1BWP)                        0.00       2.41 r
  library setup time                                     -0.01       2.39
  data required time                                                 2.39
  --------------------------------------------------------------------------
  data required time                                                 2.39
  data arrival time                                                 -2.11
  --------------------------------------------------------------------------
  slack (MET)                                                        0.29


  Startpoint: x1_node0[0]
              (input port clocked by clk)
  Endpoint: node0/mul2_reg[19]
            (rising edge-triggered flip-flop clocked by clk)
  Path Group: clk
  Path Type: max

  Point                                                   Incr       Path
  --------------------------------------------------------------------------
  clock clk (rise edge)                                   0.00       0.00
  clock network delay (ideal)                             0.00       0.00
  input external delay                                    0.25       0.25 r
  x1_node0[0] (in)                                        0.00 @     0.25 r
  U12114/ZN (CKND0BWP)                                    0.01 @     0.26 f
  U12112/ZN (NR2D0BWP)                                    0.03 &     0.29 r
  U639/S (FA1D0BWP)                                       0.06 &     0.35 f
  U641/CO (FA1D0BWP)                                      0.08 &     0.42 f
  U656/S (FA1D0BWP)                                       0.05 &     0.47 r
  U12111/ZN (AOI22D1BWP)                                  0.04 &     0.51 f
  U11770/ZN (IOA21D0BWP)                                  0.03 &     0.54 r
  U174/Z (BUFFD2BWP)                                      0.04 @     0.58 r
  U175/ZN (CKND0BWP)                                      0.05 @     0.64 f
  U8725/ZN (NR2D0BWP)                                     0.04 &     0.68 r
  node0/mult_131_2/S2_2_1/CO (FA1D0BWP)                   0.08 &     0.76 r
  node0/mult_131_2/S2_3_1/CO (FA1D0BWP)                   0.07 &     0.83 r
  node0/mult_131_2/S2_4_1/CO (FA1D0BWP)                   0.07 &     0.90 r
  node0/mult_131_2/S2_5_1/CO (FA1D0BWP)                   0.07 &     0.97 r
  node0/mult_131_2/S2_6_1/CO (FA1D0BWP)                   0.07 &     1.04 r
  node0/mult_131_2/S2_7_1/CO (FA1D0BWP)                   0.07 &     1.10 r
  node0/mult_131_2/S2_8_1/CO (FA1D0BWP)                   0.07 &     1.17 r
  node0/mult_131_2/S2_9_1/CO (FA1D0BWP)                   0.07 &     1.24 r
  node0/mult_131_2/S2_10_1/CO (FA1D0BWP)                  0.07 &     1.31 r
  node0/mult_131_2/S2_11_1/CO (FA1D0BWP)                  0.07 &     1.37 r
  node0/mult_131_2/S2_12_1/CO (FA1D0BWP)                  0.07 &     1.44 r
  node0/mult_131_2/S2_13_1/CO (FA1D0BWP)                  0.07 &     1.51 r
  node0/mult_131_2/S4_1/S (FA1D0BWP)                      0.07 &     1.58 r
  U5541/Z (XOR2D0BWP)                                     0.04 &     1.62 f
  U7722/Z (CKAN2D0BWP)                                    0.03 &     1.65 f
  U7604/ZN (NR2D0BWP)                                     0.03 &     1.67 r
  U5537/Z (XOR2D0BWP)                                     0.05 &     1.73 f
  node0/add_1_root_add_0_root_add_131_3/U1_15/S (FA1D0BWP)
                                                          0.08 &     1.80 r
  U382/Z (BUFFD1BWP)                                      0.04 &     1.84 r
  node0/add_0_root_add_0_root_add_131_3/U1_15/CO (FA1D0BWP)
                                                          0.07 &     1.92 r
  node0/add_0_root_add_0_root_add_131_3/U1_16/CO (FA1D0BWP)
                                                          0.04 &     1.96 r
  node0/add_0_root_add_0_root_add_131_3/U1_17/CO (FA1D0BWP)
                                                          0.04 &     2.00 r
  U387/Z (BUFFD1BWP)                                      0.03 &     2.03 r
  node0/add_0_root_add_0_root_add_131_3/U1_18/CO (FA1D0BWP)
                                                          0.04 &     2.07 r
  node0/add_0_root_add_0_root_add_131_3/U1_19/S (FA1D0BWP)
                                                          0.05 &     2.12 r
  node0/mul2_reg[19]/D (DFQD1BWP)                         0.00 &     2.12 r
  data arrival time                                                  2.12

  clock clk (rise edge)                                   2.50       2.50
  clock network delay (propagated)                        0.06       2.56
  clock uncertainty                                      -0.15       2.41
  node0/mul2_reg[19]/CP (DFQD1BWP)                        0.00       2.41 r
  library setup time                                     -0.01       2.40
  data required time                                                 2.40
  --------------------------------------------------------------------------
  data required time                                                 2.40
  data arrival time                                                 -2.12
  --------------------------------------------------------------------------
  slack (MET)                                                        0.29


  Startpoint: node0/mul4_reg[12]
              (rising edge-triggered flip-flop clocked by clk)
  Endpoint: node1/mul4_reg[18]
            (rising edge-triggered flip-flop clocked by clk)
  Path Group: clk
  Path Type: max

  Point                                                   Incr       Path
  --------------------------------------------------------------------------
  clock clk (rise edge)                                   0.00       0.00
  clock network delay (propagated)                        0.06       0.06
  node0/mul4_reg[12]/CP (DFQD1BWP)                        0.00       0.06 r
  node0/mul4_reg[12]/Q (DFQD1BWP)                         0.08       0.14 f
  U12185/ZN (CKND0BWP)                                    0.04 &     0.18 r
  U7580/ZN (ND2D1BWP)                                     0.07 &     0.25 f
  U11884/ZN (NR2D0BWP)                                    0.06 &     0.31 r
  U11250/ZN (CKND0BWP)                                    0.05 &     0.36 f
  U12181/ZN (NR2D0BWP)                                    0.04 &     0.41 r
  add_1_root_add_216_2/U1_1/CO (FA1D0BWP)                 0.05 &     0.45 r
  add_1_root_add_216_2/U1_2/S (FA1D0BWP)                  0.05 &     0.51 f
  add_0_root_add_216_2/U1_2/S (FA1D0BWP)                  0.07 &     0.58 r
  U11808/ZN (IOA21D0BWP)                                  0.05 &     0.62 r
  U194/ZN (CKND0BWP)                                      0.05 &     0.68 f
  U8593/ZN (NR2D0BWP)                                     0.04 &     0.72 r
  node1/mult_134_4/S1_2_0/CO (FA1D0BWP)                   0.08 &     0.80 r
  node1/mult_134_4/S1_3_0/CO (FA1D0BWP)                   0.07 &     0.88 r
  node1/mult_134_4/S1_4_0/CO (FA1D0BWP)                   0.07 &     0.95 r
  node1/mult_134_4/S1_5_0/CO (FA1D0BWP)                   0.07 &     1.02 r
  node1/mult_134_4/S1_6_0/CO (FA1D0BWP)                   0.07 &     1.09 r
  node1/mult_134_4/S1_7_0/CO (FA1D0BWP)                   0.07 &     1.16 r
  node1/mult_134_4/S1_8_0/CO (FA1D0BWP)                   0.07 &     1.23 r
  node1/mult_134_4/S1_9_0/CO (FA1D0BWP)                   0.07 &     1.29 r
  node1/mult_134_4/S1_10_0/CO (FA1D0BWP)                  0.07 &     1.36 r
  node1/mult_134_4/S1_11_0/CO (FA1D0BWP)                  0.07 &     1.43 r
  node1/mult_134_4/S1_12_0/CO (FA1D0BWP)                  0.07 &     1.50 r
  node1/mult_134_4/S1_13_0/CO (FA1D0BWP)                  0.07 &     1.56 r
  node1/mult_134_4/S4_0/CO (FA1D0BWP)                     0.07 &     1.63 r
  U2366/Z (XOR2D0BWP)                                     0.05 &     1.68 f
  U7806/ZN (NR2D0BWP)                                     0.04 &     1.72 r
  U7610/ZN (NR2D0BWP)                                     0.02 &     1.74 f
  U2362/Z (XOR2D0BWP)                                     0.08 &     1.82 r
  node1/add_1_root_add_0_root_add_134_3/U1_15/CO (FA1D0BWP)
                                                          0.08 &     1.90 r
  node1/add_1_root_add_0_root_add_134_3/U1_16/S (FA1D0BWP)
                                                          0.05 &     1.94 f
  node1/add_0_root_add_0_root_add_134_3/U1_16/CO (FA1D0BWP)
                                                          0.06 &     2.00 f
  node1/add_0_root_add_0_root_add_134_3/U1_17/CO (FA1D0BWP)
                                                          0.04 &     2.04 f
  node1/add_0_root_add_0_root_add_134_3/U1_18/S (FA1D0BWP)
                                                          0.06 &     2.10 r
  node1/mul4_reg[18]/D (DFQD1BWP)                         0.00 &     2.10 r
  data arrival time                                                  2.10

  clock clk (rise edge)                                   2.50       2.50
  clock network delay (propagated)                        0.06       2.56
  clock uncertainty                                      -0.15       2.41
  node1/mul4_reg[18]/CP (DFQD1BWP)                        0.00       2.41 r
  library setup time                                     -0.01       2.40
  data required time                                                 2.40
  --------------------------------------------------------------------------
  data required time                                                 2.40
  data arrival time                                                 -2.10
  --------------------------------------------------------------------------
  slack (MET)                                                        0.30


  Startpoint: x1_node0[0]
              (input port clocked by clk)
  Endpoint: node0/mul1_reg[20]
            (rising edge-triggered flip-flop clocked by clk)
  Path Group: clk
  Path Type: max

  Point                                                   Incr       Path
  --------------------------------------------------------------------------
  clock clk (rise edge)                                   0.00       0.00
  clock network delay (ideal)                             0.00       0.00
  input external delay                                    0.25       0.25 r
  x1_node0[0] (in)                                        0.00 @     0.25 r
  U12114/ZN (CKND0BWP)                                    0.01 @     0.26 f
  U12112/ZN (NR2D0BWP)                                    0.03 &     0.29 r
  U639/S (FA1D0BWP)                                       0.06 &     0.35 f
  U641/CO (FA1D0BWP)                                      0.08 &     0.42 f
  U656/S (FA1D0BWP)                                       0.05 &     0.47 r
  U12111/ZN (AOI22D1BWP)                                  0.04 &     0.51 f
  U11770/ZN (IOA21D0BWP)                                  0.03 &     0.54 r
  U174/Z (BUFFD2BWP)                                      0.04 @     0.58 r
  U175/ZN (CKND0BWP)                                      0.05 @     0.64 f
  U8723/ZN (NR2D0BWP)                                     0.04 &     0.68 r
  node0/mult_130_2/S2_2_1/CO (FA1D0BWP)                   0.08 &     0.76 r
  node0/mult_130_2/S2_3_1/CO (FA1D0BWP)                   0.07 &     0.83 r
  node0/mult_130_2/S2_4_1/CO (FA1D0BWP)                   0.07 &     0.90 r
  node0/mult_130_2/S2_5_1/CO (FA1D0BWP)                   0.07 &     0.97 r
  node0/mult_130_2/S2_6_1/CO (FA1D0BWP)                   0.07 &     1.04 r
  node0/mult_130_2/S2_7_1/CO (FA1D0BWP)                   0.07 &     1.11 r
  node0/mult_130_2/S2_8_1/CO (FA1D0BWP)                   0.07 &     1.17 r
  node0/mult_130_2/S2_9_1/CO (FA1D0BWP)                   0.07 &     1.24 r
  node0/mult_130_2/S2_10_1/CO (FA1D0BWP)                  0.07 &     1.31 r
  node0/mult_130_2/S2_11_1/CO (FA1D0BWP)                  0.07 &     1.38 r
  node0/mult_130_2/S2_12_1/CO (FA1D0BWP)                  0.07 &     1.45 r
  node0/mult_130_2/S2_13_1/CO (FA1D0BWP)                  0.07 &     1.51 r
  node0/mult_130_2/S4_1/S (FA1D0BWP)                      0.07 &     1.58 r
  U5092/Z (XOR2D0BWP)                                     0.04 &     1.63 f
  U7721/Z (CKAN2D0BWP)                                    0.03 &     1.66 f
  U7603/ZN (NR2D0BWP)                                     0.02 &     1.68 r
  U5088/Z (XOR2D0BWP)                                     0.05 &     1.73 f
  node0/add_1_root_add_0_root_add_130_3/U1_15/CO (FA1D0BWP)
                                                          0.07 &     1.81 f
  node0/add_1_root_add_0_root_add_130_3/U1_16/CO (FA1D0BWP)
                                                          0.04 &     1.84 f
  node0/add_1_root_add_0_root_add_130_3/U1_17/CO (FA1D0BWP)
                                                          0.04 &     1.88 f
  node0/add_1_root_add_0_root_add_130_3/U1_18/S (FA1D0BWP)
                                                          0.07 &     1.95 r
  node0/add_0_root_add_0_root_add_130_3/U1_18/CO (FA1D0BWP)
                                                          0.07 &     2.02 r
  node0/add_0_root_add_0_root_add_130_3/U1_19/CO (FA1D0BWP)
                                                          0.04 &     2.07 r
  node0/add_0_root_add_0_root_add_130_3/U1_20/Z (XOR3D0BWP)
                                                          0.04 &     2.10 r
  node0/mul1_reg[20]/D (DFQD1BWP)                         0.00 &     2.10 r
  data arrival time                                                  2.10

  clock clk (rise edge)                                   2.50       2.50
  clock network delay (propagated)                        0.06       2.56
  clock uncertainty                                      -0.15       2.41
  node0/mul1_reg[20]/CP (DFQD1BWP)                        0.00       2.41 r
  library setup time                                      0.00       2.40
  data required time                                                 2.40
  --------------------------------------------------------------------------
  data required time                                                 2.40
  data arrival time                                                 -2.10
  --------------------------------------------------------------------------
  slack (MET)                                                        0.30


  Startpoint: node1/mul2_reg[12]
              (rising edge-triggered flip-flop clocked by clk)
  Endpoint: node0/mul3_reg[20]
            (rising edge-triggered flip-flop clocked by clk)
  Path Group: clk
  Path Type: max

  Point                                                   Incr       Path
  --------------------------------------------------------------------------
  clock clk (rise edge)                                   0.00       0.00
  clock network delay (propagated)                        0.06       0.06
  node1/mul2_reg[12]/CP (DFQD1BWP)                        0.00       0.06 r
  node1/mul2_reg[12]/Q (DFQD1BWP)                         0.10       0.16 f
  U12241/ZN (CKND0BWP)                                    0.06 &     0.22 r
  U7584/ZN (CKND2D2BWP)                                   0.06 @     0.28 f
  U11921/ZN (NR2XD1BWP)                                   0.06 @     0.34 r
  U69/ZN (CKND0BWP)                                       0.05 &     0.39 f
  U11920/ZN (NR2D0BWP)                                    0.04 &     0.43 r
  add_0_root_add_204_2/U1_1/CO (FA1D0BWP)                 0.05 &     0.48 r
  add_0_root_add_204_2/U1_2/S (FA1D0BWP)                  0.04 &     0.52 r
  U11771/ZN (IOA21D1BWP)                                  0.05 &     0.58 r
  U179/ZN (INVD1BWP)                                      0.04 &     0.62 f
  U8355/ZN (NR2D0BWP)                                     0.04 &     0.65 r
  node0/mult_133_2/S1_2_0/CO (FA1D0BWP)                   0.08 &     0.73 r
  node0/mult_133_2/S1_3_0/CO (FA1D0BWP)                   0.07 &     0.81 r
  node0/mult_133_2/S1_4_0/CO (FA1D0BWP)                   0.07 &     0.88 r
  node0/mult_133_2/S1_5_0/CO (FA1D0BWP)                   0.07 &     0.94 r
  node0/mult_133_2/S1_6_0/CO (FA1D0BWP)                   0.07 &     1.01 r
  node0/mult_133_2/S1_7_0/CO (FA1D0BWP)                   0.07 &     1.07 r
  node0/mult_133_2/S1_8_0/CO (FA1D0BWP)                   0.07 &     1.14 r
  node0/mult_133_2/S1_9_0/CO (FA1D0BWP)                   0.07 &     1.21 r
  node0/mult_133_2/S1_10_0/CO (FA1D0BWP)                  0.07 &     1.28 r
  node0/mult_133_2/S1_11_0/CO (FA1D0BWP)                  0.07 &     1.35 r
  node0/mult_133_2/S1_12_0/CO (FA1D0BWP)                  0.07 &     1.42 r
  node0/mult_133_2/S1_13_0/CO (FA1D0BWP)                  0.07 &     1.49 r
  node0/mult_133_2/S4_0/CO (FA1D0BWP)                     0.07 &     1.56 r
  U5267/Z (XOR2D0BWP)                                     0.05 &     1.61 f
  U7723/Z (CKAN2D0BWP)                                    0.03 &     1.64 f
  U7605/ZN (NR2D0BWP)                                     0.03 &     1.66 r
  U5263/Z (XOR2D0BWP)                                     0.05 &     1.72 f
  node0/add_1_root_add_0_root_add_133_3/U1_15/CO (FA1D0BWP)
                                                          0.07 &     1.79 f
  node0/add_1_root_add_0_root_add_133_3/U1_16/CO (FA1D0BWP)
                                                          0.04 &     1.83 f
  node0/add_1_root_add_0_root_add_133_3/U1_17/CO (FA1D0BWP)
                                                          0.04 &     1.87 f
  node0/add_1_root_add_0_root_add_133_3/U1_18/CO (FA1D0BWP)
                                                          0.04 &     1.91 f
  node0/add_1_root_add_0_root_add_133_3/U1_19/CO (FA1D0BWP)
                                                          0.04 &     1.95 f
  node0/add_1_root_add_0_root_add_133_3/U1_20/Z (XOR3D0BWP)
                                                          0.05 &     2.00 r
  node0/add_0_root_add_0_root_add_133_3/U1_20/Z (XOR3D0BWP)
                                                          0.09 &     2.10 r
  node0/mul3_reg[20]/D (DFQD1BWP)                         0.00 &     2.10 r
  data arrival time                                                  2.10

  clock clk (rise edge)                                   2.50       2.50
  clock network delay (propagated)                        0.06       2.56
  clock uncertainty                                      -0.15       2.41
  node0/mul3_reg[20]/CP (DFQD1BWP)                        0.00       2.41 r
  library setup time                                     -0.01       2.40
  data required time                                                 2.40
  --------------------------------------------------------------------------
  data required time                                                 2.40
  data arrival time                                                 -2.10
  --------------------------------------------------------------------------
  slack (MET)                                                        0.30


  Startpoint: x3_node0[0]
              (input port clocked by clk)
  Endpoint: node0/mul4_reg[20]
            (rising edge-triggered flip-flop clocked by clk)
  Path Group: clk
  Path Type: max

  Point                                                   Incr       Path
  --------------------------------------------------------------------------
  clock clk (rise edge)                                   0.00       0.00
  clock network delay (ideal)                             0.00       0.00
  input external delay                                    0.25       0.25 r
  x3_node0[0] (in)                                        0.00 @     0.25 r
  U12128/ZN (CKND0BWP)                                    0.01 @     0.26 f
  U12126/ZN (NR2D0BWP)                                    0.03 &     0.29 r
  U625/S (FA1D0BWP)                                       0.05 &     0.34 f
  U627/CO (FA1D0BWP)                                      0.08 &     0.42 f
  U645/S (FA1D0BWP)                                       0.06 &     0.48 r
  U12125/ZN (AOI22D4BWP)                                  0.03 @     0.51 f
  U11778/ZN (IOA21D1BWP)                                  0.04 @     0.55 r
  U193/ZN (INVD0BWP)                                      0.05 &     0.60 f
  U8489/ZN (NR2D0BWP)                                     0.04 &     0.64 r
  node0/mult_134_4/S1_2_0/CO (FA1D0BWP)                   0.08 &     0.72 r
  node0/mult_134_4/S1_3_0/CO (FA1D0BWP)                   0.07 &     0.79 r
  node0/mult_134_4/S1_4_0/CO (FA1D0BWP)                   0.07 &     0.86 r
  node0/mult_134_4/S1_5_0/CO (FA1D0BWP)                   0.07 &     0.93 r
  node0/mult_134_4/S1_6_0/CO (FA1D0BWP)                   0.07 &     1.00 r
  node0/mult_134_4/S1_7_0/CO (FA1D0BWP)                   0.07 &     1.08 r
  node0/mult_134_4/S1_8_0/CO (FA1D0BWP)                   0.07 &     1.15 r
  node0/mult_134_4/S1_9_0/CO (FA1D0BWP)                   0.07 &     1.21 r
  node0/mult_134_4/S1_10_0/CO (FA1D0BWP)                  0.07 &     1.28 r
  node0/mult_134_4/S1_11_0/CO (FA1D0BWP)                  0.07 &     1.35 r
  node0/mult_134_4/S1_12_0/CO (FA1D0BWP)                  0.07 &     1.42 r
  node0/mult_134_4/S1_13_0/CO (FA1D0BWP)                  0.08 &     1.50 r
  node0/mult_134_4/S4_0/CO (FA1D0BWP)                     0.07 &     1.57 r
  U4881/Z (XOR2D0BWP)                                     0.05 &     1.62 f
  U7796/ZN (NR2D0BWP)                                     0.04 &     1.66 r
  U7602/ZN (NR2D0BWP)                                     0.02 &     1.68 f
  U4877/Z (XOR2D0BWP)                                     0.05 &     1.73 r
  node0/add_1_root_add_0_root_add_134_3/U1_15/CO (FA1D0BWP)
                                                          0.07 &     1.80 r
  node0/add_1_root_add_0_root_add_134_3/U1_16/CO (FA1D0BWP)
                                                          0.04 &     1.84 r
  node0/add_1_root_add_0_root_add_134_3/U1_17/CO (FA1D0BWP)
                                                          0.04 &     1.88 r
  node0/add_1_root_add_0_root_add_134_3/U1_18/CO (FA1D0BWP)
                                                          0.04 &     1.92 r
  node0/add_1_root_add_0_root_add_134_3/U1_19/CO (FA1D0BWP)
                                                          0.04 &     1.96 r
  node0/add_1_root_add_0_root_add_134_3/U1_20/Z (XOR3D0BWP)
                                                          0.05 &     2.01 f
  node0/add_0_root_add_0_root_add_134_3/U1_20/Z (XOR3D0BWP)
                                                          0.08 &     2.10 r
  node0/mul4_reg[20]/D (DFQD1BWP)                         0.00 &     2.10 r
  data arrival time                                                  2.10

  clock clk (rise edge)                                   2.50       2.50
  clock network delay (propagated)                        0.06       2.56
  clock uncertainty                                      -0.15       2.41
  node0/mul4_reg[20]/CP (DFQD1BWP)                        0.00       2.41 r
  library setup time                                     -0.01       2.40
  data required time                                                 2.40
  --------------------------------------------------------------------------
  data required time                                                 2.40
  data arrival time                                                 -2.10
  --------------------------------------------------------------------------
  slack (MET)                                                        0.31


  Startpoint: node0/mul4_reg[12]
              (rising edge-triggered flip-flop clocked by clk)
  Endpoint: node1/mul2_reg[19]
            (rising edge-triggered flip-flop clocked by clk)
  Path Group: clk
  Path Type: max

  Point                                                   Incr       Path
  --------------------------------------------------------------------------
  clock clk (rise edge)                                   0.00       0.00
  clock network delay (propagated)                        0.06       0.06
  node0/mul4_reg[12]/CP (DFQD1BWP)                        0.00       0.06 r
  node0/mul4_reg[12]/Q (DFQD1BWP)                         0.08       0.14 f
  U12185/ZN (CKND0BWP)                                    0.04 &     0.18 r
  U7580/ZN (ND2D1BWP)                                     0.07 &     0.25 f
  U11884/ZN (NR2D0BWP)                                    0.06 &     0.31 r
  U11250/ZN (CKND0BWP)                                    0.05 &     0.36 f
  U12180/ZN (NR2D0BWP)                                    0.04 &     0.40 r
  add_1_root_add_211_2/U1_1/S (FA1D0BWP)                  0.05 &     0.46 f
  add_0_root_add_211_2/U1_1/CO (FA1D0BWP)                 0.06 &     0.52 f
  add_0_root_add_211_2/U1_2/S (FA1D0BWP)                  0.05 &     0.57 r
  U11807/ZN (IOA21D1BWP)                                  0.05 &     0.62 r
  U189/ZN (INVD1BWP)                                      0.04 &     0.66 f
  U8591/ZN (NR2D0BWP)                                     0.04 &     0.69 r
  node1/mult_131_4/S1_2_0/CO (FA1D0BWP)                   0.08 &     0.77 r
  node1/mult_131_4/S1_3_0/CO (FA1D0BWP)                   0.07 &     0.84 r
  node1/mult_131_4/S1_4_0/CO (FA1D0BWP)                   0.07 &     0.91 r
  node1/mult_131_4/S1_5_0/CO (FA1D0BWP)                   0.07 &     0.98 r
  node1/mult_131_4/S1_6_0/CO (FA1D0BWP)                   0.07 &     1.05 r
  node1/mult_131_4/S1_7_0/CO (FA1D0BWP)                   0.07 &     1.12 r
  node1/mult_131_4/S1_8_0/CO (FA1D0BWP)                   0.07 &     1.20 r
  node1/mult_131_4/S1_9_0/CO (FA1D0BWP)                   0.07 &     1.27 r
  node1/mult_131_4/S1_10_0/CO (FA1D0BWP)                  0.07 &     1.34 r
  node1/mult_131_4/S1_11_0/CO (FA1D0BWP)                  0.07 &     1.41 r
  node1/mult_131_4/S1_12_0/CO (FA1D0BWP)                  0.07 &     1.48 r
  node1/mult_131_4/S1_13_0/CO (FA1D0BWP)                  0.07 &     1.55 r
  node1/mult_131_4/S4_0/S (FA1D0BWP)                      0.08 &     1.63 r
  U9332/ZN (INR2D0BWP)                                    0.04 &     1.67 r
  U7805/ZN (NR2D0BWP)                                     0.02 &     1.70 f
  U7609/ZN (NR2D0BWP)                                     0.03 &     1.73 r
  U2867/Z (XOR2D0BWP)                                     0.05 &     1.78 r
  node1/add_1_root_add_0_root_add_131_3/U1_15/S (FA1D0BWP)
                                                          0.08 &     1.86 f
  node1/add_0_root_add_0_root_add_131_3/U1_15/CO (FA1D0BWP)
                                                          0.06 &     1.92 f
  node1/add_0_root_add_0_root_add_131_3/U1_16/CO (FA1D0BWP)
                                                          0.04 &     1.96 f
  node1/add_0_root_add_0_root_add_131_3/U1_17/CO (FA1D0BWP)
                                                          0.04 &     2.00 f
  node1/add_0_root_add_0_root_add_131_3/U1_18/CO (FA1D0BWP)
                                                          0.04 &     2.04 f
  node1/add_0_root_add_0_root_add_131_3/U1_19/S (FA1D0BWP)
                                                          0.05 &     2.09 r
  node1/mul2_reg[19]/D (DFQD1BWP)                         0.00 &     2.09 r
  data arrival time                                                  2.09

  clock clk (rise edge)                                   2.50       2.50
  clock network delay (propagated)                        0.06       2.56
  clock uncertainty                                      -0.15       2.41
  node1/mul2_reg[19]/CP (DFQD1BWP)                        0.00       2.41 r
  library setup time                                     -0.01       2.40
  data required time                                                 2.40
  --------------------------------------------------------------------------
  data required time                                                 2.40
  data arrival time                                                 -2.09
  --------------------------------------------------------------------------
  slack (MET)                                                        0.31


  Startpoint: node0/mul4_reg[12]
              (rising edge-triggered flip-flop clocked by clk)
  Endpoint: node1/mul3_reg[18]
            (rising edge-triggered flip-flop clocked by clk)
  Path Group: clk
  Path Type: max

  Point                                                   Incr       Path
  --------------------------------------------------------------------------
  clock clk (rise edge)                                   0.00       0.00
  clock network delay (propagated)                        0.06       0.06
  node0/mul4_reg[12]/CP (DFQD1BWP)                        0.00       0.06 r
  node0/mul4_reg[12]/Q (DFQD1BWP)                         0.08       0.14 f
  U12185/ZN (CKND0BWP)                                    0.04 &     0.18 r
  U7580/ZN (ND2D1BWP)                                     0.07 &     0.25 f
  U11884/ZN (NR2D0BWP)                                    0.06 &     0.31 r
  U11250/ZN (CKND0BWP)                                    0.05 &     0.36 f
  U12181/ZN (NR2D0BWP)                                    0.04 &     0.41 r
  add_1_root_add_216_2/U1_1/CO (FA1D0BWP)                 0.05 &     0.45 r
  add_1_root_add_216_2/U1_2/S (FA1D0BWP)                  0.05 &     0.51 f
  add_0_root_add_216_2/U1_2/S (FA1D0BWP)                  0.07 &     0.58 r
  U11808/ZN (IOA21D0BWP)                                  0.05 &     0.62 r
  U194/ZN (CKND0BWP)                                      0.05 &     0.68 f
  U8977/ZN (NR2D0BWP)                                     0.04 &     0.72 r
  node1/mult_133_4/S2_2_1/CO (FA1D0BWP)                   0.09 &     0.81 r
  node1/mult_133_4/S2_3_1/CO (FA1D0BWP)                   0.07 &     0.88 r
  node1/mult_133_4/S2_4_1/CO (FA1D0BWP)                   0.07 &     0.95 r
  node1/mult_133_4/S2_5_1/CO (FA1D0BWP)                   0.07 &     1.01 r
  node1/mult_133_4/S2_6_1/CO (FA1D0BWP)                   0.07 &     1.08 r
  node1/mult_133_4/S2_7_1/CO (FA1D0BWP)                   0.07 &     1.15 r
  node1/mult_133_4/S2_8_1/CO (FA1D0BWP)                   0.07 &     1.22 r
  node1/mult_133_4/S2_9_1/CO (FA1D0BWP)                   0.07 &     1.28 r
  node1/mult_133_4/S2_10_1/CO (FA1D0BWP)                  0.07 &     1.35 r
  node1/mult_133_4/S2_11_1/CO (FA1D0BWP)                  0.07 &     1.43 r
  node1/mult_133_4/S2_12_1/CO (FA1D0BWP)                  0.07 &     1.50 r
  node1/mult_133_4/S2_13_1/CO (FA1D0BWP)                  0.07 &     1.57 r
  node1/mult_133_4/S4_1/S (FA1D0BWP)                      0.08 &     1.65 r
  U2614/Z (XOR2D0BWP)                                     0.05 &     1.70 f
  U7802/Z (CKAN2D0BWP)                                    0.03 &     1.74 f
  U7618/ZN (NR2D0BWP)                                     0.03 &     1.76 r
  U2610/Z (XOR2D0BWP)                                     0.06 &     1.82 f
  node1/add_1_root_add_0_root_add_133_3/U1_15/CO (FA1D0BWP)
                                                          0.06 &     1.88 f
  node1/add_1_root_add_0_root_add_133_3/U1_16/CO (FA1D0BWP)
                                                          0.04 &     1.92 f
  node1/add_1_root_add_0_root_add_133_3/U1_17/CO (FA1D0BWP)
                                                          0.04 &     1.96 f
  node1/add_1_root_add_0_root_add_133_3/U1_18/S (FA1D0BWP)
                                                          0.06 &     2.02 r
  node1/add_0_root_add_0_root_add_133_3/U1_18/S (FA1D0BWP)
                                                          0.08 &     2.09 r
  node1/mul3_reg[18]/D (DFQD1BWP)                         0.00 &     2.09 r
  data arrival time                                                  2.09

  clock clk (rise edge)                                   2.50       2.50
  clock network delay (propagated)                        0.06       2.56
  clock uncertainty                                      -0.15       2.41
  node1/mul3_reg[18]/CP (DFQD1BWP)                        0.00       2.41 r
  library setup time                                     -0.01       2.40
  data required time                                                 2.40
  --------------------------------------------------------------------------
  data required time                                                 2.40
  data arrival time                                                 -2.09
  --------------------------------------------------------------------------
  slack (MET)                                                        0.31


  Startpoint: x1_node0[0]
              (input port clocked by clk)
  Endpoint: node0/mul2_reg[18]
            (rising edge-triggered flip-flop clocked by clk)
  Path Group: clk
  Path Type: max

  Point                                                   Incr       Path
  --------------------------------------------------------------------------
  clock clk (rise edge)                                   0.00       0.00
  clock network delay (ideal)                             0.00       0.00
  input external delay                                    0.25       0.25 r
  x1_node0[0] (in)                                        0.00 @     0.25 r
  U12114/ZN (CKND0BWP)                                    0.01 @     0.26 f
  U12112/ZN (NR2D0BWP)                                    0.03 &     0.29 r
  U639/S (FA1D0BWP)                                       0.06 &     0.35 f
  U641/CO (FA1D0BWP)                                      0.08 &     0.42 f
  U656/S (FA1D0BWP)                                       0.05 &     0.47 r
  U12111/ZN (AOI22D1BWP)                                  0.04 &     0.51 f
  U11770/ZN (IOA21D0BWP)                                  0.03 &     0.54 r
  U174/Z (BUFFD2BWP)                                      0.04 @     0.58 r
  U175/ZN (CKND0BWP)                                      0.05 @     0.64 f
  U8725/ZN (NR2D0BWP)                                     0.04 &     0.68 r
  node0/mult_131_2/S2_2_1/CO (FA1D0BWP)                   0.08 &     0.76 r
  node0/mult_131_2/S2_3_1/CO (FA1D0BWP)                   0.07 &     0.83 r
  node0/mult_131_2/S2_4_1/CO (FA1D0BWP)                   0.07 &     0.90 r
  node0/mult_131_2/S2_5_1/CO (FA1D0BWP)                   0.07 &     0.97 r
  node0/mult_131_2/S2_6_1/CO (FA1D0BWP)                   0.07 &     1.04 r
  node0/mult_131_2/S2_7_1/CO (FA1D0BWP)                   0.07 &     1.10 r
  node0/mult_131_2/S2_8_1/CO (FA1D0BWP)                   0.07 &     1.17 r
  node0/mult_131_2/S2_9_1/CO (FA1D0BWP)                   0.07 &     1.24 r
  node0/mult_131_2/S2_10_1/CO (FA1D0BWP)                  0.07 &     1.31 r
  node0/mult_131_2/S2_11_1/CO (FA1D0BWP)                  0.07 &     1.37 r
  node0/mult_131_2/S2_12_1/CO (FA1D0BWP)                  0.07 &     1.44 r
  node0/mult_131_2/S2_13_1/CO (FA1D0BWP)                  0.07 &     1.51 r
  node0/mult_131_2/S4_1/S (FA1D0BWP)                      0.07 &     1.58 r
  U5541/Z (XOR2D0BWP)                                     0.04 &     1.62 f
  U7722/Z (CKAN2D0BWP)                                    0.03 &     1.65 f
  U7604/ZN (NR2D0BWP)                                     0.03 &     1.67 r
  U5537/Z (XOR2D0BWP)                                     0.05 &     1.73 f
  node0/add_1_root_add_0_root_add_131_3/U1_15/S (FA1D0BWP)
                                                          0.08 &     1.80 r
  U382/Z (BUFFD1BWP)                                      0.04 &     1.84 r
  node0/add_0_root_add_0_root_add_131_3/U1_15/CO (FA1D0BWP)
                                                          0.07 &     1.92 r
  node0/add_0_root_add_0_root_add_131_3/U1_16/CO (FA1D0BWP)
                                                          0.04 &     1.96 r
  node0/add_0_root_add_0_root_add_131_3/U1_17/CO (FA1D0BWP)
                                                          0.04 &     2.00 r
  U387/Z (BUFFD1BWP)                                      0.03 &     2.03 r
  node0/add_0_root_add_0_root_add_131_3/U1_18/S (FA1D0BWP)
                                                          0.06 &     2.09 r
  node0/mul2_reg[18]/D (DFQD1BWP)                         0.00 &     2.09 r
  data arrival time                                                  2.09

  clock clk (rise edge)                                   2.50       2.50
  clock network delay (propagated)                        0.06       2.56
  clock uncertainty                                      -0.15       2.41
  node0/mul2_reg[18]/CP (DFQD1BWP)                        0.00       2.41 r
  library setup time                                     -0.01       2.40
  data required time                                                 2.40
  --------------------------------------------------------------------------
  data required time                                                 2.40
  data arrival time                                                 -2.09
  --------------------------------------------------------------------------
  slack (MET)                                                        0.32


  Startpoint: node1/mul2_reg[12]
              (rising edge-triggered flip-flop clocked by clk)
  Endpoint: node0/mul3_reg[19]
            (rising edge-triggered flip-flop clocked by clk)
  Path Group: clk
  Path Type: max

  Point                                                   Incr       Path
  --------------------------------------------------------------------------
  clock clk (rise edge)                                   0.00       0.00
  clock network delay (propagated)                        0.06       0.06
  node1/mul2_reg[12]/CP (DFQD1BWP)                        0.00       0.06 r
  node1/mul2_reg[12]/Q (DFQD1BWP)                         0.10       0.16 f
  U12241/ZN (CKND0BWP)                                    0.06 &     0.22 r
  U7584/ZN (CKND2D2BWP)                                   0.06 @     0.28 f
  U11921/ZN (NR2XD1BWP)                                   0.06 @     0.34 r
  U69/ZN (CKND0BWP)                                       0.05 &     0.39 f
  U11920/ZN (NR2D0BWP)                                    0.04 &     0.43 r
  add_0_root_add_204_2/U1_1/CO (FA1D0BWP)                 0.05 &     0.48 r
  add_0_root_add_204_2/U1_2/S (FA1D0BWP)                  0.04 &     0.52 r
  U11771/ZN (IOA21D1BWP)                                  0.05 &     0.58 r
  U179/ZN (INVD1BWP)                                      0.04 &     0.62 f
  U8355/ZN (NR2D0BWP)                                     0.04 &     0.65 r
  node0/mult_133_2/S1_2_0/CO (FA1D0BWP)                   0.08 &     0.73 r
  node0/mult_133_2/S1_3_0/CO (FA1D0BWP)                   0.07 &     0.81 r
  node0/mult_133_2/S1_4_0/CO (FA1D0BWP)                   0.07 &     0.88 r
  node0/mult_133_2/S1_5_0/CO (FA1D0BWP)                   0.07 &     0.94 r
  node0/mult_133_2/S1_6_0/CO (FA1D0BWP)                   0.07 &     1.01 r
  node0/mult_133_2/S1_7_0/CO (FA1D0BWP)                   0.07 &     1.07 r
  node0/mult_133_2/S1_8_0/CO (FA1D0BWP)                   0.07 &     1.14 r
  node0/mult_133_2/S1_9_0/CO (FA1D0BWP)                   0.07 &     1.21 r
  node0/mult_133_2/S1_10_0/CO (FA1D0BWP)                  0.07 &     1.28 r
  node0/mult_133_2/S1_11_0/CO (FA1D0BWP)                  0.07 &     1.35 r
  node0/mult_133_2/S1_12_0/CO (FA1D0BWP)                  0.07 &     1.42 r
  node0/mult_133_2/S1_13_0/CO (FA1D0BWP)                  0.07 &     1.49 r
  node0/mult_133_2/S4_0/CO (FA1D0BWP)                     0.07 &     1.56 r
  U5267/Z (XOR2D0BWP)                                     0.05 &     1.61 f
  U7723/Z (CKAN2D0BWP)                                    0.03 &     1.64 f
  U7605/ZN (NR2D0BWP)                                     0.03 &     1.66 r
  U5263/Z (XOR2D0BWP)                                     0.05 &     1.72 f
  node0/add_1_root_add_0_root_add_133_3/U1_15/CO (FA1D0BWP)
                                                          0.07 &     1.79 f
  node0/add_1_root_add_0_root_add_133_3/U1_16/CO (FA1D0BWP)
                                                          0.04 &     1.83 f
  node0/add_1_root_add_0_root_add_133_3/U1_17/S (FA1D0BWP)
                                                          0.07 &     1.90 r
  node0/add_0_root_add_0_root_add_133_3/U1_17/CO (FA1D0BWP)
                                                          0.07 &     1.97 r
  node0/add_0_root_add_0_root_add_133_3/U1_18/CO (FA1D0BWP)
                                                          0.04 &     2.00 r
  node0/add_0_root_add_0_root_add_133_3/U1_19/S (FA1D0BWP)
                                                          0.06 &     2.06 r
  node0/mul3_reg[19]/D (DFQD1BWP)                         0.00 &     2.06 r
  data arrival time                                                  2.06

  clock clk (rise edge)                                   2.50       2.50
  clock network delay (propagated)                        0.06       2.56
  clock uncertainty                                      -0.15       2.41
  node0/mul3_reg[19]/CP (DFQD1BWP)                        0.00       2.41 r
  library setup time                                     -0.01       2.40
  data required time                                                 2.40
  --------------------------------------------------------------------------
  data required time                                                 2.40
  data arrival time                                                 -2.06
  --------------------------------------------------------------------------
  slack (MET)                                                        0.33


  Startpoint: x1_node0[0]
              (input port clocked by clk)
  Endpoint: node0/mul1_reg[19]
            (rising edge-triggered flip-flop clocked by clk)
  Path Group: clk
  Path Type: max

  Point                                                   Incr       Path
  --------------------------------------------------------------------------
  clock clk (rise edge)                                   0.00       0.00
  clock network delay (ideal)                             0.00       0.00
  input external delay                                    0.25       0.25 r
  x1_node0[0] (in)                                        0.00 @     0.25 r
  U12114/ZN (CKND0BWP)                                    0.01 @     0.26 f
  U12112/ZN (NR2D0BWP)                                    0.03 &     0.29 r
  U639/S (FA1D0BWP)                                       0.06 &     0.35 f
  U641/CO (FA1D0BWP)                                      0.08 &     0.42 f
  U656/S (FA1D0BWP)                                       0.05 &     0.47 r
  U12111/ZN (AOI22D1BWP)                                  0.04 &     0.51 f
  U11770/ZN (IOA21D0BWP)                                  0.03 &     0.54 r
  U174/Z (BUFFD2BWP)                                      0.04 @     0.58 r
  U175/ZN (CKND0BWP)                                      0.05 @     0.64 f
  U8723/ZN (NR2D0BWP)                                     0.04 &     0.68 r
  node0/mult_130_2/S2_2_1/CO (FA1D0BWP)                   0.08 &     0.76 r
  node0/mult_130_2/S2_3_1/CO (FA1D0BWP)                   0.07 &     0.83 r
  node0/mult_130_2/S2_4_1/CO (FA1D0BWP)                   0.07 &     0.90 r
  node0/mult_130_2/S2_5_1/CO (FA1D0BWP)                   0.07 &     0.97 r
  node0/mult_130_2/S2_6_1/CO (FA1D0BWP)                   0.07 &     1.04 r
  node0/mult_130_2/S2_7_1/CO (FA1D0BWP)                   0.07 &     1.11 r
  node0/mult_130_2/S2_8_1/CO (FA1D0BWP)                   0.07 &     1.17 r
  node0/mult_130_2/S2_9_1/CO (FA1D0BWP)                   0.07 &     1.24 r
  node0/mult_130_2/S2_10_1/CO (FA1D0BWP)                  0.07 &     1.31 r
  node0/mult_130_2/S2_11_1/CO (FA1D0BWP)                  0.07 &     1.38 r
  node0/mult_130_2/S2_12_1/CO (FA1D0BWP)                  0.07 &     1.45 r
  node0/mult_130_2/S2_13_1/CO (FA1D0BWP)                  0.07 &     1.51 r
  node0/mult_130_2/S4_1/S (FA1D0BWP)                      0.07 &     1.58 r
  U5092/Z (XOR2D0BWP)                                     0.04 &     1.63 f
  U7721/Z (CKAN2D0BWP)                                    0.03 &     1.66 f
  U7603/ZN (NR2D0BWP)                                     0.02 &     1.68 r
  U5088/Z (XOR2D0BWP)                                     0.05 &     1.73 f
  node0/add_1_root_add_0_root_add_130_3/U1_15/CO (FA1D0BWP)
                                                          0.07 &     1.81 f
  node0/add_1_root_add_0_root_add_130_3/U1_16/CO (FA1D0BWP)
                                                          0.04 &     1.84 f
  node0/add_1_root_add_0_root_add_130_3/U1_17/CO (FA1D0BWP)
                                                          0.04 &     1.88 f
  node0/add_1_root_add_0_root_add_130_3/U1_18/CO (FA1D0BWP)
                                                          0.04 &     1.92 f
  node0/add_1_root_add_0_root_add_130_3/U1_19/S (FA1D0BWP)
                                                          0.07 &     1.99 r
  node0/add_0_root_add_0_root_add_130_3/U1_19/S (FA1D0BWP)
                                                          0.08 &     2.07 r
  node0/mul1_reg[19]/D (DFQD1BWP)                         0.00 &     2.07 r
  data arrival time                                                  2.07

  clock clk (rise edge)                                   2.50       2.50
  clock network delay (propagated)                        0.06       2.56
  clock uncertainty                                      -0.15       2.41
  node0/mul1_reg[19]/CP (DFQD1BWP)                        0.00       2.41 r
  library setup time                                     -0.01       2.40
  data required time                                                 2.40
  --------------------------------------------------------------------------
  data required time                                                 2.40
  data arrival time                                                 -2.07
  --------------------------------------------------------------------------
  slack (MET)                                                        0.34


  Startpoint: x3_node0[0]
              (input port clocked by clk)
  Endpoint: node0/mul4_reg[19]
            (rising edge-triggered flip-flop clocked by clk)
  Path Group: clk
  Path Type: max

  Point                                                   Incr       Path
  --------------------------------------------------------------------------
  clock clk (rise edge)                                   0.00       0.00
  clock network delay (ideal)                             0.00       0.00
  input external delay                                    0.25       0.25 r
  x3_node0[0] (in)                                        0.00 @     0.25 r
  U12128/ZN (CKND0BWP)                                    0.01 @     0.26 f
  U12126/ZN (NR2D0BWP)                                    0.03 &     0.29 r
  U625/S (FA1D0BWP)                                       0.05 &     0.34 f
  U627/CO (FA1D0BWP)                                      0.08 &     0.42 f
  U645/S (FA1D0BWP)                                       0.06 &     0.48 r
  U12125/ZN (AOI22D4BWP)                                  0.03 @     0.51 f
  U11778/ZN (IOA21D1BWP)                                  0.04 @     0.55 r
  U193/ZN (INVD0BWP)                                      0.05 &     0.60 f
  U8489/ZN (NR2D0BWP)                                     0.04 &     0.64 r
  node0/mult_134_4/S1_2_0/CO (FA1D0BWP)                   0.08 &     0.72 r
  node0/mult_134_4/S1_3_0/CO (FA1D0BWP)                   0.07 &     0.79 r
  node0/mult_134_4/S1_4_0/CO (FA1D0BWP)                   0.07 &     0.86 r
  node0/mult_134_4/S1_5_0/CO (FA1D0BWP)                   0.07 &     0.93 r
  node0/mult_134_4/S1_6_0/CO (FA1D0BWP)                   0.07 &     1.00 r
  node0/mult_134_4/S1_7_0/CO (FA1D0BWP)                   0.07 &     1.08 r
  node0/mult_134_4/S1_8_0/CO (FA1D0BWP)                   0.07 &     1.15 r
  node0/mult_134_4/S1_9_0/CO (FA1D0BWP)                   0.07 &     1.21 r
  node0/mult_134_4/S1_10_0/CO (FA1D0BWP)                  0.07 &     1.28 r
  node0/mult_134_4/S1_11_0/CO (FA1D0BWP)                  0.07 &     1.35 r
  node0/mult_134_4/S1_12_0/CO (FA1D0BWP)                  0.07 &     1.42 r
  node0/mult_134_4/S1_13_0/CO (FA1D0BWP)                  0.08 &     1.50 r
  node0/mult_134_4/S4_0/CO (FA1D0BWP)                     0.07 &     1.57 r
  U4881/Z (XOR2D0BWP)                                     0.05 &     1.62 f
  U7752/Z (CKAN2D0BWP)                                    0.03 &     1.66 f
  U7602/ZN (NR2D0BWP)                                     0.03 &     1.68 r
  U4877/Z (XOR2D0BWP)                                     0.05 &     1.74 f
  node0/add_1_root_add_0_root_add_134_3/U1_15/CO (FA1D0BWP)
                                                          0.06 &     1.80 f
  node0/add_1_root_add_0_root_add_134_3/U1_16/CO (FA1D0BWP)
                                                          0.04 &     1.84 f
  node0/add_1_root_add_0_root_add_134_3/U1_17/CO (FA1D0BWP)
                                                          0.04 &     1.88 f
  node0/add_1_root_add_0_root_add_134_3/U1_18/CO (FA1D0BWP)
                                                          0.04 &     1.92 f
  node0/add_1_root_add_0_root_add_134_3/U1_19/S (FA1D0BWP)
                                                          0.06 &     1.98 r
  node0/add_0_root_add_0_root_add_134_3/U1_19/S (FA1D0BWP)
                                                          0.09 &     2.06 r
  node0/mul4_reg[19]/D (DFQD1BWP)                         0.00 &     2.06 r
  data arrival time                                                  2.06

  clock clk (rise edge)                                   2.50       2.50
  clock network delay (propagated)                        0.06       2.56
  clock uncertainty                                      -0.15       2.41
  node0/mul4_reg[19]/CP (DFQD1BWP)                        0.00       2.41 r
  library setup time                                     -0.01       2.40
  data required time                                                 2.40
  --------------------------------------------------------------------------
  data required time                                                 2.40
  data arrival time                                                 -2.06
  --------------------------------------------------------------------------
  slack (MET)                                                        0.34


  Startpoint: node0/mul4_reg[12]
              (rising edge-triggered flip-flop clocked by clk)
  Endpoint: node1/mul4_reg[17]
            (rising edge-triggered flip-flop clocked by clk)
  Path Group: clk
  Path Type: max

  Point                                                   Incr       Path
  --------------------------------------------------------------------------
  clock clk (rise edge)                                   0.00       0.00
  clock network delay (propagated)                        0.06       0.06
  node0/mul4_reg[12]/CP (DFQD1BWP)                        0.00       0.06 r
  node0/mul4_reg[12]/Q (DFQD1BWP)                         0.08       0.14 f
  U12185/ZN (CKND0BWP)                                    0.04 &     0.18 r
  U7580/ZN (ND2D1BWP)                                     0.07 &     0.25 f
  U11884/ZN (NR2D0BWP)                                    0.06 &     0.31 r
  U11250/ZN (CKND0BWP)                                    0.05 &     0.36 f
  U12181/ZN (NR2D0BWP)                                    0.04 &     0.41 r
  add_1_root_add_216_2/U1_1/CO (FA1D0BWP)                 0.05 &     0.45 r
  add_1_root_add_216_2/U1_2/S (FA1D0BWP)                  0.05 &     0.51 f
  add_0_root_add_216_2/U1_2/S (FA1D0BWP)                  0.07 &     0.58 r
  U11808/ZN (IOA21D0BWP)                                  0.05 &     0.62 r
  U194/ZN (CKND0BWP)                                      0.05 &     0.68 f
  U8593/ZN (NR2D0BWP)                                     0.04 &     0.72 r
  node1/mult_134_4/S1_2_0/CO (FA1D0BWP)                   0.08 &     0.80 r
  node1/mult_134_4/S1_3_0/CO (FA1D0BWP)                   0.07 &     0.88 r
  node1/mult_134_4/S1_4_0/CO (FA1D0BWP)                   0.07 &     0.95 r
  node1/mult_134_4/S1_5_0/CO (FA1D0BWP)                   0.07 &     1.02 r
  node1/mult_134_4/S1_6_0/CO (FA1D0BWP)                   0.07 &     1.09 r
  node1/mult_134_4/S1_7_0/CO (FA1D0BWP)                   0.07 &     1.16 r
  node1/mult_134_4/S1_8_0/CO (FA1D0BWP)                   0.07 &     1.23 r
  node1/mult_134_4/S1_9_0/CO (FA1D0BWP)                   0.07 &     1.29 r
  node1/mult_134_4/S1_10_0/CO (FA1D0BWP)                  0.07 &     1.36 r
  node1/mult_134_4/S1_11_0/CO (FA1D0BWP)                  0.07 &     1.43 r
  node1/mult_134_4/S1_12_0/CO (FA1D0BWP)                  0.07 &     1.50 r
  node1/mult_134_4/S1_13_0/CO (FA1D0BWP)                  0.07 &     1.56 r
  node1/mult_134_4/S4_0/CO (FA1D0BWP)                     0.07 &     1.63 r
  U2366/Z (XOR2D0BWP)                                     0.05 &     1.68 f
  U7806/ZN (NR2D0BWP)                                     0.04 &     1.72 r
  U7610/ZN (NR2D0BWP)                                     0.02 &     1.74 f
  U2362/Z (XOR2D0BWP)                                     0.08 &     1.82 r
  node1/add_1_root_add_0_root_add_134_3/U1_15/CO (FA1D0BWP)
                                                          0.08 &     1.90 r
  node1/add_1_root_add_0_root_add_134_3/U1_16/S (FA1D0BWP)
                                                          0.05 &     1.94 f
  node1/add_0_root_add_0_root_add_134_3/U1_16/CO (FA1D0BWP)
                                                          0.06 &     2.00 f
  node1/add_0_root_add_0_root_add_134_3/U1_17/S (FA1D0BWP)
                                                          0.06 &     2.06 r
  node1/mul4_reg[17]/D (DFQD1BWP)                         0.00 &     2.06 r
  data arrival time                                                  2.06

  clock clk (rise edge)                                   2.50       2.50
  clock network delay (propagated)                        0.06       2.56
  clock uncertainty                                      -0.15       2.41
  node1/mul4_reg[17]/CP (DFQD1BWP)                        0.00       2.41 r
  library setup time                                     -0.01       2.40
  data required time                                                 2.40
  --------------------------------------------------------------------------
  data required time                                                 2.40
  data arrival time                                                 -2.06
  --------------------------------------------------------------------------
  slack (MET)                                                        0.34


1
