Information: Propagating switching activity (low effort zero delay simulation). (PWR-6)
Warning: Design has unannotated primary inputs. (PWR-414)
Warning: Design has unannotated sequential cell outputs. (PWR-415)
 
****************************************
Report : power
        -analysis_effort low
Design : top
Version: S-2021.06
Date   : Mon May  2 16:34:12 2022
****************************************


Library(s) Used:

    tcbn45gsbwptc (File: /cae/apps/data/tsmclibs-2013/digital/Front_End/timing_power_noise/NLDM/tcbn45gsbwp_120a/tcbn45gsbwptc.db)


Operating Conditions: NCCOM   Library: tcbn45gsbwptc
Wire Load Model Mode: segmented

Design        Wire Load Model            Library
------------------------------------------------
top                    ZeroWireload      tcbn45gsbwptc


Global Operating Voltage = 0.9  
Power-specific unit information :
    Voltage Units = 1V
    Capacitance Units = 1.000000pf
    Time Units = 1ns
    Dynamic Power Units = 1mW    (derived from V,C,T units)
    Leakage Power Units = 1nW


  Cell Internal Power  =   3.7764 mW   (68%)
  Net Switching Power  =   1.7791 mW   (32%)
                         ---------
Total Dynamic Power    =   5.5555 mW  (100%)

Cell Leakage Power     = 273.2830 uW


                 Internal         Switching           Leakage            Total
Power Group      Power            Power               Power              Power   (   %    )  Attrs
--------------------------------------------------------------------------------------------------
io_pad             0.0000            0.0000            0.0000            0.0000  (   0.00%)
memory             0.0000            0.0000            0.0000            0.0000  (   0.00%)
black_box          0.0000            0.0000            0.0000            0.0000  (   0.00%)
clock_network  1.5597e-02            0.1740          445.2237            0.1900  (   3.26%)
register           0.7349        4.5550e-02        1.9074e+04            0.7996  (  13.72%)
sequential         0.0000            0.0000            0.0000            0.0000  (   0.00%)
combinational      3.0259            1.5596        2.5376e+05            4.8392  (  83.02%)
--------------------------------------------------------------------------------------------------
Total              3.7764 mW         1.7791 mW     2.7328e+05 nW         5.8288 mW
1
