 
****************************************
  Report : Chip Summary
  Design : top
  Version: S-2021.06
  Date   : Mon May  2 16:34:11 2022
****************************************
Std cell utilization: 59.69%  (113030/(189370-0))
(Non-fixed + Fixed)
Std cell utilization: 59.67%  (112940/(189370-90))
(Non-fixed only)
Chip area:            189370   sites, bbox (10.00 10.00 192.84 192.70) um
Std cell area:        113030   sites, (non-fixed:112940 fixed:90)
                      9426     cells, (non-fixed:9421   fixed:5)
Macro cell area:      0        sites
                      0        cells
Placement blockages:  0        sites, (excluding fixed std cells)
                      90       sites, (include fixed std cells & chimney area)
                      0        sites, (complete p/g net blockages)
Routing blockages:    0        sites, (partial p/g net blockages)
                      0        sites, (routing blockages and signal pre-route)
Lib cell count:       93 
Avg. std cell width:  1.53 um 
Site array:           unit     (width: 0.14 um, height: 1.26 um, rows: 145)
Physical DB scale:    1000 db_unit = 1 um 

 
****************************************
  Report : pnet options
  Design : top
  Version: S-2021.06
  Date   : Mon May  2 16:34:11 2022
****************************************


--------------------------------------------------------------------
Layer      Blockage   Min_width   Min_height   Via_additive     Density
--------------------------------------------------------------------
M1         none          ---         ---       via additive      ---
M2         none          ---         ---       via additive      ---
M3         none          ---         ---       via additive      ---
M4         none          ---         ---       via additive      ---
M5         none          ---         ---       via additive      ---
M6         none          ---         ---       via additive      ---
M7         none          ---         ---       via additive      ---
M8         none          ---         ---       via additive      ---
M9         none          ---         ---       via additive      ---
M10        none          ---         ---       via additive      ---
AP         none          ---         ---       via additive      ---

**********************************
      Sub-Region Utilization      
**********************************
Number of regions with placement utilization 0 - 0.125 is 145 (16.67%)
Number of regions with placement utilization 0.125 - 0.25 is 37 (4.25%)
Number of regions with placement utilization 0.25 - 0.375 is 31 (3.56%)
Number of regions with placement utilization 0.375 - 0.5 is 38 (4.37%)
Number of regions with placement utilization 0.5 - 0.625 is 46 (5.29%)
Number of regions with placement utilization 0.625 - 0.75 is 191 (21.95%)
Number of regions with placement utilization 0.75 - 0.875 is 339 (38.97%)
Number of regions with placement utilization 0.875 - 1 is 43 (4.94%)
1
