 
****************************************
Report : area
Design : top
Version: S-2021.06
Date   : Sun May  1 19:09:31 2022
****************************************

Library(s) Used:

    tcbn45gsbwptc (File: /cae/apps/data/tsmclibs-2013/digital/Front_End/timing_power_noise/NLDM/tcbn45gsbwp_120a/tcbn45gsbwptc.db)

Number of ports:                          381
Number of nets:                         11755
Number of cells:                         8982
Number of combinational cells:           8486
Number of sequential cells:               496
Number of macros/black boxes:               0
Number of buf/inv:                        832
Number of references:                      80

Combinational area:              17574.378982
Buf/Inv area:                      785.332826
Noncombinational area:            1625.702415
Macro/Black Box area:                0.000000
Net Interconnect area:      undefined  (Wire load has zero net area)

Total cell area:                 19200.081397
Total area:                 undefined
1
