 
****************************************
  Report : Chip Summary
  Design : top
  Version: S-2021.06
  Date   : Sun May  1 19:09:30 2022
****************************************
Std cell utilization: 59.70%  (108844/(182328-0))
(Non-fixed + Fixed)
Std cell utilization: 59.70%  (108844/(182328-0))
(Non-fixed only)
Chip area:            182328   sites, bbox (10.00 10.00 189.76 188.92) um
Std cell area:        108844   sites, (non-fixed:108844 fixed:0)
                      8982     cells, (non-fixed:8982   fixed:0)
Macro cell area:      0        sites
                      0        cells
Placement blockages:  0        sites, (excluding fixed std cells)
                      0        sites, (include fixed std cells & chimney area)
                      0        sites, (complete p/g net blockages)
Routing blockages:    0        sites, (partial p/g net blockages)
                      0        sites, (routing blockages and signal pre-route)
Lib cell count:       80 
Avg. std cell width:  1.38 um 
Site array:           unit     (width: 0.14 um, height: 1.26 um, rows: 142)
Physical DB scale:    1000 db_unit = 1 um 

 
****************************************
  Report : pnet options
  Design : top
  Version: S-2021.06
  Date   : Sun May  1 19:09:30 2022
****************************************


--------------------------------------------------------------------
Layer      Blockage   Min_width   Min_height   Via_additive     Density
--------------------------------------------------------------------
M1         none          ---         ---       via additive      ---
M2         none          ---         ---       via additive      ---
M3         none          ---         ---       via additive      ---
M4         none          ---         ---       via additive      ---
M5         none          ---         ---       via additive      ---
M6         none          ---         ---       via additive      ---
M7         none          ---         ---       via additive      ---
M8         none          ---         ---       via additive      ---
M9         none          ---         ---       via additive      ---
M10        none          ---         ---       via additive      ---
AP         none          ---         ---       via additive      ---

**********************************
      Sub-Region Utilization      
**********************************
Number of regions with placement utilization 0 - 0.125 is 0 (0.00%)
Number of regions with placement utilization 0.125 - 0.25 is 0 (0.00%)
Number of regions with placement utilization 0.25 - 0.375 is 0 (0.00%)
Number of regions with placement utilization 0.375 - 0.5 is 31 (3.69%)
Number of regions with placement utilization 0.5 - 0.625 is 560 (66.59%)
Number of regions with placement utilization 0.625 - 0.75 is 244 (29.01%)
Number of regions with placement utilization 0.75 - 0.875 is 6 (0.71%)
Number of regions with placement utilization 0.875 - 1 is 0 (0.00%)
1
