Turn off antenna since no rule is specified
Cell Min-Routing-Layer = M1
Cell Max-Routing-Layer = AP
Information: Multiple default contact VIA12_HV found for layer VIA1. (ZRT-021)
Via on layer (VIA1) needs more than one tracks
Warning: Layer M1 pitch 0.140 may be too small: wire/via-down 0.140, wire/via-up 0.170. (ZRT-026)
Via on layer (VIA8) needs more than one tracks
Warning: Layer M8 pitch 0.140 may be too small: wire/via-down 0.140, wire/via-up 0.305. (ZRT-026)
Via on layer (RV) needs more than one tracks
Warning: Layer M10 pitch 0.800 may be too small: wire/via-down 0.800, wire/via-up 2.600. (ZRT-026)


Start checking for open nets ... 

Total number of nets = 11752, of which 0 are not extracted
Total number of open nets = 0, of which 0 are frozen

Check 11752 nets, 0 have Errors

[CHECK OPEN NETS] Elapsed real time: 0:00:00 
[CHECK OPEN NETS] Elapsed cpu  time: sys=0:00:00 usr=0:00:00 total=0:00:00
[CHECK OPEN NETS] Stage (MB): Used    0  Alloctr    0  Proc    0 
[CHECK OPEN NETS] Total (MB): Used  129  Alloctr  130  Proc 2357 
Printing options for 'set_route_zrt_common_options'
-dbin_list_of_nets                                      :	 {}                  
-extraction_mode                                        :	 parallel            
-verbose_level                                          :	 0                   

Printing options for 'set_route_zrt_detail_options'


Begin full DRC check ...

Information: Using 1 threads for routing. (ZRT-444)
Checked	1/16 Partitions, Violations =	0
Checked	2/16 Partitions, Violations =	0
Checked	3/16 Partitions, Violations =	0
Checked	4/16 Partitions, Violations =	0
Checked	5/16 Partitions, Violations =	0
Checked	6/16 Partitions, Violations =	0
Checked	7/16 Partitions, Violations =	0
Checked	8/16 Partitions, Violations =	0
Checked	9/16 Partitions, Violations =	0
Checked	10/16 Partitions, Violations =	0
Checked	11/16 Partitions, Violations =	0
Checked	12/16 Partitions, Violations =	0
Checked	13/16 Partitions, Violations =	0
Checked	14/16 Partitions, Violations =	0
Checked	15/16 Partitions, Violations =	0
Checked	16/16 Partitions, Violations =	0
[DRC CHECK] Elapsed real time: 0:00:03 
[DRC CHECK] Elapsed cpu  time: sys=0:00:00 usr=0:00:03 total=0:00:03
[DRC CHECK] Stage (MB): Used    0  Alloctr    0  Proc    0 
[DRC CHECK] Total (MB): Used  146  Alloctr  147  Proc 2357 
Warning: No antenna rules defined, Skip antenna analysis. (ZRT-309)

DRC-SUMMARY:
	@@@@@@@ TOTAL VIOLATIONS =	0


Total Wire Length =                    147349 micron
Total Number of Contacts =             66847
Total Number of Wires =                54629
Total Number of PtConns =              12819
Total Number of Routed Wires =       54629
Total Routed Wire Length =           144002 micron
Total Number of Routed Contacts =       66847
	Layer             M1 :       1176 micron
	Layer             M2 :      42344 micron
	Layer             M3 :      59712 micron
	Layer             M4 :      32006 micron
	Layer             M5 :      11865 micron
	Layer             M6 :         60 micron
	Layer             M7 :         64 micron
	Layer             M8 :        123 micron
	Layer             M9 :          0 micron
	Layer            M10 :          0 micron
	Layer             AP :          0 micron
	Via            VIA78 :          5
	Via            VIA67 :          6
	Via            VIA56 :         14
	Via            VIA45 :        452
	Via            VIA34 :       3684
	Via            VIA23 :      30871
	Via       VIA23(rot) :          1
	Via            VIA12 :      28001
	Via       VIA12(rot) :          8
	Via         VIA12_HV :       3722
	Via    VIA12_HV(rot) :         68
	Via        VIA12_2x1 :          6
	Via   VIA12(rot)_1x2 :          9

 
Redundant via conversion report:
--------------------------------

  Total optimized via conversion rate =  0.02% (15 / 66847 vias)
 
    Layer VIA1       =  0.05% (15     / 31814   vias)
        Weight 1     =  0.05% (15      vias)
        Un-optimized = 99.95% (31799   vias)
    Layer VIA2       =  0.00% (0      / 30872   vias)
        Un-optimized = 100.00% (30872   vias)
    Layer VIA3       =  0.00% (0      / 3684    vias)
        Un-optimized = 100.00% (3684    vias)
    Layer VIA4       =  0.00% (0      / 452     vias)
        Un-optimized = 100.00% (452     vias)
    Layer VIA5       =  0.00% (0      / 14      vias)
        Un-optimized = 100.00% (14      vias)
    Layer VIA6       =  0.00% (0      / 6       vias)
        Un-optimized = 100.00% (6       vias)
    Layer VIA7       =  0.00% (0      / 5       vias)
        Un-optimized = 100.00% (5       vias)
 
  Total double via conversion rate    =  0.02% (15 / 66847 vias)
 
    Layer VIA1       =  0.05% (15     / 31814   vias)
    Layer VIA2       =  0.00% (0      / 30872   vias)
    Layer VIA3       =  0.00% (0      / 3684    vias)
    Layer VIA4       =  0.00% (0      / 452     vias)
    Layer VIA5       =  0.00% (0      / 14      vias)
    Layer VIA6       =  0.00% (0      / 6       vias)
    Layer VIA7       =  0.00% (0      / 5       vias)
 
  The optimized via conversion rate based on total routed via count =  0.02% (15 / 66847 vias)
 
    Layer VIA1       =  0.05% (15     / 31814   vias)
        Weight 1     =  0.05% (15      vias)
        Un-optimized = 99.95% (31799   vias)
    Layer VIA2       =  0.00% (0      / 30872   vias)
        Un-optimized = 100.00% (30872   vias)
    Layer VIA3       =  0.00% (0      / 3684    vias)
        Un-optimized = 100.00% (3684    vias)
    Layer VIA4       =  0.00% (0      / 452     vias)
        Un-optimized = 100.00% (452     vias)
    Layer VIA5       =  0.00% (0      / 14      vias)
        Un-optimized = 100.00% (14      vias)
    Layer VIA6       =  0.00% (0      / 6       vias)
        Un-optimized = 100.00% (6       vias)
    Layer VIA7       =  0.00% (0      / 5       vias)
        Un-optimized = 100.00% (5       vias)
 


Verify Summary:

Total number of nets = 11752, of which 0 are not extracted
Total number of open nets = 0, of which 0 are frozen
Total number of excluded ports = 0 ports of 0 unplaced cells connected to 0 nets
                                 0 ports without pins of 0 cells connected to 0 nets
                                 0 ports of 0 cover cells connected to 0 non-pg nets
Total number of DRCs = 0
Total number of antenna violations = no antenna rules defined
Total number of voltage-area violations = no voltage-areas defined
Total number of tie to rail violations = not checked
Total number of tie to rail directly violations = not checked

1
