 
****************************************
Report : timing
        -path full
        -delay max
        -max_paths 20
Design : top
Version: S-2021.06
Date   : Sun May  1 19:11:10 2022
****************************************

 * Some/all delay information is back-annotated.

Operating Conditions: NCCOM   Library: tcbn45gsbwptc
	Parasitic source    : LPE
	Parasitic mode      : RealRC
	Extraction mode     : MAX
	Extraction derating : 25/25/25

Information: Percent of Arnoldi-based delays = 19.38%

  Startpoint: node0/out_comp_ready_reg
              (rising edge-triggered flip-flop clocked by clk)
  Endpoint: node1/mul4_reg[20]
            (rising edge-triggered flip-flop clocked by clk)
  Path Group: clk
  Path Type: max

  Point                                                   Incr       Path
  --------------------------------------------------------------------------
  clock clk (rise edge)                                   0.00       0.00
  clock network delay (propagated)                        0.05       0.05
  node0/out_comp_ready_reg/CP (DFCNQD1BWP)                0.00       0.05 r
  node0/out_comp_ready_reg/Q (DFCNQD1BWP)                 0.08       0.13 r
  U1/Z (CKBD1BWP)                                         0.06 @     0.19 r
  U11290/ZN (INR2XD1BWP)                                  0.07 @     0.26 r
  U6005/ZN (ND2D0BWP)                                     0.08 @     0.33 f
  U11292/ZN (NR2D0BWP)                                    0.05 &     0.38 r
  add_1_root_add_208_2/U1_1/S (FA1D0BWP)                  0.06 &     0.44 f
  add_0_root_add_208_2/U1_1/CO (FA1D0BWP)                 0.07 &     0.51 f
  add_0_root_add_208_2/U1_2/S (FA1D0BWP)                  0.06 &     0.57 r
  U10985/ZN (IOA21D1BWP)                                  0.05 &     0.61 r
  U167/ZN (CKND0BWP)                                      0.05 &     0.66 f
  U8095/ZN (NR2D0BWP)                                     0.04 &     0.70 r
  node1/mult_135_4/S2_2_1/CO (FA1D0BWP)                   0.08 &     0.78 r
  node1/mult_135_4/S2_3_1/CO (FA1D0BWP)                   0.07 &     0.85 r
  node1/mult_135_4/S2_4_1/CO (FA1D0BWP)                   0.07 &     0.92 r
  node1/mult_135_4/S2_5_1/CO (FA1D0BWP)                   0.07 &     0.99 r
  node1/mult_135_4/S2_6_1/CO (FA1D0BWP)                   0.07 &     1.06 r
  node1/mult_135_4/S2_7_1/CO (FA1D0BWP)                   0.07 &     1.13 r
  node1/mult_135_4/S2_8_1/CO (FA1D0BWP)                   0.07 &     1.20 r
  node1/mult_135_4/S2_9_1/CO (FA1D0BWP)                   0.07 &     1.27 r
  node1/mult_135_4/S2_10_1/CO (FA1D0BWP)                  0.07 &     1.34 r
  node1/mult_135_4/S2_11_1/CO (FA1D0BWP)                  0.07 &     1.41 r
  node1/mult_135_4/S2_12_1/CO (FA1D0BWP)                  0.07 &     1.47 r
  node1/mult_135_4/S2_13_1/CO (FA1D0BWP)                  0.07 &     1.54 r
  node1/mult_135_4/S4_1/S (FA1D0BWP)                      0.08 &     1.62 r
  U2112/Z (XOR2D0BWP)                                     0.04 &     1.66 f
  U6963/Z (CKAN2D0BWP)                                    0.03 &     1.69 f
  U6800/ZN (NR2D0BWP)                                     0.03 &     1.72 r
  U2108/Z (XOR2D0BWP)                                     0.07 &     1.79 r
  node1/add_1_root_add_0_root_add_135_3/U1_15/S (FA1D0BWP)
                                                          0.09 &     1.88 f
  node1/add_0_root_add_0_root_add_135_3/U1_15/CO (FA1D0BWP)
                                                          0.06 &     1.94 f
  node1/add_0_root_add_0_root_add_135_3/U1_16/CO (FA1D0BWP)
                                                          0.04 &     1.98 f
  node1/add_0_root_add_0_root_add_135_3/U1_17/CO (FA1D0BWP)
                                                          0.04 &     2.02 f
  node1/add_0_root_add_0_root_add_135_3/U1_18/CO (FA1D0BWP)
                                                          0.04 &     2.06 f
  node1/add_0_root_add_0_root_add_135_3/U1_19/CO (FA1D0BWP)
                                                          0.04 &     2.10 f
  node1/add_0_root_add_0_root_add_135_3/U1_20/Z (XOR3D0BWP)
                                                          0.06 &     2.16 r
  node1/mul4_reg[20]/D (DFQD1BWP)                         0.00 &     2.16 r
  data arrival time                                                  2.16

  clock clk (rise edge)                                   2.50       2.50
  clock network delay (propagated)                        0.05       2.55
  clock uncertainty                                      -0.15       2.40
  node1/mul4_reg[20]/CP (DFQD1BWP)                        0.00       2.40 r
  library setup time                                     -0.01       2.40
  data required time                                                 2.40
  --------------------------------------------------------------------------
  data required time                                                 2.40
  data arrival time                                                 -2.16
  --------------------------------------------------------------------------
  slack (MET)                                                        0.24


  Startpoint: node0/out_comp_ready_reg
              (rising edge-triggered flip-flop clocked by clk)
  Endpoint: node1/mul3_reg[20]
            (rising edge-triggered flip-flop clocked by clk)
  Path Group: clk
  Path Type: max

  Point                                                   Incr       Path
  --------------------------------------------------------------------------
  clock clk (rise edge)                                   0.00       0.00
  clock network delay (propagated)                        0.05       0.05
  node0/out_comp_ready_reg/CP (DFCNQD1BWP)                0.00       0.05 r
  node0/out_comp_ready_reg/Q (DFCNQD1BWP)                 0.08       0.13 r
  U1/Z (CKBD1BWP)                                         0.06 @     0.19 r
  U11282/ZN (INR2XD0BWP)                                  0.08 @     0.27 r
  U6019/Z (CKAN2D1BWP)                                    0.07 &     0.34 r
  add_1_root_add_205_2/U1_1/CO (FA1D0BWP)                 0.08 &     0.42 r
  add_1_root_add_205_2/U1_2/S (FA1D0BWP)                  0.05 &     0.47 f
  add_0_root_add_205_2/U1_2/S (FA1D0BWP)                  0.07 &     0.54 r
  U10949/ZN (IOA21D0BWP)                                  0.05 &     0.60 r
  U178/ZN (CKND0BWP)                                      0.05 &     0.65 f
  U7745/ZN (NR2D0BWP)                                     0.04 &     0.69 r
  node1/mult_134/S1_2_0/CO (FA1D0BWP)                     0.08 &     0.77 r
  node1/mult_134/S1_3_0/CO (FA1D0BWP)                     0.07 &     0.84 r
  node1/mult_134/S1_4_0/CO (FA1D0BWP)                     0.07 &     0.91 r
  node1/mult_134/S1_5_0/CO (FA1D0BWP)                     0.07 &     0.98 r
  node1/mult_134/S1_6_0/CO (FA1D0BWP)                     0.07 &     1.05 r
  node1/mult_134/S1_7_0/CO (FA1D0BWP)                     0.07 &     1.12 r
  node1/mult_134/S1_8_0/CO (FA1D0BWP)                     0.07 &     1.19 r
  node1/mult_134/S1_9_0/CO (FA1D0BWP)                     0.07 &     1.26 r
  node1/mult_134/S1_10_0/CO (FA1D0BWP)                    0.07 &     1.32 r
  node1/mult_134/S1_11_0/CO (FA1D0BWP)                    0.07 &     1.39 r
  node1/mult_134/S1_12_0/CO (FA1D0BWP)                    0.07 &     1.46 r
  node1/mult_134/S1_13_0/CO (FA1D0BWP)                    0.07 &     1.52 r
  node1/mult_134/S4_0/S (FA1D0BWP)                        0.08 &     1.60 f
  U2546/ZN (XNR2D0BWP)                                    0.06 &     1.66 r
  U7066/ZN (INR2D0BWP)                                    0.05 &     1.70 r
  U2537/Z (XOR2D0BWP)                                     0.05 &     1.76 f
  node1/add_2_root_add_0_root_add_134_3/U1_15/CO (FA1D0BWP)
                                                          0.08 &     1.83 f
  node1/add_2_root_add_0_root_add_134_3/U1_16/CO (FA1D0BWP)
                                                          0.04 &     1.87 f
  node1/add_2_root_add_0_root_add_134_3/U1_17/S (FA1D0BWP)
                                                          0.07 &     1.95 r
  node1/add_0_root_add_0_root_add_134_3/U1_17/CO (FA1D0BWP)
                                                          0.09 &     2.04 r
  node1/add_0_root_add_0_root_add_134_3/U1_18/CO (FA1D0BWP)
                                                          0.04 &     2.08 r
  node1/add_0_root_add_0_root_add_134_3/U1_19/CO (FA1D0BWP)
                                                          0.04 &     2.12 r
  node1/add_0_root_add_0_root_add_134_3/U1_20/Z (XOR3D0BWP)
                                                          0.04 &     2.16 r
  node1/mul3_reg[20]/D (DFQD1BWP)                         0.00 &     2.16 r
  data arrival time                                                  2.16

  clock clk (rise edge)                                   2.50       2.50
  clock network delay (propagated)                        0.05       2.55
  clock uncertainty                                      -0.15       2.40
  node1/mul3_reg[20]/CP (DFQD1BWP)                        0.00       2.40 r
  library setup time                                      0.00       2.40
  data required time                                                 2.40
  --------------------------------------------------------------------------
  data required time                                                 2.40
  data arrival time                                                 -2.16
  --------------------------------------------------------------------------
  slack (MET)                                                        0.24


  Startpoint: node0/out_comp_ready_reg
              (rising edge-triggered flip-flop clocked by clk)
  Endpoint: node1/mul1_reg[20]
            (rising edge-triggered flip-flop clocked by clk)
  Path Group: clk
  Path Type: max

  Point                                                   Incr       Path
  --------------------------------------------------------------------------
  clock clk (rise edge)                                   0.00       0.00
  clock network delay (propagated)                        0.05       0.05
  node0/out_comp_ready_reg/CP (DFCNQD1BWP)                0.00       0.05 r
  node0/out_comp_ready_reg/Q (DFCNQD1BWP)                 0.08       0.13 r
  U1/Z (CKBD1BWP)                                         0.06 @     0.19 r
  U11290/ZN (INR2XD1BWP)                                  0.07 @     0.26 r
  U6005/ZN (ND2D0BWP)                                     0.08 @     0.33 f
  U11291/ZN (NR2D0BWP)                                    0.05 &     0.38 r
  add_1_root_add_203_2/U1_1/S (FA1D0BWP)                  0.06 &     0.44 f
  add_0_root_add_203_2/U1_1/CO (FA1D0BWP)                 0.07 &     0.51 f
  add_0_root_add_203_2/U1_2/S (FA1D0BWP)                  0.05 &     0.56 r
  U10984/ZN (IOA21D1BWP)                                  0.05 &     0.61 r
  U172/ZN (CKND1BWP)                                      0.04 &     0.65 f
  U7985/ZN (NR2D0BWP)                                     0.03 &     0.68 r
  node1/mult_131_4/S1_2_0/CO (FA1D0BWP)                   0.08 &     0.76 r
  node1/mult_131_4/S1_3_0/CO (FA1D0BWP)                   0.07 &     0.83 r
  node1/mult_131_4/S1_4_0/CO (FA1D0BWP)                   0.08 &     0.91 r
  node1/mult_131_4/S1_5_0/CO (FA1D0BWP)                   0.07 &     0.98 r
  node1/mult_131_4/S1_6_0/CO (FA1D0BWP)                   0.07 &     1.05 r
  node1/mult_131_4/S1_7_0/CO (FA1D0BWP)                   0.07 &     1.12 r
  node1/mult_131_4/S1_8_0/CO (FA1D0BWP)                   0.07 &     1.19 r
  node1/mult_131_4/S1_9_0/CO (FA1D0BWP)                   0.07 &     1.26 r
  node1/mult_131_4/S1_10_0/CO (FA1D0BWP)                  0.07 &     1.33 r
  node1/mult_131_4/S1_11_0/CO (FA1D0BWP)                  0.07 &     1.40 r
  node1/mult_131_4/S1_12_0/CO (FA1D0BWP)                  0.07 &     1.46 r
  node1/mult_131_4/S1_13_0/CO (FA1D0BWP)                  0.07 &     1.53 r
  node1/mult_131_4/S4_0/S (FA1D0BWP)                      0.07 &     1.60 f
  U2979/ZN (XNR2D0BWP)                                    0.06 &     1.66 r
  U7079/ZN (INR2D0BWP)                                    0.04 &     1.70 r
  U6869/ZN (AOI21D0BWP)                                   0.03 &     1.74 f
  U7183/ZN (OAI21D0BWP)                                   0.05 &     1.79 r
  U2958/Z (XOR2D0BWP)                                     0.06 &     1.84 r
  node1/add_1_root_add_0_root_add_131_3/U1_17/CO (FA1D0BWP)
                                                          0.07 &     1.91 r
  node1/add_1_root_add_0_root_add_131_3/U1_18/CO (FA1D0BWP)
                                                          0.04 &     1.95 r
  node1/add_1_root_add_0_root_add_131_3/U1_19/CO (FA1D0BWP)
                                                          0.04 &     1.98 r
  node1/add_1_root_add_0_root_add_131_3/U1_20/Z (XOR3D0BWP)
                                                          0.05 &     2.03 f
  node1/add_0_root_add_0_root_add_131_3/U1_20/Z (XOR3D0BWP)
                                                          0.10 &     2.14 r
  node1/mul1_reg[20]/D (DFQD1BWP)                         0.00 &     2.14 r
  data arrival time                                                  2.14

  clock clk (rise edge)                                   2.50       2.50
  clock network delay (propagated)                        0.06       2.56
  clock uncertainty                                      -0.15       2.41
  node1/mul1_reg[20]/CP (DFQD1BWP)                        0.00       2.41 r
  library setup time                                     -0.01       2.40
  data required time                                                 2.40
  --------------------------------------------------------------------------
  data required time                                                 2.40
  data arrival time                                                 -2.14
  --------------------------------------------------------------------------
  slack (MET)                                                        0.26


  Startpoint: x3_node1[0]
              (input port clocked by clk)
  Endpoint: node0/mul2_reg[20]
            (rising edge-triggered flip-flop clocked by clk)
  Path Group: clk
  Path Type: max

  Point                                                   Incr       Path
  --------------------------------------------------------------------------
  clock clk (rise edge)                                   0.00       0.00
  clock network delay (ideal)                             0.00       0.00
  input external delay                                    0.25       0.25 r
  x3_node1[0] (in)                                        0.00 @     0.25 r
  U11227/ZN (CKND0BWP)                                    0.01 @     0.26 f
  U11221/ZN (NR2D0BWP)                                    0.03 &     0.29 r
  U613/S (FA1D0BWP)                                       0.05 &     0.34 f
  U615/CO (FA1D0BWP)                                      0.08 &     0.42 f
  U634/S (FA1D0BWP)                                       0.06 &     0.48 r
  U11218/ZN (AOI22D4BWP)                                  0.04 @     0.51 f
  U10954/ZN (IOA21D1BWP)                                  0.05 @     0.57 r
  U158/ZN (CKND0BWP)                                      0.05 &     0.62 f
  U7675/ZN (NR2D0BWP)                                     0.04 &     0.66 r
  node0/mult_132_4/S1_2_0/CO (FA1D0BWP)                   0.08 &     0.75 r
  node0/mult_132_4/S1_3_0/CO (FA1D0BWP)                   0.07 &     0.82 r
  node0/mult_132_4/S1_4_0/CO (FA1D0BWP)                   0.07 &     0.89 r
  node0/mult_132_4/S1_5_0/CO (FA1D0BWP)                   0.07 &     0.96 r
  node0/mult_132_4/S1_6_0/CO (FA1D0BWP)                   0.07 &     1.03 r
  node0/mult_132_4/S1_7_0/CO (FA1D0BWP)                   0.07 &     1.10 r
  node0/mult_132_4/S1_8_0/CO (FA1D0BWP)                   0.07 &     1.17 r
  node0/mult_132_4/S1_9_0/CO (FA1D0BWP)                   0.07 &     1.23 r
  node0/mult_132_4/S1_10_0/CO (FA1D0BWP)                  0.07 &     1.30 r
  node0/mult_132_4/S1_11_0/CO (FA1D0BWP)                  0.07 &     1.37 r
  node0/mult_132_4/S1_12_0/CO (FA1D0BWP)                  0.07 &     1.44 r
  node0/mult_132_4/S1_13_0/CO (FA1D0BWP)                  0.07 &     1.51 r
  node0/mult_132_4/S4_0/S (FA1D0BWP)                      0.08 &     1.59 f
  U5077/ZN (XNR2D0BWP)                                    0.06 &     1.65 r
  U5075/ZN (XNR2D0BWP)                                    0.04 &     1.69 f
  node0/add_1_root_add_0_root_add_132_3/U1_14/S (FA1D0BWP)
                                                          0.07 &     1.76 r
  U363/Z (BUFFD1BWP)                                      0.04 &     1.80 r
  node0/add_0_root_add_0_root_add_132_3/U1_14/CO (FA1D0BWP)
                                                          0.08 &     1.88 r
  node0/add_0_root_add_0_root_add_132_3/U1_15/CO (FA1D0BWP)
                                                          0.05 &     1.92 r
  node0/add_0_root_add_0_root_add_132_3/U1_16/CO (FA1D0BWP)
                                                          0.04 &     1.96 r
  node0/add_0_root_add_0_root_add_132_3/U1_17/CO (FA1D0BWP)
                                                          0.06 &     2.02 r
  node0/add_0_root_add_0_root_add_132_3/U1_18/CO (FA1D0BWP)
                                                          0.05 &     2.06 r
  node0/add_0_root_add_0_root_add_132_3/U1_19/CO (FA1D0BWP)
                                                          0.04 &     2.10 r
  node0/add_0_root_add_0_root_add_132_3/U1_20/Z (XOR3D0BWP)
                                                          0.04 &     2.14 r
  node0/mul2_reg[20]/D (DFQD1BWP)                         0.00 &     2.14 r
  data arrival time                                                  2.14

  clock clk (rise edge)                                   2.50       2.50
  clock network delay (propagated)                        0.06       2.56
  clock uncertainty                                      -0.15       2.41
  node0/mul2_reg[20]/CP (DFQD1BWP)                        0.00       2.41 r
  library setup time                                      0.00       2.41
  data required time                                                 2.41
  --------------------------------------------------------------------------
  data required time                                                 2.41
  data arrival time                                                 -2.14
  --------------------------------------------------------------------------
  slack (MET)                                                        0.27


  Startpoint: node0/out_comp_ready_reg
              (rising edge-triggered flip-flop clocked by clk)
  Endpoint: node1/mul4_reg[19]
            (rising edge-triggered flip-flop clocked by clk)
  Path Group: clk
  Path Type: max

  Point                                                   Incr       Path
  --------------------------------------------------------------------------
  clock clk (rise edge)                                   0.00       0.00
  clock network delay (propagated)                        0.05       0.05
  node0/out_comp_ready_reg/CP (DFCNQD1BWP)                0.00       0.05 r
  node0/out_comp_ready_reg/Q (DFCNQD1BWP)                 0.08       0.13 r
  U1/Z (CKBD1BWP)                                         0.06 @     0.19 r
  U11290/ZN (INR2XD1BWP)                                  0.07 @     0.26 r
  U6005/ZN (ND2D0BWP)                                     0.08 @     0.33 f
  U11292/ZN (NR2D0BWP)                                    0.05 &     0.38 r
  add_1_root_add_208_2/U1_1/S (FA1D0BWP)                  0.06 &     0.44 f
  add_0_root_add_208_2/U1_1/CO (FA1D0BWP)                 0.07 &     0.51 f
  add_0_root_add_208_2/U1_2/S (FA1D0BWP)                  0.06 &     0.57 r
  U10985/ZN (IOA21D1BWP)                                  0.05 &     0.61 r
  U167/ZN (CKND0BWP)                                      0.05 &     0.66 f
  U8095/ZN (NR2D0BWP)                                     0.04 &     0.70 r
  node1/mult_135_4/S2_2_1/CO (FA1D0BWP)                   0.08 &     0.78 r
  node1/mult_135_4/S2_3_1/CO (FA1D0BWP)                   0.07 &     0.85 r
  node1/mult_135_4/S2_4_1/CO (FA1D0BWP)                   0.07 &     0.92 r
  node1/mult_135_4/S2_5_1/CO (FA1D0BWP)                   0.07 &     0.99 r
  node1/mult_135_4/S2_6_1/CO (FA1D0BWP)                   0.07 &     1.06 r
  node1/mult_135_4/S2_7_1/CO (FA1D0BWP)                   0.07 &     1.13 r
  node1/mult_135_4/S2_8_1/CO (FA1D0BWP)                   0.07 &     1.20 r
  node1/mult_135_4/S2_9_1/CO (FA1D0BWP)                   0.07 &     1.27 r
  node1/mult_135_4/S2_10_1/CO (FA1D0BWP)                  0.07 &     1.34 r
  node1/mult_135_4/S2_11_1/CO (FA1D0BWP)                  0.07 &     1.41 r
  node1/mult_135_4/S2_12_1/CO (FA1D0BWP)                  0.07 &     1.47 r
  node1/mult_135_4/S2_13_1/CO (FA1D0BWP)                  0.07 &     1.54 r
  node1/mult_135_4/S4_1/S (FA1D0BWP)                      0.08 &     1.62 r
  U2112/Z (XOR2D0BWP)                                     0.04 &     1.66 f
  U6963/Z (CKAN2D0BWP)                                    0.03 &     1.69 f
  U6800/ZN (NR2D0BWP)                                     0.03 &     1.72 r
  U2108/Z (XOR2D0BWP)                                     0.07 &     1.79 r
  node1/add_1_root_add_0_root_add_135_3/U1_15/S (FA1D0BWP)
                                                          0.09 &     1.88 f
  node1/add_0_root_add_0_root_add_135_3/U1_15/CO (FA1D0BWP)
                                                          0.06 &     1.94 f
  node1/add_0_root_add_0_root_add_135_3/U1_16/CO (FA1D0BWP)
                                                          0.04 &     1.98 f
  node1/add_0_root_add_0_root_add_135_3/U1_17/CO (FA1D0BWP)
                                                          0.04 &     2.02 f
  node1/add_0_root_add_0_root_add_135_3/U1_18/CO (FA1D0BWP)
                                                          0.04 &     2.06 f
  node1/add_0_root_add_0_root_add_135_3/U1_19/S (FA1D0BWP)
                                                          0.06 &     2.12 r
  node1/mul4_reg[19]/D (DFQD1BWP)                         0.00 &     2.12 r
  data arrival time                                                  2.12

  clock clk (rise edge)                                   2.50       2.50
  clock network delay (propagated)                        0.05       2.55
  clock uncertainty                                      -0.15       2.40
  node1/mul4_reg[19]/CP (DFQD1BWP)                        0.00       2.40 r
  library setup time                                     -0.01       2.40
  data required time                                                 2.40
  --------------------------------------------------------------------------
  data required time                                                 2.40
  data arrival time                                                 -2.12
  --------------------------------------------------------------------------
  slack (MET)                                                        0.28


  Startpoint: node0/out_comp_ready_reg
              (rising edge-triggered flip-flop clocked by clk)
  Endpoint: node1/mul2_reg[20]
            (rising edge-triggered flip-flop clocked by clk)
  Path Group: clk
  Path Type: max

  Point                                                   Incr       Path
  --------------------------------------------------------------------------
  clock clk (rise edge)                                   0.00       0.00
  clock network delay (propagated)                        0.05       0.05
  node0/out_comp_ready_reg/CP (DFCNQD1BWP)                0.00       0.05 r
  node0/out_comp_ready_reg/Q (DFCNQD1BWP)                 0.08       0.13 r
  U1/Z (CKBD1BWP)                                         0.06 @     0.19 r
  U11290/ZN (INR2XD1BWP)                                  0.07 @     0.26 r
  U6005/ZN (ND2D0BWP)                                     0.08 @     0.33 f
  U11291/ZN (NR2D0BWP)                                    0.05 &     0.38 r
  add_1_root_add_203_2/U1_1/S (FA1D0BWP)                  0.06 &     0.44 f
  add_0_root_add_203_2/U1_1/CO (FA1D0BWP)                 0.07 &     0.51 f
  add_0_root_add_203_2/U1_2/S (FA1D0BWP)                  0.05 &     0.56 r
  U10984/ZN (IOA21D1BWP)                                  0.05 &     0.61 r
  U172/ZN (CKND1BWP)                                      0.04 &     0.65 f
  U8093/ZN (NR2D0BWP)                                     0.04 &     0.68 r
  node1/mult_132_4/S2_2_1/CO (FA1D0BWP)                   0.08 &     0.76 r
  node1/mult_132_4/S2_3_1/CO (FA1D0BWP)                   0.07 &     0.83 r
  node1/mult_132_4/S2_4_1/CO (FA1D0BWP)                   0.07 &     0.90 r
  node1/mult_132_4/S2_5_1/CO (FA1D0BWP)                   0.07 &     0.98 r
  node1/mult_132_4/S2_6_1/CO (FA1D0BWP)                   0.07 &     1.05 r
  node1/mult_132_4/S2_7_1/CO (FA1D0BWP)                   0.08 &     1.12 r
  node1/mult_132_4/S2_8_1/CO (FA1D0BWP)                   0.07 &     1.20 r
  node1/mult_132_4/S2_9_1/CO (FA1D0BWP)                   0.07 &     1.26 r
  node1/mult_132_4/S2_10_1/CO (FA1D0BWP)                  0.07 &     1.33 r
  node1/mult_132_4/S2_11_1/CO (FA1D0BWP)                  0.07 &     1.40 r
  node1/mult_132_4/S2_12_1/CO (FA1D0BWP)                  0.07 &     1.47 r
  node1/mult_132_4/S2_13_1/CO (FA1D0BWP)                  0.07 &     1.54 r
  node1/mult_132_4/S4_1/S (FA1D0BWP)                      0.07 &     1.62 r
  U2617/Z (XOR2D0BWP)                                     0.04 &     1.66 f
  U6995/ZN (NR2D0BWP)                                     0.03 &     1.69 r
  U6799/ZN (NR2D0BWP)                                     0.02 &     1.71 f
  U2613/Z (XOR2D0BWP)                                     0.05 &     1.76 r
  node1/add_1_root_add_0_root_add_132_3/U1_15/CO (FA1D0BWP)
                                                          0.07 &     1.83 r
  node1/add_1_root_add_0_root_add_132_3/U1_16/CO (FA1D0BWP)
                                                          0.04 &     1.87 r
  node1/add_1_root_add_0_root_add_132_3/U1_17/CO (FA1D0BWP)
                                                          0.04 &     1.90 r
  node1/add_1_root_add_0_root_add_132_3/U1_18/CO (FA1D0BWP)
                                                          0.04 &     1.94 r
  node1/add_1_root_add_0_root_add_132_3/U1_19/CO (FA1D0BWP)
                                                          0.04 &     1.98 r
  node1/add_1_root_add_0_root_add_132_3/U1_20/Z (XOR3D0BWP)
                                                          0.05 &     2.03 f
  node1/add_0_root_add_0_root_add_132_3/U1_20/Z (XOR3D0BWP)
                                                          0.09 &     2.12 r
  node1/mul2_reg[20]/D (DFQD1BWP)                         0.00 &     2.12 r
  data arrival time                                                  2.12

  clock clk (rise edge)                                   2.50       2.50
  clock network delay (propagated)                        0.05       2.55
  clock uncertainty                                      -0.15       2.40
  node1/mul2_reg[20]/CP (DFQD1BWP)                        0.00       2.40 r
  library setup time                                     -0.01       2.40
  data required time                                                 2.40
  --------------------------------------------------------------------------
  data required time                                                 2.40
  data arrival time                                                 -2.12
  --------------------------------------------------------------------------
  slack (MET)                                                        0.28


  Startpoint: node0/out_comp_ready_reg
              (rising edge-triggered flip-flop clocked by clk)
  Endpoint: node1/mul3_reg[19]
            (rising edge-triggered flip-flop clocked by clk)
  Path Group: clk
  Path Type: max

  Point                                                   Incr       Path
  --------------------------------------------------------------------------
  clock clk (rise edge)                                   0.00       0.00
  clock network delay (propagated)                        0.05       0.05
  node0/out_comp_ready_reg/CP (DFCNQD1BWP)                0.00       0.05 r
  node0/out_comp_ready_reg/Q (DFCNQD1BWP)                 0.08       0.13 r
  U1/Z (CKBD1BWP)                                         0.06 @     0.19 r
  U11282/ZN (INR2XD0BWP)                                  0.08 @     0.27 r
  U6019/Z (CKAN2D1BWP)                                    0.07 &     0.34 r
  add_1_root_add_205_2/U1_1/CO (FA1D0BWP)                 0.08 &     0.42 r
  add_1_root_add_205_2/U1_2/S (FA1D0BWP)                  0.05 &     0.47 f
  add_0_root_add_205_2/U1_2/S (FA1D0BWP)                  0.07 &     0.54 r
  U10949/ZN (IOA21D0BWP)                                  0.05 &     0.60 r
  U178/ZN (CKND0BWP)                                      0.05 &     0.65 f
  U7745/ZN (NR2D0BWP)                                     0.04 &     0.69 r
  node1/mult_134/S1_2_0/CO (FA1D0BWP)                     0.08 &     0.77 r
  node1/mult_134/S1_3_0/CO (FA1D0BWP)                     0.07 &     0.84 r
  node1/mult_134/S1_4_0/CO (FA1D0BWP)                     0.07 &     0.91 r
  node1/mult_134/S1_5_0/CO (FA1D0BWP)                     0.07 &     0.98 r
  node1/mult_134/S1_6_0/CO (FA1D0BWP)                     0.07 &     1.05 r
  node1/mult_134/S1_7_0/CO (FA1D0BWP)                     0.07 &     1.12 r
  node1/mult_134/S1_8_0/CO (FA1D0BWP)                     0.07 &     1.19 r
  node1/mult_134/S1_9_0/CO (FA1D0BWP)                     0.07 &     1.26 r
  node1/mult_134/S1_10_0/CO (FA1D0BWP)                    0.07 &     1.32 r
  node1/mult_134/S1_11_0/CO (FA1D0BWP)                    0.07 &     1.39 r
  node1/mult_134/S1_12_0/CO (FA1D0BWP)                    0.07 &     1.46 r
  node1/mult_134/S1_13_0/CO (FA1D0BWP)                    0.07 &     1.52 r
  node1/mult_134/S4_0/S (FA1D0BWP)                        0.08 &     1.60 f
  U2546/ZN (XNR2D0BWP)                                    0.06 &     1.66 r
  U7066/ZN (INR2D0BWP)                                    0.05 &     1.70 r
  U2537/Z (XOR2D0BWP)                                     0.05 &     1.76 f
  node1/add_2_root_add_0_root_add_134_3/U1_15/CO (FA1D0BWP)
                                                          0.08 &     1.83 f
  node1/add_2_root_add_0_root_add_134_3/U1_16/CO (FA1D0BWP)
                                                          0.04 &     1.87 f
  node1/add_2_root_add_0_root_add_134_3/U1_17/S (FA1D0BWP)
                                                          0.07 &     1.95 r
  node1/add_0_root_add_0_root_add_134_3/U1_17/CO (FA1D0BWP)
                                                          0.09 &     2.04 r
  node1/add_0_root_add_0_root_add_134_3/U1_18/CO (FA1D0BWP)
                                                          0.04 &     2.08 r
  node1/add_0_root_add_0_root_add_134_3/U1_19/S (FA1D0BWP)
                                                          0.04 &     2.12 r
  node1/mul3_reg[19]/D (DFQD1BWP)                         0.00 &     2.12 r
  data arrival time                                                  2.12

  clock clk (rise edge)                                   2.50       2.50
  clock network delay (propagated)                        0.05       2.55
  clock uncertainty                                      -0.15       2.40
  node1/mul3_reg[19]/CP (DFQD1BWP)                        0.00       2.40 r
  library setup time                                      0.00       2.40
  data required time                                                 2.40
  --------------------------------------------------------------------------
  data required time                                                 2.40
  data arrival time                                                 -2.12
  --------------------------------------------------------------------------
  slack (MET)                                                        0.28


  Startpoint: x0_node0[0]
              (input port clocked by clk)
  Endpoint: node0/mul4_reg[20]
            (rising edge-triggered flip-flop clocked by clk)
  Path Group: clk
  Path Type: max

  Point                                                   Incr       Path
  --------------------------------------------------------------------------
  clock clk (rise edge)                                   0.00       0.00
  clock network delay (ideal)                             0.00       0.00
  input external delay                                    0.25       0.25 r
  x0_node0[0] (in)                                        0.00 @     0.25 r
  U11201/ZN (CKND0BWP)                                    0.01 @     0.26 f
  U11202/ZN (NR2D0BWP)                                    0.03 &     0.29 r
  U618/S (FA1D0BWP)                                       0.06 &     0.35 f
  U620/CO (FA1D0BWP)                                      0.08 &     0.42 f
  U638/S (FA1D0BWP)                                       0.05 &     0.48 r
  U11200/ZN (AOI22D1BWP)                                  0.04 &     0.52 f
  U10942/ZN (IOA21D0BWP)                                  0.05 &     0.56 r
  U147/ZN (CKND1BWP)                                      0.04 &     0.60 f
  U7519/ZN (NR2D0BWP)                                     0.03 &     0.64 r
  node0/mult_135/S1_2_0/CO (FA1D0BWP)                     0.08 &     0.72 r
  node0/mult_135/S1_3_0/CO (FA1D0BWP)                     0.07 &     0.80 r
  node0/mult_135/S1_4_0/CO (FA1D0BWP)                     0.07 &     0.87 r
  node0/mult_135/S1_5_0/CO (FA1D0BWP)                     0.07 &     0.94 r
  node0/mult_135/S1_6_0/CO (FA1D0BWP)                     0.07 &     1.01 r
  node0/mult_135/S1_7_0/CO (FA1D0BWP)                     0.07 &     1.07 r
  node0/mult_135/S1_8_0/CO (FA1D0BWP)                     0.07 &     1.14 r
  node0/mult_135/S1_9_0/CO (FA1D0BWP)                     0.07 &     1.21 r
  node0/mult_135/S1_10_0/CO (FA1D0BWP)                    0.07 &     1.27 r
  node0/mult_135/S1_11_0/CO (FA1D0BWP)                    0.07 &     1.34 r
  node0/mult_135/S1_12_0/CO (FA1D0BWP)                    0.07 &     1.41 r
  node0/mult_135/S1_13_0/CO (FA1D0BWP)                    0.07 &     1.47 r
  node0/mult_135/S4_0/S (FA1D0BWP)                        0.07 &     1.55 f
  U4734/ZN (XNR2D0BWP)                                    0.05 &     1.60 f
  U4732/ZN (XNR2D0BWP)                                    0.07 &     1.67 r
  node0/add_2_root_add_0_root_add_135_3/U1_14/CO (FA1D0BWP)
                                                          0.09 &     1.75 r
  node0/add_2_root_add_0_root_add_135_3/U1_15/S (FA1D0BWP)
                                                          0.07 &     1.82 f
  node0/add_0_root_add_0_root_add_135_3/U1_15/CO (FA1D0BWP)
                                                          0.09 &     1.91 f
  node0/add_0_root_add_0_root_add_135_3/U1_16/CO (FA1D0BWP)
                                                          0.04 &     1.95 f
  node0/add_0_root_add_0_root_add_135_3/U1_17/CO (FA1D0BWP)
                                                          0.04 &     1.98 f
  node0/add_0_root_add_0_root_add_135_3/U1_18/CO (FA1D0BWP)
                                                          0.04 &     2.03 f
  node0/add_0_root_add_0_root_add_135_3/U1_19/CO (FA1D0BWP)
                                                          0.04 &     2.06 f
  node0/add_0_root_add_0_root_add_135_3/U1_20/Z (XOR3D0BWP)
                                                          0.05 &     2.12 r
  node0/mul4_reg[20]/D (DFQD1BWP)                         0.00 &     2.12 r
  data arrival time                                                  2.12

  clock clk (rise edge)                                   2.50       2.50
  clock network delay (propagated)                        0.06       2.56
  clock uncertainty                                      -0.15       2.41
  node0/mul4_reg[20]/CP (DFQD1BWP)                        0.00       2.41 r
  library setup time                                     -0.01       2.40
  data required time                                                 2.40
  --------------------------------------------------------------------------
  data required time                                                 2.40
  data arrival time                                                 -2.12
  --------------------------------------------------------------------------
  slack (MET)                                                        0.28


  Startpoint: x0_node0[0]
              (input port clocked by clk)
  Endpoint: node0/mul3_reg[20]
            (rising edge-triggered flip-flop clocked by clk)
  Path Group: clk
  Path Type: max

  Point                                                   Incr       Path
  --------------------------------------------------------------------------
  clock clk (rise edge)                                   0.00       0.00
  clock network delay (ideal)                             0.00       0.00
  input external delay                                    0.25       0.25 r
  x0_node0[0] (in)                                        0.00 @     0.25 r
  U11201/ZN (CKND0BWP)                                    0.01 @     0.26 f
  U11202/ZN (NR2D0BWP)                                    0.03 &     0.29 r
  U618/S (FA1D0BWP)                                       0.06 &     0.35 f
  U620/CO (FA1D0BWP)                                      0.08 &     0.42 f
  U638/S (FA1D0BWP)                                       0.05 &     0.48 r
  U11200/ZN (AOI22D1BWP)                                  0.04 &     0.52 f
  U10942/ZN (IOA21D0BWP)                                  0.05 &     0.56 r
  U147/ZN (CKND1BWP)                                      0.04 &     0.60 f
  U7517/ZN (NR2D0BWP)                                     0.03 &     0.64 r
  node0/mult_134/S1_2_0/CO (FA1D0BWP)                     0.09 &     0.73 r
  node0/mult_134/S1_3_0/CO (FA1D0BWP)                     0.07 &     0.80 r
  node0/mult_134/S1_4_0/CO (FA1D0BWP)                     0.07 &     0.86 r
  node0/mult_134/S1_5_0/CO (FA1D0BWP)                     0.07 &     0.93 r
  node0/mult_134/S1_6_0/CO (FA1D0BWP)                     0.07 &     1.00 r
  node0/mult_134/S1_7_0/CO (FA1D0BWP)                     0.07 &     1.07 r
  node0/mult_134/S1_8_0/CO (FA1D0BWP)                     0.07 &     1.13 r
  node0/mult_134/S1_9_0/CO (FA1D0BWP)                     0.07 &     1.20 r
  node0/mult_134/S1_10_0/CO (FA1D0BWP)                    0.07 &     1.27 r
  node0/mult_134/S1_11_0/CO (FA1D0BWP)                    0.07 &     1.33 r
  node0/mult_134/S1_12_0/CO (FA1D0BWP)                    0.07 &     1.40 r
  node0/mult_134/S1_13_0/CO (FA1D0BWP)                    0.07 &     1.47 r
  node0/mult_134/S4_0/S (FA1D0BWP)                        0.07 &     1.54 f
  U4994/ZN (XNR2D0BWP)                                    0.06 &     1.60 r
  U7020/ZN (INR2D0BWP)                                    0.04 &     1.64 r
  U6817/ZN (AOI21D0BWP)                                   0.03 &     1.68 f
  U4979/Z (XOR2D0BWP)                                     0.08 &     1.75 r
  node0/add_2_root_add_0_root_add_134_3/U1_16/CO (FA1D0BWP)
                                                          0.08 &     1.84 r
  node0/add_2_root_add_0_root_add_134_3/U1_17/S (FA1D0BWP)
                                                          0.06 &     1.90 f
  node0/add_0_root_add_0_root_add_134_3/U1_17/CO (FA1D0BWP)
                                                          0.08 &     1.98 f
  node0/add_0_root_add_0_root_add_134_3/U1_18/CO (FA1D0BWP)
                                                          0.04 &     2.02 f
  node0/add_0_root_add_0_root_add_134_3/U1_19/CO (FA1D0BWP)
                                                          0.04 &     2.06 f
  node0/add_0_root_add_0_root_add_134_3/U1_20/Z (XOR3D0BWP)
                                                          0.05 &     2.11 r
  node0/mul3_reg[20]/D (DFQD1BWP)                         0.00 &     2.11 r
  data arrival time                                                  2.11

  clock clk (rise edge)                                   2.50       2.50
  clock network delay (propagated)                        0.06       2.56
  clock uncertainty                                      -0.15       2.41
  node0/mul3_reg[20]/CP (DFQD1BWP)                        0.00       2.41 r
  library setup time                                      0.00       2.40
  data required time                                                 2.40
  --------------------------------------------------------------------------
  data required time                                                 2.40
  data arrival time                                                 -2.11
  --------------------------------------------------------------------------
  slack (MET)                                                        0.29


  Startpoint: node0/out_comp_ready_reg
              (rising edge-triggered flip-flop clocked by clk)
  Endpoint: node1/mul1_reg[19]
            (rising edge-triggered flip-flop clocked by clk)
  Path Group: clk
  Path Type: max

  Point                                                   Incr       Path
  --------------------------------------------------------------------------
  clock clk (rise edge)                                   0.00       0.00
  clock network delay (propagated)                        0.05       0.05
  node0/out_comp_ready_reg/CP (DFCNQD1BWP)                0.00       0.05 r
  node0/out_comp_ready_reg/Q (DFCNQD1BWP)                 0.08       0.13 r
  U1/Z (CKBD1BWP)                                         0.06 @     0.19 r
  U11290/ZN (INR2XD1BWP)                                  0.07 @     0.26 r
  U6005/ZN (ND2D0BWP)                                     0.08 @     0.33 f
  U11291/ZN (NR2D0BWP)                                    0.05 &     0.38 r
  add_1_root_add_203_2/U1_1/S (FA1D0BWP)                  0.06 &     0.44 f
  add_0_root_add_203_2/U1_1/CO (FA1D0BWP)                 0.07 &     0.51 f
  add_0_root_add_203_2/U1_2/S (FA1D0BWP)                  0.05 &     0.56 r
  U10984/ZN (IOA21D1BWP)                                  0.05 &     0.61 r
  U172/ZN (CKND1BWP)                                      0.04 &     0.65 f
  U7985/ZN (NR2D0BWP)                                     0.03 &     0.68 r
  node1/mult_131_4/S1_2_0/CO (FA1D0BWP)                   0.08 &     0.76 r
  node1/mult_131_4/S1_3_0/CO (FA1D0BWP)                   0.07 &     0.83 r
  node1/mult_131_4/S1_4_0/CO (FA1D0BWP)                   0.08 &     0.91 r
  node1/mult_131_4/S1_5_0/CO (FA1D0BWP)                   0.07 &     0.98 r
  node1/mult_131_4/S1_6_0/CO (FA1D0BWP)                   0.07 &     1.05 r
  node1/mult_131_4/S1_7_0/CO (FA1D0BWP)                   0.07 &     1.12 r
  node1/mult_131_4/S1_8_0/CO (FA1D0BWP)                   0.07 &     1.19 r
  node1/mult_131_4/S1_9_0/CO (FA1D0BWP)                   0.07 &     1.26 r
  node1/mult_131_4/S1_10_0/CO (FA1D0BWP)                  0.07 &     1.33 r
  node1/mult_131_4/S1_11_0/CO (FA1D0BWP)                  0.07 &     1.40 r
  node1/mult_131_4/S1_12_0/CO (FA1D0BWP)                  0.07 &     1.46 r
  node1/mult_131_4/S1_13_0/CO (FA1D0BWP)                  0.07 &     1.53 r
  node1/mult_131_4/S4_0/S (FA1D0BWP)                      0.07 &     1.60 f
  U2979/ZN (XNR2D0BWP)                                    0.06 &     1.66 r
  U7079/ZN (INR2D0BWP)                                    0.04 &     1.70 r
  U6869/ZN (AOI21D0BWP)                                   0.03 &     1.74 f
  U7183/ZN (OAI21D0BWP)                                   0.05 &     1.79 r
  U2958/Z (XOR2D0BWP)                                     0.06 &     1.84 f
  node1/add_1_root_add_0_root_add_131_3/U1_17/CO (FA1D0BWP)
                                                          0.06 &     1.91 f
  node1/add_1_root_add_0_root_add_131_3/U1_18/CO (FA1D0BWP)
                                                          0.04 &     1.94 f
  node1/add_1_root_add_0_root_add_131_3/U1_19/S (FA1D0BWP)
                                                          0.05 &     2.00 r
  node1/add_0_root_add_0_root_add_131_3/U1_19/S (FA1D0BWP)
                                                          0.10 &     2.09 r
  node1/mul1_reg[19]/D (DFQD1BWP)                         0.00 &     2.09 r
  data arrival time                                                  2.09

  clock clk (rise edge)                                   2.50       2.50
  clock network delay (propagated)                        0.06       2.56
  clock uncertainty                                      -0.15       2.41
  node1/mul1_reg[19]/CP (DFQD1BWP)                        0.00       2.41 r
  library setup time                                     -0.01       2.40
  data required time                                                 2.40
  --------------------------------------------------------------------------
  data required time                                                 2.40
  data arrival time                                                 -2.09
  --------------------------------------------------------------------------
  slack (MET)                                                        0.30


  Startpoint: x3_node1[0]
              (input port clocked by clk)
  Endpoint: node0/mul2_reg[19]
            (rising edge-triggered flip-flop clocked by clk)
  Path Group: clk
  Path Type: max

  Point                                                   Incr       Path
  --------------------------------------------------------------------------
  clock clk (rise edge)                                   0.00       0.00
  clock network delay (ideal)                             0.00       0.00
  input external delay                                    0.25       0.25 r
  x3_node1[0] (in)                                        0.00 @     0.25 r
  U11227/ZN (CKND0BWP)                                    0.01 @     0.26 f
  U11221/ZN (NR2D0BWP)                                    0.03 &     0.29 r
  U613/S (FA1D0BWP)                                       0.05 &     0.34 f
  U615/CO (FA1D0BWP)                                      0.08 &     0.42 f
  U634/S (FA1D0BWP)                                       0.06 &     0.48 r
  U11218/ZN (AOI22D4BWP)                                  0.04 @     0.51 f
  U10954/ZN (IOA21D1BWP)                                  0.05 @     0.57 r
  U158/ZN (CKND0BWP)                                      0.05 &     0.62 f
  U7675/ZN (NR2D0BWP)                                     0.04 &     0.66 r
  node0/mult_132_4/S1_2_0/CO (FA1D0BWP)                   0.08 &     0.75 r
  node0/mult_132_4/S1_3_0/CO (FA1D0BWP)                   0.07 &     0.82 r
  node0/mult_132_4/S1_4_0/CO (FA1D0BWP)                   0.07 &     0.89 r
  node0/mult_132_4/S1_5_0/CO (FA1D0BWP)                   0.07 &     0.96 r
  node0/mult_132_4/S1_6_0/CO (FA1D0BWP)                   0.07 &     1.03 r
  node0/mult_132_4/S1_7_0/CO (FA1D0BWP)                   0.07 &     1.10 r
  node0/mult_132_4/S1_8_0/CO (FA1D0BWP)                   0.07 &     1.17 r
  node0/mult_132_4/S1_9_0/CO (FA1D0BWP)                   0.07 &     1.23 r
  node0/mult_132_4/S1_10_0/CO (FA1D0BWP)                  0.07 &     1.30 r
  node0/mult_132_4/S1_11_0/CO (FA1D0BWP)                  0.07 &     1.37 r
  node0/mult_132_4/S1_12_0/CO (FA1D0BWP)                  0.07 &     1.44 r
  node0/mult_132_4/S1_13_0/CO (FA1D0BWP)                  0.07 &     1.51 r
  node0/mult_132_4/S4_0/S (FA1D0BWP)                      0.08 &     1.59 f
  U5077/ZN (XNR2D0BWP)                                    0.06 &     1.65 r
  U5075/ZN (XNR2D0BWP)                                    0.04 &     1.69 f
  node0/add_1_root_add_0_root_add_132_3/U1_14/S (FA1D0BWP)
                                                          0.07 &     1.76 r
  U363/Z (BUFFD1BWP)                                      0.04 &     1.80 r
  node0/add_0_root_add_0_root_add_132_3/U1_14/CO (FA1D0BWP)
                                                          0.08 &     1.88 r
  node0/add_0_root_add_0_root_add_132_3/U1_15/CO (FA1D0BWP)
                                                          0.05 &     1.92 r
  node0/add_0_root_add_0_root_add_132_3/U1_16/CO (FA1D0BWP)
                                                          0.04 &     1.96 r
  node0/add_0_root_add_0_root_add_132_3/U1_17/CO (FA1D0BWP)
                                                          0.06 &     2.02 r
  node0/add_0_root_add_0_root_add_132_3/U1_18/CO (FA1D0BWP)
                                                          0.05 &     2.06 r
  node0/add_0_root_add_0_root_add_132_3/U1_19/S (FA1D0BWP)
                                                          0.04 &     2.10 r
  node0/mul2_reg[19]/D (DFQD1BWP)                         0.00 &     2.10 r
  data arrival time                                                  2.10

  clock clk (rise edge)                                   2.50       2.50
  clock network delay (propagated)                        0.06       2.56
  clock uncertainty                                      -0.15       2.41
  node0/mul2_reg[19]/CP (DFQD1BWP)                        0.00       2.41 r
  library setup time                                      0.00       2.41
  data required time                                                 2.41
  --------------------------------------------------------------------------
  data required time                                                 2.41
  data arrival time                                                 -2.10
  --------------------------------------------------------------------------
  slack (MET)                                                        0.30


  Startpoint: x0_node0[0]
              (input port clocked by clk)
  Endpoint: node0/mul1_reg[20]
            (rising edge-triggered flip-flop clocked by clk)
  Path Group: clk
  Path Type: max

  Point                                                   Incr       Path
  --------------------------------------------------------------------------
  clock clk (rise edge)                                   0.00       0.00
  clock network delay (ideal)                             0.00       0.00
  input external delay                                    0.25       0.25 r
  x0_node0[0] (in)                                        0.00 @     0.25 r
  U11201/ZN (CKND0BWP)                                    0.01 @     0.26 f
  U11202/ZN (NR2D0BWP)                                    0.03 &     0.29 r
  U618/S (FA1D0BWP)                                       0.06 &     0.35 f
  U620/CO (FA1D0BWP)                                      0.08 &     0.42 f
  U638/S (FA1D0BWP)                                       0.05 &     0.48 r
  U11200/ZN (AOI22D1BWP)                                  0.04 &     0.52 f
  U10941/ZN (IOA21D1BWP)                                  0.05 &     0.56 r
  U161/ZN (CKND0BWP)                                      0.05 &     0.61 f
  U10944/ZN (NR2D0BWP)                                    0.05 &     0.66 r
  node0/mult_131/S1_2_0/CO (FA1D0BWP)                     0.09 &     0.75 r
  node0/mult_131/S1_3_0/CO (FA1D0BWP)                     0.07 &     0.82 r
  node0/mult_131/S1_4_0/CO (FA1D0BWP)                     0.07 &     0.89 r
  node0/mult_131/S1_5_0/CO (FA1D0BWP)                     0.07 &     0.96 r
  node0/mult_131/S1_6_0/CO (FA1D0BWP)                     0.07 &     1.03 r
  node0/mult_131/S1_7_0/CO (FA1D0BWP)                     0.07 &     1.09 r
  node0/mult_131/S1_8_0/CO (FA1D0BWP)                     0.07 &     1.16 r
  node0/mult_131/S1_9_0/CO (FA1D0BWP)                     0.07 &     1.23 r
  node0/mult_131/S1_10_0/CO (FA1D0BWP)                    0.07 &     1.30 r
  node0/mult_131/S1_11_0/CO (FA1D0BWP)                    0.07 &     1.36 r
  node0/mult_131/S1_12_0/CO (FA1D0BWP)                    0.07 &     1.43 r
  node0/mult_131/S1_13_0/CO (FA1D0BWP)                    0.07 &     1.50 r
  node0/mult_131/S4_0/S (FA1D0BWP)                        0.07 &     1.57 f
  U5116/ZN (XNR2D0BWP)                                    0.06 &     1.63 r
  U5114/ZN (XNR2D0BWP)                                    0.05 &     1.68 f
  node0/add_2_root_add_0_root_add_131_3/U1_14/CO (FA1D0BWP)
                                                          0.08 &     1.76 f
  node0/add_2_root_add_0_root_add_131_3/U1_15/S (FA1D0BWP)
                                                          0.05 &     1.81 f
  node0/add_0_root_add_0_root_add_131_3/U1_15/CO (FA1D0BWP)
                                                          0.08 &     1.89 f
  node0/add_0_root_add_0_root_add_131_3/U1_16/CO (FA1D0BWP)
                                                          0.04 &     1.93 f
  node0/add_0_root_add_0_root_add_131_3/U1_17/CO (FA1D0BWP)
                                                          0.04 &     1.97 f
  node0/add_0_root_add_0_root_add_131_3/U1_18/CO (FA1D0BWP)
                                                          0.04 &     2.01 f
  node0/add_0_root_add_0_root_add_131_3/U1_19/CO (FA1D0BWP)
                                                          0.04 &     2.05 f
  node0/add_0_root_add_0_root_add_131_3/U1_20/Z (XOR3D0BWP)
                                                          0.05 &     2.10 r
  node0/mul1_reg[20]/D (DFQD1BWP)                         0.00 &     2.10 r
  data arrival time                                                  2.10

  clock clk (rise edge)                                   2.50       2.50
  clock network delay (propagated)                        0.06       2.56
  clock uncertainty                                      -0.15       2.41
  node0/mul1_reg[20]/CP (DFQD1BWP)                        0.00       2.41 r
  library setup time                                      0.00       2.41
  data required time                                                 2.41
  --------------------------------------------------------------------------
  data required time                                                 2.41
  data arrival time                                                 -2.10
  --------------------------------------------------------------------------
  slack (MET)                                                        0.31


  Startpoint: node0/out_comp_ready_reg
              (rising edge-triggered flip-flop clocked by clk)
  Endpoint: node1/mul2_reg[19]
            (rising edge-triggered flip-flop clocked by clk)
  Path Group: clk
  Path Type: max

  Point                                                   Incr       Path
  --------------------------------------------------------------------------
  clock clk (rise edge)                                   0.00       0.00
  clock network delay (propagated)                        0.05       0.05
  node0/out_comp_ready_reg/CP (DFCNQD1BWP)                0.00       0.05 r
  node0/out_comp_ready_reg/Q (DFCNQD1BWP)                 0.08       0.13 r
  U1/Z (CKBD1BWP)                                         0.06 @     0.19 r
  U11290/ZN (INR2XD1BWP)                                  0.07 @     0.26 r
  U6005/ZN (ND2D0BWP)                                     0.08 @     0.33 f
  U11291/ZN (NR2D0BWP)                                    0.05 &     0.38 r
  add_1_root_add_203_2/U1_1/S (FA1D0BWP)                  0.06 &     0.44 f
  add_0_root_add_203_2/U1_1/CO (FA1D0BWP)                 0.07 &     0.51 f
  add_0_root_add_203_2/U1_2/S (FA1D0BWP)                  0.05 &     0.56 r
  U10984/ZN (IOA21D1BWP)                                  0.05 &     0.61 r
  U172/ZN (CKND1BWP)                                      0.04 &     0.65 f
  U8093/ZN (NR2D0BWP)                                     0.04 &     0.68 r
  node1/mult_132_4/S2_2_1/CO (FA1D0BWP)                   0.08 &     0.76 r
  node1/mult_132_4/S2_3_1/CO (FA1D0BWP)                   0.07 &     0.83 r
  node1/mult_132_4/S2_4_1/CO (FA1D0BWP)                   0.07 &     0.90 r
  node1/mult_132_4/S2_5_1/CO (FA1D0BWP)                   0.07 &     0.98 r
  node1/mult_132_4/S2_6_1/CO (FA1D0BWP)                   0.07 &     1.05 r
  node1/mult_132_4/S2_7_1/CO (FA1D0BWP)                   0.08 &     1.12 r
  node1/mult_132_4/S2_8_1/CO (FA1D0BWP)                   0.07 &     1.20 r
  node1/mult_132_4/S2_9_1/CO (FA1D0BWP)                   0.07 &     1.26 r
  node1/mult_132_4/S2_10_1/CO (FA1D0BWP)                  0.07 &     1.33 r
  node1/mult_132_4/S2_11_1/CO (FA1D0BWP)                  0.07 &     1.40 r
  node1/mult_132_4/S2_12_1/CO (FA1D0BWP)                  0.07 &     1.47 r
  node1/mult_132_4/S2_13_1/CO (FA1D0BWP)                  0.07 &     1.54 r
  node1/mult_132_4/S4_1/S (FA1D0BWP)                      0.07 &     1.62 r
  U2617/Z (XOR2D0BWP)                                     0.04 &     1.66 f
  U6995/ZN (NR2D0BWP)                                     0.03 &     1.69 r
  U6799/ZN (NR2D0BWP)                                     0.02 &     1.71 f
  U2613/Z (XOR2D0BWP)                                     0.05 &     1.76 r
  node1/add_1_root_add_0_root_add_132_3/U1_15/S (FA1D0BWP)
                                                          0.08 &     1.84 f
  node1/add_0_root_add_0_root_add_132_3/U1_15/CO (FA1D0BWP)
                                                          0.06 &     1.90 f
  node1/add_0_root_add_0_root_add_132_3/U1_16/CO (FA1D0BWP)
                                                          0.04 &     1.94 f
  node1/add_0_root_add_0_root_add_132_3/U1_17/CO (FA1D0BWP)
                                                          0.04 &     1.98 f
  node1/add_0_root_add_0_root_add_132_3/U1_18/CO (FA1D0BWP)
                                                          0.04 &     2.02 f
  node1/add_0_root_add_0_root_add_132_3/U1_19/S (FA1D0BWP)
                                                          0.06 &     2.08 r
  node1/mul2_reg[19]/D (DFQD1BWP)                         0.00 &     2.08 r
  data arrival time                                                  2.08

  clock clk (rise edge)                                   2.50       2.50
  clock network delay (propagated)                        0.05       2.55
  clock uncertainty                                      -0.15       2.40
  node1/mul2_reg[19]/CP (DFQD1BWP)                        0.00       2.40 r
  library setup time                                     -0.01       2.40
  data required time                                                 2.40
  --------------------------------------------------------------------------
  data required time                                                 2.40
  data arrival time                                                 -2.08
  --------------------------------------------------------------------------
  slack (MET)                                                        0.31


  Startpoint: x0_node0[0]
              (input port clocked by clk)
  Endpoint: node0/mul3_reg[19]
            (rising edge-triggered flip-flop clocked by clk)
  Path Group: clk
  Path Type: max

  Point                                                   Incr       Path
  --------------------------------------------------------------------------
  clock clk (rise edge)                                   0.00       0.00
  clock network delay (ideal)                             0.00       0.00
  input external delay                                    0.25       0.25 r
  x0_node0[0] (in)                                        0.00 @     0.25 r
  U11201/ZN (CKND0BWP)                                    0.01 @     0.26 f
  U11202/ZN (NR2D0BWP)                                    0.03 &     0.29 r
  U618/S (FA1D0BWP)                                       0.06 &     0.35 f
  U620/CO (FA1D0BWP)                                      0.08 &     0.42 f
  U638/S (FA1D0BWP)                                       0.05 &     0.48 r
  U11200/ZN (AOI22D1BWP)                                  0.04 &     0.52 f
  U10942/ZN (IOA21D0BWP)                                  0.05 &     0.56 r
  U147/ZN (CKND1BWP)                                      0.04 &     0.60 f
  U8193/ZN (NR2D0BWP)                                     0.04 &     0.65 r
  node0/mult_134/S2_2_2/CO (FA1D0BWP)                     0.08 &     0.73 r
  node0/mult_134/S2_3_2/CO (FA1D0BWP)                     0.07 &     0.80 r
  node0/mult_134/S2_4_2/CO (FA1D0BWP)                     0.07 &     0.87 r
  node0/mult_134/S2_5_2/CO (FA1D0BWP)                     0.07 &     0.94 r
  node0/mult_134/S2_6_2/CO (FA1D0BWP)                     0.07 &     1.01 r
  node0/mult_134/S2_7_2/CO (FA1D0BWP)                     0.07 &     1.08 r
  node0/mult_134/S2_8_2/CO (FA1D0BWP)                     0.07 &     1.14 r
  node0/mult_134/S2_9_2/CO (FA1D0BWP)                     0.07 &     1.21 r
  node0/mult_134/S2_10_2/CO (FA1D0BWP)                    0.07 &     1.28 r
  node0/mult_134/S2_11_2/CO (FA1D0BWP)                    0.07 &     1.35 r
  node0/mult_134/S2_12_2/CO (FA1D0BWP)                    0.07 &     1.42 r
  node0/mult_134/S2_13_2/S (FA1D0BWP)                     0.07 &     1.49 f
  node0/mult_134/S4_1/S (FA1D0BWP)                        0.05 &     1.55 r
  U4989/Z (XOR2D0BWP)                                     0.04 &     1.59 f
  U6901/Z (CKAN2D0BWP)                                    0.03 &     1.62 f
  U6787/ZN (NR2D0BWP)                                     0.03 &     1.65 r
  U4985/Z (XOR2D0BWP)                                     0.07 &     1.72 f
  node0/add_2_root_add_0_root_add_134_3/U1_15/CO (FA1D0BWP)
                                                          0.09 &     1.80 f
  node0/add_2_root_add_0_root_add_134_3/U1_16/CO (FA1D0BWP)
                                                          0.04 &     1.84 f
  node0/add_2_root_add_0_root_add_134_3/U1_17/S (FA1D0BWP)
                                                          0.07 &     1.91 r
  node0/add_0_root_add_0_root_add_134_3/U1_17/CO (FA1D0BWP)
                                                          0.08 &     1.99 r
  node0/add_0_root_add_0_root_add_134_3/U1_18/CO (FA1D0BWP)
                                                          0.04 &     2.03 r
  node0/add_0_root_add_0_root_add_134_3/U1_19/S (FA1D0BWP)
                                                          0.05 &     2.08 r
  node0/mul3_reg[19]/D (DFQD1BWP)                         0.00 &     2.08 r
  data arrival time                                                  2.08

  clock clk (rise edge)                                   2.50       2.50
  clock network delay (propagated)                        0.06       2.56
  clock uncertainty                                      -0.15       2.41
  node0/mul3_reg[19]/CP (DFQD1BWP)                        0.00       2.41 r
  library setup time                                     -0.01       2.40
  data required time                                                 2.40
  --------------------------------------------------------------------------
  data required time                                                 2.40
  data arrival time                                                 -2.08
  --------------------------------------------------------------------------
  slack (MET)                                                        0.32


  Startpoint: x0_node0[0]
              (input port clocked by clk)
  Endpoint: node0/mul4_reg[19]
            (rising edge-triggered flip-flop clocked by clk)
  Path Group: clk
  Path Type: max

  Point                                                   Incr       Path
  --------------------------------------------------------------------------
  clock clk (rise edge)                                   0.00       0.00
  clock network delay (ideal)                             0.00       0.00
  input external delay                                    0.25       0.25 r
  x0_node0[0] (in)                                        0.00 @     0.25 r
  U11201/ZN (CKND0BWP)                                    0.01 @     0.26 f
  U11202/ZN (NR2D0BWP)                                    0.03 &     0.29 r
  U618/S (FA1D0BWP)                                       0.06 &     0.35 f
  U620/CO (FA1D0BWP)                                      0.08 &     0.42 f
  U638/S (FA1D0BWP)                                       0.05 &     0.48 r
  U11200/ZN (AOI22D1BWP)                                  0.04 &     0.52 f
  U10942/ZN (IOA21D0BWP)                                  0.05 &     0.56 r
  U147/ZN (CKND1BWP)                                      0.04 &     0.60 f
  U7519/ZN (NR2D0BWP)                                     0.03 &     0.64 r
  node0/mult_135/S1_2_0/CO (FA1D0BWP)                     0.08 &     0.72 r
  node0/mult_135/S1_3_0/CO (FA1D0BWP)                     0.07 &     0.80 r
  node0/mult_135/S1_4_0/CO (FA1D0BWP)                     0.07 &     0.87 r
  node0/mult_135/S1_5_0/CO (FA1D0BWP)                     0.07 &     0.94 r
  node0/mult_135/S1_6_0/CO (FA1D0BWP)                     0.07 &     1.01 r
  node0/mult_135/S1_7_0/CO (FA1D0BWP)                     0.07 &     1.07 r
  node0/mult_135/S1_8_0/CO (FA1D0BWP)                     0.07 &     1.14 r
  node0/mult_135/S1_9_0/CO (FA1D0BWP)                     0.07 &     1.21 r
  node0/mult_135/S1_10_0/CO (FA1D0BWP)                    0.07 &     1.27 r
  node0/mult_135/S1_11_0/CO (FA1D0BWP)                    0.07 &     1.34 r
  node0/mult_135/S1_12_0/CO (FA1D0BWP)                    0.07 &     1.41 r
  node0/mult_135/S1_13_0/CO (FA1D0BWP)                    0.07 &     1.47 r
  node0/mult_135/S4_0/S (FA1D0BWP)                        0.07 &     1.55 f
  U4734/ZN (XNR2D0BWP)                                    0.05 &     1.60 r
  U7021/ZN (INR2D0BWP)                                    0.05 &     1.65 r
  U4725/Z (XOR2D0BWP)                                     0.07 &     1.71 f
  node0/add_2_root_add_0_root_add_135_3/U1_15/CO (FA1D0BWP)
                                                          0.09 &     1.80 f
  node0/add_2_root_add_0_root_add_135_3/U1_16/S (FA1D0BWP)
                                                          0.07 &     1.87 r
  node0/add_0_root_add_0_root_add_135_3/U1_16/CO (FA1D0BWP)
                                                          0.08 &     1.96 r
  node0/add_0_root_add_0_root_add_135_3/U1_17/CO (FA1D0BWP)
                                                          0.04 &     2.00 r
  node0/add_0_root_add_0_root_add_135_3/U1_18/CO (FA1D0BWP)
                                                          0.04 &     2.04 r
  node0/add_0_root_add_0_root_add_135_3/U1_19/S (FA1D0BWP)
                                                          0.04 &     2.08 r
  node0/mul4_reg[19]/D (DFQD1BWP)                         0.00 &     2.08 r
  data arrival time                                                  2.08

  clock clk (rise edge)                                   2.50       2.50
  clock network delay (propagated)                        0.06       2.56
  clock uncertainty                                      -0.15       2.41
  node0/mul4_reg[19]/CP (DFQD1BWP)                        0.00       2.41 r
  library setup time                                      0.00       2.40
  data required time                                                 2.40
  --------------------------------------------------------------------------
  data required time                                                 2.40
  data arrival time                                                 -2.08
  --------------------------------------------------------------------------
  slack (MET)                                                        0.32


  Startpoint: node0/out_comp_ready_reg
              (rising edge-triggered flip-flop clocked by clk)
  Endpoint: node1/mul4_reg[18]
            (rising edge-triggered flip-flop clocked by clk)
  Path Group: clk
  Path Type: max

  Point                                                   Incr       Path
  --------------------------------------------------------------------------
  clock clk (rise edge)                                   0.00       0.00
  clock network delay (propagated)                        0.05       0.05
  node0/out_comp_ready_reg/CP (DFCNQD1BWP)                0.00       0.05 r
  node0/out_comp_ready_reg/Q (DFCNQD1BWP)                 0.08       0.13 r
  U1/Z (CKBD1BWP)                                         0.06 @     0.19 r
  U11290/ZN (INR2XD1BWP)                                  0.07 @     0.26 r
  U6005/ZN (ND2D0BWP)                                     0.08 @     0.33 f
  U11292/ZN (NR2D0BWP)                                    0.05 &     0.38 r
  add_1_root_add_208_2/U1_1/S (FA1D0BWP)                  0.06 &     0.44 f
  add_0_root_add_208_2/U1_1/CO (FA1D0BWP)                 0.07 &     0.51 f
  add_0_root_add_208_2/U1_2/S (FA1D0BWP)                  0.06 &     0.57 r
  U10985/ZN (IOA21D1BWP)                                  0.05 &     0.61 r
  U167/ZN (CKND0BWP)                                      0.05 &     0.66 f
  U8095/ZN (NR2D0BWP)                                     0.04 &     0.70 r
  node1/mult_135_4/S2_2_1/CO (FA1D0BWP)                   0.08 &     0.78 r
  node1/mult_135_4/S2_3_1/CO (FA1D0BWP)                   0.07 &     0.85 r
  node1/mult_135_4/S2_4_1/CO (FA1D0BWP)                   0.07 &     0.92 r
  node1/mult_135_4/S2_5_1/CO (FA1D0BWP)                   0.07 &     0.99 r
  node1/mult_135_4/S2_6_1/CO (FA1D0BWP)                   0.07 &     1.06 r
  node1/mult_135_4/S2_7_1/CO (FA1D0BWP)                   0.07 &     1.13 r
  node1/mult_135_4/S2_8_1/CO (FA1D0BWP)                   0.07 &     1.20 r
  node1/mult_135_4/S2_9_1/CO (FA1D0BWP)                   0.07 &     1.27 r
  node1/mult_135_4/S2_10_1/CO (FA1D0BWP)                  0.07 &     1.34 r
  node1/mult_135_4/S2_11_1/CO (FA1D0BWP)                  0.07 &     1.41 r
  node1/mult_135_4/S2_12_1/CO (FA1D0BWP)                  0.07 &     1.47 r
  node1/mult_135_4/S2_13_1/CO (FA1D0BWP)                  0.07 &     1.54 r
  node1/mult_135_4/S4_1/S (FA1D0BWP)                      0.08 &     1.62 r
  U2112/Z (XOR2D0BWP)                                     0.04 &     1.66 f
  U6963/Z (CKAN2D0BWP)                                    0.03 &     1.69 f
  U6800/ZN (NR2D0BWP)                                     0.03 &     1.72 r
  U2108/Z (XOR2D0BWP)                                     0.07 &     1.79 r
  node1/add_1_root_add_0_root_add_135_3/U1_15/S (FA1D0BWP)
                                                          0.09 &     1.88 f
  node1/add_0_root_add_0_root_add_135_3/U1_15/CO (FA1D0BWP)
                                                          0.06 &     1.94 f
  node1/add_0_root_add_0_root_add_135_3/U1_16/CO (FA1D0BWP)
                                                          0.04 &     1.98 f
  node1/add_0_root_add_0_root_add_135_3/U1_17/CO (FA1D0BWP)
                                                          0.04 &     2.02 f
  node1/add_0_root_add_0_root_add_135_3/U1_18/S (FA1D0BWP)
                                                          0.06 &     2.08 r
  node1/mul4_reg[18]/D (DFQD1BWP)                         0.00 &     2.08 r
  data arrival time                                                  2.08

  clock clk (rise edge)                                   2.50       2.50
  clock network delay (propagated)                        0.05       2.55
  clock uncertainty                                      -0.15       2.40
  node1/mul4_reg[18]/CP (DFQD1BWP)                        0.00       2.40 r
  library setup time                                     -0.01       2.40
  data required time                                                 2.40
  --------------------------------------------------------------------------
  data required time                                                 2.40
  data arrival time                                                 -2.08
  --------------------------------------------------------------------------
  slack (MET)                                                        0.32


  Startpoint: node0/out_comp_ready_reg
              (rising edge-triggered flip-flop clocked by clk)
  Endpoint: node1/mul3_reg[18]
            (rising edge-triggered flip-flop clocked by clk)
  Path Group: clk
  Path Type: max

  Point                                                   Incr       Path
  --------------------------------------------------------------------------
  clock clk (rise edge)                                   0.00       0.00
  clock network delay (propagated)                        0.05       0.05
  node0/out_comp_ready_reg/CP (DFCNQD1BWP)                0.00       0.05 r
  node0/out_comp_ready_reg/Q (DFCNQD1BWP)                 0.08       0.13 r
  U1/Z (CKBD1BWP)                                         0.06 @     0.19 r
  U11282/ZN (INR2XD0BWP)                                  0.08 @     0.27 r
  U6019/Z (CKAN2D1BWP)                                    0.07 &     0.34 r
  add_1_root_add_205_2/U1_1/CO (FA1D0BWP)                 0.08 &     0.42 r
  add_1_root_add_205_2/U1_2/S (FA1D0BWP)                  0.05 &     0.47 f
  add_0_root_add_205_2/U1_2/S (FA1D0BWP)                  0.07 &     0.54 r
  U10949/ZN (IOA21D0BWP)                                  0.05 &     0.60 r
  U178/ZN (CKND0BWP)                                      0.05 &     0.65 f
  U7745/ZN (NR2D0BWP)                                     0.04 &     0.69 r
  node1/mult_134/S1_2_0/CO (FA1D0BWP)                     0.08 &     0.77 r
  node1/mult_134/S1_3_0/CO (FA1D0BWP)                     0.07 &     0.84 r
  node1/mult_134/S1_4_0/CO (FA1D0BWP)                     0.07 &     0.91 r
  node1/mult_134/S1_5_0/CO (FA1D0BWP)                     0.07 &     0.98 r
  node1/mult_134/S1_6_0/CO (FA1D0BWP)                     0.07 &     1.05 r
  node1/mult_134/S1_7_0/CO (FA1D0BWP)                     0.07 &     1.12 r
  node1/mult_134/S1_8_0/CO (FA1D0BWP)                     0.07 &     1.19 r
  node1/mult_134/S1_9_0/CO (FA1D0BWP)                     0.07 &     1.26 r
  node1/mult_134/S1_10_0/CO (FA1D0BWP)                    0.07 &     1.32 r
  node1/mult_134/S1_11_0/CO (FA1D0BWP)                    0.07 &     1.39 r
  node1/mult_134/S1_12_0/CO (FA1D0BWP)                    0.07 &     1.46 r
  node1/mult_134/S1_13_0/CO (FA1D0BWP)                    0.07 &     1.52 r
  node1/mult_134/S4_0/S (FA1D0BWP)                        0.08 &     1.60 f
  U2546/ZN (XNR2D0BWP)                                    0.06 &     1.66 r
  U7066/ZN (INR2D0BWP)                                    0.05 &     1.70 r
  U2537/Z (XOR2D0BWP)                                     0.05 &     1.76 f
  node1/add_2_root_add_0_root_add_134_3/U1_15/CO (FA1D0BWP)
                                                          0.08 &     1.83 f
  node1/add_2_root_add_0_root_add_134_3/U1_16/CO (FA1D0BWP)
                                                          0.04 &     1.87 f
  node1/add_2_root_add_0_root_add_134_3/U1_17/S (FA1D0BWP)
                                                          0.07 &     1.95 r
  node1/add_0_root_add_0_root_add_134_3/U1_17/CO (FA1D0BWP)
                                                          0.09 &     2.04 r
  node1/add_0_root_add_0_root_add_134_3/U1_18/S (FA1D0BWP)
                                                          0.04 &     2.08 r
  node1/mul3_reg[18]/D (DFQD1BWP)                         0.00 &     2.08 r
  data arrival time                                                  2.08

  clock clk (rise edge)                                   2.50       2.50
  clock network delay (propagated)                        0.05       2.55
  clock uncertainty                                      -0.15       2.40
  node1/mul3_reg[18]/CP (DFQD1BWP)                        0.00       2.40 r
  library setup time                                      0.00       2.40
  data required time                                                 2.40
  --------------------------------------------------------------------------
  data required time                                                 2.40
  data arrival time                                                 -2.08
  --------------------------------------------------------------------------
  slack (MET)                                                        0.32


  Startpoint: x3_node1[0]
              (input port clocked by clk)
  Endpoint: node0/mul2_reg[18]
            (rising edge-triggered flip-flop clocked by clk)
  Path Group: clk
  Path Type: max

  Point                                                   Incr       Path
  --------------------------------------------------------------------------
  clock clk (rise edge)                                   0.00       0.00
  clock network delay (ideal)                             0.00       0.00
  input external delay                                    0.25       0.25 r
  x3_node1[0] (in)                                        0.00 @     0.25 r
  U11227/ZN (CKND0BWP)                                    0.01 @     0.26 f
  U11221/ZN (NR2D0BWP)                                    0.03 &     0.29 r
  U613/S (FA1D0BWP)                                       0.05 &     0.34 f
  U615/CO (FA1D0BWP)                                      0.08 &     0.42 f
  U634/S (FA1D0BWP)                                       0.06 &     0.48 r
  U11218/ZN (AOI22D4BWP)                                  0.04 @     0.51 f
  U10954/ZN (IOA21D1BWP)                                  0.05 @     0.57 r
  U158/ZN (CKND0BWP)                                      0.05 &     0.62 f
  U7675/ZN (NR2D0BWP)                                     0.04 &     0.66 r
  node0/mult_132_4/S1_2_0/CO (FA1D0BWP)                   0.08 &     0.75 r
  node0/mult_132_4/S1_3_0/CO (FA1D0BWP)                   0.07 &     0.82 r
  node0/mult_132_4/S1_4_0/CO (FA1D0BWP)                   0.07 &     0.89 r
  node0/mult_132_4/S1_5_0/CO (FA1D0BWP)                   0.07 &     0.96 r
  node0/mult_132_4/S1_6_0/CO (FA1D0BWP)                   0.07 &     1.03 r
  node0/mult_132_4/S1_7_0/CO (FA1D0BWP)                   0.07 &     1.10 r
  node0/mult_132_4/S1_8_0/CO (FA1D0BWP)                   0.07 &     1.17 r
  node0/mult_132_4/S1_9_0/CO (FA1D0BWP)                   0.07 &     1.23 r
  node0/mult_132_4/S1_10_0/CO (FA1D0BWP)                  0.07 &     1.30 r
  node0/mult_132_4/S1_11_0/CO (FA1D0BWP)                  0.07 &     1.37 r
  node0/mult_132_4/S1_12_0/CO (FA1D0BWP)                  0.07 &     1.44 r
  node0/mult_132_4/S1_13_0/CO (FA1D0BWP)                  0.07 &     1.51 r
  node0/mult_132_4/S4_0/S (FA1D0BWP)                      0.08 &     1.59 f
  U5077/ZN (XNR2D0BWP)                                    0.06 &     1.65 r
  U5075/ZN (XNR2D0BWP)                                    0.04 &     1.69 f
  node0/add_1_root_add_0_root_add_132_3/U1_14/S (FA1D0BWP)
                                                          0.07 &     1.76 r
  U363/Z (BUFFD1BWP)                                      0.04 &     1.80 r
  node0/add_0_root_add_0_root_add_132_3/U1_14/CO (FA1D0BWP)
                                                          0.08 &     1.88 r
  node0/add_0_root_add_0_root_add_132_3/U1_15/CO (FA1D0BWP)
                                                          0.05 &     1.92 r
  node0/add_0_root_add_0_root_add_132_3/U1_16/CO (FA1D0BWP)
                                                          0.04 &     1.96 r
  node0/add_0_root_add_0_root_add_132_3/U1_17/CO (FA1D0BWP)
                                                          0.06 &     2.02 r
  node0/add_0_root_add_0_root_add_132_3/U1_18/S (FA1D0BWP)
                                                          0.06 &     2.08 r
  node0/mul2_reg[18]/D (DFQD1BWP)                         0.00 &     2.08 r
  data arrival time                                                  2.08

  clock clk (rise edge)                                   2.50       2.50
  clock network delay (propagated)                        0.06       2.56
  clock uncertainty                                      -0.15       2.41
  node0/mul2_reg[18]/CP (DFQD1BWP)                        0.00       2.41 r
  library setup time                                     -0.01       2.40
  data required time                                                 2.40
  --------------------------------------------------------------------------
  data required time                                                 2.40
  data arrival time                                                 -2.08
  --------------------------------------------------------------------------
  slack (MET)                                                        0.32


  Startpoint: x3_node1[0]
              (input port clocked by clk)
  Endpoint: node0/mul2_reg[17]
            (rising edge-triggered flip-flop clocked by clk)
  Path Group: clk
  Path Type: max

  Point                                                   Incr       Path
  --------------------------------------------------------------------------
  clock clk (rise edge)                                   0.00       0.00
  clock network delay (ideal)                             0.00       0.00
  input external delay                                    0.25       0.25 r
  x3_node1[0] (in)                                        0.00 @     0.25 r
  U11227/ZN (CKND0BWP)                                    0.01 @     0.26 f
  U11221/ZN (NR2D0BWP)                                    0.03 &     0.29 r
  U613/S (FA1D0BWP)                                       0.05 &     0.34 f
  U615/CO (FA1D0BWP)                                      0.08 &     0.42 f
  U634/S (FA1D0BWP)                                       0.06 &     0.48 r
  U11218/ZN (AOI22D4BWP)                                  0.04 @     0.51 f
  U10954/ZN (IOA21D1BWP)                                  0.05 @     0.57 r
  U158/ZN (CKND0BWP)                                      0.05 &     0.62 f
  U7675/ZN (NR2D0BWP)                                     0.04 &     0.66 r
  node0/mult_132_4/S1_2_0/CO (FA1D0BWP)                   0.08 &     0.75 r
  node0/mult_132_4/S1_3_0/CO (FA1D0BWP)                   0.07 &     0.82 r
  node0/mult_132_4/S1_4_0/CO (FA1D0BWP)                   0.07 &     0.89 r
  node0/mult_132_4/S1_5_0/CO (FA1D0BWP)                   0.07 &     0.96 r
  node0/mult_132_4/S1_6_0/CO (FA1D0BWP)                   0.07 &     1.03 r
  node0/mult_132_4/S1_7_0/CO (FA1D0BWP)                   0.07 &     1.10 r
  node0/mult_132_4/S1_8_0/CO (FA1D0BWP)                   0.07 &     1.17 r
  node0/mult_132_4/S1_9_0/CO (FA1D0BWP)                   0.07 &     1.23 r
  node0/mult_132_4/S1_10_0/CO (FA1D0BWP)                  0.07 &     1.30 r
  node0/mult_132_4/S1_11_0/CO (FA1D0BWP)                  0.07 &     1.37 r
  node0/mult_132_4/S1_12_0/CO (FA1D0BWP)                  0.07 &     1.44 r
  node0/mult_132_4/S1_13_0/CO (FA1D0BWP)                  0.07 &     1.51 r
  node0/mult_132_4/S4_0/S (FA1D0BWP)                      0.08 &     1.59 f
  U5077/ZN (XNR2D0BWP)                                    0.06 &     1.65 r
  U5075/ZN (XNR2D0BWP)                                    0.04 &     1.69 f
  node0/add_1_root_add_0_root_add_132_3/U1_14/S (FA1D0BWP)
                                                          0.07 &     1.76 r
  U363/Z (BUFFD1BWP)                                      0.04 &     1.80 r
  node0/add_0_root_add_0_root_add_132_3/U1_14/CO (FA1D0BWP)
                                                          0.08 &     1.88 r
  node0/add_0_root_add_0_root_add_132_3/U1_15/CO (FA1D0BWP)
                                                          0.05 &     1.92 r
  node0/add_0_root_add_0_root_add_132_3/U1_16/CO (FA1D0BWP)
                                                          0.04 &     1.96 r
  node0/add_0_root_add_0_root_add_132_3/U1_17/S (FA1D0BWP)
                                                          0.04 &     2.00 r
  U426/Z (BUFFD2BWP)                                      0.04 @     2.04 r
  node0/mul2_reg[17]/D (DFQD1BWP)                         0.01 @     2.05 r
  data arrival time                                                  2.05

  clock clk (rise edge)                                   2.50       2.50
  clock network delay (propagated)                        0.05       2.55
  clock uncertainty                                      -0.15       2.40
  node0/mul2_reg[17]/CP (DFQD1BWP)                        0.00       2.40 r
  library setup time                                     -0.01       2.39
  data required time                                                 2.39
  --------------------------------------------------------------------------
  data required time                                                 2.39
  data arrival time                                                 -2.05
  --------------------------------------------------------------------------
  slack (MET)                                                        0.34


  Startpoint: node0/out_comp_ready_reg
              (rising edge-triggered flip-flop clocked by clk)
  Endpoint: node1/mul1_reg[18]
            (rising edge-triggered flip-flop clocked by clk)
  Path Group: clk
  Path Type: max

  Point                                                   Incr       Path
  --------------------------------------------------------------------------
  clock clk (rise edge)                                   0.00       0.00
  clock network delay (propagated)                        0.05       0.05
  node0/out_comp_ready_reg/CP (DFCNQD1BWP)                0.00       0.05 r
  node0/out_comp_ready_reg/Q (DFCNQD1BWP)                 0.08       0.13 r
  U1/Z (CKBD1BWP)                                         0.06 @     0.19 r
  U11290/ZN (INR2XD1BWP)                                  0.07 @     0.26 r
  U6005/ZN (ND2D0BWP)                                     0.08 @     0.33 f
  U11291/ZN (NR2D0BWP)                                    0.05 &     0.38 r
  add_1_root_add_203_2/U1_1/S (FA1D0BWP)                  0.06 &     0.44 f
  add_0_root_add_203_2/U1_1/CO (FA1D0BWP)                 0.07 &     0.51 f
  add_0_root_add_203_2/U1_2/S (FA1D0BWP)                  0.05 &     0.56 r
  U10984/ZN (IOA21D1BWP)                                  0.05 &     0.61 r
  U172/ZN (CKND1BWP)                                      0.04 &     0.65 f
  U7985/ZN (NR2D0BWP)                                     0.03 &     0.68 r
  node1/mult_131_4/S1_2_0/CO (FA1D0BWP)                   0.08 &     0.76 r
  node1/mult_131_4/S1_3_0/CO (FA1D0BWP)                   0.07 &     0.83 r
  node1/mult_131_4/S1_4_0/CO (FA1D0BWP)                   0.08 &     0.91 r
  node1/mult_131_4/S1_5_0/CO (FA1D0BWP)                   0.07 &     0.98 r
  node1/mult_131_4/S1_6_0/CO (FA1D0BWP)                   0.07 &     1.05 r
  node1/mult_131_4/S1_7_0/CO (FA1D0BWP)                   0.07 &     1.12 r
  node1/mult_131_4/S1_8_0/CO (FA1D0BWP)                   0.07 &     1.19 r
  node1/mult_131_4/S1_9_0/CO (FA1D0BWP)                   0.07 &     1.26 r
  node1/mult_131_4/S1_10_0/CO (FA1D0BWP)                  0.07 &     1.33 r
  node1/mult_131_4/S1_11_0/CO (FA1D0BWP)                  0.07 &     1.40 r
  node1/mult_131_4/S1_12_0/CO (FA1D0BWP)                  0.07 &     1.46 r
  node1/mult_131_4/S1_13_0/CO (FA1D0BWP)                  0.07 &     1.53 r
  node1/mult_131_4/S4_0/S (FA1D0BWP)                      0.07 &     1.60 f
  U2979/ZN (XNR2D0BWP)                                    0.06 &     1.66 r
  U7079/ZN (INR2D0BWP)                                    0.04 &     1.70 r
  U6869/ZN (AOI21D0BWP)                                   0.03 &     1.74 f
  U7183/ZN (OAI21D0BWP)                                   0.05 &     1.79 r
  U2958/Z (XOR2D0BWP)                                     0.06 &     1.84 r
  node1/add_1_root_add_0_root_add_131_3/U1_17/S (FA1D0BWP)
                                                          0.08 &     1.92 f
  node1/add_0_root_add_0_root_add_131_3/U1_17/CO (FA1D0BWP)
                                                          0.06 &     1.98 f
  node1/add_0_root_add_0_root_add_131_3/U1_18/S (FA1D0BWP)
                                                          0.07 &     2.05 r
  node1/mul1_reg[18]/D (DFQD1BWP)                         0.00 &     2.05 r
  data arrival time                                                  2.05

  clock clk (rise edge)                                   2.50       2.50
  clock network delay (propagated)                        0.06       2.56
  clock uncertainty                                      -0.15       2.41
  node1/mul1_reg[18]/CP (DFQD1BWP)                        0.00       2.41 r
  library setup time                                     -0.01       2.40
  data required time                                                 2.40
  --------------------------------------------------------------------------
  data required time                                                 2.40
  data arrival time                                                 -2.05
  --------------------------------------------------------------------------
  slack (MET)                                                        0.35


1
