 
****************************************
  Report : Chip Summary
  Design : top
  Version: S-2021.06
  Date   : Sun May  1 19:11:09 2022
****************************************
Std cell utilization: 59.82%  (109073/(182328-0))
(Non-fixed + Fixed)
Std cell utilization: 59.80%  (108981/(182328-92))
(Non-fixed only)
Chip area:            182328   sites, bbox (10.00 10.00 189.76 188.92) um
Std cell area:        109073   sites, (non-fixed:108981 fixed:92)
                      8977     cells, (non-fixed:8973   fixed:4)
Macro cell area:      0        sites
                      0        cells
Placement blockages:  0        sites, (excluding fixed std cells)
                      92       sites, (include fixed std cells & chimney area)
                      0        sites, (complete p/g net blockages)
Routing blockages:    0        sites, (partial p/g net blockages)
                      0        sites, (routing blockages and signal pre-route)
Lib cell count:       85 
Avg. std cell width:  1.45 um 
Site array:           unit     (width: 0.14 um, height: 1.26 um, rows: 142)
Physical DB scale:    1000 db_unit = 1 um 

 
****************************************
  Report : pnet options
  Design : top
  Version: S-2021.06
  Date   : Sun May  1 19:11:09 2022
****************************************


--------------------------------------------------------------------
Layer      Blockage   Min_width   Min_height   Via_additive     Density
--------------------------------------------------------------------
M1         none          ---         ---       via additive      ---
M2         none          ---         ---       via additive      ---
M3         none          ---         ---       via additive      ---
M4         none          ---         ---       via additive      ---
M5         none          ---         ---       via additive      ---
M6         none          ---         ---       via additive      ---
M7         none          ---         ---       via additive      ---
M8         none          ---         ---       via additive      ---
M9         none          ---         ---       via additive      ---
M10        none          ---         ---       via additive      ---
AP         none          ---         ---       via additive      ---

**********************************
      Sub-Region Utilization      
**********************************
Number of regions with placement utilization 0 - 0.125 is 142 (16.88%)
Number of regions with placement utilization 0.125 - 0.25 is 34 (4.04%)
Number of regions with placement utilization 0.25 - 0.375 is 31 (3.69%)
Number of regions with placement utilization 0.375 - 0.5 is 29 (3.45%)
Number of regions with placement utilization 0.5 - 0.625 is 53 (6.30%)
Number of regions with placement utilization 0.625 - 0.75 is 218 (25.92%)
Number of regions with placement utilization 0.75 - 0.875 is 300 (35.67%)
Number of regions with placement utilization 0.875 - 1 is 34 (4.04%)
1
