 
****************************************
  Report : Chip Summary
  Design : top
  Version: S-2021.06
  Date   : Fri Apr 29 15:54:50 2022
****************************************
Std cell utilization: 60.42%  (119371/(197580-0))
(Non-fixed + Fixed)
Std cell utilization: 60.40%  (119266/(197580-105))
(Non-fixed only)
Chip area:            197580   sites, bbox (10.00 10.00 196.90 196.48) um
Std cell area:        119371   sites, (non-fixed:119266 fixed:105)
                      9157     cells, (non-fixed:9152   fixed:5)
Macro cell area:      0        sites
                      0        cells
Placement blockages:  0        sites, (excluding fixed std cells)
                      105      sites, (include fixed std cells & chimney area)
                      0        sites, (complete p/g net blockages)
Routing blockages:    0        sites, (partial p/g net blockages)
                      0        sites, (routing blockages and signal pre-route)
Lib cell count:       83 
Avg. std cell width:  1.40 um 
Site array:           unit     (width: 0.14 um, height: 1.26 um, rows: 148)
Physical DB scale:    1000 db_unit = 1 um 

 
****************************************
  Report : pnet options
  Design : top
  Version: S-2021.06
  Date   : Fri Apr 29 15:54:50 2022
****************************************


--------------------------------------------------------------------
Layer      Blockage   Min_width   Min_height   Via_additive     Density
--------------------------------------------------------------------
M1         none          ---         ---       via additive      ---
M2         none          ---         ---       via additive      ---
M3         none          ---         ---       via additive      ---
M4         none          ---         ---       via additive      ---
M5         none          ---         ---       via additive      ---
M6         none          ---         ---       via additive      ---
M7         none          ---         ---       via additive      ---
M8         none          ---         ---       via additive      ---
M9         none          ---         ---       via additive      ---
M10        none          ---         ---       via additive      ---
AP         none          ---         ---       via additive      ---

**********************************
      Sub-Region Utilization      
**********************************
Number of regions with placement utilization 0 - 0.125 is 110 (12.22%)
Number of regions with placement utilization 0.125 - 0.25 is 40 (4.44%)
Number of regions with placement utilization 0.25 - 0.375 is 40 (4.44%)
Number of regions with placement utilization 0.375 - 0.5 is 31 (3.44%)
Number of regions with placement utilization 0.5 - 0.625 is 62 (6.89%)
Number of regions with placement utilization 0.625 - 0.75 is 280 (31.11%)
Number of regions with placement utilization 0.75 - 0.875 is 330 (36.67%)
Number of regions with placement utilization 0.875 - 1 is 7 (0.78%)
1
