Information: Updating graph... (UID-83)
 
****************************************
Report : qor
Design : top
Version: S-2021.06
Date   : Fri Apr 29 15:54:22 2022
****************************************


  Timing Path Group 'clk'
  -----------------------------------
  Levels of Logic:              25.00
  Critical Path Length:          1.46
  Critical Path Slack:           0.00
  Critical Path Clk Period:      1.88
  Total Negative Slack:          0.00
  No. of Violating Paths:        0.00
  Worst Hold Violation:          0.00
  Total Hold Violation:          0.00
  No. of Hold Violations:        0.00
  -----------------------------------


  Cell Count
  -----------------------------------
  Hierarchical Cell Count:          0
  Hierarchical Port Count:          0
  Leaf Cell Count:               9153
  Buf/Inv Cell Count:             984
  Buf Cell Count:                 509
  Inv Cell Count:                 475
  CT Buf/Inv Cell Count:            0
  Combinational Cell Count:      8078
  Sequential Cell Count:         1075
  Macro Count:                      0
  -----------------------------------


  Area
  -----------------------------------
  Combinational Area:    17249.979370
  Noncombinational Area:  3771.079252
  Buf/Inv Area:           1056.812427
  Total Buffer Area:           775.63
  Total Inverter Area:         281.18
  Macro/Black Box Area:      0.000000
  Net Area:                  0.000000
  Net XLength        :       94442.55
  Net YLength        :       85454.84
  -----------------------------------
  Cell Area:             21021.058621
  Design Area:           21021.058621
  Net Length        :       179897.41


  Design Rules
  -----------------------------------
  Total Number of Nets:         11903
  Nets With Violations:             0
  Max Trans Violations:             0
  Max Cap Violations:               0
  -----------------------------------


  Hostname: tux-160

  Compile CPU Statistics
  -----------------------------------------
  Resource Sharing:                    0.00
  Logic Optimization:                  0.00
  Mapping Optimization:               15.58
  -----------------------------------------
  Overall Compile Time:               16.13
  Overall Compile Wall Clock Time:    16.25

  --------------------------------------------------------------------

  Design  WNS: 0.00  TNS: 0.00  Number of Violating Paths: 0


  Design (Hold)  WNS: 0.00  TNS: 0.00  Number of Violating Paths: 0

  --------------------------------------------------------------------


1
