Turn off antenna since no rule is specified
Cell Min-Routing-Layer = M1
Cell Max-Routing-Layer = AP
Information: Multiple default contact VIA12_HV found for layer VIA1. (ZRT-021)
Via on layer (VIA1) needs more than one tracks
Warning: Layer M1 pitch 0.140 may be too small: wire/via-down 0.140, wire/via-up 0.170. (ZRT-026)
Via on layer (VIA8) needs more than one tracks
Warning: Layer M8 pitch 0.140 may be too small: wire/via-down 0.140, wire/via-up 0.305. (ZRT-026)
Via on layer (RV) needs more than one tracks
Warning: Layer M10 pitch 0.800 may be too small: wire/via-down 0.800, wire/via-up 2.600. (ZRT-026)


Start checking for open nets ... 

Total number of nets = 11909, of which 0 are not extracted
Total number of open nets = 0, of which 0 are frozen

Check 11909 nets, 0 have Errors

[CHECK OPEN NETS] Elapsed real time: 0:00:00 
[CHECK OPEN NETS] Elapsed cpu  time: sys=0:00:00 usr=0:00:00 total=0:00:00
[CHECK OPEN NETS] Stage (MB): Used    0  Alloctr    0  Proc    0 
[CHECK OPEN NETS] Total (MB): Used  127  Alloctr  128  Proc 2355 
Printing options for 'set_route_zrt_common_options'

Printing options for 'set_route_zrt_detail_options'


Begin full DRC check ...

Information: Using 1 threads for routing. (ZRT-444)
Checked	1/25 Partitions, Violations =	0
Checked	2/25 Partitions, Violations =	0
Checked	3/25 Partitions, Violations =	0
Checked	4/25 Partitions, Violations =	0
Checked	5/25 Partitions, Violations =	0
Checked	6/25 Partitions, Violations =	0
Checked	7/25 Partitions, Violations =	0
Checked	8/25 Partitions, Violations =	0
Checked	9/25 Partitions, Violations =	0
Checked	10/25 Partitions, Violations =	0
Checked	11/25 Partitions, Violations =	0
Checked	12/25 Partitions, Violations =	0
Checked	13/25 Partitions, Violations =	0
Checked	14/25 Partitions, Violations =	0
Checked	15/25 Partitions, Violations =	0
Checked	16/25 Partitions, Violations =	0
Checked	17/25 Partitions, Violations =	0
Checked	18/25 Partitions, Violations =	0
Checked	19/25 Partitions, Violations =	0
Checked	20/25 Partitions, Violations =	0
Checked	21/25 Partitions, Violations =	0
Checked	22/25 Partitions, Violations =	0
Checked	23/25 Partitions, Violations =	0
Checked	24/25 Partitions, Violations =	0
Checked	25/25 Partitions, Violations =	0
[DRC CHECK] Elapsed real time: 0:00:03 
[DRC CHECK] Elapsed cpu  time: sys=0:00:00 usr=0:00:03 total=0:00:03
[DRC CHECK] Stage (MB): Used    0  Alloctr    0  Proc    0 
[DRC CHECK] Total (MB): Used  145  Alloctr  146  Proc 2355 
Warning: No antenna rules defined, Skip antenna analysis. (ZRT-309)

DRC-SUMMARY:
	@@@@@@@ TOTAL VIOLATIONS =	0


Total Wire Length =                    172802 micron
Total Number of Contacts =             70407
Total Number of Wires =                56971
Total Number of PtConns =              14009
Total Number of Routed Wires =       56971
Total Routed Wire Length =           169108 micron
Total Number of Routed Contacts =       70407
	Layer             M1 :       1392 micron
	Layer             M2 :      46215 micron
	Layer             M3 :      70071 micron
	Layer             M4 :      37851 micron
	Layer             M5 :      15517 micron
	Layer             M6 :        958 micron
	Layer             M7 :          5 micron
	Layer             M8 :         14 micron
	Layer             M9 :        437 micron
	Layer            M10 :        342 micron
	Layer             AP :          0 micron
	Via           VIA910 :         10
	Via            VIA89 :         11
	Via            VIA78 :          2
	Via        VIA78_2x1 :          7
	Via   VIA78(rot)_1x2 :          4
	Via            VIA67 :         13
	Via            VIA56 :         37
	Via            VIA45 :        587
	Via            VIA34 :       4736
	Via            VIA23 :      32390
	Via       VIA23(rot) :          1
	Via            VIA12 :      28705
	Via       VIA12(rot) :          5
	Via         VIA12_HV :       3815
	Via    VIA12_HV(rot) :         71
	Via        VIA12_2x1 :          8
	Via   VIA12(rot)_1x2 :          3
	Via        VIA12_1x2 :          2

 
Redundant via conversion report:
--------------------------------

  Total optimized via conversion rate =  0.03% (24 / 70407 vias)
 
    Layer VIA1       =  0.04% (13     / 32609   vias)
        Weight 1     =  0.04% (13      vias)
        Un-optimized = 99.96% (32596   vias)
    Layer VIA2       =  0.00% (0      / 32391   vias)
        Un-optimized = 100.00% (32391   vias)
    Layer VIA3       =  0.00% (0      / 4736    vias)
        Un-optimized = 100.00% (4736    vias)
    Layer VIA4       =  0.00% (0      / 587     vias)
        Un-optimized = 100.00% (587     vias)
    Layer VIA5       =  0.00% (0      / 37      vias)
        Un-optimized = 100.00% (37      vias)
    Layer VIA6       =  0.00% (0      / 13      vias)
        Un-optimized = 100.00% (13      vias)
    Layer VIA7       = 84.62% (11     / 13      vias)
        Weight 1     = 84.62% (11      vias)
        Un-optimized = 15.38% (2       vias)
    Layer VIA8       =  0.00% (0      / 11      vias)
        Un-optimized = 100.00% (11      vias)
    Layer VIA9       =  0.00% (0      / 10      vias)
        Un-optimized = 100.00% (10      vias)
 
  Total double via conversion rate    =  0.03% (24 / 70407 vias)
 
    Layer VIA1       =  0.04% (13     / 32609   vias)
    Layer VIA2       =  0.00% (0      / 32391   vias)
    Layer VIA3       =  0.00% (0      / 4736    vias)
    Layer VIA4       =  0.00% (0      / 587     vias)
    Layer VIA5       =  0.00% (0      / 37      vias)
    Layer VIA6       =  0.00% (0      / 13      vias)
    Layer VIA7       = 84.62% (11     / 13      vias)
    Layer VIA8       =  0.00% (0      / 11      vias)
    Layer VIA9       =  0.00% (0      / 10      vias)
 
  The optimized via conversion rate based on total routed via count =  0.03% (24 / 70407 vias)
 
    Layer VIA1       =  0.04% (13     / 32609   vias)
        Weight 1     =  0.04% (13      vias)
        Un-optimized = 99.96% (32596   vias)
    Layer VIA2       =  0.00% (0      / 32391   vias)
        Un-optimized = 100.00% (32391   vias)
    Layer VIA3       =  0.00% (0      / 4736    vias)
        Un-optimized = 100.00% (4736    vias)
    Layer VIA4       =  0.00% (0      / 587     vias)
        Un-optimized = 100.00% (587     vias)
    Layer VIA5       =  0.00% (0      / 37      vias)
        Un-optimized = 100.00% (37      vias)
    Layer VIA6       =  0.00% (0      / 13      vias)
        Un-optimized = 100.00% (13      vias)
    Layer VIA7       = 84.62% (11     / 13      vias)
        Weight 1     = 84.62% (11      vias)
        Un-optimized = 15.38% (2       vias)
    Layer VIA8       =  0.00% (0      / 11      vias)
        Un-optimized = 100.00% (11      vias)
    Layer VIA9       =  0.00% (0      / 10      vias)
        Un-optimized = 100.00% (10      vias)
 


Verify Summary:

Total number of nets = 11909, of which 0 are not extracted
Total number of open nets = 0, of which 0 are frozen
Total number of excluded ports = 0 ports of 0 unplaced cells connected to 0 nets
                                 0 ports without pins of 0 cells connected to 0 nets
                                 0 ports of 0 cover cells connected to 0 non-pg nets
Total number of DRCs = 0
Total number of antenna violations = no antenna rules defined
Total number of voltage-area violations = no voltage-areas defined
Total number of tie to rail violations = not checked
Total number of tie to rail directly violations = not checked

1
