****************************************
Report : timing
	-path_type full
	-delay_type max
	-max_paths 1
	-sort_by slack
Design : top
Version: S-2021.06
Date   : Sun May  1 15:25:17 2022
****************************************


  Startpoint: x1_node1[0]
               (input port clocked by clk)
  Endpoint: node0/mul2_reg[17]
               (rising edge-triggered flip-flop clocked by clk)
  Path Group: clk
  Path Type: max

  Point                                                   Incr       Path
  ------------------------------------------------------------------------------
  clock clk (rise edge)                                   0.00       0.00
  clock network delay (ideal)                             0.00       0.00
  input external delay                                    0.25       0.25 r
  x1_node1[0] (in)                                        0.00 +     0.25 r
  U23882/ZN (CKND0BWP)                                    0.01 +     0.26 f
  U23849/ZN (NR2D0BWP)                                    0.03 +     0.29 r
  U54/S (FA1D0BWP)                                        0.06 +     0.35 f
  U56/CO (FA1D2BWP)                                       0.07 +     0.42 f
  U53/S (FA1D0BWP)                                        0.05 +     0.47 r
  U453/Z (CKBD1BWP)                                       0.06 +     0.53 r
  U454/ZN (INVD2BWP)                                      0.06 +     0.58 f
  U21422/ZN (NR2D0BWP)                                    0.04 +     0.62 r
  node0/mult_28_2/S2_2_1/CO (FA1D0BWP)                    0.08 +     0.70 r
  node0/mult_28_2/S2_3_1/CO (FA1D0BWP)                    0.07 +     0.77 r
  node0/mult_28_2/S2_4_1/CO (FA1D0BWP)                    0.07 +     0.84 r
  node0/mult_28_2/S2_5_1/CO (FA1D0BWP)                    0.07 +     0.91 r
  node0/mult_28_2/S4_1/S (FA1D0BWP)                       0.08 +     0.98 r
  U12304/Z (XOR2D0BWP)                                    0.04 +     1.03 f
  U18420/ZN (NR2D0BWP)                                    0.03 +     1.06 r
  U18775/ZN (CKND0BWP)                                    0.02 +     1.08 f
  U18774/ZN (AOI21D0BWP)                                  0.04 +     1.12 r
  U18832/ZN (OAI21D0BWP)                                  0.03 +     1.14 f
  U18859/ZN (AOI21D0BWP)                                  0.03 +     1.18 r
  U18041/ZN (CKND2D0BWP)                                  0.02 +     1.20 f
  U12283/ZN (XNR2D0BWP)                                   0.06 +     1.26 r
  node0/add_2_root_add_28_3/U1_10/CO (FA1D0BWP)           0.07 +     1.33 r
  node0/add_2_root_add_28_3/U1_11/S (FA1D0BWP)            0.05 +     1.38 f
  U1306/Z (BUFFD1BWP)                                     0.05 +     1.43 f
  node0/add_0_root_add_28_3/U1_11/CO (FA1D0BWP)           0.08 +     1.51 f
  node0/add_0_root_add_28_3/U1_12/CO (FA1D0BWP)           0.04 +     1.55 f
  node0/add_0_root_add_28_3/U1_13/CO (FA1D0BWP)           0.04 +     1.59 f
  node0/add_0_root_add_28_3/U1_14/Z (XOR3D0BWP)           0.06 +     1.65 r
  U21262/ZN (INR2XD1BWP)                                  0.05 +     1.70 r
  U18055/Z (AO21D1BWP)                                    0.05 +     1.75 r
  node0/mul2_reg[17]/D (EDFQD1BWP)                        0.00 +     1.76 r
  data arrival time                                                  1.76

  clock clk (rise edge)                                   1.88       1.88
  clock network delay (propagated)                        0.05       1.93
  clock reconvergence pessimism                           0.00       1.93
  clock uncertainty                                      -0.15       1.78
  node0/mul2_reg[17]/CP (EDFQD1BWP)                                  1.78 r
  library setup time                                     -0.04       1.75
  data required time                                                 1.75
  ------------------------------------------------------------------------------
  data required time                                                 1.75
  data arrival time                                                 -1.76
  ------------------------------------------------------------------------------
  slack (VIOLATED)                                                  -0.01


1
