 
****************************************
Report : timing
        -path full
        -delay min
        -max_paths 20
Design : top
Version: S-2021.06
Date   : Thu May  5 22:55:39 2022
****************************************

 * Some/all delay information is back-annotated.

Operating Conditions: NCCOM   Library: tcbn45gsbwptc
	Parasitic source    : LPE
	Parasitic mode      : RealRVirtualC
	Extraction mode     : MAX
	Extraction derating : 25/25/25

Information: Percent of Arnoldi-based delays =  1.49%

  Startpoint: node1/mul3_reg[1]
              (rising edge-triggered flip-flop clocked by clk)
  Endpoint: y6_node1_p3_reg[1]
            (rising edge-triggered flip-flop clocked by clk)
  Path Group: clk
  Path Type: min

  Point                                    Incr       Path
  -----------------------------------------------------------
  clock clk (rise edge)                    0.00       0.00
  clock network delay (propagated)         0.06       0.06
  node1/mul3_reg[1]/CP (DFQD1BWP)          0.00       0.06 r
  node1/mul3_reg[1]/Q (DFQD1BWP)           0.10       0.16 r
  U6821/ZN (CKND2D0BWP)                    0.03 *     0.19 f
  U614/ZN (CKND0BWP)                       0.02 *     0.22 r
  U615/ZN (CKND0BWP)                       0.01 *     0.23 f
  y6_node1_p3_reg[1]/D (DFD1BWP)           0.00 *     0.23 f
  data arrival time                                   0.23

  clock clk (rise edge)                    0.00       0.00
  clock network delay (propagated)         0.06       0.06
  clock uncertainty                        0.15       0.21
  y6_node1_p3_reg[1]/CP (DFD1BWP)          0.00       0.21 r
  library hold time                        0.03       0.23
  data required time                                  0.23
  -----------------------------------------------------------
  data required time                                  0.23
  data arrival time                                  -0.23
  -----------------------------------------------------------
  slack (VIOLATED: increase significant digits)       0.00


  Startpoint: node1/mul3_reg[6]
              (rising edge-triggered flip-flop clocked by clk)
  Endpoint: y6_node1_p3_reg[6]
            (rising edge-triggered flip-flop clocked by clk)
  Path Group: clk
  Path Type: min

  Point                                    Incr       Path
  -----------------------------------------------------------
  clock clk (rise edge)                    0.00       0.00
  clock network delay (propagated)         0.05       0.05
  node1/mul3_reg[6]/CP (DFQD1BWP)          0.00       0.05 r
  node1/mul3_reg[6]/Q (DFQD1BWP)           0.11       0.17 r
  U6890/ZN (ND2D0BWP)                      0.06 *     0.22 f
  y6_node1_p3_reg[6]/D (DFD1BWP)           0.00 *     0.22 f
  data arrival time                                   0.22

  clock clk (rise edge)                    0.00       0.00
  clock network delay (propagated)         0.06       0.06
  clock uncertainty                        0.15       0.21
  y6_node1_p3_reg[6]/CP (DFD1BWP)          0.00       0.21 r
  library hold time                        0.02       0.23
  data required time                                  0.23
  -----------------------------------------------------------
  data required time                                  0.23
  data arrival time                                  -0.22
  -----------------------------------------------------------
  slack (VIOLATED: increase significant digits)       0.00


  Startpoint: node1/mul4_reg[9]
              (rising edge-triggered flip-flop clocked by clk)
  Endpoint: y7_node1_p3_reg[9]
            (rising edge-triggered flip-flop clocked by clk)
  Path Group: clk
  Path Type: min

  Point                                    Incr       Path
  -----------------------------------------------------------
  clock clk (rise edge)                    0.00       0.00
  clock network delay (propagated)         0.05       0.05
  node1/mul4_reg[9]/CP (DFQD1BWP)          0.00       0.05 r
  node1/mul4_reg[9]/Q (DFQD1BWP)           0.10       0.15 r
  U6947/ZN (CKND2D2BWP)                    0.05 *     0.20 f
  U668/ZN (CKND0BWP)                       0.03 *     0.22 r
  U669/ZN (CKND0BWP)                       0.01 *     0.24 f
  y7_node1_p3_reg[9]/D (DFD1BWP)           0.00 *     0.24 f
  data arrival time                                   0.24

  clock clk (rise edge)                    0.00       0.00
  clock network delay (propagated)         0.06       0.06
  clock uncertainty                        0.15       0.21
  y7_node1_p3_reg[9]/CP (DFD1BWP)          0.00       0.21 r
  library hold time                        0.03       0.24
  data required time                                  0.24
  -----------------------------------------------------------
  data required time                                  0.24
  data arrival time                                  -0.24
  -----------------------------------------------------------
  slack (VIOLATED: increase significant digits)       0.00


  Startpoint: node1/mul4_reg[7]
              (rising edge-triggered flip-flop clocked by clk)
  Endpoint: y7_node1_p3_reg[7]
            (rising edge-triggered flip-flop clocked by clk)
  Path Group: clk
  Path Type: min

  Point                                    Incr       Path
  -----------------------------------------------------------
  clock clk (rise edge)                    0.00       0.00
  clock network delay (propagated)         0.05       0.05
  node1/mul4_reg[7]/CP (DFQD1BWP)          0.00       0.05 r
  node1/mul4_reg[7]/Q (DFQD1BWP)           0.10       0.15 r
  U6915/ZN (CKND2D2BWP)                    0.05 *     0.20 f
  U551/ZN (CKND0BWP)                       0.02 *     0.23 r
  U552/ZN (CKND0BWP)                       0.01 *     0.24 f
  y7_node1_p3_reg[7]/D (DFD1BWP)           0.00 *     0.24 f
  data arrival time                                   0.24

  clock clk (rise edge)                    0.00       0.00
  clock network delay (propagated)         0.06       0.06
  clock uncertainty                        0.15       0.21
  y7_node1_p3_reg[7]/CP (DFD1BWP)          0.00       0.21 r
  library hold time                        0.03       0.24
  data required time                                  0.24
  -----------------------------------------------------------
  data required time                                  0.24
  data arrival time                                  -0.24
  -----------------------------------------------------------
  slack (VIOLATED: increase significant digits)       0.00


  Startpoint: node1/mul4_reg[2]
              (rising edge-triggered flip-flop clocked by clk)
  Endpoint: y7_node1_p3_reg[2]
            (rising edge-triggered flip-flop clocked by clk)
  Path Group: clk
  Path Type: min

  Point                                    Incr       Path
  -----------------------------------------------------------
  clock clk (rise edge)                    0.00       0.00
  clock network delay (propagated)         0.05       0.05
  node1/mul4_reg[2]/CP (DFQD1BWP)          0.00       0.05 r
  node1/mul4_reg[2]/Q (DFQD1BWP)           0.10       0.15 r
  U6607/ZN (CKND2D1BWP)                    0.05 *     0.20 f
  U408/Z (CKBD0BWP)                        0.04 *     0.24 f
  y7_node1_p3_reg[2]/D (DFD1BWP)           0.00 *     0.24 f
  data arrival time                                   0.24

  clock clk (rise edge)                    0.00       0.00
  clock network delay (propagated)         0.06       0.06
  clock uncertainty                        0.15       0.21
  y7_node1_p3_reg[2]/CP (DFD1BWP)          0.00       0.21 r
  library hold time                        0.03       0.24
  data required time                                  0.24
  -----------------------------------------------------------
  data required time                                  0.24
  data arrival time                                  -0.24
  -----------------------------------------------------------
  slack (VIOLATED: increase significant digits)       0.00


  Startpoint: node1/out0_n1_reg[1]
              (falling edge-triggered flip-flop clocked by clk)
  Endpoint: node1/out0_n1_reg[1]
            (falling edge-triggered flip-flop clocked by clk)
  Path Group: clk
  Path Type: min

  Point                                    Incr       Path
  -----------------------------------------------------------
  clock clk (fall edge)                    1.11       1.11
  clock network delay (propagated)         0.05       1.16
  node1/out0_n1_reg[1]/CPN (DFND1BWP)      0.00       1.16 f
  node1/out0_n1_reg[1]/QN (DFND1BWP)       0.11       1.28 f
  U12300/ZN (IOA22D0BWP)                   0.05 *     1.32 r
  U690/Z (CKBD1BWP)                        0.02 *     1.34 r
  node1/out0_n1_reg[1]/D (DFND1BWP)        0.00 *     1.34 r
  data arrival time                                   1.34

  clock clk (fall edge)                    1.11       1.11
  clock network delay (propagated)         0.05       1.16
  clock uncertainty                        0.15       1.31
  node1/out0_n1_reg[1]/CPN (DFND1BWP)      0.00       1.31 f
  library hold time                        0.03       1.35
  data required time                                  1.35
  -----------------------------------------------------------
  data required time                                  1.35
  data arrival time                                  -1.34
  -----------------------------------------------------------
  slack (VIOLATED: increase significant digits)       0.00


  Startpoint: node1/out1_n0_reg[4]
              (falling edge-triggered flip-flop clocked by clk)
  Endpoint: node1/out1_n0_reg[4]
            (falling edge-triggered flip-flop clocked by clk)
  Path Group: clk
  Path Type: min

  Point                                    Incr       Path
  -----------------------------------------------------------
  clock clk (fall edge)                    1.11       1.11
  clock network delay (propagated)         0.06       1.17
  node1/out1_n0_reg[4]/CPN (DFND1BWP)      0.00       1.17 f
  node1/out1_n0_reg[4]/QN (DFND1BWP)       0.11       1.28 f
  U440/ZN (CKND0BWP)                       0.02 *     1.30 r
  U441/ZN (CKND0BWP)                       0.01 *     1.31 f
  U12314/ZN (IOA22D0BWP)                   0.03 *     1.34 r
  U686/Z (CKBD1BWP)                        0.02 *     1.35 r
  node1/out1_n0_reg[4]/D (DFND1BWP)        0.00 *     1.35 r
  data arrival time                                   1.35

  clock clk (fall edge)                    1.11       1.11
  clock network delay (propagated)         0.06       1.17
  clock uncertainty                        0.15       1.32
  node1/out1_n0_reg[4]/CPN (DFND1BWP)      0.00       1.32 f
  library hold time                        0.03       1.35
  data required time                                  1.35
  -----------------------------------------------------------
  data required time                                  1.35
  data arrival time                                  -1.35
  -----------------------------------------------------------
  slack (VIOLATED: increase significant digits)       0.00


  Startpoint: node1/mul3_reg[3]
              (rising edge-triggered flip-flop clocked by clk)
  Endpoint: y6_node1_p3_reg[3]
            (rising edge-triggered flip-flop clocked by clk)
  Path Group: clk
  Path Type: min

  Point                                    Incr       Path
  -----------------------------------------------------------
  clock clk (rise edge)                    0.00       0.00
  clock network delay (propagated)         0.05       0.05
  node1/mul3_reg[3]/CP (DFQD2BWP)          0.00       0.05 r
  node1/mul3_reg[3]/Q (DFQD2BWP)           0.09       0.14 r
  U6845/ZN (CKND2D0BWP)                    0.04 *     0.19 f
  U712/Z (DEL050D1BWP)                     0.05 *     0.23 f
  y6_node1_p3_reg[3]/D (DFD1BWP)           0.00 *     0.23 f
  data arrival time                                   0.23

  clock clk (rise edge)                    0.00       0.00
  clock network delay (propagated)         0.06       0.06
  clock uncertainty                        0.15       0.21
  y6_node1_p3_reg[3]/CP (DFD1BWP)          0.00       0.21 r
  library hold time                        0.03       0.23
  data required time                                  0.23
  -----------------------------------------------------------
  data required time                                  0.23
  data arrival time                                  -0.23
  -----------------------------------------------------------
  slack (MET)                                         0.00


  Startpoint: node0/mul3_reg[1]
              (rising edge-triggered flip-flop clocked by clk)
  Endpoint: y6_node0_p3_reg[1]
            (rising edge-triggered flip-flop clocked by clk)
  Path Group: clk
  Path Type: min

  Point                                    Incr       Path
  -----------------------------------------------------------
  clock clk (rise edge)                    0.00       0.00
  clock network delay (propagated)         0.07       0.07
  node0/mul3_reg[1]/CP (DFQD1BWP)          0.00       0.07 r
  node0/mul3_reg[1]/Q (DFQD1BWP)           0.10       0.17 r
  U6819/ZN (CKND2D1BWP)                    0.03 *     0.19 f
  U616/ZN (CKND0BWP)                       0.02 *     0.21 r
  U617/ZN (CKND0BWP)                       0.02 *     0.23 f
  y6_node0_p3_reg[1]/D (DFD1BWP)           0.00 *     0.23 f
  data arrival time                                   0.23

  clock clk (rise edge)                    0.00       0.00
  clock network delay (propagated)         0.06       0.06
  clock uncertainty                        0.15       0.21
  y6_node0_p3_reg[1]/CP (DFD1BWP)          0.00       0.21 r
  library hold time                        0.02       0.23
  data required time                                  0.23
  -----------------------------------------------------------
  data required time                                  0.23
  data arrival time                                  -0.23
  -----------------------------------------------------------
  slack (MET)                                         0.00


  Startpoint: node1/out1_n1_reg[20]
              (falling edge-triggered flip-flop clocked by clk)
  Endpoint: node1/out1_n1_reg[20]
            (falling edge-triggered flip-flop clocked by clk)
  Path Group: clk
  Path Type: min

  Point                                                   Incr       Path
  --------------------------------------------------------------------------
  clock clk (fall edge)                                   1.11       1.11
  clock network delay (propagated)                        0.06       1.17
  node1/out1_n1_reg[20]/CPN (DFND1BWP)                    0.00       1.17 f
  node1/out1_n1_reg[20]/QN (DFND1BWP)                     0.11       1.27 f
  U12340/ZN (IOA22D0BWP)                                  0.03 *     1.30 r
  U590/Z (DEL075D1BWP)                                    0.05 *     1.35 r
  node1/out1_n1_reg[20]/D (DFND1BWP)                      0.00 *     1.35 r
  data arrival time                                                  1.35

  clock clk (fall edge)                                   1.11       1.11
  clock network delay (propagated)                        0.06       1.17
  clock uncertainty                                       0.15       1.32
  node1/out1_n1_reg[20]/CPN (DFND1BWP)                    0.00       1.32 f
  library hold time                                       0.03       1.35
  data required time                                                 1.35
  --------------------------------------------------------------------------
  data required time                                                 1.35
  data arrival time                                                 -1.35
  --------------------------------------------------------------------------
  slack (MET)                                                        0.00


  Startpoint: node1/out1_n1_reg[14]
              (falling edge-triggered flip-flop clocked by clk)
  Endpoint: node1/out1_n1_reg[14]
            (falling edge-triggered flip-flop clocked by clk)
  Path Group: clk
  Path Type: min

  Point                                                   Incr       Path
  --------------------------------------------------------------------------
  clock clk (fall edge)                                   1.11       1.11
  clock network delay (propagated)                        0.05       1.16
  node1/out1_n1_reg[14]/CPN (DFND1BWP)                    0.00       1.16 f
  node1/out1_n1_reg[14]/QN (DFND1BWP)                     0.11       1.27 f
  U12334/ZN (IOA22D0BWP)                                  0.03 *     1.30 r
  U596/Z (DEL075D1BWP)                                    0.05 *     1.35 r
  node1/out1_n1_reg[14]/D (DFND1BWP)                      0.00 *     1.35 r
  data arrival time                                                  1.35

  clock clk (fall edge)                                   1.11       1.11
  clock network delay (propagated)                        0.05       1.16
  clock uncertainty                                       0.15       1.31
  node1/out1_n1_reg[14]/CPN (DFND1BWP)                    0.00       1.31 f
  library hold time                                       0.03       1.35
  data required time                                                 1.35
  --------------------------------------------------------------------------
  data required time                                                 1.35
  data arrival time                                                 -1.35
  --------------------------------------------------------------------------
  slack (MET)                                                        0.00


  Startpoint: node0/out0_n1_reg[7]
              (falling edge-triggered flip-flop clocked by clk)
  Endpoint: node0/out0_n1_reg[7]
            (falling edge-triggered flip-flop clocked by clk)
  Path Group: clk
  Path Type: min

  Point                                    Incr       Path
  -----------------------------------------------------------
  clock clk (fall edge)                    1.11       1.11
  clock network delay (propagated)         0.06       1.17
  node0/out0_n1_reg[7]/CPN (DFND1BWP)      0.00       1.17 f
  node0/out0_n1_reg[7]/QN (DFND1BWP)       0.12       1.29 f
  U6754/Z (CKBD0BWP)                       0.03 *     1.32 f
  U12228/ZN (IOA22D0BWP)                   0.03 *     1.35 r
  node0/out0_n1_reg[7]/D (DFND1BWP)        0.00 *     1.35 r
  data arrival time                                   1.35

  clock clk (fall edge)                    1.11       1.11
  clock network delay (propagated)         0.06       1.17
  clock uncertainty                        0.15       1.32
  node0/out0_n1_reg[7]/CPN (DFND1BWP)      0.00       1.32 f
  library hold time                        0.03       1.35
  data required time                                  1.35
  -----------------------------------------------------------
  data required time                                  1.35
  data arrival time                                  -1.35
  -----------------------------------------------------------
  slack (MET)                                         0.00


  Startpoint: node1/out1_n1_reg[18]
              (falling edge-triggered flip-flop clocked by clk)
  Endpoint: node1/out1_n1_reg[18]
            (falling edge-triggered flip-flop clocked by clk)
  Path Group: clk
  Path Type: min

  Point                                                   Incr       Path
  --------------------------------------------------------------------------
  clock clk (fall edge)                                   1.11       1.11
  clock network delay (propagated)                        0.06       1.17
  node1/out1_n1_reg[18]/CPN (DFND1BWP)                    0.00       1.17 f
  node1/out1_n1_reg[18]/QN (DFND1BWP)                     0.11       1.27 f
  U12338/ZN (IOA22D0BWP)                                  0.03 *     1.30 r
  U592/Z (DEL075D1BWP)                                    0.05 *     1.35 r
  node1/out1_n1_reg[18]/D (DFND1BWP)                      0.00 *     1.35 r
  data arrival time                                                  1.35

  clock clk (fall edge)                                   1.11       1.11
  clock network delay (propagated)                        0.06       1.17
  clock uncertainty                                       0.15       1.32
  node1/out1_n1_reg[18]/CPN (DFND1BWP)                    0.00       1.32 f
  library hold time                                       0.03       1.35
  data required time                                                 1.35
  --------------------------------------------------------------------------
  data required time                                                 1.35
  data arrival time                                                 -1.35
  --------------------------------------------------------------------------
  slack (MET)                                                        0.00


  Startpoint: node0/out1_n0_reg[20]
              (falling edge-triggered flip-flop clocked by clk)
  Endpoint: node0/out1_n0_reg[20]
            (falling edge-triggered flip-flop clocked by clk)
  Path Group: clk
  Path Type: min

  Point                                                   Incr       Path
  --------------------------------------------------------------------------
  clock clk (fall edge)                                   1.11       1.11
  clock network delay (propagated)                        0.07       1.18
  node0/out1_n0_reg[20]/CPN (DFND1BWP)                    0.00       1.18 f
  node0/out1_n0_reg[20]/QN (DFND1BWP)                     0.11       1.28 f
  U12280/ZN (IOA22D0BWP)                                  0.03 *     1.31 r
  U627/Z (DEL075D1BWP)                                    0.05 *     1.36 r
  node0/out1_n0_reg[20]/D (DFND1BWP)                      0.00 *     1.36 r
  data arrival time                                                  1.36

  clock clk (fall edge)                                   1.11       1.11
  clock network delay (propagated)                        0.07       1.18
  clock uncertainty                                       0.15       1.33
  node0/out1_n0_reg[20]/CPN (DFND1BWP)                    0.00       1.33 f
  library hold time                                       0.03       1.36
  data required time                                                 1.36
  --------------------------------------------------------------------------
  data required time                                                 1.36
  data arrival time                                                 -1.36
  --------------------------------------------------------------------------
  slack (MET)                                                        0.00


  Startpoint: node0/out0_n0_reg[4]
              (falling edge-triggered flip-flop clocked by clk)
  Endpoint: node0/out0_n0_reg[4]
            (falling edge-triggered flip-flop clocked by clk)
  Path Group: clk
  Path Type: min

  Point                                    Incr       Path
  -----------------------------------------------------------
  clock clk (fall edge)                    1.11       1.11
  clock network delay (propagated)         0.06       1.17
  node0/out0_n0_reg[4]/CPN (DFND1BWP)      0.00       1.17 f
  node0/out0_n0_reg[4]/QN (DFND1BWP)       0.10       1.28 f
  U12249/ZN (IOA22D0BWP)                   0.03 *     1.31 r
  U533/Z (DEL075D1BWP)                     0.05 *     1.35 r
  node0/out0_n0_reg[4]/D (DFND1BWP)        0.00 *     1.35 r
  data arrival time                                   1.35

  clock clk (fall edge)                    1.11       1.11
  clock network delay (propagated)         0.06       1.17
  clock uncertainty                        0.15       1.32
  node0/out0_n0_reg[4]/CPN (DFND1BWP)      0.00       1.32 f
  library hold time                        0.03       1.35
  data required time                                  1.35
  -----------------------------------------------------------
  data required time                                  1.35
  data arrival time                                  -1.35
  -----------------------------------------------------------
  slack (MET)                                         0.00


  Startpoint: node1/out1_n0_reg[15]
              (falling edge-triggered flip-flop clocked by clk)
  Endpoint: node1/out1_n0_reg[15]
            (falling edge-triggered flip-flop clocked by clk)
  Path Group: clk
  Path Type: min

  Point                                                   Incr       Path
  --------------------------------------------------------------------------
  clock clk (fall edge)                                   1.11       1.11
  clock network delay (propagated)                        0.06       1.17
  node1/out1_n0_reg[15]/CPN (DFND1BWP)                    0.00       1.17 f
  node1/out1_n0_reg[15]/QN (DFND1BWP)                     0.11       1.28 f
  U12351/ZN (IOA22D0BWP)                                  0.03 *     1.31 r
  U579/Z (DEL075D1BWP)                                    0.05 *     1.36 r
  node1/out1_n0_reg[15]/D (DFND1BWP)                      0.00 *     1.36 r
  data arrival time                                                  1.36

  clock clk (fall edge)                                   1.11       1.11
  clock network delay (propagated)                        0.06       1.17
  clock uncertainty                                       0.15       1.32
  node1/out1_n0_reg[15]/CPN (DFND1BWP)                    0.00       1.32 f
  library hold time                                       0.03       1.35
  data required time                                                 1.35
  --------------------------------------------------------------------------
  data required time                                                 1.35
  data arrival time                                                 -1.36
  --------------------------------------------------------------------------
  slack (MET)                                                        0.00


  Startpoint: node1/mul3_reg[0]
              (rising edge-triggered flip-flop clocked by clk)
  Endpoint: y6_node1_p3_reg[0]
            (rising edge-triggered flip-flop clocked by clk)
  Path Group: clk
  Path Type: min

  Point                                    Incr       Path
  -----------------------------------------------------------
  clock clk (rise edge)                    0.00       0.00
  clock network delay (propagated)         0.06       0.06
  node1/mul3_reg[0]/CP (DFQD2BWP)          0.00       0.06 r
  node1/mul3_reg[0]/Q (DFQD2BWP)           0.09       0.14 r
  U6990/Z (CKBD0BWP)                       0.04 *     0.18 r
  U7110/ZN (ND2D1BWP)                      0.04 *     0.23 f
  y6_node1_p3_reg[0]/D (DFQD1BWP)          0.00 *     0.23 f
  data arrival time                                   0.23

  clock clk (rise edge)                    0.00       0.00
  clock network delay (propagated)         0.06       0.06
  clock uncertainty                        0.15       0.21
  y6_node1_p3_reg[0]/CP (DFQD1BWP)         0.00       0.21 r
  library hold time                        0.02       0.23
  data required time                                  0.23
  -----------------------------------------------------------
  data required time                                  0.23
  data arrival time                                  -0.23
  -----------------------------------------------------------
  slack (MET)                                         0.00


  Startpoint: node0/out0_n0_reg[16]
              (falling edge-triggered flip-flop clocked by clk)
  Endpoint: node0/out0_n0_reg[16]
            (falling edge-triggered flip-flop clocked by clk)
  Path Group: clk
  Path Type: min

  Point                                                   Incr       Path
  --------------------------------------------------------------------------
  clock clk (fall edge)                                   1.11       1.11
  clock network delay (propagated)                        0.06       1.17
  node0/out0_n0_reg[16]/CPN (DFND1BWP)                    0.00       1.17 f
  node0/out0_n0_reg[16]/QN (DFND1BWP)                     0.10       1.27 f
  U12284/ZN (IOA22D0BWP)                                  0.03 *     1.31 r
  U623/Z (DEL075D1BWP)                                    0.05 *     1.35 r
  node0/out0_n0_reg[16]/D (DFND1BWP)                      0.00 *     1.35 r
  data arrival time                                                  1.35

  clock clk (fall edge)                                   1.11       1.11
  clock network delay (propagated)                        0.06       1.17
  clock uncertainty                                       0.15       1.32
  node0/out0_n0_reg[16]/CPN (DFND1BWP)                    0.00       1.32 f
  library hold time                                       0.03       1.35
  data required time                                                 1.35
  --------------------------------------------------------------------------
  data required time                                                 1.35
  data arrival time                                                 -1.35
  --------------------------------------------------------------------------
  slack (MET)                                                        0.00


  Startpoint: node0/out1_n0_reg[4]
              (falling edge-triggered flip-flop clocked by clk)
  Endpoint: node0/out1_n0_reg[4]
            (falling edge-triggered flip-flop clocked by clk)
  Path Group: clk
  Path Type: min

  Point                                    Incr       Path
  -----------------------------------------------------------
  clock clk (fall edge)                    1.11       1.11
  clock network delay (propagated)         0.06       1.17
  node0/out1_n0_reg[4]/CPN (DFND1BWP)      0.00       1.17 f
  node0/out1_n0_reg[4]/QN (DFND1BWP)       0.11       1.27 f
  U12237/ZN (IOA22D0BWP)                   0.03 *     1.31 r
  U683/Z (DEL075D1BWP)                     0.05 *     1.35 r
  node0/out1_n0_reg[4]/D (DFND1BWP)        0.00 *     1.35 r
  data arrival time                                   1.35

  clock clk (fall edge)                    1.11       1.11
  clock network delay (propagated)         0.06       1.17
  clock uncertainty                        0.15       1.32
  node0/out1_n0_reg[4]/CPN (DFND1BWP)      0.00       1.32 f
  library hold time                        0.03       1.35
  data required time                                  1.35
  -----------------------------------------------------------
  data required time                                  1.35
  data arrival time                                  -1.35
  -----------------------------------------------------------
  slack (MET)                                         0.00


  Startpoint: node1/out1_n1_reg[2]
              (falling edge-triggered flip-flop clocked by clk)
  Endpoint: node1/out1_n1_reg[2]
            (falling edge-triggered flip-flop clocked by clk)
  Path Group: clk
  Path Type: min

  Point                                    Incr       Path
  -----------------------------------------------------------
  clock clk (fall edge)                    1.11       1.11
  clock network delay (propagated)         0.06       1.17
  node1/out1_n1_reg[2]/CPN (DFND1BWP)      0.00       1.17 f
  node1/out1_n1_reg[2]/QN (DFND1BWP)       0.11       1.27 f
  U12290/ZN (IOA22D0BWP)                   0.03 *     1.30 r
  U522/Z (DEL075D1BWP)                     0.05 *     1.35 r
  node1/out1_n1_reg[2]/D (DFND1BWP)        0.00 *     1.35 r
  data arrival time                                   1.35

  clock clk (fall edge)                    1.11       1.11
  clock network delay (propagated)         0.06       1.17
  clock uncertainty                        0.15       1.32
  node1/out1_n1_reg[2]/CPN (DFND1BWP)      0.00       1.32 f
  library hold time                        0.03       1.35
  data required time                                  1.35
  -----------------------------------------------------------
  data required time                                  1.35
  data arrival time                                  -1.35
  -----------------------------------------------------------
  slack (MET)                                         0.00


1
