 
****************************************
  Report : Chip Summary
  Design : top
  Version: S-2021.06
  Date   : Thu May  5 22:55:34 2022
****************************************
Std cell utilization: 59.62%  (113080/(189660-0))
(Non-fixed + Fixed)
Std cell utilization: 59.60%  (112963/(189660-117))
(Non-fixed only)
Chip area:            189660   sites, bbox (10.00 10.00 193.12 192.70) um
Std cell area:        113080   sites, (non-fixed:112963 fixed:117)
                      9486     cells, (non-fixed:9481   fixed:5)
Macro cell area:      0        sites
                      0        cells
Placement blockages:  0        sites, (excluding fixed std cells)
                      117      sites, (include fixed std cells & chimney area)
                      0        sites, (complete p/g net blockages)
Routing blockages:    0        sites, (partial p/g net blockages)
                      0        sites, (routing blockages and signal pre-route)
Lib cell count:       88 
Avg. std cell width:  1.41 um 
Site array:           unit     (width: 0.14 um, height: 1.26 um, rows: 145)
Physical DB scale:    1000 db_unit = 1 um 

 
****************************************
  Report : pnet options
  Design : top
  Version: S-2021.06
  Date   : Thu May  5 22:55:34 2022
****************************************


--------------------------------------------------------------------
Layer      Blockage   Min_width   Min_height   Via_additive     Density
--------------------------------------------------------------------
M1         none          ---         ---       via additive      ---
M2         none          ---         ---       via additive      ---
M3         none          ---         ---       via additive      ---
M4         none          ---         ---       via additive      ---
M5         none          ---         ---       via additive      ---
M6         none          ---         ---       via additive      ---
M7         none          ---         ---       via additive      ---
M8         none          ---         ---       via additive      ---
M9         none          ---         ---       via additive      ---
M10        none          ---         ---       via additive      ---
AP         none          ---         ---       via additive      ---

**********************************
      Sub-Region Utilization      
**********************************
Number of regions with placement utilization 0 - 0.125 is 145 (16.67%)
Number of regions with placement utilization 0.125 - 0.25 is 31 (3.56%)
Number of regions with placement utilization 0.25 - 0.375 is 38 (4.37%)
Number of regions with placement utilization 0.375 - 0.5 is 38 (4.37%)
Number of regions with placement utilization 0.5 - 0.625 is 54 (6.21%)
Number of regions with placement utilization 0.625 - 0.75 is 214 (24.60%)
Number of regions with placement utilization 0.75 - 0.875 is 297 (34.14%)
Number of regions with placement utilization 0.875 - 1 is 53 (6.09%)
1
