 
****************************************
  Report : Chip Summary
  Design : top
  Version: S-2021.06
  Date   : Thu May  5 22:55:05 2022
****************************************
Std cell utilization: 59.46%  (112776/(189660-0))
(Non-fixed + Fixed)
Std cell utilization: 59.46%  (112776/(189660-0))
(Non-fixed only)
Chip area:            189660   sites, bbox (10.00 10.00 193.12 192.70) um
Std cell area:        112776   sites, (non-fixed:112776 fixed:0)
                      9436     cells, (non-fixed:9436   fixed:0)
Macro cell area:      0        sites
                      0        cells
Placement blockages:  0        sites, (excluding fixed std cells)
                      0        sites, (include fixed std cells & chimney area)
                      0        sites, (complete p/g net blockages)
Routing blockages:    0        sites, (partial p/g net blockages)
                      0        sites, (routing blockages and signal pre-route)
Lib cell count:       88 
Avg. std cell width:  1.41 um 
Site array:           unit     (width: 0.14 um, height: 1.26 um, rows: 145)
Physical DB scale:    1000 db_unit = 1 um 

 
****************************************
  Report : pnet options
  Design : top
  Version: S-2021.06
  Date   : Thu May  5 22:55:05 2022
****************************************


--------------------------------------------------------------------
Layer      Blockage   Min_width   Min_height   Via_additive     Density
--------------------------------------------------------------------
M1         none          ---         ---       via additive      ---
M2         none          ---         ---       via additive      ---
M3         none          ---         ---       via additive      ---
M4         none          ---         ---       via additive      ---
M5         none          ---         ---       via additive      ---
M6         none          ---         ---       via additive      ---
M7         none          ---         ---       via additive      ---
M8         none          ---         ---       via additive      ---
M9         none          ---         ---       via additive      ---
M10        none          ---         ---       via additive      ---
AP         none          ---         ---       via additive      ---

**********************************
      Sub-Region Utilization      
**********************************
Number of regions with placement utilization 0 - 0.125 is 1 (0.11%)
Number of regions with placement utilization 0.125 - 0.25 is 2 (0.23%)
Number of regions with placement utilization 0.25 - 0.375 is 3 (0.34%)
Number of regions with placement utilization 0.375 - 0.5 is 38 (4.37%)
Number of regions with placement utilization 0.5 - 0.625 is 592 (68.05%)
Number of regions with placement utilization 0.625 - 0.75 is 233 (26.78%)
Number of regions with placement utilization 0.75 - 0.875 is 1 (0.11%)
Number of regions with placement utilization 0.875 - 1 is 0 (0.00%)
1
