 
****************************************
Report : qor
Design : top
Version: S-2021.06
Date   : Thu May  5 22:58:04 2022
****************************************


  Timing Path Group 'clk'
  -----------------------------------
  Levels of Logic:              34.00
  Critical Path Length:          1.85
  Critical Path Slack:           0.03
  Critical Path Clk Period:      2.22
  Total Negative Slack:          0.00
  No. of Violating Paths:        0.00
  Worst Hold Violation:          0.00
  Total Hold Violation:          0.00
  No. of Hold Violations:        0.00
  -----------------------------------


  Cell Count
  -----------------------------------
  Hierarchical Cell Count:          0
  Hierarchical Port Count:          0
  Leaf Cell Count:               9500
  Buf/Inv Cell Count:            1134
  Buf Cell Count:                 360
  Inv Cell Count:                 774
  CT Buf/Inv Cell Count:            5
  Combinational Cell Count:      8999
  Sequential Cell Count:          501
  Macro Count:                      0
  -----------------------------------


  Area
  -----------------------------------
  Combinational Area:    18107.106983
  Noncombinational Area:  1891.008021
  Buf/Inv Area:           1078.509627
  Total Buffer Area:           404.49
  Total Inverter Area:         674.02
  Macro/Black Box Area:      0.000000
  Net Area:                  0.000000
  Net XLength        :       77300.09
  Net YLength        :       74199.34
  -----------------------------------
  Cell Area:             19998.115004
  Design Area:           19998.115004
  Net Length        :       151499.44


  Design Rules
  -----------------------------------
  Total Number of Nets:         12266
  Nets With Violations:             0
  Max Trans Violations:             0
  Max Cap Violations:               0
  -----------------------------------


  Hostname: tux-169

  Compile CPU Statistics
  -----------------------------------------
  Resource Sharing:                    0.00
  Logic Optimization:                  0.00
  Mapping Optimization:               21.94
  -----------------------------------------
  Overall Compile Time:               22.72
  Overall Compile Wall Clock Time:    23.13

  --------------------------------------------------------------------

  Design  WNS: 0.00  TNS: 0.00  Number of Violating Paths: 0


  Design (Hold)  WNS: 0.00  TNS: 0.00  Number of Violating Paths: 0

  --------------------------------------------------------------------


1
