Turn off antenna since no rule is specified
Cell Min-Routing-Layer = M1
Cell Max-Routing-Layer = AP
Information: Multiple default contact VIA12_HV found for layer VIA1. (ZRT-021)
Via on layer (VIA1) needs more than one tracks
Warning: Layer M1 pitch 0.140 may be too small: wire/via-down 0.140, wire/via-up 0.170. (ZRT-026)
Via on layer (VIA8) needs more than one tracks
Warning: Layer M8 pitch 0.140 may be too small: wire/via-down 0.140, wire/via-up 0.305. (ZRT-026)
Via on layer (RV) needs more than one tracks
Warning: Layer M10 pitch 0.800 may be too small: wire/via-down 0.800, wire/via-up 2.600. (ZRT-026)


Start checking for open nets ... 

Total number of nets = 12268, of which 0 are not extracted
Total number of open nets = 0, of which 0 are frozen

Check 12268 nets, 0 have Errors

[CHECK OPEN NETS] Elapsed real time: 0:00:00 
[CHECK OPEN NETS] Elapsed cpu  time: sys=0:00:00 usr=0:00:00 total=0:00:00
[CHECK OPEN NETS] Stage (MB): Used    0  Alloctr    0  Proc    0 
[CHECK OPEN NETS] Total (MB): Used  132  Alloctr  132  Proc 2367 
Printing options for 'set_route_zrt_common_options'
-dbin_list_of_nets                                      :	 {}                  
-extraction_mode                                        :	 parallel            
-verbose_level                                          :	 0                   

Printing options for 'set_route_zrt_detail_options'


Begin full DRC check ...

Information: Using 1 threads for routing. (ZRT-444)
Checked	1/25 Partitions, Violations =	0
Checked	2/25 Partitions, Violations =	0
Checked	3/25 Partitions, Violations =	0
Checked	4/25 Partitions, Violations =	0
Checked	5/25 Partitions, Violations =	0
Checked	6/25 Partitions, Violations =	0
Checked	7/25 Partitions, Violations =	0
Checked	8/25 Partitions, Violations =	0
Checked	9/25 Partitions, Violations =	0
Checked	10/25 Partitions, Violations =	0
Checked	11/25 Partitions, Violations =	0
Checked	12/25 Partitions, Violations =	0
Checked	13/25 Partitions, Violations =	0
Checked	14/25 Partitions, Violations =	0
Checked	15/25 Partitions, Violations =	0
Checked	16/25 Partitions, Violations =	0
Checked	17/25 Partitions, Violations =	0
Checked	18/25 Partitions, Violations =	0
Checked	19/25 Partitions, Violations =	0
Checked	20/25 Partitions, Violations =	0
Checked	21/25 Partitions, Violations =	0
Checked	22/25 Partitions, Violations =	0
Checked	23/25 Partitions, Violations =	0
Checked	24/25 Partitions, Violations =	0
Checked	25/25 Partitions, Violations =	0
[DRC CHECK] Elapsed real time: 0:00:03 
[DRC CHECK] Elapsed cpu  time: sys=0:00:00 usr=0:00:03 total=0:00:03
[DRC CHECK] Stage (MB): Used    0  Alloctr    0  Proc    0 
[DRC CHECK] Total (MB): Used  149  Alloctr  150  Proc 2367 
Warning: No antenna rules defined, Skip antenna analysis. (ZRT-309)

DRC-SUMMARY:
	@@@@@@@ TOTAL VIOLATIONS =	0


Total Wire Length =                    154126 micron
Total Number of Contacts =             70619
Total Number of Wires =                58123
Total Number of PtConns =              13358
Total Number of Routed Wires =       58123
Total Routed Wire Length =           150696 micron
Total Number of Routed Contacts =       70619
	Layer             M1 :       1178 micron
	Layer             M2 :      43074 micron
	Layer             M3 :      62879 micron
	Layer             M4 :      34113 micron
	Layer             M5 :      12387 micron
	Layer             M6 :         74 micron
	Layer             M7 :        183 micron
	Layer             M8 :        236 micron
	Layer             M9 :          0 micron
	Layer            M10 :          0 micron
	Layer             AP :          0 micron
	Via            VIA78 :          9
	Via            VIA67 :          7
	Via            VIA56 :         19
	Via            VIA45 :        504
	Via            VIA34 :       4025
	Via            VIA23 :      32542
	Via            VIA12 :      29611
	Via       VIA12(rot) :          1
	Via         VIA12_HV :       3731
	Via    VIA12_HV(rot) :         96
	Via        VIA12_2x1 :         24
	Via   VIA12(rot)_1x2 :         49
	Via        VIA12_1x2 :          1

 
Redundant via conversion report:
--------------------------------

  Total optimized via conversion rate =  0.10% (74 / 70619 vias)
 
    Layer VIA1       =  0.22% (74     / 33513   vias)
        Weight 1     =  0.22% (74      vias)
        Un-optimized = 99.78% (33439   vias)
    Layer VIA2       =  0.00% (0      / 32542   vias)
        Un-optimized = 100.00% (32542   vias)
    Layer VIA3       =  0.00% (0      / 4025    vias)
        Un-optimized = 100.00% (4025    vias)
    Layer VIA4       =  0.00% (0      / 504     vias)
        Un-optimized = 100.00% (504     vias)
    Layer VIA5       =  0.00% (0      / 19      vias)
        Un-optimized = 100.00% (19      vias)
    Layer VIA6       =  0.00% (0      / 7       vias)
        Un-optimized = 100.00% (7       vias)
    Layer VIA7       =  0.00% (0      / 9       vias)
        Un-optimized = 100.00% (9       vias)
 
  Total double via conversion rate    =  0.10% (74 / 70619 vias)
 
    Layer VIA1       =  0.22% (74     / 33513   vias)
    Layer VIA2       =  0.00% (0      / 32542   vias)
    Layer VIA3       =  0.00% (0      / 4025    vias)
    Layer VIA4       =  0.00% (0      / 504     vias)
    Layer VIA5       =  0.00% (0      / 19      vias)
    Layer VIA6       =  0.00% (0      / 7       vias)
    Layer VIA7       =  0.00% (0      / 9       vias)
 
  The optimized via conversion rate based on total routed via count =  0.10% (74 / 70619 vias)
 
    Layer VIA1       =  0.22% (74     / 33513   vias)
        Weight 1     =  0.22% (74      vias)
        Un-optimized = 99.78% (33439   vias)
    Layer VIA2       =  0.00% (0      / 32542   vias)
        Un-optimized = 100.00% (32542   vias)
    Layer VIA3       =  0.00% (0      / 4025    vias)
        Un-optimized = 100.00% (4025    vias)
    Layer VIA4       =  0.00% (0      / 504     vias)
        Un-optimized = 100.00% (504     vias)
    Layer VIA5       =  0.00% (0      / 19      vias)
        Un-optimized = 100.00% (19      vias)
    Layer VIA6       =  0.00% (0      / 7       vias)
        Un-optimized = 100.00% (7       vias)
    Layer VIA7       =  0.00% (0      / 9       vias)
        Un-optimized = 100.00% (9       vias)
 


Verify Summary:

Total number of nets = 12268, of which 0 are not extracted
Total number of open nets = 0, of which 0 are frozen
Total number of excluded ports = 0 ports of 0 unplaced cells connected to 0 nets
                                 0 ports without pins of 0 cells connected to 0 nets
                                 0 ports of 0 cover cells connected to 0 non-pg nets
Total number of DRCs = 0
Total number of antenna violations = no antenna rules defined
Total number of voltage-area violations = no voltage-areas defined
Total number of tie to rail violations = not checked
Total number of tie to rail directly violations = not checked

1
