Information: Propagating switching activity (low effort zero delay simulation). (PWR-6)
Warning: Design has unannotated primary inputs. (PWR-414)
Warning: Design has unannotated sequential cell outputs. (PWR-415)
 
****************************************
Report : power
        -analysis_effort low
Design : top
Version: S-2021.06
Date   : Thu May  5 22:58:04 2022
****************************************


Library(s) Used:

    tcbn45gsbwptc (File: /cae/apps/data/tsmclibs-2013/digital/Front_End/timing_power_noise/NLDM/tcbn45gsbwp_120a/tcbn45gsbwptc.db)


Operating Conditions: NCCOM   Library: tcbn45gsbwptc
Wire Load Model Mode: segmented

Design        Wire Load Model            Library
------------------------------------------------
top                    ZeroWireload      tcbn45gsbwptc


Global Operating Voltage = 0.9  
Power-specific unit information :
    Voltage Units = 1V
    Capacitance Units = 1.000000pf
    Time Units = 1ns
    Dynamic Power Units = 1mW    (derived from V,C,T units)
    Leakage Power Units = 1nW


  Cell Internal Power  =   4.1939 mW   (68%)
  Net Switching Power  =   1.9999 mW   (32%)
                         ---------
Total Dynamic Power    =   6.1938 mW  (100%)

Cell Leakage Power     = 271.9857 uW


                 Internal         Switching           Leakage            Total
Power Group      Power            Power               Power              Power   (   %    )  Attrs
--------------------------------------------------------------------------------------------------
io_pad             0.0000            0.0000            0.0000            0.0000  (   0.00%)
memory             0.0000            0.0000            0.0000            0.0000  (   0.00%)
black_box          0.0000            0.0000            0.0000            0.0000  (   0.00%)
clock_network  1.9553e-02            0.2066          568.0119            0.2267  (   3.51%)
register           0.8151            0.1273        2.0165e+04            0.9626  (  14.89%)
sequential         0.0000            0.0000            0.0000            0.0000  (   0.00%)
combinational      3.3592            1.6660        2.5125e+05            5.2765  (  81.61%)
--------------------------------------------------------------------------------------------------
Total              4.1939 mW         1.9999 mW     2.7199e+05 nW         6.4658 mW
1
