 
****************************************
Report : timing
        -path full
        -delay min
        -max_paths 20
Design : top
Version: S-2021.06
Date   : Thu May  5 22:57:22 2022
****************************************

 * Some/all delay information is back-annotated.

Operating Conditions: NCCOM   Library: tcbn45gsbwptc
	Parasitic source    : LPE
	Parasitic mode      : RealRC
	Extraction mode     : MAX
	Extraction derating : 25/25/25

Information: Percent of Arnoldi-based delays = 19.06%

  Startpoint: node0/mul1_reg[8]
              (rising edge-triggered flip-flop clocked by clk)
  Endpoint: y4_node0_p3_reg[8]
            (rising edge-triggered flip-flop clocked by clk)
  Path Group: clk
  Path Type: min

  Point                                    Incr       Path
  -----------------------------------------------------------
  clock clk (rise edge)                    0.00       0.00
  clock network delay (propagated)         0.05       0.05
  node0/mul1_reg[8]/CP (DFQD2BWP)          0.00       0.05 r
  node0/mul1_reg[8]/Q (DFQD2BWP)           0.08 @     0.13 r
  U6925/ZN (CKND2D1BWP)                    0.04 @     0.18 f
  U6924/Z (CKBD0BWP)                       0.03 &     0.21 f
  U721/Z (CKBD1BWP)                        0.02 &     0.23 f
  y4_node0_p3_reg[8]/D (DFD1BWP)           0.00 &     0.23 f
  data arrival time                                   0.23

  clock clk (rise edge)                    0.00       0.00
  clock network delay (propagated)         0.05       0.05
  clock uncertainty                        0.15       0.20
  y4_node0_p3_reg[8]/CP (DFD1BWP)          0.00       0.20 r
  library hold time                        0.03       0.23
  data required time                                  0.23
  -----------------------------------------------------------
  data required time                                  0.23
  data arrival time                                  -0.23
  -----------------------------------------------------------
  slack (MET)                                         0.00


  Startpoint: node0/mul1_reg[6]
              (rising edge-triggered flip-flop clocked by clk)
  Endpoint: y4_node0_p3_reg[6]
            (rising edge-triggered flip-flop clocked by clk)
  Path Group: clk
  Path Type: min

  Point                                    Incr       Path
  -----------------------------------------------------------
  clock clk (rise edge)                    0.00       0.00
  clock network delay (propagated)         0.05       0.05
  node0/mul1_reg[6]/CP (DFQD2BWP)          0.00       0.05 r
  node0/mul1_reg[6]/Q (DFQD2BWP)           0.08 @     0.13 r
  U6698/ZN (CKND2D1BWP)                    0.04 @     0.17 f
  U483/Z (CKBD0BWP)                        0.04 &     0.21 f
  U714/Z (CKBD1BWP)                        0.02 &     0.23 f
  y4_node0_p3_reg[6]/D (DFD1BWP)           0.00 &     0.23 f
  data arrival time                                   0.23

  clock clk (rise edge)                    0.00       0.00
  clock network delay (propagated)         0.05       0.05
  clock uncertainty                        0.15       0.20
  y4_node0_p3_reg[6]/CP (DFD1BWP)          0.00       0.20 r
  library hold time                        0.03       0.23
  data required time                                  0.23
  -----------------------------------------------------------
  data required time                                  0.23
  data arrival time                                  -0.23
  -----------------------------------------------------------
  slack (MET)                                         0.00


  Startpoint: node0/mul1_reg[10]
              (rising edge-triggered flip-flop clocked by clk)
  Endpoint: y4_node0_p3_reg[10]
            (rising edge-triggered flip-flop clocked by clk)
  Path Group: clk
  Path Type: min

  Point                                    Incr       Path
  -----------------------------------------------------------
  clock clk (rise edge)                    0.00       0.00
  clock network delay (propagated)         0.05       0.05
  node0/mul1_reg[10]/CP (DFQD2BWP)         0.00       0.05 r
  node0/mul1_reg[10]/Q (DFQD2BWP)          0.09 @     0.14 r
  U6957/ZN (CKND2D1BWP)                    0.04 @     0.17 f
  U6956/Z (CKBD0BWP)                       0.03 &     0.21 f
  U718/Z (CKBD1BWP)                        0.02 &     0.23 f
  y4_node0_p3_reg[10]/D (DFD1BWP)          0.00 &     0.23 f
  data arrival time                                   0.23

  clock clk (rise edge)                    0.00       0.00
  clock network delay (propagated)         0.05       0.05
  clock uncertainty                        0.15       0.20
  y4_node0_p3_reg[10]/CP (DFD1BWP)         0.00       0.20 r
  library hold time                        0.03       0.23
  data required time                                  0.23
  -----------------------------------------------------------
  data required time                                  0.23
  data arrival time                                  -0.23
  -----------------------------------------------------------
  slack (MET)                                         0.00


  Startpoint: node0/mul1_reg[7]
              (rising edge-triggered flip-flop clocked by clk)
  Endpoint: y4_node0_p3_reg[7]
            (rising edge-triggered flip-flop clocked by clk)
  Path Group: clk
  Path Type: min

  Point                                    Incr       Path
  -----------------------------------------------------------
  clock clk (rise edge)                    0.00       0.00
  clock network delay (propagated)         0.05       0.05
  node0/mul1_reg[7]/CP (DFQD2BWP)          0.00       0.05 r
  node0/mul1_reg[7]/Q (DFQD2BWP)           0.08 @     0.13 r
  U6899/ZN (ND2D1BWP)                      0.04 @     0.17 f
  U6898/Z (CKBD0BWP)                       0.04 &     0.21 f
  U722/Z (CKBD1BWP)                        0.02 &     0.23 f
  y4_node0_p3_reg[7]/D (DFD1BWP)           0.00 &     0.23 f
  data arrival time                                   0.23

  clock clk (rise edge)                    0.00       0.00
  clock network delay (propagated)         0.05       0.05
  clock uncertainty                        0.15       0.20
  y4_node0_p3_reg[7]/CP (DFD1BWP)          0.00       0.20 r
  library hold time                        0.03       0.23
  data required time                                  0.23
  -----------------------------------------------------------
  data required time                                  0.23
  data arrival time                                  -0.23
  -----------------------------------------------------------
  slack (MET)                                         0.00


  Startpoint: node0/out0_n0_reg[16]
              (falling edge-triggered flip-flop clocked by clk)
  Endpoint: node0/out0_n0_reg[16]
            (falling edge-triggered flip-flop clocked by clk)
  Path Group: clk
  Path Type: min

  Point                                                   Incr       Path
  --------------------------------------------------------------------------
  clock clk (fall edge)                                   1.11       1.11
  clock network delay (propagated)                        0.05       1.16
  node0/out0_n0_reg[16]/CPN (DFND1BWP)                    0.00       1.16 f
  node0/out0_n0_reg[16]/QN (DFND1BWP)                     0.10       1.27 f
  U12284/ZN (IOA22D0BWP)                                  0.03 &     1.30 r
  U623/Z (DEL075D1BWP)                                    0.05 &     1.35 r
  node0/out0_n0_reg[16]/D (DFND1BWP)                      0.00 &     1.35 r
  data arrival time                                                  1.35

  clock clk (fall edge)                                   1.11       1.11
  clock network delay (propagated)                        0.05       1.16
  clock uncertainty                                       0.15       1.31
  node0/out0_n0_reg[16]/CPN (DFND1BWP)                    0.00       1.31 f
  library hold time                                       0.03       1.35
  data required time                                                 1.35
  --------------------------------------------------------------------------
  data required time                                                 1.35
  data arrival time                                                 -1.35
  --------------------------------------------------------------------------
  slack (MET)                                                        0.00


  Startpoint: node0/mul1_reg[11]
              (rising edge-triggered flip-flop clocked by clk)
  Endpoint: y4_node0_p3_reg[11]
            (rising edge-triggered flip-flop clocked by clk)
  Path Group: clk
  Path Type: min

  Point                                    Incr       Path
  -----------------------------------------------------------
  clock clk (rise edge)                    0.00       0.00
  clock network delay (propagated)         0.05       0.05
  node0/mul1_reg[11]/CP (DFQD2BWP)         0.00       0.05 r
  node0/mul1_reg[11]/Q (DFQD2BWP)          0.08 @     0.13 r
  U6973/ZN (CKND2D1BWP)                    0.03 @     0.16 f
  U717/Z (BUFFD0BWP)                       0.03 &     0.19 f
  U6972/Z (CKBD0BWP)                       0.02 &     0.21 f
  U716/Z (CKBD1BWP)                        0.02 &     0.23 f
  y4_node0_p3_reg[11]/D (DFD1BWP)          0.00 &     0.23 f
  data arrival time                                   0.23

  clock clk (rise edge)                    0.00       0.00
  clock network delay (propagated)         0.05       0.05
  clock uncertainty                        0.15       0.20
  y4_node0_p3_reg[11]/CP (DFD1BWP)         0.00       0.20 r
  library hold time                        0.03       0.23
  data required time                                  0.23
  -----------------------------------------------------------
  data required time                                  0.23
  data arrival time                                  -0.23
  -----------------------------------------------------------
  slack (MET)                                         0.00


  Startpoint: node1/mul3_reg[0]
              (rising edge-triggered flip-flop clocked by clk)
  Endpoint: y6_node1_p3_reg[0]
            (rising edge-triggered flip-flop clocked by clk)
  Path Group: clk
  Path Type: min

  Point                                    Incr       Path
  -----------------------------------------------------------
  clock clk (rise edge)                    0.00       0.00
  clock network delay (propagated)         0.05       0.05
  node1/mul3_reg[0]/CP (DFQD2BWP)          0.00       0.05 r
  node1/mul3_reg[0]/Q (DFQD2BWP)           0.08 @     0.14 r
  U6990/Z (CKBD0BWP)                       0.04 @     0.18 r
  U7110/ZN (ND2D1BWP)                      0.05 &     0.22 f
  y6_node1_p3_reg[0]/D (DFQD1BWP)          0.00 &     0.22 f
  data arrival time                                   0.22

  clock clk (rise edge)                    0.00       0.00
  clock network delay (propagated)         0.05       0.05
  clock uncertainty                        0.15       0.20
  y6_node1_p3_reg[0]/CP (DFQD1BWP)         0.00       0.20 r
  library hold time                        0.02       0.22
  data required time                                  0.22
  -----------------------------------------------------------
  data required time                                  0.22
  data arrival time                                  -0.22
  -----------------------------------------------------------
  slack (MET)                                         0.00


  Startpoint: node0/out0_n0_reg[18]
              (falling edge-triggered flip-flop clocked by clk)
  Endpoint: node0/out0_n0_reg[18]
            (falling edge-triggered flip-flop clocked by clk)
  Path Group: clk
  Path Type: min

  Point                                                   Incr       Path
  --------------------------------------------------------------------------
  clock clk (fall edge)                                   1.11       1.11
  clock network delay (propagated)                        0.05       1.16
  node0/out0_n0_reg[18]/CPN (DFND1BWP)                    0.00       1.16 f
  node0/out0_n0_reg[18]/QN (DFND1BWP)                     0.10       1.27 f
  U12286/ZN (IOA22D0BWP)                                  0.03 &     1.30 r
  U621/Z (DEL075D1BWP)                                    0.05 &     1.35 r
  node0/out0_n0_reg[18]/D (DFND1BWP)                      0.00 &     1.35 r
  data arrival time                                                  1.35

  clock clk (fall edge)                                   1.11       1.11
  clock network delay (propagated)                        0.05       1.16
  clock uncertainty                                       0.15       1.31
  node0/out0_n0_reg[18]/CPN (DFND1BWP)                    0.00       1.31 f
  library hold time                                       0.03       1.35
  data required time                                                 1.35
  --------------------------------------------------------------------------
  data required time                                                 1.35
  data arrival time                                                 -1.35
  --------------------------------------------------------------------------
  slack (MET)                                                        0.00


  Startpoint: node1/out1_n1_reg[20]
              (falling edge-triggered flip-flop clocked by clk)
  Endpoint: node1/out1_n1_reg[20]
            (falling edge-triggered flip-flop clocked by clk)
  Path Group: clk
  Path Type: min

  Point                                                   Incr       Path
  --------------------------------------------------------------------------
  clock clk (fall edge)                                   1.11       1.11
  clock network delay (propagated)                        0.05       1.16
  node1/out1_n1_reg[20]/CPN (DFND1BWP)                    0.00       1.16 f
  node1/out1_n1_reg[20]/QN (DFND1BWP)                     0.11       1.27 f
  U12340/ZN (IOA22D0BWP)                                  0.03 &     1.30 r
  U590/Z (DEL075D1BWP)                                    0.05 &     1.35 r
  node1/out1_n1_reg[20]/D (DFND1BWP)                      0.00 &     1.35 r
  data arrival time                                                  1.35

  clock clk (fall edge)                                   1.11       1.11
  clock network delay (propagated)                        0.05       1.16
  clock uncertainty                                       0.15       1.31
  node1/out1_n1_reg[20]/CPN (DFND1BWP)                    0.00       1.31 f
  library hold time                                       0.03       1.35
  data required time                                                 1.35
  --------------------------------------------------------------------------
  data required time                                                 1.35
  data arrival time                                                 -1.35
  --------------------------------------------------------------------------
  slack (MET)                                                        0.00


  Startpoint: node1/out1_n0_reg[8]
              (falling edge-triggered flip-flop clocked by clk)
  Endpoint: node1/out1_n0_reg[8]
            (falling edge-triggered flip-flop clocked by clk)
  Path Group: clk
  Path Type: min

  Point                                    Incr       Path
  -----------------------------------------------------------
  clock clk (fall edge)                    1.11       1.11
  clock network delay (propagated)         0.06       1.17
  node1/out1_n0_reg[8]/CPN (DFND1BWP)      0.00       1.17 f
  node1/out1_n0_reg[8]/QN (DFND1BWP)       0.11       1.28 f
  U6649/Z (DEL075D1BWP)                    0.05 &     1.33 f
  U12318/ZN (MOAI22D0BWP)                  0.02 &     1.35 r
  node1/out1_n0_reg[8]/D (DFND1BWP)        0.00 &     1.35 r
  data arrival time                                   1.35

  clock clk (fall edge)                    1.11       1.11
  clock network delay (propagated)         0.06       1.17
  clock uncertainty                        0.15       1.32
  node1/out1_n0_reg[8]/CPN (DFND1BWP)      0.00       1.32 f
  library hold time                        0.03       1.35
  data required time                                  1.35
  -----------------------------------------------------------
  data required time                                  1.35
  data arrival time                                  -1.35
  -----------------------------------------------------------
  slack (MET)                                         0.00


  Startpoint: node0/mul1_reg[4]
              (rising edge-triggered flip-flop clocked by clk)
  Endpoint: y4_node0_p3_reg[4]
            (rising edge-triggered flip-flop clocked by clk)
  Path Group: clk
  Path Type: min

  Point                                    Incr       Path
  -----------------------------------------------------------
  clock clk (rise edge)                    0.00       0.00
  clock network delay (propagated)         0.05       0.05
  node0/mul1_reg[4]/CP (DFQD2BWP)          0.00       0.05 r
  node0/mul1_reg[4]/Q (DFQD2BWP)           0.09 @     0.14 r
  U6710/ZN (CKND2D1BWP)                    0.05 @     0.18 f
  U710/Z (DEL050D1BWP)                     0.05 &     0.23 f
  y4_node0_p3_reg[4]/D (DFD1BWP)           0.00 &     0.23 f
  data arrival time                                   0.23

  clock clk (rise edge)                    0.00       0.00
  clock network delay (propagated)         0.05       0.05
  clock uncertainty                        0.15       0.20
  y4_node0_p3_reg[4]/CP (DFD1BWP)          0.00       0.20 r
  library hold time                        0.03       0.23
  data required time                                  0.23
  -----------------------------------------------------------
  data required time                                  0.23
  data arrival time                                  -0.23
  -----------------------------------------------------------
  slack (MET)                                         0.00


  Startpoint: node1/out0_n1_reg[15]
              (falling edge-triggered flip-flop clocked by clk)
  Endpoint: node1/out0_n1_reg[15]
            (falling edge-triggered flip-flop clocked by clk)
  Path Group: clk
  Path Type: min

  Point                                                   Incr       Path
  --------------------------------------------------------------------------
  clock clk (fall edge)                                   1.11       1.11
  clock network delay (propagated)                        0.05       1.16
  node1/out0_n1_reg[15]/CPN (DFND1BWP)                    0.00       1.16 f
  node1/out0_n1_reg[15]/QN (DFND1BWP)                     0.11       1.27 f
  U12343/ZN (IOA22D0BWP)                                  0.03 &     1.30 r
  U587/Z (DEL075D1BWP)                                    0.05 &     1.35 r
  node1/out0_n1_reg[15]/D (DFND1BWP)                      0.00 &     1.35 r
  data arrival time                                                  1.35

  clock clk (fall edge)                                   1.11       1.11
  clock network delay (propagated)                        0.05       1.16
  clock uncertainty                                       0.15       1.31
  node1/out0_n1_reg[15]/CPN (DFND1BWP)                    0.00       1.31 f
  library hold time                                       0.03       1.35
  data required time                                                 1.35
  --------------------------------------------------------------------------
  data required time                                                 1.35
  data arrival time                                                 -1.35
  --------------------------------------------------------------------------
  slack (MET)                                                        0.00


  Startpoint: node0/out1_n0_reg[17]
              (falling edge-triggered flip-flop clocked by clk)
  Endpoint: node0/out1_n0_reg[17]
            (falling edge-triggered flip-flop clocked by clk)
  Path Group: clk
  Path Type: min

  Point                                                   Incr       Path
  --------------------------------------------------------------------------
  clock clk (fall edge)                                   1.11       1.11
  clock network delay (propagated)                        0.06       1.17
  node0/out1_n0_reg[17]/CPN (DFND1BWP)                    0.00       1.17 f
  node0/out1_n0_reg[17]/QN (DFND1BWP)                     0.11       1.27 f
  U12277/ZN (IOA22D0BWP)                                  0.03 &     1.31 r
  U630/Z (DEL075D1BWP)                                    0.05 &     1.35 r
  node0/out1_n0_reg[17]/D (DFND1BWP)                      0.00 &     1.35 r
  data arrival time                                                  1.35

  clock clk (fall edge)                                   1.11       1.11
  clock network delay (propagated)                        0.06       1.17
  clock uncertainty                                       0.15       1.32
  node0/out1_n0_reg[17]/CPN (DFND1BWP)                    0.00       1.32 f
  library hold time                                       0.03       1.35
  data required time                                                 1.35
  --------------------------------------------------------------------------
  data required time                                                 1.35
  data arrival time                                                 -1.35
  --------------------------------------------------------------------------
  slack (MET)                                                        0.00


  Startpoint: node1/out1_n1_reg[2]
              (falling edge-triggered flip-flop clocked by clk)
  Endpoint: node1/out1_n1_reg[2]
            (falling edge-triggered flip-flop clocked by clk)
  Path Group: clk
  Path Type: min

  Point                                    Incr       Path
  -----------------------------------------------------------
  clock clk (fall edge)                    1.11       1.11
  clock network delay (propagated)         0.05       1.16
  node1/out1_n1_reg[2]/CPN (DFND1BWP)      0.00       1.16 f
  node1/out1_n1_reg[2]/QN (DFND1BWP)       0.11       1.27 f
  U12290/ZN (IOA22D0BWP)                   0.03 &     1.30 r
  U522/Z (DEL075D1BWP)                     0.05 &     1.35 r
  node1/out1_n1_reg[2]/D (DFND1BWP)        0.00 &     1.35 r
  data arrival time                                   1.35

  clock clk (fall edge)                    1.11       1.11
  clock network delay (propagated)         0.05       1.16
  clock uncertainty                        0.15       1.31
  node1/out1_n1_reg[2]/CPN (DFND1BWP)      0.00       1.31 f
  library hold time                        0.03       1.35
  data required time                                  1.35
  -----------------------------------------------------------
  data required time                                  1.35
  data arrival time                                  -1.35
  -----------------------------------------------------------
  slack (MET)                                         0.00


  Startpoint: node1/out0_n1_reg[10]
              (falling edge-triggered flip-flop clocked by clk)
  Endpoint: node1/out0_n1_reg[10]
            (falling edge-triggered flip-flop clocked by clk)
  Path Group: clk
  Path Type: min

  Point                                                   Incr       Path
  --------------------------------------------------------------------------
  clock clk (fall edge)                                   1.11       1.11
  clock network delay (propagated)                        0.06       1.17
  node1/out0_n1_reg[10]/CPN (DFND1BWP)                    0.00       1.17 f
  node1/out0_n1_reg[10]/QN (DFND1BWP)                     0.11       1.27 f
  U12309/ZN (IOA22D0BWP)                                  0.03 &     1.31 r
  U484/Z (DEL075D1BWP)                                    0.05 &     1.35 r
  node1/out0_n1_reg[10]/D (DFND1BWP)                      0.00 &     1.35 r
  data arrival time                                                  1.35

  clock clk (fall edge)                                   1.11       1.11
  clock network delay (propagated)                        0.06       1.17
  clock uncertainty                                       0.15       1.32
  node1/out0_n1_reg[10]/CPN (DFND1BWP)                    0.00       1.32 f
  library hold time                                       0.03       1.35
  data required time                                                 1.35
  --------------------------------------------------------------------------
  data required time                                                 1.35
  data arrival time                                                 -1.35
  --------------------------------------------------------------------------
  slack (MET)                                                        0.00


  Startpoint: node1/out1_n1_reg[18]
              (falling edge-triggered flip-flop clocked by clk)
  Endpoint: node1/out1_n1_reg[18]
            (falling edge-triggered flip-flop clocked by clk)
  Path Group: clk
  Path Type: min

  Point                                                   Incr       Path
  --------------------------------------------------------------------------
  clock clk (fall edge)                                   1.11       1.11
  clock network delay (propagated)                        0.05       1.16
  node1/out1_n1_reg[18]/CPN (DFND1BWP)                    0.00       1.16 f
  node1/out1_n1_reg[18]/QN (DFND1BWP)                     0.11       1.27 f
  U12338/ZN (IOA22D0BWP)                                  0.03 &     1.30 r
  U592/Z (DEL075D1BWP)                                    0.05 &     1.35 r
  node1/out1_n1_reg[18]/D (DFND1BWP)                      0.00 &     1.35 r
  data arrival time                                                  1.35

  clock clk (fall edge)                                   1.11       1.11
  clock network delay (propagated)                        0.05       1.16
  clock uncertainty                                       0.15       1.31
  node1/out1_n1_reg[18]/CPN (DFND1BWP)                    0.00       1.31 f
  library hold time                                       0.03       1.35
  data required time                                                 1.35
  --------------------------------------------------------------------------
  data required time                                                 1.35
  data arrival time                                                 -1.35
  --------------------------------------------------------------------------
  slack (MET)                                                        0.00


  Startpoint: node1/out1_n1_reg[0]
              (falling edge-triggered flip-flop clocked by clk)
  Endpoint: node1/out1_n1_reg[0]
            (falling edge-triggered flip-flop clocked by clk)
  Path Group: clk
  Path Type: min

  Point                                    Incr       Path
  -----------------------------------------------------------
  clock clk (fall edge)                    1.11       1.11
  clock network delay (propagated)         0.05       1.16
  node1/out1_n1_reg[0]/CPN (DFND1BWP)      0.00       1.16 f
  node1/out1_n1_reg[0]/QN (DFND1BWP)       0.11       1.27 f
  U12369/ZN (IOA22D0BWP)                   0.03 &     1.30 r
  U524/Z (DEL075D1BWP)                     0.05 &     1.35 r
  node1/out1_n1_reg[0]/D (DFND1BWP)        0.00 &     1.35 r
  data arrival time                                   1.35

  clock clk (fall edge)                    1.11       1.11
  clock network delay (propagated)         0.05       1.16
  clock uncertainty                        0.15       1.31
  node1/out1_n1_reg[0]/CPN (DFND1BWP)      0.00       1.31 f
  library hold time                        0.03       1.35
  data required time                                  1.35
  -----------------------------------------------------------
  data required time                                  1.35
  data arrival time                                  -1.35
  -----------------------------------------------------------
  slack (MET)                                         0.00


  Startpoint: node0/out0_n0_reg[17]
              (falling edge-triggered flip-flop clocked by clk)
  Endpoint: node0/out0_n0_reg[17]
            (falling edge-triggered flip-flop clocked by clk)
  Path Group: clk
  Path Type: min

  Point                                                   Incr       Path
  --------------------------------------------------------------------------
  clock clk (fall edge)                                   1.11       1.11
  clock network delay (propagated)                        0.05       1.16
  node0/out0_n0_reg[17]/CPN (DFND1BWP)                    0.00       1.16 f
  node0/out0_n0_reg[17]/QN (DFND1BWP)                     0.10       1.27 f
  U12285/ZN (IOA22D0BWP)                                  0.03 &     1.30 r
  U622/Z (DEL075D1BWP)                                    0.05 &     1.35 r
  node0/out0_n0_reg[17]/D (DFND1BWP)                      0.00 &     1.35 r
  data arrival time                                                  1.35

  clock clk (fall edge)                                   1.11       1.11
  clock network delay (propagated)                        0.05       1.16
  clock uncertainty                                       0.15       1.31
  node0/out0_n0_reg[17]/CPN (DFND1BWP)                    0.00       1.31 f
  library hold time                                       0.03       1.34
  data required time                                                 1.34
  --------------------------------------------------------------------------
  data required time                                                 1.34
  data arrival time                                                 -1.35
  --------------------------------------------------------------------------
  slack (MET)                                                        0.00


  Startpoint: node0/out1_n0_reg[8]
              (falling edge-triggered flip-flop clocked by clk)
  Endpoint: node0/out1_n0_reg[8]
            (falling edge-triggered flip-flop clocked by clk)
  Path Group: clk
  Path Type: min

  Point                                    Incr       Path
  -----------------------------------------------------------
  clock clk (fall edge)                    1.11       1.11
  clock network delay (propagated)         0.06       1.17
  node0/out1_n0_reg[8]/CPN (DFND1BWP)      0.00       1.17 f
  node0/out1_n0_reg[8]/QN (DFND1BWP)       0.11       1.27 f
  U12241/ZN (IOA22D0BWP)                   0.03 &     1.31 r
  U540/Z (DEL075D1BWP)                     0.05 &     1.35 r
  node0/out1_n0_reg[8]/D (DFND1BWP)        0.00 &     1.35 r
  data arrival time                                   1.35

  clock clk (fall edge)                    1.11       1.11
  clock network delay (propagated)         0.06       1.17
  clock uncertainty                        0.15       1.32
  node0/out1_n0_reg[8]/CPN (DFND1BWP)      0.00       1.32 f
  library hold time                        0.03       1.35
  data required time                                  1.35
  -----------------------------------------------------------
  data required time                                  1.35
  data arrival time                                  -1.35
  -----------------------------------------------------------
  slack (MET)                                         0.00


  Startpoint: node0/mul1_reg[3]
              (rising edge-triggered flip-flop clocked by clk)
  Endpoint: y4_node0_p3_reg[3]
            (rising edge-triggered flip-flop clocked by clk)
  Path Group: clk
  Path Type: min

  Point                                    Incr       Path
  -----------------------------------------------------------
  clock clk (rise edge)                    0.00       0.00
  clock network delay (propagated)         0.05       0.05
  node0/mul1_reg[3]/CP (DFQD2BWP)          0.00       0.05 r
  node0/mul1_reg[3]/Q (DFQD2BWP)           0.09 @     0.14 r
  U6716/ZN (CKND2D1BWP)                    0.04 @     0.18 f
  U700/Z (DEL050D1BWP)                     0.05 &     0.23 f
  y4_node0_p3_reg[3]/D (DFD1BWP)           0.00 &     0.23 f
  data arrival time                                   0.23

  clock clk (rise edge)                    0.00       0.00
  clock network delay (propagated)         0.05       0.05
  clock uncertainty                        0.15       0.20
  y4_node0_p3_reg[3]/CP (DFD1BWP)          0.00       0.20 r
  library hold time                        0.03       0.23
  data required time                                  0.23
  -----------------------------------------------------------
  data required time                                  0.23
  data arrival time                                  -0.23
  -----------------------------------------------------------
  slack (MET)                                         0.00


1
