 
****************************************
Report : qor
Design : top
Version: S-2021.06
Date   : Fri Apr 29 16:08:55 2022
****************************************


  Timing Path Group 'clk'
  -----------------------------------
  Levels of Logic:              31.00
  Critical Path Length:          1.43
  Critical Path Slack:           0.02
  Critical Path Clk Period:      1.88
  Total Negative Slack:          0.00
  No. of Violating Paths:        0.00
  Worst Hold Violation:          0.00
  Total Hold Violation:          0.00
  No. of Hold Violations:        0.00
  -----------------------------------


  Cell Count
  -----------------------------------
  Hierarchical Cell Count:          0
  Hierarchical Port Count:          0
  Leaf Cell Count:               9666
  Buf/Inv Cell Count:            1442
  Buf Cell Count:                 852
  Inv Cell Count:                 590
  CT Buf/Inv Cell Count:            1
  Combinational Cell Count:      8585
  Sequential Cell Count:         1081
  Macro Count:                      0
  -----------------------------------


  Area
  -----------------------------------
  Combinational Area:    17393.568981
  Noncombinational Area:  4519.897319
  Buf/Inv Area:           1335.877238
  Total Buffer Area:           984.66
  Total Inverter Area:         351.21
  Macro/Black Box Area:      0.000000
  Net Area:                  0.000000
  -----------------------------------
  Cell Area:             21913.466300
  Design Area:           21913.466300


  Design Rules
  -----------------------------------
  Total Number of Nets:         12418
  Nets With Violations:             0
  Max Trans Violations:             0
  Max Cap Violations:               0
  -----------------------------------


  Hostname: tux-160

  Compile CPU Statistics
  -----------------------------------------
  Resource Sharing:                    0.01
  Logic Optimization:                  2.96
  Mapping Optimization:               11.13
  -----------------------------------------
  Overall Compile Time:               16.84
  Overall Compile Wall Clock Time:    17.25

  --------------------------------------------------------------------

  Design  WNS: 0.00  TNS: 0.00  Number of Violating Paths: 0


  Design (Hold)  WNS: 0.00  TNS: 0.00  Number of Violating Paths: 0

  --------------------------------------------------------------------


1
