 
****************************************
Report : qor
Design : top
Version: S-2021.06
Date   : Fri Apr 29 16:16:54 2022
****************************************


  Timing Path Group 'clk'
  -----------------------------------
  Levels of Logic:              31.00
  Critical Path Length:          1.43
  Critical Path Slack:           0.03
  Critical Path Clk Period:      1.90
  Total Negative Slack:          0.00
  No. of Violating Paths:        0.00
  Worst Hold Violation:          0.00
  Total Hold Violation:          0.00
  No. of Hold Violations:        0.00
  -----------------------------------


  Cell Count
  -----------------------------------
  Hierarchical Cell Count:          0
  Hierarchical Port Count:          0
  Leaf Cell Count:               9666
  Buf/Inv Cell Count:            1442
  Buf Cell Count:                 851
  Inv Cell Count:                 591
  CT Buf/Inv Cell Count:            1
  Combinational Cell Count:      8585
  Sequential Cell Count:         1081
  Macro Count:                      0
  -----------------------------------


  Area
  -----------------------------------
  Combinational Area:    17404.682182
  Noncombinational Area:  4519.897319
  Buf/Inv Area:           1335.700838
  Total Buffer Area:           983.96
  Total Inverter Area:         351.74
  Macro/Black Box Area:      0.000000
  Net Area:                  0.000000
  -----------------------------------
  Cell Area:             21924.579500
  Design Area:           21924.579500


  Design Rules
  -----------------------------------
  Total Number of Nets:         12418
  Nets With Violations:             0
  Max Trans Violations:             0
  Max Cap Violations:               0
  -----------------------------------


  Hostname: tux-160

  Compile CPU Statistics
  -----------------------------------------
  Resource Sharing:                    0.01
  Logic Optimization:                  2.98
  Mapping Optimization:               10.97
  -----------------------------------------
  Overall Compile Time:               16.72
  Overall Compile Wall Clock Time:    17.14

  --------------------------------------------------------------------

  Design  WNS: 0.00  TNS: 0.00  Number of Violating Paths: 0


  Design (Hold)  WNS: 0.00  TNS: 0.00  Number of Violating Paths: 0

  --------------------------------------------------------------------


1
