Information: Propagating switching activity (low effort zero delay simulation). (PWR-6)
Warning: Design has unannotated primary inputs. (PWR-414)
Warning: Design has unannotated sequential cell outputs. (PWR-415)
 
****************************************
Report : power
        -analysis_effort low
Design : top
Version: S-2021.06
Date   : Fri Apr 29 17:29:56 2022
****************************************


Library(s) Used:

    tcbn45gsbwptc (File: /cae/apps/data/tsmclibs-2013/digital/Front_End/timing_power_noise/NLDM/tcbn45gsbwp_120a/tcbn45gsbwptc.db)


Operating Conditions: NCCOM   Library: tcbn45gsbwptc
Wire Load Model Mode: segmented

Design        Wire Load Model            Library
------------------------------------------------
top                    ZeroWireload      tcbn45gsbwptc


Global Operating Voltage = 0.9  
Power-specific unit information :
    Voltage Units = 1V
    Capacitance Units = 1.000000pf
    Time Units = 1ns
    Dynamic Power Units = 1mW    (derived from V,C,T units)
    Leakage Power Units = 1nW


  Cell Internal Power  =   4.8628 mW   (70%)
  Net Switching Power  =   2.0990 mW   (30%)
                         ---------
Total Dynamic Power    =   6.9619 mW  (100%)

Cell Leakage Power     = 288.0484 uW


                 Internal         Switching           Leakage            Total
Power Group      Power            Power               Power              Power   (   %    )  Attrs
--------------------------------------------------------------------------------------------------
io_pad             0.0000            0.0000            0.0000            0.0000  (   0.00%)
memory             0.0000            0.0000            0.0000            0.0000  (   0.00%)
black_box          0.0000            0.0000            0.0000            0.0000  (   0.00%)
clock_network  4.5071e-02            0.4443          902.3251            0.4902  (   6.76%)
register           1.9745        3.3638e-02        3.6815e+04            2.0449  (  28.21%)
sequential     8.3191e-03        4.6810e-03        3.4833e+03        1.6483e-02  (   0.23%)
combinational      2.8350            1.6165        2.4685e+05            4.6982  (  64.80%)
--------------------------------------------------------------------------------------------------
Total              4.8628 mW         2.0990 mW     2.8805e+05 nW         7.2499 mW
1
