 
****************************************
Report : area
Design : top
Version: S-2021.06
Date   : Fri Apr 29 17:29:55 2022
****************************************

Library(s) Used:

    tcbn45gsbwptc (File: /cae/apps/data/tsmclibs-2013/digital/Front_End/timing_power_noise/NLDM/tcbn45gsbwp_120a/tcbn45gsbwptc.db)

Number of ports:                          381
Number of nets:                         11956
Number of cells:                         9208
Number of combinational cells:           8131
Number of sequential cells:              1077
Number of macros/black boxes:               0
Number of buf/inv:                        927
Number of references:                      95

Combinational area:              17278.379772
Buf/Inv area:                     1050.462026
Noncombinational area:            4509.666119
Macro/Black Box area:                0.000000
Net Interconnect area:      undefined  (Wire load has zero net area)

Total cell area:                 21788.045891
Total area:                 undefined
1
