Information: Propagating switching activity (low effort zero delay simulation). (PWR-6)
Warning: Design has unannotated primary inputs. (PWR-414)
Warning: Design has unannotated sequential cell outputs. (PWR-415)
 
****************************************
Report : power
        -analysis_effort low
Design : top
Version: S-2021.06
Date   : Fri Apr 29 17:31:14 2022
****************************************


Library(s) Used:

    tcbn45gsbwptc (File: /cae/apps/data/tsmclibs-2013/digital/Front_End/timing_power_noise/NLDM/tcbn45gsbwp_120a/tcbn45gsbwptc.db)


Operating Conditions: NCCOM   Library: tcbn45gsbwptc
Wire Load Model Mode: segmented

Design        Wire Load Model            Library
------------------------------------------------
top                    ZeroWireload      tcbn45gsbwptc


Global Operating Voltage = 0.9  
Power-specific unit information :
    Voltage Units = 1V
    Capacitance Units = 1.000000pf
    Time Units = 1ns
    Dynamic Power Units = 1mW    (derived from V,C,T units)
    Leakage Power Units = 1nW


  Cell Internal Power  =   4.8570 mW   (69%)
  Net Switching Power  =   2.1445 mW   (31%)
                         ---------
Total Dynamic Power    =   7.0015 mW  (100%)

Cell Leakage Power     = 288.5206 uW


                 Internal         Switching           Leakage            Total
Power Group      Power            Power               Power              Power   (   %    )  Attrs
--------------------------------------------------------------------------------------------------
io_pad             0.0000            0.0000            0.0000            0.0000  (   0.00%)
memory             0.0000            0.0000            0.0000            0.0000  (   0.00%)
black_box          0.0000            0.0000            0.0000            0.0000  (   0.00%)
clock_network  4.5033e-02            0.4431          902.3251            0.4891  (   6.71%)
register           1.9718        3.2660e-02        3.6814e+04            2.0413  (  28.00%)
sequential     8.3332e-03        4.5852e-03        3.4832e+03        1.6402e-02  (   0.22%)
combinational      2.8318            1.6641        2.4732e+05            4.7433  (  65.07%)
--------------------------------------------------------------------------------------------------
Total              4.8570 mW         2.1445 mW     2.8852e+05 nW         7.2900 mW
1
