Warning: Neither event file or switching activity data present for power estimation. The command will propagate switching activity values for power calculation.  (PWR-246)
Information: Running switching activity propagation with 4 threads!
Information: Running averaged power analysis... (PWR-601)
Information: Running power calculation with 4 threads. (PWR-602)
****************************************
Report : Averaged Power
	-verbose
Design : top
Version: S-2021.06
Date   : Sun May  1 15:48:55 2022
****************************************

Library(s) Used:

    tcbn45gsbwptc (File: /cae/apps/data/tsmclibs-2013/digital/Front_End/timing_power_noise/NLDM/tcbn45gsbwp_120a/tcbn45gsbwptc.db)


Operating Conditions: NCCOM   Library: tcbn45gsbwptc
Wire Load Model Mode: segmented

Cell               Design       Wire_model  Library       Selection_type
--------------------------------------------------------------------------------
                   top          ZeroWireload
                                            tcbn45gsbwptc automatic-by-area

Power-specific unit information :
    Voltage Units = 1 V
    Capacitance Units = 1 pf
    Time Units = 1 ns
    Dynamic Power Units = 1 W
    Leakage Power Units = 1 W



  Attributes
  ----------
      i  -  Including register clock pin internal power
      u  -  User defined power group

                        Internal  Switching  Leakage    Total
Power Group             Power     Power      Power      Power   (     %)  Attrs
--------------------------------------------------------------------------------
clock_network           9.377e-04 2.545e-04 1.663e-06 1.194e-03 (18.58%)  i
register                3.251e-04 9.983e-05 3.300e-05 4.579e-04 ( 7.13%)  
combinational           2.698e-03 1.800e-03 2.480e-04 4.746e-03 (73.86%)  
sequential              1.629e-05 7.960e-06 3.469e-06 2.772e-05 ( 0.43%)  
memory                     0.0000    0.0000    0.0000    0.0000 ( 0.00%)  
io_pad                     0.0000    0.0000    0.0000    0.0000 ( 0.00%)  
black_box                  0.0000    0.0000    0.0000    0.0000 ( 0.00%)  

  Net Switching Power  = 2.162e-03   (33.66%)
  Cell Internal Power  = 3.977e-03   (61.89%)
  Cell Leakage Power   = 2.861e-04   ( 4.45%)
                         ---------
Total Power            = 6.425e-03  (100.00%)

1
