****************************************
Report : timing
	-path_type full
	-delay_type max
	-max_paths 1
	-sort_by slack
Design : top
Version: S-2021.06
Date   : Sun May  1 15:48:54 2022
****************************************


  Startpoint: dnn_state_reg[0]
               (rising edge-triggered flip-flop clocked by clk)
  Endpoint: node0/mul5_out_reg[18]
               (rising edge-triggered flip-flop clocked by clk)
  Last common pin: clk
  Path Group: clk
  Path Type: max

  Point                                                   Incr       Path
  ------------------------------------------------------------------------------
  clock clk (rise edge)                                   0.00       0.00
  clock network delay (propagated)                        0.08       0.08
  dnn_state_reg[0]/CP (DFCNQD1BWP)                        0.00       0.08 r
  dnn_state_reg[0]/Q (DFCNQD1BWP)                         0.08 +     0.16 r
  U175/Z (CKBD1BWP)                                       0.02 +     0.19 r
  U40/ZN (INVD1BWP)                                       0.01 +     0.19 f
  U187/Z (BUFFD0BWP)                                      0.02 +     0.22 f
  U67/ZN (CKND2BWP)                                       0.02 +     0.23 r
  U2/ZN (CKND12BWP)                                       0.03 +     0.26 f
  U10248/ZN (NR2XD0BWP)                                   0.04 +     0.30 r
  U82/Z (CKBD4BWP)                                        0.06 +     0.36 r
  U10217/Z (AO222D2BWP)                                   0.08 +     0.44 r
  U149/Z (DEL050D1BWP)                                    0.10 +     0.53 r
  U150/ZN (INVD2BWP)                                      0.05 +     0.59 f
  U7658/ZN (NR3D0BWP)                                     0.04 +     0.63 r
  node0/mult_82/S1_2_0/CO (FA1D0BWP)                      0.08 +     0.71 r
  node0/mult_82/S1_3_0/CO (FA1D0BWP)                      0.08 +     0.79 r
  node0/mult_82/S1_4_0/CO (FA1D0BWP)                      0.08 +     0.87 r
  node0/mult_82/S1_5_0/CO (FA1D0BWP)                      0.07 +     0.94 r
  node0/mult_82/S1_6_0/CO (FA1D0BWP)                      0.07 +     1.00 r
  node0/mult_82/S1_7_0/CO (FA1D0BWP)                      0.07 +     1.07 r
  node0/mult_82/S1_8_0/CO (FA1D0BWP)                      0.07 +     1.13 r
  node0/mult_82/S1_9_0/CO (FA1D0BWP)                      0.07 +     1.20 r
  node0/mult_82/S1_10_0/CO (FA1D0BWP)                     0.07 +     1.27 r
  node0/mult_82/S1_11_0/CO (FA1D0BWP)                     0.07 +     1.33 r
  node0/mult_82/S1_12_0/CO (FA1D0BWP)                     0.07 +     1.40 r
  node0/mult_82/S1_13_0/CO (FA1D0BWP)                     0.07 +     1.47 r
  node0/mult_82/S4_0/S (FA1D0BWP)                         0.07 +     1.54 f
  U4838/Z (XOR2D0BWP)                                     0.05 +     1.59 f
  U6537/ZN (INR2D0BWP)                                    0.03 +     1.62 f
  U6190/ZN (AOI21D1BWP)                                   0.03 +     1.65 r
  U6379/ZN (OAI21D0BWP)                                   0.02 +     1.67 f
  U9554/Z (AO221D0BWP)                                    0.06 +     1.74 f
  U9553/Z (XOR3D0BWP)                                     0.05 +     1.79 r
  node0/mul5_out_reg[18]/D (DFQD1BWP)                     0.00 +     1.79 r
  data arrival time                                                  1.79

  clock clk (rise edge)                                   1.88       1.88
  clock network delay (propagated)                        0.07       1.95
  clock reconvergence pessimism                           0.00       1.95
  clock uncertainty                                      -0.15       1.80
  node0/mul5_out_reg[18]/CP (DFQD1BWP)                               1.80 r
  library setup time                                     -0.00       1.80
  data required time                                                 1.80
  ------------------------------------------------------------------------------
  data required time                                                 1.80
  data arrival time                                                 -1.79
  ------------------------------------------------------------------------------
  slack (MET)                                                        0.01


1
