 
****************************************
Report : area
Design : top
Version: S-2021.06
Date   : Sun May  1 18:00:39 2022
****************************************

Information: Updating design information... (UID-85)
Library(s) Used:

    tcbn45gsbwptc (File: /cae/apps/data/tsmclibs-2013/digital/Front_End/timing_power_noise/NLDM/tcbn45gsbwp_120a/tcbn45gsbwptc.db)

Number of ports:                          379
Number of nets:                         17668
Number of cells:                        14367
Number of combinational cells:          13871
Number of sequential cells:               496
Number of macros/black boxes:               0
Number of buf/inv:                       1465
Number of references:                      57

Combinational area:              24798.311855
Buf/Inv area:                     1283.133642
Noncombinational area:            1833.148832
Macro/Black Box area:                0.000000
Net Interconnect area:      undefined  (Wire load has zero net area)

Total cell area:                 26631.460687
Total area:                 undefined

Hierarchical area distribution
------------------------------

                                  Global cell area            Local cell area
                                  -------------------  ----------------------------- 
Hierarchical cell                 Absolute    Percent  Combi-      Noncombi-  Black-
                                  Total       Total    national    national   boxes   Design
--------------------------------  ----------  -------  ----------  ---------  ------  ---------
top                               26631.4607    100.0  24798.3119  1833.1488  0.0000  top
--------------------------------  ----------  -------  ----------  ---------  ------  ---------
Total                                                  24798.3119  1833.1488  0.0000

1
