 
****************************************
Report : area
Design : top
Version: S-2021.06
Date   : Sun May  1 15:18:18 2022
****************************************

Information: Updating design information... (UID-85)
Library(s) Used:

    tcbn45gsbwptc (File: /cae/apps/data/tsmclibs-2013/digital/Front_End/timing_power_noise/NLDM/tcbn45gsbwp_120a/tcbn45gsbwptc.db)

Number of ports:                          379
Number of nets:                         23590
Number of cells:                        19079
Number of combinational cells:          18603
Number of sequential cells:               476
Number of macros/black boxes:               0
Number of buf/inv:                       1857
Number of references:                      63

Combinational area:              33951.884180
Buf/Inv area:                     1471.881648
Noncombinational area:            1991.203216
Macro/Black Box area:                0.000000
Net Interconnect area:      undefined  (Wire load has zero net area)

Total cell area:                 35943.087396
Total area:                 undefined

Hierarchical area distribution
------------------------------

                                  Global cell area            Local cell area
                                  -------------------  ----------------------------- 
Hierarchical cell                 Absolute    Percent  Combi-      Noncombi-  Black-
                                  Total       Total    national    national   boxes   Design
--------------------------------  ----------  -------  ----------  ---------  ------  ---------
top                               35943.0874    100.0  33951.8842  1991.2032  0.0000  top
--------------------------------  ----------  -------  ----------  ---------  ------  ---------
Total                                                  33951.8842  1991.2032  0.0000

1
