 
****************************************
  Report : Chip Summary
  Design : top
  Version: S-2021.06
  Date   : Fri Apr 29 17:05:39 2022
****************************************
Std cell utilization: 60.51%  (119732/(197876-0))
(Non-fixed + Fixed)
Std cell utilization: 60.44%  (119381/(197876-351))
(Non-fixed only)
Chip area:            197876   sites, bbox (10.00 10.00 197.18 196.48) um
Std cell area:        119732   sites, (non-fixed:119381 fixed:351)
                      9214     cells, (non-fixed:9193   fixed:21)
Macro cell area:      0        sites
                      0        cells
Placement blockages:  0        sites, (excluding fixed std cells)
                      351      sites, (include fixed std cells & chimney area)
                      0        sites, (complete p/g net blockages)
Routing blockages:    0        sites, (partial p/g net blockages)
                      0        sites, (routing blockages and signal pre-route)
Lib cell count:       81 
Avg. std cell width:  1.41 um 
Site array:           unit     (width: 0.14 um, height: 1.26 um, rows: 148)
Physical DB scale:    1000 db_unit = 1 um 

 
****************************************
  Report : pnet options
  Design : top
  Version: S-2021.06
  Date   : Fri Apr 29 17:05:39 2022
****************************************


--------------------------------------------------------------------
Layer      Blockage   Min_width   Min_height   Via_additive     Density
--------------------------------------------------------------------
M1         none          ---         ---       via additive      ---
M2         none          ---         ---       via additive      ---
M3         none          ---         ---       via additive      ---
M4         none          ---         ---       via additive      ---
M5         none          ---         ---       via additive      ---
M6         none          ---         ---       via additive      ---
M7         none          ---         ---       via additive      ---
M8         none          ---         ---       via additive      ---
M9         none          ---         ---       via additive      ---
M10        none          ---         ---       via additive      ---
AP         none          ---         ---       via additive      ---

**********************************
      Sub-Region Utilization      
**********************************
Number of regions with placement utilization 0 - 0.125 is 112 (12.44%)
Number of regions with placement utilization 0.125 - 0.25 is 46 (5.11%)
Number of regions with placement utilization 0.25 - 0.375 is 29 (3.22%)
Number of regions with placement utilization 0.375 - 0.5 is 27 (3.00%)
Number of regions with placement utilization 0.5 - 0.625 is 70 (7.78%)
Number of regions with placement utilization 0.625 - 0.75 is 270 (30.00%)
Number of regions with placement utilization 0.75 - 0.875 is 334 (37.11%)
Number of regions with placement utilization 0.875 - 1 is 12 (1.33%)
1
