 
****************************************
Report : area
Design : top
Version: S-2021.06
Date   : Sun May  1 15:47:05 2022
****************************************

Library(s) Used:

    tcbn45gsbwptc (File: /cae/apps/data/tsmclibs-2013/digital/Front_End/timing_power_noise/NLDM/tcbn45gsbwp_120a/tcbn45gsbwptc.db)

Number of ports:                          381
Number of nets:                         11939
Number of cells:                         9189
Number of combinational cells:           8110
Number of sequential cells:              1079
Number of macros/black boxes:               0
Number of buf/inv:                       1003
Number of references:                      89

Combinational area:              17328.830170
Buf/Inv area:                     1109.026828
Noncombinational area:            3782.016051
Macro/Black Box area:                0.000000
Net Interconnect area:      undefined  (Wire load has zero net area)

Total cell area:                 21110.846221
Total area:                 undefined
1
