Information: Propagating switching activity (low effort zero delay simulation). (PWR-6)
Warning: Design has unannotated primary inputs. (PWR-414)
Warning: Design has unannotated sequential cell outputs. (PWR-415)
 
****************************************
Report : power
        -analysis_effort low
Design : top
Version: S-2021.06
Date   : Sun May  1 15:46:34 2022
****************************************


Library(s) Used:

    tcbn45gsbwptc (File: /cae/apps/data/tsmclibs-2013/digital/Front_End/timing_power_noise/NLDM/tcbn45gsbwp_120a/tcbn45gsbwptc.db)


Operating Conditions: NCCOM   Library: tcbn45gsbwptc
Wire Load Model Mode: segmented

Design        Wire Load Model            Library
------------------------------------------------
top                    ZeroWireload      tcbn45gsbwptc


Global Operating Voltage = 0.9  
Power-specific unit information :
    Voltage Units = 1V
    Capacitance Units = 1.000000pf
    Time Units = 1ns
    Dynamic Power Units = 1mW    (derived from V,C,T units)
    Leakage Power Units = 1nW


  Cell Internal Power  =   3.8602 mW   (65%)
  Net Switching Power  =   2.0740 mW   (35%)
                         ---------
Total Dynamic Power    =   5.9342 mW  (100%)

Cell Leakage Power     = 283.9795 uW


                 Internal         Switching           Leakage            Total
Power Group      Power            Power               Power              Power   (   %    )  Attrs
--------------------------------------------------------------------------------------------------
io_pad             0.0000            0.0000            0.0000            0.0000  (   0.00%)
memory             0.0000            0.0000            0.0000            0.0000  (   0.00%)
black_box          0.0000            0.0000            0.0000            0.0000  (   0.00%)
clock_network  4.1518e-03            0.2047          215.0069            0.2091  (   3.36%)
register           1.2253        9.6397e-02        3.3007e+04            1.3548  (  21.79%)
sequential     1.6341e-02        9.1880e-03        3.4786e+03        2.9008e-02  (   0.47%)
combinational      2.6144            1.7636        2.4728e+05            4.6253  (  74.38%)
--------------------------------------------------------------------------------------------------
Total              3.8602 mW         2.0740 mW     2.8398e+05 nW         6.2182 mW
1
