 
****************************************
Report : timing
        -path full
        -delay min
        -max_paths 20
Design : top
Version: S-2021.06
Date   : Sun May  1 15:48:39 2022
****************************************

 * Some/all delay information is back-annotated.

Operating Conditions: NCCOM   Library: tcbn45gsbwptc
	Parasitic source    : LPE
	Parasitic mode      : RealRC
	Extraction mode     : MAX
	Extraction derating : 25/25/25

Information: Percent of Arnoldi-based delays = 21.92%

  Startpoint: node2/y4_p3_reg[8]
              (rising edge-triggered flip-flop clocked by clk)
  Endpoint: node2/y4_relu_p4_reg[8]
            (rising edge-triggered flip-flop clocked by clk)
  Path Group: clk
  Path Type: min

  Point                                                   Incr       Path
  --------------------------------------------------------------------------
  clock clk (rise edge)                                   0.00       0.00
  clock network delay (propagated)                        0.07       0.07
  node2/y4_p3_reg[8]/CP (DFKCNQD1BWP)                     0.00       0.07 r
  node2/y4_p3_reg[8]/Q (DFKCNQD1BWP)                      0.07       0.15 f
  U5404/Z (DEL150D1BWP)                                   0.10 &     0.24 f
  node2/y4_relu_p4_reg[8]/D (DFKCNQD1BWP)                 0.00 &     0.24 f
  data arrival time                                                  0.24

  clock clk (rise edge)                                   0.00       0.00
  clock network delay (propagated)                        0.07       0.07
  clock uncertainty                                       0.15       0.22
  node2/y4_relu_p4_reg[8]/CP (DFKCNQD1BWP)                0.00       0.22 r
  library hold time                                       0.02       0.24
  data required time                                                 0.24
  --------------------------------------------------------------------------
  data required time                                                 0.24
  data arrival time                                                 -0.24
  --------------------------------------------------------------------------
  slack (MET)                                                        0.00


  Startpoint: node0/y4_p3_reg[3]
              (rising edge-triggered flip-flop clocked by clk)
  Endpoint: node0/y4_relu_p4_reg[3]
            (rising edge-triggered flip-flop clocked by clk)
  Path Group: clk
  Path Type: min

  Point                                                   Incr       Path
  --------------------------------------------------------------------------
  clock clk (rise edge)                                   0.00       0.00
  clock network delay (propagated)                        0.08       0.08
  node0/y4_p3_reg[3]/CP (DFKCNQD1BWP)                     0.00       0.08 r
  node0/y4_p3_reg[3]/Q (DFKCNQD1BWP)                      0.08       0.16 f
  U5484/Z (DEL150D1BWP)                                   0.10 &     0.25 f
  node0/y4_relu_p4_reg[3]/D (DFKCNQD1BWP)                 0.00 &     0.25 f
  data arrival time                                                  0.25

  clock clk (rise edge)                                   0.00       0.00
  clock network delay (propagated)                        0.08       0.08
  clock uncertainty                                       0.15       0.23
  node0/y4_relu_p4_reg[3]/CP (DFKCNQD1BWP)                0.00       0.23 r
  library hold time                                       0.02       0.25
  data required time                                                 0.25
  --------------------------------------------------------------------------
  data required time                                                 0.25
  data arrival time                                                 -0.25
  --------------------------------------------------------------------------
  slack (MET)                                                        0.00


  Startpoint: node0/y4_p3_reg[4]
              (rising edge-triggered flip-flop clocked by clk)
  Endpoint: node0/y4_relu_p4_reg[4]
            (rising edge-triggered flip-flop clocked by clk)
  Path Group: clk
  Path Type: min

  Point                                                   Incr       Path
  --------------------------------------------------------------------------
  clock clk (rise edge)                                   0.00       0.00
  clock network delay (propagated)                        0.08       0.08
  node0/y4_p3_reg[4]/CP (DFKCNQD1BWP)                     0.00       0.08 r
  node0/y4_p3_reg[4]/Q (DFKCNQD1BWP)                      0.08       0.16 f
  U5481/Z (DEL150D1BWP)                                   0.10 &     0.25 f
  node0/y4_relu_p4_reg[4]/D (DFKCNQD1BWP)                 0.00 &     0.25 f
  data arrival time                                                  0.25

  clock clk (rise edge)                                   0.00       0.00
  clock network delay (propagated)                        0.08       0.08
  clock uncertainty                                       0.15       0.23
  node0/y4_relu_p4_reg[4]/CP (DFKCNQD1BWP)                0.00       0.23 r
  library hold time                                       0.02       0.25
  data required time                                                 0.25
  --------------------------------------------------------------------------
  data required time                                                 0.25
  data arrival time                                                 -0.25
  --------------------------------------------------------------------------
  slack (MET)                                                        0.00


  Startpoint: node3/y4_relu_p4_reg[0]
              (rising edge-triggered flip-flop clocked by clk)
  Endpoint: node3/mul5_out_reg[0]
            (rising edge-triggered flip-flop clocked by clk)
  Path Group: clk
  Path Type: min

  Point                                                   Incr       Path
  --------------------------------------------------------------------------
  clock clk (rise edge)                                   0.00       0.00
  clock network delay (propagated)                        0.08       0.08
  node3/y4_relu_p4_reg[0]/CP (DFKCNQD1BWP)                0.00       0.08 r
  node3/y4_relu_p4_reg[0]/Q (DFKCNQD1BWP)                 0.07       0.16 r
  U1476/Z (XOR2D0BWP)                                     0.05 &     0.21 r
  U5529/ZN (OAI22D2BWP)                                   0.04 @     0.24 f
  node3/mul5_out_reg[0]/D (DFKCNQD1BWP)                   0.00 @     0.24 f
  data arrival time                                                  0.24

  clock clk (rise edge)                                   0.00       0.00
  clock network delay (propagated)                        0.08       0.08
  clock uncertainty                                       0.15       0.23
  node3/mul5_out_reg[0]/CP (DFKCNQD1BWP)                  0.00       0.23 r
  library hold time                                       0.01       0.24
  data required time                                                 0.24
  --------------------------------------------------------------------------
  data required time                                                 0.24
  data arrival time                                                 -0.24
  --------------------------------------------------------------------------
  slack (MET)                                                        0.00


  Startpoint: node3/y4_relu_p4_reg[0]
              (rising edge-triggered flip-flop clocked by clk)
  Endpoint: node3/mul1_out_reg[0]
            (rising edge-triggered flip-flop clocked by clk)
  Path Group: clk
  Path Type: min

  Point                                                   Incr       Path
  --------------------------------------------------------------------------
  clock clk (rise edge)                                   0.00       0.00
  clock network delay (propagated)                        0.08       0.08
  node3/y4_relu_p4_reg[0]/CP (DFKCNQD1BWP)                0.00       0.08 r
  node3/y4_relu_p4_reg[0]/Q (DFKCNQD1BWP)                 0.07       0.16 r
  U1476/Z (XOR2D0BWP)                                     0.05 &     0.21 r
  U5529/ZN (OAI22D2BWP)                                   0.04 @     0.24 f
  node3/mul1_out_reg[0]/D (DFKCNQD1BWP)                   0.00 @     0.24 f
  data arrival time                                                  0.24

  clock clk (rise edge)                                   0.00       0.00
  clock network delay (propagated)                        0.08       0.08
  clock uncertainty                                       0.15       0.23
  node3/mul1_out_reg[0]/CP (DFKCNQD1BWP)                  0.00       0.23 r
  library hold time                                       0.01       0.24
  data required time                                                 0.24
  --------------------------------------------------------------------------
  data required time                                                 0.24
  data arrival time                                                 -0.24
  --------------------------------------------------------------------------
  slack (MET)                                                        0.00


  Startpoint: node2/y7_relu_p4_reg[0]
              (rising edge-triggered flip-flop clocked by clk)
  Endpoint: node0/mul8_out_reg[0]
            (rising edge-triggered flip-flop clocked by clk)
  Path Group: clk
  Path Type: min

  Point                                                   Incr       Path
  --------------------------------------------------------------------------
  clock clk (rise edge)                                   0.00       0.00
  clock network delay (propagated)                        0.07       0.07
  node2/y7_relu_p4_reg[0]/CP (DFKCNQD1BWP)                0.00       0.07 r
  node2/y7_relu_p4_reg[0]/Q (DFKCNQD1BWP)                 0.07       0.14 r
  U5544/Z (XOR2D0BWP)                                     0.05 &     0.19 r
  U5546/ZN (OAI22D4BWP)                                   0.03 @     0.21 f
  U37/Z (CKBD0BWP)                                        0.04 @     0.25 f
  node0/mul8_out_reg[0]/CN (DFKCNQD1BWP)                  0.00 &     0.25 f
  data arrival time                                                  0.25

  clock clk (rise edge)                                   0.00       0.00
  clock network delay (propagated)                        0.08       0.08
  clock uncertainty                                       0.15       0.23
  node0/mul8_out_reg[0]/CP (DFKCNQD1BWP)                  0.00       0.23 r
  library hold time                                       0.02       0.24
  data required time                                                 0.24
  --------------------------------------------------------------------------
  data required time                                                 0.24
  data arrival time                                                 -0.25
  --------------------------------------------------------------------------
  slack (MET)                                                        0.01


  Startpoint: node2/y7_relu_p4_reg[0]
              (rising edge-triggered flip-flop clocked by clk)
  Endpoint: node0/mul4_out_reg[0]
            (rising edge-triggered flip-flop clocked by clk)
  Path Group: clk
  Path Type: min

  Point                                                   Incr       Path
  --------------------------------------------------------------------------
  clock clk (rise edge)                                   0.00       0.00
  clock network delay (propagated)                        0.07       0.07
  node2/y7_relu_p4_reg[0]/CP (DFKCNQD1BWP)                0.00       0.07 r
  node2/y7_relu_p4_reg[0]/Q (DFKCNQD1BWP)                 0.07       0.14 r
  U5544/Z (XOR2D0BWP)                                     0.05 &     0.19 r
  U5546/ZN (OAI22D4BWP)                                   0.03 @     0.21 f
  U37/Z (CKBD0BWP)                                        0.04 @     0.25 f
  node0/mul4_out_reg[0]/CN (DFKCNQD1BWP)                  0.00 &     0.25 f
  data arrival time                                                  0.25

  clock clk (rise edge)                                   0.00       0.00
  clock network delay (propagated)                        0.08       0.08
  clock uncertainty                                       0.15       0.23
  node0/mul4_out_reg[0]/CP (DFKCNQD1BWP)                  0.00       0.23 r
  library hold time                                       0.02       0.24
  data required time                                                 0.24
  --------------------------------------------------------------------------
  data required time                                                 0.24
  data arrival time                                                 -0.25
  --------------------------------------------------------------------------
  slack (MET)                                                        0.01


  Startpoint: node2/y4_p3_reg[1]
              (rising edge-triggered flip-flop clocked by clk)
  Endpoint: node2/y4_relu_p4_reg[1]
            (rising edge-triggered flip-flop clocked by clk)
  Path Group: clk
  Path Type: min

  Point                                                   Incr       Path
  --------------------------------------------------------------------------
  clock clk (rise edge)                                   0.00       0.00
  clock network delay (propagated)                        0.07       0.07
  node2/y4_p3_reg[1]/CP (DFKCNQD1BWP)                     0.00       0.07 r
  node2/y4_p3_reg[1]/Q (DFKCNQD1BWP)                      0.07       0.15 f
  U5421/Z (DEL150D1BWP)                                   0.10 &     0.25 f
  node2/y4_relu_p4_reg[1]/D (DFKCNQD1BWP)                 0.00 &     0.25 f
  data arrival time                                                  0.25

  clock clk (rise edge)                                   0.00       0.00
  clock network delay (propagated)                        0.07       0.07
  clock uncertainty                                       0.15       0.22
  node2/y4_relu_p4_reg[1]/CP (DFKCNQD1BWP)                0.00       0.22 r
  library hold time                                       0.02       0.24
  data required time                                                 0.24
  --------------------------------------------------------------------------
  data required time                                                 0.24
  data arrival time                                                 -0.25
  --------------------------------------------------------------------------
  slack (MET)                                                        0.01


  Startpoint: node2/y5_p3_reg[4]
              (rising edge-triggered flip-flop clocked by clk)
  Endpoint: node2/y5_relu_p4_reg[4]
            (rising edge-triggered flip-flop clocked by clk)
  Path Group: clk
  Path Type: min

  Point                                                   Incr       Path
  --------------------------------------------------------------------------
  clock clk (rise edge)                                   0.00       0.00
  clock network delay (propagated)                        0.08       0.08
  node2/y5_p3_reg[4]/CP (DFKCNQD1BWP)                     0.00       0.08 r
  node2/y5_p3_reg[4]/Q (DFKCNQD1BWP)                      0.08       0.16 f
  U5413/Z (DEL150D1BWP)                                   0.10 &     0.25 f
  node2/y5_relu_p4_reg[4]/D (DFKCNQD1BWP)                 0.00 &     0.25 f
  data arrival time                                                  0.25

  clock clk (rise edge)                                   0.00       0.00
  clock network delay (propagated)                        0.08       0.08
  clock uncertainty                                       0.15       0.23
  node2/y5_relu_p4_reg[4]/CP (DFKCNQD1BWP)                0.00       0.23 r
  library hold time                                       0.02       0.25
  data required time                                                 0.25
  --------------------------------------------------------------------------
  data required time                                                 0.25
  data arrival time                                                 -0.25
  --------------------------------------------------------------------------
  slack (MET)                                                        0.01


  Startpoint: node2/y4_p3_reg[10]
              (rising edge-triggered flip-flop clocked by clk)
  Endpoint: node2/y4_relu_p4_reg[10]
            (rising edge-triggered flip-flop clocked by clk)
  Path Group: clk
  Path Type: min

  Point                                                   Incr       Path
  --------------------------------------------------------------------------
  clock clk (rise edge)                                   0.00       0.00
  clock network delay (propagated)                        0.07       0.07
  node2/y4_p3_reg[10]/CP (DFKCNQD1BWP)                    0.00       0.07 r
  node2/y4_p3_reg[10]/Q (DFKCNQD1BWP)                     0.07       0.15 f
  U5400/Z (DEL150D1BWP)                                   0.10 &     0.24 f
  node2/y4_relu_p4_reg[10]/D (DFKCNQD1BWP)                0.00 &     0.24 f
  data arrival time                                                  0.24

  clock clk (rise edge)                                   0.00       0.00
  clock network delay (propagated)                        0.07       0.07
  clock uncertainty                                       0.15       0.22
  node2/y4_relu_p4_reg[10]/CP (DFKCNQD1BWP)               0.00       0.22 r
  library hold time                                       0.01       0.24
  data required time                                                 0.24
  --------------------------------------------------------------------------
  data required time                                                 0.24
  data arrival time                                                 -0.24
  --------------------------------------------------------------------------
  slack (MET)                                                        0.01


  Startpoint: node2/y4_p3_reg[2]
              (rising edge-triggered flip-flop clocked by clk)
  Endpoint: node2/y4_relu_p4_reg[2]
            (rising edge-triggered flip-flop clocked by clk)
  Path Group: clk
  Path Type: min

  Point                                                   Incr       Path
  --------------------------------------------------------------------------
  clock clk (rise edge)                                   0.00       0.00
  clock network delay (propagated)                        0.07       0.07
  node2/y4_p3_reg[2]/CP (DFKCNQD1BWP)                     0.00       0.07 r
  node2/y4_p3_reg[2]/Q (DFKCNQD1BWP)                      0.07       0.15 f
  U5416/Z (DEL150D1BWP)                                   0.10 &     0.25 f
  node2/y4_relu_p4_reg[2]/D (DFKCNQD1BWP)                 0.00 &     0.25 f
  data arrival time                                                  0.25

  clock clk (rise edge)                                   0.00       0.00
  clock network delay (propagated)                        0.08       0.08
  clock uncertainty                                       0.15       0.23
  node2/y4_relu_p4_reg[2]/CP (DFKCNQD1BWP)                0.00       0.23 r
  library hold time                                       0.02       0.24
  data required time                                                 0.24
  --------------------------------------------------------------------------
  data required time                                                 0.24
  data arrival time                                                 -0.25
  --------------------------------------------------------------------------
  slack (MET)                                                        0.01


  Startpoint: node2/y5_p3_reg[5]
              (rising edge-triggered flip-flop clocked by clk)
  Endpoint: node2/y5_relu_p4_reg[5]
            (rising edge-triggered flip-flop clocked by clk)
  Path Group: clk
  Path Type: min

  Point                                                   Incr       Path
  --------------------------------------------------------------------------
  clock clk (rise edge)                                   0.00       0.00
  clock network delay (propagated)                        0.08       0.08
  node2/y5_p3_reg[5]/CP (DFKCNQD1BWP)                     0.00       0.08 r
  node2/y5_p3_reg[5]/Q (DFKCNQD1BWP)                      0.08       0.15 f
  U5411/Z (DEL150D1BWP)                                   0.10 &     0.25 f
  node2/y5_relu_p4_reg[5]/D (DFKCNQD1BWP)                 0.00 &     0.25 f
  data arrival time                                                  0.25

  clock clk (rise edge)                                   0.00       0.00
  clock network delay (propagated)                        0.08       0.08
  clock uncertainty                                       0.15       0.23
  node2/y5_relu_p4_reg[5]/CP (DFKCNQD1BWP)                0.00       0.23 r
  library hold time                                       0.02       0.25
  data required time                                                 0.25
  --------------------------------------------------------------------------
  data required time                                                 0.25
  data arrival time                                                 -0.25
  --------------------------------------------------------------------------
  slack (MET)                                                        0.01


  Startpoint: node3/y4_p3_reg[2]
              (rising edge-triggered flip-flop clocked by clk)
  Endpoint: node3/y4_relu_p4_reg[2]
            (rising edge-triggered flip-flop clocked by clk)
  Path Group: clk
  Path Type: min

  Point                                                   Incr       Path
  --------------------------------------------------------------------------
  clock clk (rise edge)                                   0.00       0.00
  clock network delay (propagated)                        0.08       0.08
  node3/y4_p3_reg[2]/CP (DFKCNQD1BWP)                     0.00       0.08 r
  node3/y4_p3_reg[2]/Q (DFKCNQD1BWP)                      0.08       0.16 f
  U5386/Z (DEL150D1BWP)                                   0.10 &     0.26 f
  node3/y4_relu_p4_reg[2]/D (DFKCNQD1BWP)                 0.00 &     0.26 f
  data arrival time                                                  0.26

  clock clk (rise edge)                                   0.00       0.00
  clock network delay (propagated)                        0.08       0.08
  clock uncertainty                                       0.15       0.23
  node3/y4_relu_p4_reg[2]/CP (DFKCNQD1BWP)                0.00       0.23 r
  library hold time                                       0.02       0.25
  data required time                                                 0.25
  --------------------------------------------------------------------------
  data required time                                                 0.25
  data arrival time                                                 -0.26
  --------------------------------------------------------------------------
  slack (MET)                                                        0.01


  Startpoint: node2/y4_p3_reg[9]
              (rising edge-triggered flip-flop clocked by clk)
  Endpoint: node2/y4_relu_p4_reg[9]
            (rising edge-triggered flip-flop clocked by clk)
  Path Group: clk
  Path Type: min

  Point                                                   Incr       Path
  --------------------------------------------------------------------------
  clock clk (rise edge)                                   0.00       0.00
  clock network delay (propagated)                        0.07       0.07
  node2/y4_p3_reg[9]/CP (DFKCNQD1BWP)                     0.00       0.07 r
  node2/y4_p3_reg[9]/Q (DFKCNQD1BWP)                      0.07       0.15 f
  U5402/Z (DEL150D1BWP)                                   0.10 &     0.25 f
  node2/y4_relu_p4_reg[9]/D (DFKCNQD1BWP)                 0.00 &     0.25 f
  data arrival time                                                  0.25

  clock clk (rise edge)                                   0.00       0.00
  clock network delay (propagated)                        0.07       0.07
  clock uncertainty                                       0.15       0.22
  node2/y4_relu_p4_reg[9]/CP (DFKCNQD1BWP)                0.00       0.22 r
  library hold time                                       0.01       0.24
  data required time                                                 0.24
  --------------------------------------------------------------------------
  data required time                                                 0.24
  data arrival time                                                 -0.25
  --------------------------------------------------------------------------
  slack (MET)                                                        0.01


  Startpoint: node2/y4_p3_reg[5]
              (rising edge-triggered flip-flop clocked by clk)
  Endpoint: node2/y4_relu_p4_reg[5]
            (rising edge-triggered flip-flop clocked by clk)
  Path Group: clk
  Path Type: min

  Point                                                   Incr       Path
  --------------------------------------------------------------------------
  clock clk (rise edge)                                   0.00       0.00
  clock network delay (propagated)                        0.07       0.07
  node2/y4_p3_reg[5]/CP (DFKCNQD1BWP)                     0.00       0.07 r
  node2/y4_p3_reg[5]/Q (DFKCNQD1BWP)                      0.07       0.15 f
  U5410/Z (DEL150D1BWP)                                   0.10 &     0.25 f
  node2/y4_relu_p4_reg[5]/D (DFKCNQD1BWP)                 0.00 &     0.25 f
  data arrival time                                                  0.25

  clock clk (rise edge)                                   0.00       0.00
  clock network delay (propagated)                        0.08       0.08
  clock uncertainty                                       0.15       0.23
  node2/y4_relu_p4_reg[5]/CP (DFKCNQD1BWP)                0.00       0.23 r
  library hold time                                       0.01       0.24
  data required time                                                 0.24
  --------------------------------------------------------------------------
  data required time                                                 0.24
  data arrival time                                                 -0.25
  --------------------------------------------------------------------------
  slack (MET)                                                        0.01


  Startpoint: node2/y5_p3_reg[11]
              (rising edge-triggered flip-flop clocked by clk)
  Endpoint: node2/y5_relu_p4_reg[11]
            (rising edge-triggered flip-flop clocked by clk)
  Path Group: clk
  Path Type: min

  Point                                                   Incr       Path
  --------------------------------------------------------------------------
  clock clk (rise edge)                                   0.00       0.00
  clock network delay (propagated)                        0.07       0.07
  node2/y5_p3_reg[11]/CP (DFKCNQD1BWP)                    0.00       0.07 r
  node2/y5_p3_reg[11]/Q (DFKCNQD1BWP)                     0.08       0.15 f
  U5399/Z (DEL150D1BWP)                                   0.10 &     0.25 f
  node2/y5_relu_p4_reg[11]/D (DFKCNQD1BWP)                0.00 &     0.25 f
  data arrival time                                                  0.25

  clock clk (rise edge)                                   0.00       0.00
  clock network delay (propagated)                        0.07       0.07
  clock uncertainty                                       0.15       0.22
  node2/y5_relu_p4_reg[11]/CP (DFKCNQD1BWP)               0.00       0.22 r
  library hold time                                       0.02       0.24
  data required time                                                 0.24
  --------------------------------------------------------------------------
  data required time                                                 0.24
  data arrival time                                                 -0.25
  --------------------------------------------------------------------------
  slack (MET)                                                        0.01


  Startpoint: node0/y5_p3_reg[3]
              (rising edge-triggered flip-flop clocked by clk)
  Endpoint: node0/y5_relu_p4_reg[3]
            (rising edge-triggered flip-flop clocked by clk)
  Path Group: clk
  Path Type: min

  Point                                                   Incr       Path
  --------------------------------------------------------------------------
  clock clk (rise edge)                                   0.00       0.00
  clock network delay (propagated)                        0.08       0.08
  node0/y5_p3_reg[3]/CP (DFKCNQD1BWP)                     0.00       0.08 r
  node0/y5_p3_reg[3]/Q (DFKCNQD1BWP)                      0.08       0.16 f
  U5483/Z (DEL150D1BWP)                                   0.10 &     0.25 f
  node0/y5_relu_p4_reg[3]/D (DFKCNQD1BWP)                 0.00 &     0.25 f
  data arrival time                                                  0.25

  clock clk (rise edge)                                   0.00       0.00
  clock network delay (propagated)                        0.08       0.08
  clock uncertainty                                       0.15       0.23
  node0/y5_relu_p4_reg[3]/CP (DFKCNQD1BWP)                0.00       0.23 r
  library hold time                                       0.02       0.25
  data required time                                                 0.25
  --------------------------------------------------------------------------
  data required time                                                 0.25
  data arrival time                                                 -0.25
  --------------------------------------------------------------------------
  slack (MET)                                                        0.01


  Startpoint: node2/y5_p3_reg[0]
              (rising edge-triggered flip-flop clocked by clk)
  Endpoint: node2/y5_relu_p4_reg[0]
            (rising edge-triggered flip-flop clocked by clk)
  Path Group: clk
  Path Type: min

  Point                                                   Incr       Path
  --------------------------------------------------------------------------
  clock clk (rise edge)                                   0.00       0.00
  clock network delay (propagated)                        0.08       0.08
  node2/y5_p3_reg[0]/CP (DFKCNQD1BWP)                     0.00       0.08 r
  node2/y5_p3_reg[0]/Q (DFKCNQD1BWP)                      0.08       0.15 f
  U5419/Z (DEL150D1BWP)                                   0.10 &     0.25 f
  node2/y5_relu_p4_reg[0]/D (DFKCNQD1BWP)                 0.00 &     0.25 f
  data arrival time                                                  0.25

  clock clk (rise edge)                                   0.00       0.00
  clock network delay (propagated)                        0.08       0.08
  clock uncertainty                                       0.15       0.23
  node2/y5_relu_p4_reg[0]/CP (DFKCNQD1BWP)                0.00       0.23 r
  library hold time                                       0.02       0.25
  data required time                                                 0.25
  --------------------------------------------------------------------------
  data required time                                                 0.25
  data arrival time                                                 -0.25
  --------------------------------------------------------------------------
  slack (MET)                                                        0.01


  Startpoint: node3/y5_p3_reg[8]
              (rising edge-triggered flip-flop clocked by clk)
  Endpoint: node3/y5_relu_p4_reg[8]
            (rising edge-triggered flip-flop clocked by clk)
  Path Group: clk
  Path Type: min

  Point                                                   Incr       Path
  --------------------------------------------------------------------------
  clock clk (rise edge)                                   0.00       0.00
  clock network delay (propagated)                        0.08       0.08
  node3/y5_p3_reg[8]/CP (DFKCNQD1BWP)                     0.00       0.08 r
  node3/y5_p3_reg[8]/Q (DFKCNQD1BWP)                      0.08       0.16 f
  U5375/Z (DEL150D1BWP)                                   0.10 &     0.26 f
  node3/y5_relu_p4_reg[8]/D (DFKCNQD1BWP)                 0.00 &     0.26 f
  data arrival time                                                  0.26

  clock clk (rise edge)                                   0.00       0.00
  clock network delay (propagated)                        0.08       0.08
  clock uncertainty                                       0.15       0.23
  node3/y5_relu_p4_reg[8]/CP (DFKCNQD1BWP)                0.00       0.23 r
  library hold time                                       0.02       0.25
  data required time                                                 0.25
  --------------------------------------------------------------------------
  data required time                                                 0.25
  data arrival time                                                 -0.26
  --------------------------------------------------------------------------
  slack (MET)                                                        0.01


  Startpoint: node2/y5_p3_reg[1]
              (rising edge-triggered flip-flop clocked by clk)
  Endpoint: node2/y5_relu_p4_reg[1]
            (rising edge-triggered flip-flop clocked by clk)
  Path Group: clk
  Path Type: min

  Point                                                   Incr       Path
  --------------------------------------------------------------------------
  clock clk (rise edge)                                   0.00       0.00
  clock network delay (propagated)                        0.08       0.08
  node2/y5_p3_reg[1]/CP (DFKCNQD1BWP)                     0.00       0.08 r
  node2/y5_p3_reg[1]/Q (DFKCNQD1BWP)                      0.08       0.16 f
  U5423/Z (DEL150D1BWP)                                   0.10 &     0.25 f
  node2/y5_relu_p4_reg[1]/D (DFKCNQD1BWP)                 0.00 &     0.25 f
  data arrival time                                                  0.25

  clock clk (rise edge)                                   0.00       0.00
  clock network delay (propagated)                        0.08       0.08
  clock uncertainty                                       0.15       0.23
  node2/y5_relu_p4_reg[1]/CP (DFKCNQD1BWP)                0.00       0.23 r
  library hold time                                       0.02       0.25
  data required time                                                 0.25
  --------------------------------------------------------------------------
  data required time                                                 0.25
  data arrival time                                                 -0.25
  --------------------------------------------------------------------------
  slack (MET)                                                        0.01


1
