Information: Propagating switching activity (low effort zero delay simulation). (PWR-6)
Warning: Design has unannotated primary inputs. (PWR-414)
Warning: Design has unannotated sequential cell outputs. (PWR-415)
 
****************************************
Report : power
        -analysis_effort low
Design : top
Version: S-2021.06
Date   : Fri Apr 29 17:07:03 2022
****************************************


Library(s) Used:

    tcbn45gsbwptc (File: /cae/apps/data/tsmclibs-2013/digital/Front_End/timing_power_noise/NLDM/tcbn45gsbwp_120a/tcbn45gsbwptc.db)


Operating Conditions: NCCOM   Library: tcbn45gsbwptc
Wire Load Model Mode: segmented

Design        Wire Load Model            Library
------------------------------------------------
top                    ZeroWireload      tcbn45gsbwptc


Global Operating Voltage = 0.9  
Power-specific unit information :
    Voltage Units = 1V
    Capacitance Units = 1.000000pf
    Time Units = 1ns
    Dynamic Power Units = 1mW    (derived from V,C,T units)
    Leakage Power Units = 1nW


  Cell Internal Power  =   4.5403 mW   (67%)
  Net Switching Power  =   2.2395 mW   (33%)
                         ---------
Total Dynamic Power    =   6.7798 mW  (100%)

Cell Leakage Power     = 286.0656 uW


                 Internal         Switching           Leakage            Total
Power Group      Power            Power               Power              Power   (   %    )  Attrs
--------------------------------------------------------------------------------------------------
io_pad             0.0000            0.0000            0.0000            0.0000  (   0.00%)
memory             0.0000            0.0000            0.0000            0.0000  (   0.00%)
black_box          0.0000            0.0000            0.0000            0.0000  (   0.00%)
clock_network  3.7487e-02            0.2374        1.5591e+03            0.2764  (   3.91%)
register           1.1984            0.1035        3.3126e+04            1.3351  (  18.89%)
sequential     1.2690e-02        6.1165e-03        3.4791e+03        2.2286e-02  (   0.32%)
combinational      3.2917            1.8925        2.4790e+05            5.4321  (  76.88%)
--------------------------------------------------------------------------------------------------
Total              4.5403 mW         2.2395 mW     2.8607e+05 nW         7.0659 mW
1
