 
****************************************
Report : area
Design : top
Version: S-2021.06
Date   : Mon May  2 16:30:31 2022
****************************************

Information: Updating design information... (UID-85)
Library(s) Used:

    tcbn45gsbwptc (File: /cae/apps/data/tsmclibs-2013/digital/Front_End/timing_power_noise/NLDM/tcbn45gsbwp_120a/tcbn45gsbwptc.db)

Number of ports:                          379
Number of nets:                         12762
Number of cells:                         9989
Number of combinational cells:           9488
Number of sequential cells:               501
Number of macros/black boxes:               0
Number of buf/inv:                       1667
Number of references:                      49

Combinational area:              18207.654990
Buf/Inv area:                     1421.078436
Noncombinational area:            1853.611232
Macro/Black Box area:                0.000000
Net Interconnect area:      undefined  (Wire load has zero net area)

Total cell area:                 20061.266223
Total area:                 undefined

Hierarchical area distribution
------------------------------

                                  Global cell area            Local cell area
                                  -------------------  ----------------------------- 
Hierarchical cell                 Absolute    Percent  Combi-      Noncombi-  Black-
                                  Total       Total    national    national   boxes   Design
--------------------------------  ----------  -------  ----------  ---------  ------  ---------
top                               20061.2662    100.0  18207.6550  1853.6112  0.0000  top
--------------------------------  ----------  -------  ----------  ---------  ------  ---------
Total                                                  18207.6550  1853.6112  0.0000

1
