 
****************************************
Report : timing
        -path full
        -delay min
        -max_paths 20
Design : top
Version: S-2021.06
Date   : Sun May  1 18:27:31 2022
****************************************

 * Some/all delay information is back-annotated.

Operating Conditions: NCCOM   Library: tcbn45gsbwptc
	Parasitic source    : LPE
	Parasitic mode      : RealRVirtualC
	Extraction mode     : MAX
	Extraction derating : 25/25/25

Information: Percent of Arnoldi-based delays =  0.67%

  Startpoint: node1/mul1_reg[12]
              (rising edge-triggered flip-flop clocked by clk)
  Endpoint: y4_node1_p4_reg[1]
            (rising edge-triggered flip-flop clocked by clk)
  Path Group: clk
  Path Type: min

  Point                                    Incr       Path
  -----------------------------------------------------------
  clock clk (rise edge)                    0.00       0.00
  clock network delay (propagated)         0.06       0.06
  node1/mul1_reg[12]/CP (EDFQD1BWP)        0.00       0.06 r
  node1/mul1_reg[12]/Q (EDFQD1BWP)         0.09       0.15 r
  U18170/ZN (INR2XD2BWP)                   0.03 *     0.18 f
  U470/Z (CKAN2D1BWP)                      0.05 *     0.23 f
  y4_node1_p4_reg[1]/D (DFQD1BWP)          0.00 *     0.23 f
  data arrival time                                   0.23

  clock clk (rise edge)                    0.00       0.00
  clock network delay (propagated)         0.06       0.06
  clock uncertainty                        0.15       0.21
  y4_node1_p4_reg[1]/CP (DFQD1BWP)         0.00       0.21 r
  library hold time                        0.02       0.23
  data required time                                  0.23
  -----------------------------------------------------------
  data required time                                  0.23
  data arrival time                                  -0.23
  -----------------------------------------------------------
  slack (MET)                                         0.00


  Startpoint: node1/mul2_reg[8]
              (rising edge-triggered flip-flop clocked by clk)
  Endpoint: y5_node1_p4_reg[8]
            (rising edge-triggered flip-flop clocked by clk)
  Path Group: clk
  Path Type: min

  Point                                    Incr       Path
  -----------------------------------------------------------
  clock clk (rise edge)                    0.00       0.00
  clock network delay (propagated)         0.06       0.06
  node1/mul2_reg[8]/CP (EDFQD1BWP)         0.00       0.06 r
  node1/mul2_reg[8]/Q (EDFQD1BWP)          0.10       0.16 f
  U10315/Z (AN2XD1BWP)                     0.05 *     0.20 f
  U10314/Z (CKBD0BWP)                      0.03 *     0.24 f
  y5_node1_p4_reg[8]/D (DFQD1BWP)          0.00 *     0.24 f
  data arrival time                                   0.24

  clock clk (rise edge)                    0.00       0.00
  clock network delay (propagated)         0.06       0.06
  clock uncertainty                        0.15       0.21
  y5_node1_p4_reg[8]/CP (DFQD1BWP)         0.00       0.21 r
  library hold time                        0.03       0.24
  data required time                                  0.24
  -----------------------------------------------------------
  data required time                                  0.24
  data arrival time                                  -0.24
  -----------------------------------------------------------
  slack (MET)                                         0.00


  Startpoint: node0/mul3_reg[12]
              (rising edge-triggered flip-flop clocked by clk)
  Endpoint: y6_node0_p4_reg[1]
            (rising edge-triggered flip-flop clocked by clk)
  Path Group: clk
  Path Type: min

  Point                                    Incr       Path
  -----------------------------------------------------------
  clock clk (rise edge)                    0.00       0.00
  clock network delay (propagated)         0.05       0.05
  node0/mul3_reg[12]/CP (EDFQD1BWP)        0.00       0.05 r
  node0/mul3_reg[12]/Q (EDFQD1BWP)         0.10       0.15 r
  U17953/ZN (INR2XD4BWP)                   0.03 *     0.18 f
  U10453/Z (AN2D4BWP)                      0.03 *     0.21 f
  U1062/Z (CKBD0BWP)                       0.03 *     0.24 f
  y6_node0_p4_reg[1]/D (DFQD1BWP)          0.00 *     0.24 f
  data arrival time                                   0.24

  clock clk (rise edge)                    0.00       0.00
  clock network delay (propagated)         0.06       0.06
  clock uncertainty                        0.15       0.21
  y6_node0_p4_reg[1]/CP (DFQD1BWP)         0.00       0.21 r
  library hold time                        0.03       0.24
  data required time                                  0.24
  -----------------------------------------------------------
  data required time                                  0.24
  data arrival time                                  -0.24
  -----------------------------------------------------------
  slack (MET)                                         0.00


  Startpoint: node0/mul4_reg[4]
              (rising edge-triggered flip-flop clocked by clk)
  Endpoint: y7_node0_p4_reg[4]
            (rising edge-triggered flip-flop clocked by clk)
  Path Group: clk
  Path Type: min

  Point                                    Incr       Path
  -----------------------------------------------------------
  clock clk (rise edge)                    0.00       0.00
  clock network delay (propagated)         0.05       0.05
  node0/mul4_reg[4]/CP (EDFQD1BWP)         0.00       0.05 r
  node0/mul4_reg[4]/Q (EDFQD1BWP)          0.09       0.14 f
  U10489/Z (CKAN2D0BWP)                    0.05 *     0.19 f
  U10487/Z (CKBD0BWP)                      0.04 *     0.23 f
  y7_node0_p4_reg[4]/D (DFQD1BWP)          0.00 *     0.23 f
  data arrival time                                   0.23

  clock clk (rise edge)                    0.00       0.00
  clock network delay (propagated)         0.05       0.05
  clock uncertainty                        0.15       0.20
  y7_node0_p4_reg[4]/CP (DFQD1BWP)         0.00       0.20 r
  library hold time                        0.02       0.22
  data required time                                  0.22
  -----------------------------------------------------------
  data required time                                  0.22
  data arrival time                                  -0.23
  -----------------------------------------------------------
  slack (MET)                                         0.01


  Startpoint: node0/mul2_reg[9]
              (rising edge-triggered flip-flop clocked by clk)
  Endpoint: y5_node0_p4_reg[9]
            (rising edge-triggered flip-flop clocked by clk)
  Path Group: clk
  Path Type: min

  Point                                    Incr       Path
  -----------------------------------------------------------
  clock clk (rise edge)                    0.00       0.00
  clock network delay (propagated)         0.06       0.06
  node0/mul2_reg[9]/CP (EDFQD1BWP)         0.00       0.06 r
  node0/mul2_reg[9]/Q (EDFQD1BWP)          0.10       0.16 f
  U10359/Z (AN2XD1BWP)                     0.05 *     0.21 f
  U10357/Z (CKBD0BWP)                      0.03 *     0.25 f
  y5_node0_p4_reg[9]/D (DFQD1BWP)          0.00 *     0.25 f
  data arrival time                                   0.25

  clock clk (rise edge)                    0.00       0.00
  clock network delay (propagated)         0.06       0.06
  clock uncertainty                        0.15       0.21
  y5_node0_p4_reg[9]/CP (DFQD1BWP)         0.00       0.21 r
  library hold time                        0.03       0.24
  data required time                                  0.24
  -----------------------------------------------------------
  data required time                                  0.24
  data arrival time                                  -0.25
  -----------------------------------------------------------
  slack (MET)                                         0.01


  Startpoint: node0/mul4_reg[0]
              (rising edge-triggered flip-flop clocked by clk)
  Endpoint: y7_node0_p4_reg[0]
            (rising edge-triggered flip-flop clocked by clk)
  Path Group: clk
  Path Type: min

  Point                                    Incr       Path
  -----------------------------------------------------------
  clock clk (rise edge)                    0.00       0.00
  clock network delay (propagated)         0.05       0.05
  node0/mul4_reg[0]/CP (EDFQD1BWP)         0.00       0.05 r
  node0/mul4_reg[0]/Q (EDFQD1BWP)          0.09       0.14 f
  U10432/ZN (CKND2D2BWP)                   0.03 *     0.17 r
  U17944/ZN (CKND0BWP)                     0.02 *     0.19 f
  U10431/Z (CKBD0BWP)                      0.03 *     0.21 f
  U10430/Z (CKBD0BWP)                      0.03 *     0.24 f
  y7_node0_p4_reg[0]/D (DFQD1BWP)          0.00 *     0.24 f
  data arrival time                                   0.24

  clock clk (rise edge)                    0.00       0.00
  clock network delay (propagated)         0.05       0.05
  clock uncertainty                        0.15       0.20
  y7_node0_p4_reg[0]/CP (DFQD1BWP)         0.00       0.20 r
  library hold time                        0.03       0.23
  data required time                                  0.23
  -----------------------------------------------------------
  data required time                                  0.23
  data arrival time                                  -0.24
  -----------------------------------------------------------
  slack (MET)                                         0.01


  Startpoint: node1/mul2_reg[10]
              (rising edge-triggered flip-flop clocked by clk)
  Endpoint: y5_node1_p4_reg[10]
            (rising edge-triggered flip-flop clocked by clk)
  Path Group: clk
  Path Type: min

  Point                                    Incr       Path
  -----------------------------------------------------------
  clock clk (rise edge)                    0.00       0.00
  clock network delay (propagated)         0.06       0.06
  node1/mul2_reg[10]/CP (EDFQD1BWP)        0.00       0.06 r
  node1/mul2_reg[10]/Q (EDFQD1BWP)         0.10       0.16 f
  U19097/Z (AN2XD1BWP)                     0.05 *     0.21 f
  U10537/Z (CKBD0BWP)                      0.04 *     0.24 f
  y5_node1_p4_reg[10]/D (DFQD1BWP)         0.00 *     0.24 f
  data arrival time                                   0.24

  clock clk (rise edge)                    0.00       0.00
  clock network delay (propagated)         0.06       0.06
  clock uncertainty                        0.15       0.21
  y5_node1_p4_reg[10]/CP (DFQD1BWP)        0.00       0.21 r
  library hold time                        0.03       0.23
  data required time                                  0.23
  -----------------------------------------------------------
  data required time                                  0.23
  data arrival time                                  -0.24
  -----------------------------------------------------------
  slack (MET)                                         0.01


  Startpoint: node1/mul2_reg[9]
              (rising edge-triggered flip-flop clocked by clk)
  Endpoint: y5_node1_p4_reg[9]
            (rising edge-triggered flip-flop clocked by clk)
  Path Group: clk
  Path Type: min

  Point                                    Incr       Path
  -----------------------------------------------------------
  clock clk (rise edge)                    0.00       0.00
  clock network delay (propagated)         0.06       0.06
  node1/mul2_reg[9]/CP (EDFQD1BWP)         0.00       0.06 r
  node1/mul2_reg[9]/Q (EDFQD1BWP)          0.10       0.16 f
  U10311/Z (AN2XD1BWP)                     0.05 *     0.20 f
  U10310/Z (CKBD0BWP)                      0.04 *     0.24 f
  y5_node1_p4_reg[9]/D (DFQD1BWP)          0.00 *     0.24 f
  data arrival time                                   0.24

  clock clk (rise edge)                    0.00       0.00
  clock network delay (propagated)         0.06       0.06
  clock uncertainty                        0.15       0.21
  y5_node1_p4_reg[9]/CP (DFQD1BWP)         0.00       0.21 r
  library hold time                        0.03       0.23
  data required time                                  0.23
  -----------------------------------------------------------
  data required time                                  0.23
  data arrival time                                  -0.24
  -----------------------------------------------------------
  slack (MET)                                         0.01


  Startpoint: node0/mul1_reg[12]
              (rising edge-triggered flip-flop clocked by clk)
  Endpoint: y4_node0_p4_reg[2]
            (rising edge-triggered flip-flop clocked by clk)
  Path Group: clk
  Path Type: min

  Point                                    Incr       Path
  -----------------------------------------------------------
  clock clk (rise edge)                    0.00       0.00
  clock network delay (propagated)         0.06       0.06
  node0/mul1_reg[12]/CP (EDFQD1BWP)        0.00       0.06 r
  node0/mul1_reg[12]/Q (EDFQD1BWP)         0.07       0.13 r
  U197/Z (CKBD6BWP)                        0.03 *     0.15 r
  U17945/ZN (INR2XD2BWP)                   0.03 *     0.19 f
  U10345/Z (AN2D1BWP)                      0.05 *     0.24 f
  y4_node0_p4_reg[2]/D (DFQD1BWP)          0.00 *     0.24 f
  data arrival time                                   0.24

  clock clk (rise edge)                    0.00       0.00
  clock network delay (propagated)         0.06       0.06
  clock uncertainty                        0.15       0.21
  y4_node0_p4_reg[2]/CP (DFQD1BWP)         0.00       0.21 r
  library hold time                        0.02       0.23
  data required time                                  0.23
  -----------------------------------------------------------
  data required time                                  0.23
  data arrival time                                  -0.24
  -----------------------------------------------------------
  slack (MET)                                         0.01


  Startpoint: node0/mul1_reg[3]
              (rising edge-triggered flip-flop clocked by clk)
  Endpoint: y4_node0_p4_reg[3]
            (rising edge-triggered flip-flop clocked by clk)
  Path Group: clk
  Path Type: min

  Point                                    Incr       Path
  -----------------------------------------------------------
  clock clk (rise edge)                    0.00       0.00
  clock network delay (propagated)         0.06       0.06
  node0/mul1_reg[3]/CP (EDFQD1BWP)         0.00       0.06 r
  node0/mul1_reg[3]/Q (EDFQD1BWP)          0.08       0.14 f
  U192/Z (BUFFD2BWP)                       0.04 *     0.18 f
  U10423/Z (CKAN2D2BWP)                    0.06 *     0.24 f
  y4_node0_p4_reg[3]/D (DFQD1BWP)          0.00 *     0.24 f
  data arrival time                                   0.24

  clock clk (rise edge)                    0.00       0.00
  clock network delay (propagated)         0.06       0.06
  clock uncertainty                        0.15       0.21
  y4_node0_p4_reg[3]/CP (DFQD1BWP)         0.00       0.21 r
  library hold time                        0.02       0.23
  data required time                                  0.23
  -----------------------------------------------------------
  data required time                                  0.23
  data arrival time                                  -0.24
  -----------------------------------------------------------
  slack (MET)                                         0.01


  Startpoint: node0/mul1_reg[5]
              (rising edge-triggered flip-flop clocked by clk)
  Endpoint: y4_node0_p4_reg[5]
            (rising edge-triggered flip-flop clocked by clk)
  Path Group: clk
  Path Type: min

  Point                                    Incr       Path
  -----------------------------------------------------------
  clock clk (rise edge)                    0.00       0.00
  clock network delay (propagated)         0.06       0.06
  node0/mul1_reg[5]/CP (EDFQD1BWP)         0.00       0.06 r
  node0/mul1_reg[5]/Q (EDFQD1BWP)          0.08       0.14 f
  U202/Z (BUFFD2BWP)                       0.04 *     0.18 f
  U10403/Z (CKAN2D2BWP)                    0.06 *     0.24 f
  y4_node0_p4_reg[5]/D (DFQD1BWP)          0.00 *     0.24 f
  data arrival time                                   0.24

  clock clk (rise edge)                    0.00       0.00
  clock network delay (propagated)         0.06       0.06
  clock uncertainty                        0.15       0.21
  y4_node0_p4_reg[5]/CP (DFQD1BWP)         0.00       0.21 r
  library hold time                        0.02       0.23
  data required time                                  0.23
  -----------------------------------------------------------
  data required time                                  0.23
  data arrival time                                  -0.24
  -----------------------------------------------------------
  slack (MET)                                         0.01


  Startpoint: node0/mul1_reg[4]
              (rising edge-triggered flip-flop clocked by clk)
  Endpoint: y4_node0_p4_reg[4]
            (rising edge-triggered flip-flop clocked by clk)
  Path Group: clk
  Path Type: min

  Point                                    Incr       Path
  -----------------------------------------------------------
  clock clk (rise edge)                    0.00       0.00
  clock network delay (propagated)         0.06       0.06
  node0/mul1_reg[4]/CP (EDFQD1BWP)         0.00       0.06 r
  node0/mul1_reg[4]/Q (EDFQD1BWP)          0.08       0.14 f
  U208/Z (BUFFD2BWP)                       0.04 *     0.18 f
  U10413/Z (CKAN2D2BWP)                    0.06 *     0.24 f
  y4_node0_p4_reg[4]/D (DFQD1BWP)          0.00 *     0.24 f
  data arrival time                                   0.24

  clock clk (rise edge)                    0.00       0.00
  clock network delay (propagated)         0.06       0.06
  clock uncertainty                        0.15       0.21
  y4_node0_p4_reg[4]/CP (DFQD1BWP)         0.00       0.21 r
  library hold time                        0.02       0.23
  data required time                                  0.23
  -----------------------------------------------------------
  data required time                                  0.23
  data arrival time                                  -0.24
  -----------------------------------------------------------
  slack (MET)                                         0.01


  Startpoint: node1/mul1_reg[11]
              (rising edge-triggered flip-flop clocked by clk)
  Endpoint: y4_node1_p4_reg[11]
            (rising edge-triggered flip-flop clocked by clk)
  Path Group: clk
  Path Type: min

  Point                                    Incr       Path
  -----------------------------------------------------------
  clock clk (rise edge)                    0.00       0.00
  clock network delay (propagated)         0.06       0.06
  node1/mul1_reg[11]/CP (EDFQD1BWP)        0.00       0.06 r
  node1/mul1_reg[11]/Q (EDFQD1BWP)         0.11       0.17 f
  U19110/Z (CKAN2D1BWP)                    0.07 *     0.24 f
  y4_node1_p4_reg[11]/D (DFQD1BWP)         0.00 *     0.24 f
  data arrival time                                   0.24

  clock clk (rise edge)                    0.00       0.00
  clock network delay (propagated)         0.06       0.06
  clock uncertainty                        0.15       0.21
  y4_node1_p4_reg[11]/CP (DFQD1BWP)        0.00       0.21 r
  library hold time                        0.02       0.23
  data required time                                  0.23
  -----------------------------------------------------------
  data required time                                  0.23
  data arrival time                                  -0.24
  -----------------------------------------------------------
  slack (MET)                                         0.01


  Startpoint: node1/mul1_reg[7]
              (rising edge-triggered flip-flop clocked by clk)
  Endpoint: y4_node1_p4_reg[7]
            (rising edge-triggered flip-flop clocked by clk)
  Path Group: clk
  Path Type: min

  Point                                    Incr       Path
  -----------------------------------------------------------
  clock clk (rise edge)                    0.00       0.00
  clock network delay (propagated)         0.06       0.06
  node1/mul1_reg[7]/CP (EDFQD1BWP)         0.00       0.06 r
  node1/mul1_reg[7]/Q (EDFQD1BWP)          0.10       0.17 f
  U10375/Z (CKAN2D1BWP)                    0.07 *     0.24 f
  y4_node1_p4_reg[7]/D (DFQD1BWP)          0.00 *     0.24 f
  data arrival time                                   0.24

  clock clk (rise edge)                    0.00       0.00
  clock network delay (propagated)         0.06       0.06
  clock uncertainty                        0.15       0.21
  y4_node1_p4_reg[7]/CP (DFQD1BWP)         0.00       0.21 r
  library hold time                        0.02       0.23
  data required time                                  0.23
  -----------------------------------------------------------
  data required time                                  0.23
  data arrival time                                  -0.24
  -----------------------------------------------------------
  slack (MET)                                         0.01


  Startpoint: node0/mul2_reg[8]
              (rising edge-triggered flip-flop clocked by clk)
  Endpoint: y5_node0_p4_reg[8]
            (rising edge-triggered flip-flop clocked by clk)
  Path Group: clk
  Path Type: min

  Point                                    Incr       Path
  -----------------------------------------------------------
  clock clk (rise edge)                    0.00       0.00
  clock network delay (propagated)         0.06       0.06
  node0/mul2_reg[8]/CP (EDFQD1BWP)         0.00       0.06 r
  node0/mul2_reg[8]/Q (EDFQD1BWP)          0.10       0.16 f
  U10522/Z (AN2XD1BWP)                     0.05 *     0.21 f
  U10521/Z (CKBD0BWP)                      0.03 *     0.25 f
  y5_node0_p4_reg[8]/D (DFQD1BWP)          0.00 *     0.25 f
  data arrival time                                   0.25

  clock clk (rise edge)                    0.00       0.00
  clock network delay (propagated)         0.06       0.06
  clock uncertainty                        0.15       0.21
  y5_node0_p4_reg[8]/CP (DFQD1BWP)         0.00       0.21 r
  library hold time                        0.03       0.24
  data required time                                  0.24
  -----------------------------------------------------------
  data required time                                  0.24
  data arrival time                                  -0.25
  -----------------------------------------------------------
  slack (MET)                                         0.01


  Startpoint: node1/mul1_reg[9]
              (rising edge-triggered flip-flop clocked by clk)
  Endpoint: y4_node1_p4_reg[9]
            (rising edge-triggered flip-flop clocked by clk)
  Path Group: clk
  Path Type: min

  Point                                    Incr       Path
  -----------------------------------------------------------
  clock clk (rise edge)                    0.00       0.00
  clock network delay (propagated)         0.06       0.06
  node1/mul1_reg[9]/CP (EDFQD1BWP)         0.00       0.06 r
  node1/mul1_reg[9]/Q (EDFQD1BWP)          0.11       0.17 f
  U10361/Z (CKAN2D1BWP)                    0.07 *     0.24 f
  y4_node1_p4_reg[9]/D (DFQD1BWP)          0.00 *     0.24 f
  data arrival time                                   0.24

  clock clk (rise edge)                    0.00       0.00
  clock network delay (propagated)         0.06       0.06
  clock uncertainty                        0.15       0.21
  y4_node1_p4_reg[9]/CP (DFQD1BWP)         0.00       0.21 r
  library hold time                        0.02       0.23
  data required time                                  0.23
  -----------------------------------------------------------
  data required time                                  0.23
  data arrival time                                  -0.24
  -----------------------------------------------------------
  slack (MET)                                         0.01


  Startpoint: node1/mul2_reg[0]
              (rising edge-triggered flip-flop clocked by clk)
  Endpoint: y5_node1_p4_reg[0]
            (rising edge-triggered flip-flop clocked by clk)
  Path Group: clk
  Path Type: min

  Point                                    Incr       Path
  -----------------------------------------------------------
  clock clk (rise edge)                    0.00       0.00
  clock network delay (propagated)         0.06       0.06
  node1/mul2_reg[0]/CP (EDFQD2BWP)         0.00       0.06 r
  node1/mul2_reg[0]/Q (EDFQD2BWP)          0.10       0.16 f
  U10448/ZN (CKND2D1BWP)                   0.03 *     0.20 r
  U885/ZN (CKND0BWP)                       0.03 *     0.22 f
  U1077/Z (CKBD0BWP)                       0.03 *     0.25 f
  y5_node1_p4_reg[0]/D (DFQD1BWP)          0.00 *     0.25 f
  data arrival time                                   0.25

  clock clk (rise edge)                    0.00       0.00
  clock network delay (propagated)         0.06       0.06
  clock uncertainty                        0.15       0.21
  y5_node1_p4_reg[0]/CP (DFQD1BWP)         0.00       0.21 r
  library hold time                        0.03       0.24
  data required time                                  0.24
  -----------------------------------------------------------
  data required time                                  0.24
  data arrival time                                  -0.25
  -----------------------------------------------------------
  slack (MET)                                         0.01


  Startpoint: node1/mul1_reg[5]
              (rising edge-triggered flip-flop clocked by clk)
  Endpoint: y4_node1_p4_reg[5]
            (rising edge-triggered flip-flop clocked by clk)
  Path Group: clk
  Path Type: min

  Point                                    Incr       Path
  -----------------------------------------------------------
  clock clk (rise edge)                    0.00       0.00
  clock network delay (propagated)         0.06       0.06
  node1/mul1_reg[5]/CP (EDFQD1BWP)         0.00       0.06 r
  node1/mul1_reg[5]/Q (EDFQD1BWP)          0.11       0.17 f
  U10395/Z (CKAN2D1BWP)                    0.07 *     0.24 f
  y4_node1_p4_reg[5]/D (DFQD1BWP)          0.00 *     0.24 f
  data arrival time                                   0.24

  clock clk (rise edge)                    0.00       0.00
  clock network delay (propagated)         0.06       0.06
  clock uncertainty                        0.15       0.21
  y4_node1_p4_reg[5]/CP (DFQD1BWP)         0.00       0.21 r
  library hold time                        0.02       0.23
  data required time                                  0.23
  -----------------------------------------------------------
  data required time                                  0.23
  data arrival time                                  -0.24
  -----------------------------------------------------------
  slack (MET)                                         0.01


  Startpoint: node1/mul2_reg[1]
              (rising edge-triggered flip-flop clocked by clk)
  Endpoint: y5_node1_p4_reg[1]
            (rising edge-triggered flip-flop clocked by clk)
  Path Group: clk
  Path Type: min

  Point                                    Incr       Path
  -----------------------------------------------------------
  clock clk (rise edge)                    0.00       0.00
  clock network delay (propagated)         0.06       0.06
  node1/mul2_reg[1]/CP (EDFQD1BWP)         0.00       0.06 r
  node1/mul2_reg[1]/Q (EDFQD1BWP)          0.11       0.17 f
  U18195/Z (AN2D0BWP)                      0.04 *     0.22 f
  U10449/Z (CKBD0BWP)                      0.03 *     0.25 f
  y5_node1_p4_reg[1]/D (DFQD1BWP)          0.00 *     0.25 f
  data arrival time                                   0.25

  clock clk (rise edge)                    0.00       0.00
  clock network delay (propagated)         0.06       0.06
  clock uncertainty                        0.15       0.21
  y5_node1_p4_reg[1]/CP (DFQD1BWP)         0.00       0.21 r
  library hold time                        0.03       0.24
  data required time                                  0.24
  -----------------------------------------------------------
  data required time                                  0.24
  data arrival time                                  -0.25
  -----------------------------------------------------------
  slack (MET)                                         0.01


  Startpoint: node1/mul2_reg[11]
              (rising edge-triggered flip-flop clocked by clk)
  Endpoint: y5_node1_p4_reg[11]
            (rising edge-triggered flip-flop clocked by clk)
  Path Group: clk
  Path Type: min

  Point                                    Incr       Path
  -----------------------------------------------------------
  clock clk (rise edge)                    0.00       0.00
  clock network delay (propagated)         0.06       0.06
  node1/mul2_reg[11]/CP (EDFQD1BWP)        0.00       0.06 r
  node1/mul2_reg[11]/Q (EDFQD1BWP)         0.10       0.16 f
  U19111/Z (AN2XD1BWP)                     0.05 *     0.21 f
  U10558/Z (CKBD0BWP)                      0.04 *     0.25 f
  y5_node1_p4_reg[11]/D (DFQD1BWP)         0.00 *     0.25 f
  data arrival time                                   0.25

  clock clk (rise edge)                    0.00       0.00
  clock network delay (propagated)         0.06       0.06
  clock uncertainty                        0.15       0.21
  y5_node1_p4_reg[11]/CP (DFQD1BWP)        0.00       0.21 r
  library hold time                        0.03       0.23
  data required time                                  0.23
  -----------------------------------------------------------
  data required time                                  0.23
  data arrival time                                  -0.25
  -----------------------------------------------------------
  slack (MET)                                         0.01


1
