Information: Propagating switching activity (low effort zero delay simulation). (PWR-6)
Warning: Design has unannotated primary inputs. (PWR-414)
Warning: Design has unannotated sequential cell outputs. (PWR-415)
 
****************************************
Report : power
        -analysis_effort low
Design : top
Version: S-2021.06
Date   : Sun May  1 18:27:30 2022
****************************************


Library(s) Used:

    tcbn45gsbwptc (File: /cae/apps/data/tsmclibs-2013/digital/Front_End/timing_power_noise/NLDM/tcbn45gsbwp_120a/tcbn45gsbwptc.db)


Operating Conditions: NCCOM   Library: tcbn45gsbwptc
Wire Load Model Mode: segmented

Design        Wire Load Model            Library
------------------------------------------------
top                    ZeroWireload      tcbn45gsbwptc


Global Operating Voltage = 0.9  
Power-specific unit information :
    Voltage Units = 1V
    Capacitance Units = 1.000000pf
    Time Units = 1ns
    Dynamic Power Units = 1mW    (derived from V,C,T units)
    Leakage Power Units = 1nW


  Cell Internal Power  =   3.9899 mW   (65%)
  Net Switching Power  =   2.1854 mW   (35%)
                         ---------
Total Dynamic Power    =   6.1754 mW  (100%)

Cell Leakage Power     = 344.3027 uW


                 Internal         Switching           Leakage            Total
Power Group      Power            Power               Power              Power   (   %    )  Attrs
--------------------------------------------------------------------------------------------------
io_pad             0.0000            0.0000            0.0000            0.0000  (   0.00%)
memory             0.0000            0.0000            0.0000            0.0000  (   0.00%)
black_box          0.0000            0.0000            0.0000            0.0000  (   0.00%)
clock_network  1.5843e-02            0.1858          561.9620            0.2022  (   3.10%)
register           0.7655        5.7861e-02        1.2960e+04            0.8363  (  12.83%)
sequential     1.5209e-02        4.5857e-03        3.4714e+03        2.3266e-02  (   0.36%)
combinational      3.1934            1.9372        3.2731e+05            5.4579  (  83.71%)
--------------------------------------------------------------------------------------------------
Total              3.9899 mW         2.1854 mW     3.4430e+05 nW         6.5196 mW
1
