Information: Updating graph... (UID-83)
 
****************************************
Report : qor
Design : top
Version: S-2021.06
Date   : Sun May  1 18:26:52 2022
****************************************


  Timing Path Group 'clk'
  -----------------------------------
  Levels of Logic:              39.00
  Critical Path Length:          1.75
  Critical Path Slack:           0.00
  Critical Path Clk Period:      1.94
  Total Negative Slack:          0.00
  No. of Violating Paths:        0.00
  Worst Hold Violation:         -0.03
  Total Hold Violation:         -0.03
  No. of Hold Violations:        1.00
  -----------------------------------


  Cell Count
  -----------------------------------
  Hierarchical Cell Count:          0
  Hierarchical Port Count:          0
  Leaf Cell Count:              14205
  Buf/Inv Cell Count:            1165
  Buf Cell Count:                 454
  Inv Cell Count:                 711
  CT Buf/Inv Cell Count:            0
  Combinational Cell Count:     13709
  Sequential Cell Count:          496
  Macro Count:                      0
  -----------------------------------


  Area
  -----------------------------------
  Combinational Area:    24796.195050
  Noncombinational Area:  1835.265632
  Buf/Inv Area:           1027.706432
  Total Buffer Area:           608.58
  Total Inverter Area:         419.13
  Macro/Black Box Area:      0.000000
  Net Area:                  0.000000
  Net XLength        :      111273.74
  Net YLength        :      117445.31
  -----------------------------------
  Cell Area:             26631.460681
  Design Area:           26631.460681
  Net Length        :       228719.06


  Design Rules
  -----------------------------------
  Total Number of Nets:         17477
  Nets With Violations:             0
  Max Trans Violations:             0
  Max Cap Violations:               0
  -----------------------------------


  Hostname: tux-101

  Compile CPU Statistics
  -----------------------------------------
  Resource Sharing:                    0.00
  Logic Optimization:                  0.00
  Mapping Optimization:               22.95
  -----------------------------------------
  Overall Compile Time:               23.66
  Overall Compile Wall Clock Time:    23.74

  --------------------------------------------------------------------

  Design  WNS: 0.00  TNS: 0.00  Number of Violating Paths: 0


  Design (Hold)  WNS: 0.03  TNS: 0.03  Number of Violating Paths: 1

  --------------------------------------------------------------------


1
