Information: Propagating switching activity (low effort zero delay simulation). (PWR-6)
Warning: Design has unannotated primary inputs. (PWR-414)
Warning: Design has unannotated sequential cell outputs. (PWR-415)
 
****************************************
Report : power
        -analysis_effort low
Design : top
Version: S-2021.06
Date   : Sun May  1 18:29:35 2022
****************************************


Library(s) Used:

    tcbn45gsbwptc (File: /cae/apps/data/tsmclibs-2013/digital/Front_End/timing_power_noise/NLDM/tcbn45gsbwp_120a/tcbn45gsbwptc.db)


Operating Conditions: NCCOM   Library: tcbn45gsbwptc
Wire Load Model Mode: segmented

Design        Wire Load Model            Library
------------------------------------------------
top                    ZeroWireload      tcbn45gsbwptc


Global Operating Voltage = 0.9  
Power-specific unit information :
    Voltage Units = 1V
    Capacitance Units = 1.000000pf
    Time Units = 1ns
    Dynamic Power Units = 1mW    (derived from V,C,T units)
    Leakage Power Units = 1nW


  Cell Internal Power  =   3.9807 mW   (65%)
  Net Switching Power  =   2.1878 mW   (35%)
                         ---------
Total Dynamic Power    =   6.1685 mW  (100%)

Cell Leakage Power     = 343.1324 uW


                 Internal         Switching           Leakage            Total
Power Group      Power            Power               Power              Power   (   %    )  Attrs
--------------------------------------------------------------------------------------------------
io_pad             0.0000            0.0000            0.0000            0.0000  (   0.00%)
memory             0.0000            0.0000            0.0000            0.0000  (   0.00%)
black_box          0.0000            0.0000            0.0000            0.0000  (   0.00%)
clock_network  1.5822e-02            0.1777          561.9620            0.1941  (   2.98%)
register           0.7665        5.8208e-02        1.2961e+04            0.8376  (  12.86%)
sequential     1.5228e-02        4.5960e-03        3.4713e+03        2.3295e-02  (   0.36%)
combinational      3.1832            1.9473        3.2614e+05            5.4565  (  83.80%)
--------------------------------------------------------------------------------------------------
Total              3.9807 mW         2.1878 mW     3.4313e+05 nW         6.5116 mW
1
