 
****************************************
Report : timing
        -path full
        -delay min
        -max_paths 20
Design : top
Version: S-2021.06
Date   : Fri Apr 29 17:28:05 2022
****************************************

Operating Conditions: NCCOM   Library: tcbn45gsbwptc
Wire Load Model Mode: segmented

  Startpoint: dnn_state_reg[1]
              (rising edge-triggered flip-flop clocked by clk)
  Endpoint: out_comp_ready_p5_reg
            (rising edge-triggered flip-flop clocked by clk)
  Path Group: clk
  Path Type: min

  Des/Clust/Port     Wire Load Model       Library
  ------------------------------------------------
  top                TSMC32K_Lowk_Conservative
                                           tcbn45gsbwptc

  Point                                    Incr       Path
  -----------------------------------------------------------
  clock clk (rise edge)                    0.00       0.00
  clock network delay (ideal)              0.00       0.00
  dnn_state_reg[1]/CP (DFCNQD1BWP)         0.00       0.00 r
  dnn_state_reg[1]/Q (DFCNQD1BWP)          0.07       0.07 f
  U10283/ZN (INVD1BWP)                     0.02       0.10 r
  U5283/ZN (NR2XD0BWP)                     0.02       0.12 f
  U5284/Z (CKBD1BWP)                       0.02       0.14 f
  U5281/ZN (INVD1BWP)                      0.01       0.16 r
  U5282/ZN (INVD1BWP)                      0.01       0.16 f
  out_comp_ready_p5_reg/D (DFQD2BWP)       0.00       0.16 f
  data arrival time                                   0.16

  clock clk (rise edge)                    0.00       0.00
  clock network delay (ideal)              0.00       0.00
  clock uncertainty                        0.15       0.15
  out_comp_ready_p5_reg/CP (DFQD2BWP)      0.00       0.15 r
  library hold time                        0.01       0.16
  data required time                                  0.16
  -----------------------------------------------------------
  data required time                                  0.16
  data arrival time                                  -0.16
  -----------------------------------------------------------
  slack (MET)                                         0.00


  Startpoint: dnn_state_reg[1]
              (rising edge-triggered flip-flop clocked by clk)
  Endpoint: node0/y6_relu_p4_reg[11]
            (rising edge-triggered flip-flop clocked by clk)
  Path Group: clk
  Path Type: min

  Des/Clust/Port     Wire Load Model       Library
  ------------------------------------------------
  top                TSMC32K_Lowk_Conservative
                                           tcbn45gsbwptc

  Point                                                   Incr       Path
  --------------------------------------------------------------------------
  clock clk (rise edge)                                   0.00       0.00
  clock network delay (ideal)                             0.00       0.00
  dnn_state_reg[1]/CP (DFCNQD1BWP)                        0.00       0.00 r
  dnn_state_reg[1]/Q (DFCNQD1BWP)                         0.07       0.07 f
  U3483/ZN (ND2D2BWP)                                     0.04       0.11 r
  U10189/ZN (NR2D3BWP)                                    0.04       0.15 f
  node0/y6_relu_p4_reg[11]/CN (DFKCNQD1BWP)               0.00       0.15 f
  data arrival time                                                  0.15

  clock clk (rise edge)                                   0.00       0.00
  clock network delay (ideal)                             0.00       0.00
  clock uncertainty                                       0.15       0.15
  node0/y6_relu_p4_reg[11]/CP (DFKCNQD1BWP)               0.00       0.15 r
  library hold time                                       0.00       0.15
  data required time                                                 0.15
  --------------------------------------------------------------------------
  data required time                                                 0.15
  data arrival time                                                 -0.15
  --------------------------------------------------------------------------
  slack (MET)                                                        0.00


  Startpoint: dnn_state_reg[1]
              (rising edge-triggered flip-flop clocked by clk)
  Endpoint: node0/y6_relu_p4_reg[10]
            (rising edge-triggered flip-flop clocked by clk)
  Path Group: clk
  Path Type: min

  Des/Clust/Port     Wire Load Model       Library
  ------------------------------------------------
  top                TSMC32K_Lowk_Conservative
                                           tcbn45gsbwptc

  Point                                                   Incr       Path
  --------------------------------------------------------------------------
  clock clk (rise edge)                                   0.00       0.00
  clock network delay (ideal)                             0.00       0.00
  dnn_state_reg[1]/CP (DFCNQD1BWP)                        0.00       0.00 r
  dnn_state_reg[1]/Q (DFCNQD1BWP)                         0.07       0.07 f
  U3483/ZN (ND2D2BWP)                                     0.04       0.11 r
  U10189/ZN (NR2D3BWP)                                    0.04       0.15 f
  node0/y6_relu_p4_reg[10]/CN (DFKCNQD1BWP)               0.00       0.15 f
  data arrival time                                                  0.15

  clock clk (rise edge)                                   0.00       0.00
  clock network delay (ideal)                             0.00       0.00
  clock uncertainty                                       0.15       0.15
  node0/y6_relu_p4_reg[10]/CP (DFKCNQD1BWP)               0.00       0.15 r
  library hold time                                       0.00       0.15
  data required time                                                 0.15
  --------------------------------------------------------------------------
  data required time                                                 0.15
  data arrival time                                                 -0.15
  --------------------------------------------------------------------------
  slack (MET)                                                        0.00


  Startpoint: dnn_state_reg[1]
              (rising edge-triggered flip-flop clocked by clk)
  Endpoint: node0/y6_relu_p4_reg[9]
            (rising edge-triggered flip-flop clocked by clk)
  Path Group: clk
  Path Type: min

  Des/Clust/Port     Wire Load Model       Library
  ------------------------------------------------
  top                TSMC32K_Lowk_Conservative
                                           tcbn45gsbwptc

  Point                                                   Incr       Path
  --------------------------------------------------------------------------
  clock clk (rise edge)                                   0.00       0.00
  clock network delay (ideal)                             0.00       0.00
  dnn_state_reg[1]/CP (DFCNQD1BWP)                        0.00       0.00 r
  dnn_state_reg[1]/Q (DFCNQD1BWP)                         0.07       0.07 f
  U3483/ZN (ND2D2BWP)                                     0.04       0.11 r
  U10189/ZN (NR2D3BWP)                                    0.04       0.15 f
  node0/y6_relu_p4_reg[9]/CN (DFKCNQD1BWP)                0.00       0.15 f
  data arrival time                                                  0.15

  clock clk (rise edge)                                   0.00       0.00
  clock network delay (ideal)                             0.00       0.00
  clock uncertainty                                       0.15       0.15
  node0/y6_relu_p4_reg[9]/CP (DFKCNQD1BWP)                0.00       0.15 r
  library hold time                                       0.00       0.15
  data required time                                                 0.15
  --------------------------------------------------------------------------
  data required time                                                 0.15
  data arrival time                                                 -0.15
  --------------------------------------------------------------------------
  slack (MET)                                                        0.00


  Startpoint: dnn_state_reg[1]
              (rising edge-triggered flip-flop clocked by clk)
  Endpoint: node0/y6_relu_p4_reg[8]
            (rising edge-triggered flip-flop clocked by clk)
  Path Group: clk
  Path Type: min

  Des/Clust/Port     Wire Load Model       Library
  ------------------------------------------------
  top                TSMC32K_Lowk_Conservative
                                           tcbn45gsbwptc

  Point                                                   Incr       Path
  --------------------------------------------------------------------------
  clock clk (rise edge)                                   0.00       0.00
  clock network delay (ideal)                             0.00       0.00
  dnn_state_reg[1]/CP (DFCNQD1BWP)                        0.00       0.00 r
  dnn_state_reg[1]/Q (DFCNQD1BWP)                         0.07       0.07 f
  U3483/ZN (ND2D2BWP)                                     0.04       0.11 r
  U10189/ZN (NR2D3BWP)                                    0.04       0.15 f
  node0/y6_relu_p4_reg[8]/CN (DFKCNQD1BWP)                0.00       0.15 f
  data arrival time                                                  0.15

  clock clk (rise edge)                                   0.00       0.00
  clock network delay (ideal)                             0.00       0.00
  clock uncertainty                                       0.15       0.15
  node0/y6_relu_p4_reg[8]/CP (DFKCNQD1BWP)                0.00       0.15 r
  library hold time                                       0.00       0.15
  data required time                                                 0.15
  --------------------------------------------------------------------------
  data required time                                                 0.15
  data arrival time                                                 -0.15
  --------------------------------------------------------------------------
  slack (MET)                                                        0.00


  Startpoint: dnn_state_reg[1]
              (rising edge-triggered flip-flop clocked by clk)
  Endpoint: node0/y6_relu_p4_reg[7]
            (rising edge-triggered flip-flop clocked by clk)
  Path Group: clk
  Path Type: min

  Des/Clust/Port     Wire Load Model       Library
  ------------------------------------------------
  top                TSMC32K_Lowk_Conservative
                                           tcbn45gsbwptc

  Point                                                   Incr       Path
  --------------------------------------------------------------------------
  clock clk (rise edge)                                   0.00       0.00
  clock network delay (ideal)                             0.00       0.00
  dnn_state_reg[1]/CP (DFCNQD1BWP)                        0.00       0.00 r
  dnn_state_reg[1]/Q (DFCNQD1BWP)                         0.07       0.07 f
  U3483/ZN (ND2D2BWP)                                     0.04       0.11 r
  U10189/ZN (NR2D3BWP)                                    0.04       0.15 f
  node0/y6_relu_p4_reg[7]/CN (DFKCNQD1BWP)                0.00       0.15 f
  data arrival time                                                  0.15

  clock clk (rise edge)                                   0.00       0.00
  clock network delay (ideal)                             0.00       0.00
  clock uncertainty                                       0.15       0.15
  node0/y6_relu_p4_reg[7]/CP (DFKCNQD1BWP)                0.00       0.15 r
  library hold time                                       0.00       0.15
  data required time                                                 0.15
  --------------------------------------------------------------------------
  data required time                                                 0.15
  data arrival time                                                 -0.15
  --------------------------------------------------------------------------
  slack (MET)                                                        0.00


  Startpoint: dnn_state_reg[1]
              (rising edge-triggered flip-flop clocked by clk)
  Endpoint: node0/y7_relu_p4_reg[6]
            (rising edge-triggered flip-flop clocked by clk)
  Path Group: clk
  Path Type: min

  Des/Clust/Port     Wire Load Model       Library
  ------------------------------------------------
  top                TSMC32K_Lowk_Conservative
                                           tcbn45gsbwptc

  Point                                                   Incr       Path
  --------------------------------------------------------------------------
  clock clk (rise edge)                                   0.00       0.00
  clock network delay (ideal)                             0.00       0.00
  dnn_state_reg[1]/CP (DFCNQD1BWP)                        0.00       0.00 r
  dnn_state_reg[1]/Q (DFCNQD1BWP)                         0.07       0.07 f
  U3483/ZN (ND2D2BWP)                                     0.04       0.11 r
  U10190/ZN (NR2D3BWP)                                    0.04       0.15 f
  node0/y7_relu_p4_reg[6]/CN (DFKCNQD1BWP)                0.00       0.15 f
  data arrival time                                                  0.15

  clock clk (rise edge)                                   0.00       0.00
  clock network delay (ideal)                             0.00       0.00
  clock uncertainty                                       0.15       0.15
  node0/y7_relu_p4_reg[6]/CP (DFKCNQD1BWP)                0.00       0.15 r
  library hold time                                       0.00       0.15
  data required time                                                 0.15
  --------------------------------------------------------------------------
  data required time                                                 0.15
  data arrival time                                                 -0.15
  --------------------------------------------------------------------------
  slack (MET)                                                        0.00


  Startpoint: dnn_state_reg[1]
              (rising edge-triggered flip-flop clocked by clk)
  Endpoint: node0/y6_relu_p4_reg[6]
            (rising edge-triggered flip-flop clocked by clk)
  Path Group: clk
  Path Type: min

  Des/Clust/Port     Wire Load Model       Library
  ------------------------------------------------
  top                TSMC32K_Lowk_Conservative
                                           tcbn45gsbwptc

  Point                                                   Incr       Path
  --------------------------------------------------------------------------
  clock clk (rise edge)                                   0.00       0.00
  clock network delay (ideal)                             0.00       0.00
  dnn_state_reg[1]/CP (DFCNQD1BWP)                        0.00       0.00 r
  dnn_state_reg[1]/Q (DFCNQD1BWP)                         0.07       0.07 f
  U3483/ZN (ND2D2BWP)                                     0.04       0.11 r
  U10189/ZN (NR2D3BWP)                                    0.04       0.15 f
  node0/y6_relu_p4_reg[6]/CN (DFKCNQD1BWP)                0.00       0.15 f
  data arrival time                                                  0.15

  clock clk (rise edge)                                   0.00       0.00
  clock network delay (ideal)                             0.00       0.00
  clock uncertainty                                       0.15       0.15
  node0/y6_relu_p4_reg[6]/CP (DFKCNQD1BWP)                0.00       0.15 r
  library hold time                                       0.00       0.15
  data required time                                                 0.15
  --------------------------------------------------------------------------
  data required time                                                 0.15
  data arrival time                                                 -0.15
  --------------------------------------------------------------------------
  slack (MET)                                                        0.00


  Startpoint: dnn_state_reg[1]
              (rising edge-triggered flip-flop clocked by clk)
  Endpoint: node0/y7_relu_p4_reg[5]
            (rising edge-triggered flip-flop clocked by clk)
  Path Group: clk
  Path Type: min

  Des/Clust/Port     Wire Load Model       Library
  ------------------------------------------------
  top                TSMC32K_Lowk_Conservative
                                           tcbn45gsbwptc

  Point                                                   Incr       Path
  --------------------------------------------------------------------------
  clock clk (rise edge)                                   0.00       0.00
  clock network delay (ideal)                             0.00       0.00
  dnn_state_reg[1]/CP (DFCNQD1BWP)                        0.00       0.00 r
  dnn_state_reg[1]/Q (DFCNQD1BWP)                         0.07       0.07 f
  U3483/ZN (ND2D2BWP)                                     0.04       0.11 r
  U10190/ZN (NR2D3BWP)                                    0.04       0.15 f
  node0/y7_relu_p4_reg[5]/CN (DFKCNQD1BWP)                0.00       0.15 f
  data arrival time                                                  0.15

  clock clk (rise edge)                                   0.00       0.00
  clock network delay (ideal)                             0.00       0.00
  clock uncertainty                                       0.15       0.15
  node0/y7_relu_p4_reg[5]/CP (DFKCNQD1BWP)                0.00       0.15 r
  library hold time                                       0.00       0.15
  data required time                                                 0.15
  --------------------------------------------------------------------------
  data required time                                                 0.15
  data arrival time                                                 -0.15
  --------------------------------------------------------------------------
  slack (MET)                                                        0.00


  Startpoint: dnn_state_reg[1]
              (rising edge-triggered flip-flop clocked by clk)
  Endpoint: node0/y6_relu_p4_reg[5]
            (rising edge-triggered flip-flop clocked by clk)
  Path Group: clk
  Path Type: min

  Des/Clust/Port     Wire Load Model       Library
  ------------------------------------------------
  top                TSMC32K_Lowk_Conservative
                                           tcbn45gsbwptc

  Point                                                   Incr       Path
  --------------------------------------------------------------------------
  clock clk (rise edge)                                   0.00       0.00
  clock network delay (ideal)                             0.00       0.00
  dnn_state_reg[1]/CP (DFCNQD1BWP)                        0.00       0.00 r
  dnn_state_reg[1]/Q (DFCNQD1BWP)                         0.07       0.07 f
  U3483/ZN (ND2D2BWP)                                     0.04       0.11 r
  U10189/ZN (NR2D3BWP)                                    0.04       0.15 f
  node0/y6_relu_p4_reg[5]/CN (DFKCNQD1BWP)                0.00       0.15 f
  data arrival time                                                  0.15

  clock clk (rise edge)                                   0.00       0.00
  clock network delay (ideal)                             0.00       0.00
  clock uncertainty                                       0.15       0.15
  node0/y6_relu_p4_reg[5]/CP (DFKCNQD1BWP)                0.00       0.15 r
  library hold time                                       0.00       0.15
  data required time                                                 0.15
  --------------------------------------------------------------------------
  data required time                                                 0.15
  data arrival time                                                 -0.15
  --------------------------------------------------------------------------
  slack (MET)                                                        0.00


  Startpoint: dnn_state_reg[1]
              (rising edge-triggered flip-flop clocked by clk)
  Endpoint: node0/y7_relu_p4_reg[4]
            (rising edge-triggered flip-flop clocked by clk)
  Path Group: clk
  Path Type: min

  Des/Clust/Port     Wire Load Model       Library
  ------------------------------------------------
  top                TSMC32K_Lowk_Conservative
                                           tcbn45gsbwptc

  Point                                                   Incr       Path
  --------------------------------------------------------------------------
  clock clk (rise edge)                                   0.00       0.00
  clock network delay (ideal)                             0.00       0.00
  dnn_state_reg[1]/CP (DFCNQD1BWP)                        0.00       0.00 r
  dnn_state_reg[1]/Q (DFCNQD1BWP)                         0.07       0.07 f
  U3483/ZN (ND2D2BWP)                                     0.04       0.11 r
  U10190/ZN (NR2D3BWP)                                    0.04       0.15 f
  node0/y7_relu_p4_reg[4]/CN (DFKCNQD1BWP)                0.00       0.15 f
  data arrival time                                                  0.15

  clock clk (rise edge)                                   0.00       0.00
  clock network delay (ideal)                             0.00       0.00
  clock uncertainty                                       0.15       0.15
  node0/y7_relu_p4_reg[4]/CP (DFKCNQD1BWP)                0.00       0.15 r
  library hold time                                       0.00       0.15
  data required time                                                 0.15
  --------------------------------------------------------------------------
  data required time                                                 0.15
  data arrival time                                                 -0.15
  --------------------------------------------------------------------------
  slack (MET)                                                        0.00


  Startpoint: dnn_state_reg[1]
              (rising edge-triggered flip-flop clocked by clk)
  Endpoint: node0/y6_relu_p4_reg[4]
            (rising edge-triggered flip-flop clocked by clk)
  Path Group: clk
  Path Type: min

  Des/Clust/Port     Wire Load Model       Library
  ------------------------------------------------
  top                TSMC32K_Lowk_Conservative
                                           tcbn45gsbwptc

  Point                                                   Incr       Path
  --------------------------------------------------------------------------
  clock clk (rise edge)                                   0.00       0.00
  clock network delay (ideal)                             0.00       0.00
  dnn_state_reg[1]/CP (DFCNQD1BWP)                        0.00       0.00 r
  dnn_state_reg[1]/Q (DFCNQD1BWP)                         0.07       0.07 f
  U3483/ZN (ND2D2BWP)                                     0.04       0.11 r
  U10189/ZN (NR2D3BWP)                                    0.04       0.15 f
  node0/y6_relu_p4_reg[4]/CN (DFKCNQD1BWP)                0.00       0.15 f
  data arrival time                                                  0.15

  clock clk (rise edge)                                   0.00       0.00
  clock network delay (ideal)                             0.00       0.00
  clock uncertainty                                       0.15       0.15
  node0/y6_relu_p4_reg[4]/CP (DFKCNQD1BWP)                0.00       0.15 r
  library hold time                                       0.00       0.15
  data required time                                                 0.15
  --------------------------------------------------------------------------
  data required time                                                 0.15
  data arrival time                                                 -0.15
  --------------------------------------------------------------------------
  slack (MET)                                                        0.00


  Startpoint: dnn_state_reg[1]
              (rising edge-triggered flip-flop clocked by clk)
  Endpoint: node0/y7_relu_p4_reg[3]
            (rising edge-triggered flip-flop clocked by clk)
  Path Group: clk
  Path Type: min

  Des/Clust/Port     Wire Load Model       Library
  ------------------------------------------------
  top                TSMC32K_Lowk_Conservative
                                           tcbn45gsbwptc

  Point                                                   Incr       Path
  --------------------------------------------------------------------------
  clock clk (rise edge)                                   0.00       0.00
  clock network delay (ideal)                             0.00       0.00
  dnn_state_reg[1]/CP (DFCNQD1BWP)                        0.00       0.00 r
  dnn_state_reg[1]/Q (DFCNQD1BWP)                         0.07       0.07 f
  U3483/ZN (ND2D2BWP)                                     0.04       0.11 r
  U10190/ZN (NR2D3BWP)                                    0.04       0.15 f
  node0/y7_relu_p4_reg[3]/CN (DFKCNQD1BWP)                0.00       0.15 f
  data arrival time                                                  0.15

  clock clk (rise edge)                                   0.00       0.00
  clock network delay (ideal)                             0.00       0.00
  clock uncertainty                                       0.15       0.15
  node0/y7_relu_p4_reg[3]/CP (DFKCNQD1BWP)                0.00       0.15 r
  library hold time                                       0.00       0.15
  data required time                                                 0.15
  --------------------------------------------------------------------------
  data required time                                                 0.15
  data arrival time                                                 -0.15
  --------------------------------------------------------------------------
  slack (MET)                                                        0.00


  Startpoint: dnn_state_reg[1]
              (rising edge-triggered flip-flop clocked by clk)
  Endpoint: node0/y6_relu_p4_reg[3]
            (rising edge-triggered flip-flop clocked by clk)
  Path Group: clk
  Path Type: min

  Des/Clust/Port     Wire Load Model       Library
  ------------------------------------------------
  top                TSMC32K_Lowk_Conservative
                                           tcbn45gsbwptc

  Point                                                   Incr       Path
  --------------------------------------------------------------------------
  clock clk (rise edge)                                   0.00       0.00
  clock network delay (ideal)                             0.00       0.00
  dnn_state_reg[1]/CP (DFCNQD1BWP)                        0.00       0.00 r
  dnn_state_reg[1]/Q (DFCNQD1BWP)                         0.07       0.07 f
  U3483/ZN (ND2D2BWP)                                     0.04       0.11 r
  U10189/ZN (NR2D3BWP)                                    0.04       0.15 f
  node0/y6_relu_p4_reg[3]/CN (DFKCNQD1BWP)                0.00       0.15 f
  data arrival time                                                  0.15

  clock clk (rise edge)                                   0.00       0.00
  clock network delay (ideal)                             0.00       0.00
  clock uncertainty                                       0.15       0.15
  node0/y6_relu_p4_reg[3]/CP (DFKCNQD1BWP)                0.00       0.15 r
  library hold time                                       0.00       0.15
  data required time                                                 0.15
  --------------------------------------------------------------------------
  data required time                                                 0.15
  data arrival time                                                 -0.15
  --------------------------------------------------------------------------
  slack (MET)                                                        0.00


  Startpoint: dnn_state_reg[1]
              (rising edge-triggered flip-flop clocked by clk)
  Endpoint: node0/y7_relu_p4_reg[2]
            (rising edge-triggered flip-flop clocked by clk)
  Path Group: clk
  Path Type: min

  Des/Clust/Port     Wire Load Model       Library
  ------------------------------------------------
  top                TSMC32K_Lowk_Conservative
                                           tcbn45gsbwptc

  Point                                                   Incr       Path
  --------------------------------------------------------------------------
  clock clk (rise edge)                                   0.00       0.00
  clock network delay (ideal)                             0.00       0.00
  dnn_state_reg[1]/CP (DFCNQD1BWP)                        0.00       0.00 r
  dnn_state_reg[1]/Q (DFCNQD1BWP)                         0.07       0.07 f
  U3483/ZN (ND2D2BWP)                                     0.04       0.11 r
  U10190/ZN (NR2D3BWP)                                    0.04       0.15 f
  node0/y7_relu_p4_reg[2]/CN (DFKCNQD1BWP)                0.00       0.15 f
  data arrival time                                                  0.15

  clock clk (rise edge)                                   0.00       0.00
  clock network delay (ideal)                             0.00       0.00
  clock uncertainty                                       0.15       0.15
  node0/y7_relu_p4_reg[2]/CP (DFKCNQD1BWP)                0.00       0.15 r
  library hold time                                       0.00       0.15
  data required time                                                 0.15
  --------------------------------------------------------------------------
  data required time                                                 0.15
  data arrival time                                                 -0.15
  --------------------------------------------------------------------------
  slack (MET)                                                        0.00


  Startpoint: dnn_state_reg[1]
              (rising edge-triggered flip-flop clocked by clk)
  Endpoint: node0/y6_relu_p4_reg[2]
            (rising edge-triggered flip-flop clocked by clk)
  Path Group: clk
  Path Type: min

  Des/Clust/Port     Wire Load Model       Library
  ------------------------------------------------
  top                TSMC32K_Lowk_Conservative
                                           tcbn45gsbwptc

  Point                                                   Incr       Path
  --------------------------------------------------------------------------
  clock clk (rise edge)                                   0.00       0.00
  clock network delay (ideal)                             0.00       0.00
  dnn_state_reg[1]/CP (DFCNQD1BWP)                        0.00       0.00 r
  dnn_state_reg[1]/Q (DFCNQD1BWP)                         0.07       0.07 f
  U3483/ZN (ND2D2BWP)                                     0.04       0.11 r
  U10189/ZN (NR2D3BWP)                                    0.04       0.15 f
  node0/y6_relu_p4_reg[2]/CN (DFKCNQD1BWP)                0.00       0.15 f
  data arrival time                                                  0.15

  clock clk (rise edge)                                   0.00       0.00
  clock network delay (ideal)                             0.00       0.00
  clock uncertainty                                       0.15       0.15
  node0/y6_relu_p4_reg[2]/CP (DFKCNQD1BWP)                0.00       0.15 r
  library hold time                                       0.00       0.15
  data required time                                                 0.15
  --------------------------------------------------------------------------
  data required time                                                 0.15
  data arrival time                                                 -0.15
  --------------------------------------------------------------------------
  slack (MET)                                                        0.00


  Startpoint: dnn_state_reg[1]
              (rising edge-triggered flip-flop clocked by clk)
  Endpoint: node0/y7_relu_p4_reg[0]
            (rising edge-triggered flip-flop clocked by clk)
  Path Group: clk
  Path Type: min

  Des/Clust/Port     Wire Load Model       Library
  ------------------------------------------------
  top                TSMC32K_Lowk_Conservative
                                           tcbn45gsbwptc

  Point                                                   Incr       Path
  --------------------------------------------------------------------------
  clock clk (rise edge)                                   0.00       0.00
  clock network delay (ideal)                             0.00       0.00
  dnn_state_reg[1]/CP (DFCNQD1BWP)                        0.00       0.00 r
  dnn_state_reg[1]/Q (DFCNQD1BWP)                         0.07       0.07 f
  U3483/ZN (ND2D2BWP)                                     0.04       0.11 r
  U10190/ZN (NR2D3BWP)                                    0.04       0.15 f
  node0/y7_relu_p4_reg[0]/CN (DFKCNQD1BWP)                0.00       0.15 f
  data arrival time                                                  0.15

  clock clk (rise edge)                                   0.00       0.00
  clock network delay (ideal)                             0.00       0.00
  clock uncertainty                                       0.15       0.15
  node0/y7_relu_p4_reg[0]/CP (DFKCNQD1BWP)                0.00       0.15 r
  library hold time                                       0.00       0.15
  data required time                                                 0.15
  --------------------------------------------------------------------------
  data required time                                                 0.15
  data arrival time                                                 -0.15
  --------------------------------------------------------------------------
  slack (MET)                                                        0.00


  Startpoint: dnn_state_reg[1]
              (rising edge-triggered flip-flop clocked by clk)
  Endpoint: node0/y6_relu_p4_reg[0]
            (rising edge-triggered flip-flop clocked by clk)
  Path Group: clk
  Path Type: min

  Des/Clust/Port     Wire Load Model       Library
  ------------------------------------------------
  top                TSMC32K_Lowk_Conservative
                                           tcbn45gsbwptc

  Point                                                   Incr       Path
  --------------------------------------------------------------------------
  clock clk (rise edge)                                   0.00       0.00
  clock network delay (ideal)                             0.00       0.00
  dnn_state_reg[1]/CP (DFCNQD1BWP)                        0.00       0.00 r
  dnn_state_reg[1]/Q (DFCNQD1BWP)                         0.07       0.07 f
  U3483/ZN (ND2D2BWP)                                     0.04       0.11 r
  U10189/ZN (NR2D3BWP)                                    0.04       0.15 f
  node0/y6_relu_p4_reg[0]/CN (DFKCNQD1BWP)                0.00       0.15 f
  data arrival time                                                  0.15

  clock clk (rise edge)                                   0.00       0.00
  clock network delay (ideal)                             0.00       0.00
  clock uncertainty                                       0.15       0.15
  node0/y6_relu_p4_reg[0]/CP (DFKCNQD1BWP)                0.00       0.15 r
  library hold time                                       0.00       0.15
  data required time                                                 0.15
  --------------------------------------------------------------------------
  data required time                                                 0.15
  data arrival time                                                 -0.15
  --------------------------------------------------------------------------
  slack (MET)                                                        0.00


  Startpoint: dnn_state_reg[1]
              (rising edge-triggered flip-flop clocked by clk)
  Endpoint: node0/y7_relu_p4_reg[1]
            (rising edge-triggered flip-flop clocked by clk)
  Path Group: clk
  Path Type: min

  Des/Clust/Port     Wire Load Model       Library
  ------------------------------------------------
  top                TSMC32K_Lowk_Conservative
                                           tcbn45gsbwptc

  Point                                                   Incr       Path
  --------------------------------------------------------------------------
  clock clk (rise edge)                                   0.00       0.00
  clock network delay (ideal)                             0.00       0.00
  dnn_state_reg[1]/CP (DFCNQD1BWP)                        0.00       0.00 r
  dnn_state_reg[1]/Q (DFCNQD1BWP)                         0.07       0.07 f
  U3483/ZN (ND2D2BWP)                                     0.04       0.11 r
  U10190/ZN (NR2D3BWP)                                    0.04       0.15 f
  node0/y7_relu_p4_reg[1]/CN (DFKCNQD1BWP)                0.00       0.15 f
  data arrival time                                                  0.15

  clock clk (rise edge)                                   0.00       0.00
  clock network delay (ideal)                             0.00       0.00
  clock uncertainty                                       0.15       0.15
  node0/y7_relu_p4_reg[1]/CP (DFKCNQD1BWP)                0.00       0.15 r
  library hold time                                       0.00       0.15
  data required time                                                 0.15
  --------------------------------------------------------------------------
  data required time                                                 0.15
  data arrival time                                                 -0.15
  --------------------------------------------------------------------------
  slack (MET)                                                        0.00


  Startpoint: dnn_state_reg[1]
              (rising edge-triggered flip-flop clocked by clk)
  Endpoint: node0/y6_relu_p4_reg[1]
            (rising edge-triggered flip-flop clocked by clk)
  Path Group: clk
  Path Type: min

  Des/Clust/Port     Wire Load Model       Library
  ------------------------------------------------
  top                TSMC32K_Lowk_Conservative
                                           tcbn45gsbwptc

  Point                                                   Incr       Path
  --------------------------------------------------------------------------
  clock clk (rise edge)                                   0.00       0.00
  clock network delay (ideal)                             0.00       0.00
  dnn_state_reg[1]/CP (DFCNQD1BWP)                        0.00       0.00 r
  dnn_state_reg[1]/Q (DFCNQD1BWP)                         0.07       0.07 f
  U3483/ZN (ND2D2BWP)                                     0.04       0.11 r
  U10189/ZN (NR2D3BWP)                                    0.04       0.15 f
  node0/y6_relu_p4_reg[1]/CN (DFKCNQD1BWP)                0.00       0.15 f
  data arrival time                                                  0.15

  clock clk (rise edge)                                   0.00       0.00
  clock network delay (ideal)                             0.00       0.00
  clock uncertainty                                       0.15       0.15
  node0/y6_relu_p4_reg[1]/CP (DFKCNQD1BWP)                0.00       0.15 r
  library hold time                                       0.00       0.15
  data required time                                                 0.15
  --------------------------------------------------------------------------
  data required time                                                 0.15
  data arrival time                                                 -0.15
  --------------------------------------------------------------------------
  slack (MET)                                                        0.00


1
